Clock: clk
Sources: wb_clk_i 
Generated: no
Virtual: yes
Propagated: no
Period: 25.000000

===========================================================================
report_clock_properties
============================================================================
Clock                   Period          Waveform
----------------------------------------------------
clk                  25.000000    0.000000 12.500000

===========================================================================
report_clock_latency
============================================================================
Clock clk
rise -> rise
    min     max
4.650000 5.570000 source latency
6.520085         network latency mprj/_153328_/CLK
        7.837991 network latency mprj/_135957_/CLK
---------------
11.170086 13.407991 latency
        2.237906 skew

fall -> fall
    min     max
4.650000 5.570000 source latency
6.505154         network latency mprj/_153328_/CLK
        7.758116 network latency mprj/_135957_/CLK
---------------
11.155153 13.328115 latency
        2.172962 skew



===========================================================================
report_clock_min_period
============================================================================
clk period_min = 8.97 fmax = 111.49
