Clock: clk
Sources: wb_clk_i 
Generated: no
Virtual: yes
Propagated: no
Period: 25.000000

===========================================================================
report_clock_properties
============================================================================
Clock                   Period          Waveform
----------------------------------------------------
clk                  25.000000    0.000000 12.500000

===========================================================================
report_clock_latency
============================================================================
Clock clk
rise -> rise
    min     max
4.650000 5.570000 source latency
6.798621         network latency mprj/_153328_/CLK
        8.224892 network latency mprj/_135957_/CLK
---------------
11.448621 13.794892 latency
        2.346272 skew

fall -> fall
    min     max
4.650000 5.570000 source latency
6.745881         network latency mprj/_153535_/CLK
        8.137535 network latency mprj/_135957_/CLK
---------------
11.395880 13.707535 latency
        2.311655 skew



===========================================================================
report_clock_min_period
============================================================================
clk period_min = 10.16 fmax = 98.38
