
===========================================================================
Violator List
============================================================================
[hold in-reg] wbs_adr_i[4] -> mprj/_136971_/D : -1.348425
[hold in-reg] wbs_adr_i[4] -> mprj/_136491_/D : -1.345587
[hold in-reg] wbs_adr_i[4] -> mprj/_136075_/D : -1.345566
[hold in-reg] wbs_adr_i[4] -> mprj/_136555_/D : -1.329429
[hold in-reg] wbs_adr_i[4] -> mprj/_136043_/D : -1.326832
[hold in-reg] wbs_adr_i[4] -> mprj/_137307_/D : -1.290574
[hold in-reg] wbs_adr_i[4] -> mprj/_136510_/D : -1.272619
[hold in-reg] wbs_adr_i[4] -> mprj/_135931_/D : -1.260951
[hold in-reg] wbs_adr_i[4] -> mprj/_137211_/D : -1.251988
[hold in-reg] wbs_adr_i[4] -> mprj/_136827_/D : -1.241773
[hold in-reg] wbs_adr_i[4] -> mprj/_137022_/D : -1.232412
[hold in-reg] wbs_adr_i[4] -> mprj/_135895_/D : -1.229341
[hold in-reg] wbs_adr_i[4] -> mprj/_136011_/D : -1.220793
[hold in-reg] wbs_adr_i[4] -> mprj/_136569_/D : -1.192878
[hold in-reg] wbs_adr_i[4] -> mprj/_135835_/D : -1.192138
[hold in-reg] wbs_adr_i[4] -> mprj/_136731_/D : -1.189445
[hold in-reg] wbs_adr_i[4] -> mprj/_136523_/D : -1.186932
[hold in-reg] wbs_adr_i[4] -> mprj/_137035_/D : -1.183244
[hold in-reg] wbs_adr_i[4] -> mprj/_136965_/D : -1.179793
[hold in-reg] wbs_adr_i[4] -> mprj/_137081_/D : -1.177396
[hold in-reg] wbs_adr_i[4] -> mprj/_136551_/D : -1.171850
[hold in-reg] wbs_adr_i[4] -> mprj/_137243_/D : -1.169432
[hold in-reg] wbs_adr_i[4] -> mprj/_135899_/D : -1.156221
[hold in-reg] wbs_adr_i[4] -> mprj/_137031_/D : -1.150710
[hold in-reg] wbs_adr_i[4] -> mprj/_136135_/D : -1.145053
[hold in-reg] wbs_adr_i[4] -> mprj/_137063_/D : -1.142403
[hold in-reg] wbs_adr_i[4] -> mprj/_136251_/D : -1.124459
[hold in-reg] wbs_adr_i[4] -> mprj/_136761_/D : -1.120255
[hold in-reg] wbs_adr_i[4] -> mprj/_136509_/D : -1.109793
[hold in-reg] wbs_adr_i[4] -> mprj/_137301_/D : -1.109528
[hold in-reg] wbs_adr_i[4] -> mprj/_136411_/D : -1.108990
[hold in-reg] wbs_adr_i[4] -> mprj/_135865_/D : -1.104801
[hold in-reg] wbs_adr_i[4] -> mprj/_136111_/D : -1.100640
[hold in-reg] wbs_adr_i[4] -> mprj/_136763_/D : -1.099735
[hold in-reg] wbs_adr_i[4] -> mprj/_136541_/D : -1.099330
[hold in-reg] wbs_adr_i[4] -> mprj/_135798_/D : -1.098527
[hold in-reg] wbs_adr_i[4] -> mprj/_136592_/D : -1.097544
[hold in-reg] wbs_adr_i[4] -> mprj/_136791_/D : -1.091468
[hold in-reg] wbs_adr_i[4] -> mprj/_136080_/D : -1.089422
[hold in-reg] wbs_adr_i[4] -> mprj/_137241_/D : -1.089111
[hold in-reg] wbs_adr_i[4] -> mprj/_136870_/D : -1.088773
[hold in-reg] wbs_adr_i[4] -> mprj/_136572_/D : -1.088540
[hold in-reg] wbs_adr_i[4] -> mprj/_135828_/D : -1.083588
[hold in-reg] wbs_adr_i[4] -> mprj/_137007_/D : -1.080905
[hold in-reg] wbs_adr_i[4] -> mprj/_136324_/D : -1.079160
[hold in-reg] wbs_adr_i[4] -> mprj/_135867_/D : -1.078893
[hold in-reg] wbs_adr_i[4] -> mprj/_136561_/D : -1.076900
[hold in-reg] wbs_adr_i[4] -> mprj/_136552_/D : -1.076393
[hold in-reg] wbs_adr_i[4] -> mprj/_136745_/D : -1.073642
[hold in-reg] wbs_adr_i[4] -> mprj/_137076_/D : -1.073619
[hold in-reg] wbs_adr_i[4] -> mprj/_136511_/D : -1.069906
[hold in-reg] wbs_adr_i[4] -> mprj/_136539_/D : -1.065714
[hold in-reg] wbs_adr_i[4] -> mprj/_136591_/D : -1.064873
[hold in-reg] wbs_adr_i[4] -> mprj/_136805_/D : -1.063870
[hold in-reg] wbs_adr_i[4] -> mprj/_136564_/D : -1.060522
[hold in-reg] wbs_adr_i[4] -> mprj/_137009_/D : -1.059208
[hold in-reg] wbs_adr_i[4] -> mprj/_135860_/D : -1.057635
[hold in-reg] wbs_adr_i[4] -> mprj/_136061_/D : -1.055265
[hold in-reg] wbs_adr_i[4] -> mprj/_136019_/D : -1.051433
[hold in-reg] wbs_adr_i[4] -> mprj/_137275_/D : -1.050715
[hold in-reg] wbs_adr_i[4] -> mprj/_136021_/D : -1.050310
[hold in-reg] wbs_adr_i[4] -> mprj/_136531_/D : -1.050309
[hold in-reg] wbs_adr_i[4] -> mprj/_137303_/D : -1.049605
[hold in-reg] wbs_adr_i[4] -> mprj/_136093_/D : -1.048751
[hold in-reg] wbs_adr_i[4] -> mprj/_137305_/D : -1.047344
[hold in-reg] wbs_adr_i[4] -> mprj/_136123_/D : -1.046040
[hold in-reg] wbs_adr_i[4] -> mprj/_136281_/D : -1.045336
[hold in-reg] wbs_adr_i[4] -> mprj/_136211_/D : -1.042650
[hold in-reg] wbs_adr_i[4] -> mprj/_136062_/D : -1.042626
[hold in-reg] wbs_adr_i[4] -> mprj/_137204_/D : -1.041220
[hold in-reg] wbs_adr_i[4] -> mprj/_137064_/D : -1.041099
[hold in-reg] wbs_adr_i[4] -> mprj/_137051_/D : -1.039316
[hold in-reg] wbs_adr_i[4] -> mprj/_136293_/D : -1.039032
[hold in-reg] wbs_adr_i[4] -> mprj/_137140_/D : -1.038868
[hold in-reg] wbs_adr_i[4] -> mprj/_136836_/D : -1.036597
[hold in-reg] wbs_adr_i[4] -> mprj/_136793_/D : -1.036490
[hold in-reg] wbs_adr_i[4] -> mprj/_136287_/D : -1.036466
[hold in-reg] wbs_adr_i[4] -> mprj/_136049_/D : -1.036036
[hold in-reg] wbs_adr_i[4] -> mprj/_137039_/D : -1.033846
[hold in-reg] wbs_adr_i[4] -> mprj/_136859_/D : -1.033126
[hold in-reg] wbs_adr_i[4] -> mprj/_136180_/D : -1.032961
[hold in-reg] wbs_adr_i[4] -> mprj/_136079_/D : -1.031257
[hold in-reg] wbs_adr_i[4] -> mprj/_136781_/D : -1.029379
[hold in-reg] wbs_adr_i[4] -> mprj/_137273_/D : -1.028441
[hold in-reg] wbs_adr_i[4] -> mprj/_135831_/D : -1.027415
[hold in-reg] wbs_adr_i[4] -> mprj/_136923_/D : -1.026449
[hold in-reg] wbs_adr_i[4] -> mprj/_136005_/D : -1.025317
[hold in-reg] wbs_adr_i[4] -> mprj/_136059_/D : -1.024796
[hold in-reg] wbs_adr_i[4] -> mprj/_136573_/D : -1.020640
[hold in-reg] wbs_adr_i[4] -> mprj/_137248_/D : -1.019907
[hold in-reg] wbs_adr_i[4] -> mprj/_136917_/D : -1.019114
[hold in-reg] wbs_adr_i[4] -> mprj/_136071_/D : -1.016253
[hold in-reg] wbs_adr_i[4] -> mprj/_136414_/D : -1.013433
[hold in-reg] wbs_adr_i[4] -> mprj/_136723_/D : -1.011217
[hold in-reg] wbs_adr_i[4] -> mprj/_136871_/D : -1.009866
[hold in-reg] wbs_adr_i[4] -> mprj/_137021_/D : -1.009238
[hold in-reg] wbs_adr_i[4] -> mprj/_136738_/D : -1.008645
[hold in-reg] wbs_adr_i[4] -> mprj/_137029_/D : -1.008317
[hold in-reg] wbs_adr_i[4] -> mprj/_136692_/D : -1.007940
[hold in-reg] wbs_adr_i[4] -> mprj/_136570_/D : -1.007907
[hold in-reg] wbs_adr_i[4] -> mprj/_136445_/D : -1.006774
[hold in-reg] wbs_adr_i[4] -> mprj/_136347_/D : -1.005082
[hold in-reg] wbs_adr_i[4] -> mprj/_136497_/D : -1.001587
[hold in-reg] wbs_adr_i[4] -> mprj/_136027_/D : -1.001282
[hold in-reg] wbs_adr_i[4] -> mprj/_135911_/D : -0.999528
[hold in-reg] wbs_adr_i[4] -> mprj/_136821_/D : -0.999231
[hold in-reg] wbs_adr_i[4] -> mprj/_136602_/D : -0.998173
[hold in-reg] wbs_adr_i[4] -> mprj/_136444_/D : -0.997765
[hold in-reg] wbs_adr_i[4] -> mprj/_136891_/D : -0.997720
[hold in-reg] wbs_adr_i[4] -> mprj/_136134_/D : -0.995950
[hold in-reg] wbs_adr_i[4] -> mprj/_137283_/D : -0.994330
[hold in-reg] wbs_adr_i[4] -> mprj/_137153_/D : -0.993102
[hold in-reg] wbs_adr_i[4] -> mprj/_137141_/D : -0.993071
[hold in-reg] wbs_adr_i[4] -> mprj/_136956_/D : -0.992193
[hold in-reg] wbs_adr_i[4] -> mprj/_137003_/D : -0.991872
[hold in-reg] wbs_adr_i[4] -> mprj/_136528_/D : -0.991737
[hold in-reg] wbs_adr_i[4] -> mprj/_135996_/D : -0.990662
[hold in-reg] wbs_adr_i[4] -> mprj/_136583_/D : -0.989788
[hold in-reg] wbs_adr_i[4] -> mprj/_136601_/D : -0.989666
[hold in-reg] wbs_adr_i[4] -> mprj/_137095_/D : -0.989555
[hold in-reg] wbs_adr_i[4] -> mprj/_136616_/D : -0.988496
[hold in-reg] wbs_adr_i[4] -> mprj/_136081_/D : -0.988265
[hold in-reg] wbs_adr_i[4] -> mprj/_137284_/D : -0.985723
[hold in-reg] wbs_adr_i[4] -> mprj/_135997_/D : -0.985465
[hold in-reg] wbs_adr_i[4] -> mprj/_137073_/D : -0.984978
[hold in-reg] wbs_adr_i[4] -> mprj/_136517_/D : -0.984787
[hold in-reg] wbs_adr_i[4] -> mprj/_136507_/D : -0.984167
[hold in-reg] wbs_adr_i[4] -> mprj/_136799_/D : -0.980531
[hold in-reg] wbs_adr_i[4] -> mprj/_136872_/D : -0.977568
[hold in-reg] wbs_adr_i[4] -> mprj/_136571_/D : -0.977246
[hold in-reg] wbs_adr_i[4] -> mprj/_136103_/D : -0.976891
[hold in-reg] wbs_adr_i[4] -> mprj/_135974_/D : -0.976838
[hold in-reg] wbs_adr_i[4] -> mprj/_136535_/D : -0.976682
[hold in-reg] wbs_adr_i[4] -> mprj/_136104_/D : -0.976542
[hold in-reg] wbs_adr_i[4] -> mprj/_137131_/D : -0.976454
[hold in-reg] wbs_adr_i[4] -> mprj/_135995_/D : -0.973994
[hold in-reg] wbs_adr_i[4] -> mprj/_137040_/D : -0.973873
[hold in-reg] wbs_adr_i[4] -> mprj/_136972_/D : -0.973337
[hold in-reg] wbs_adr_i[4] -> mprj/_136025_/D : -0.973205
[hold in-reg] wbs_adr_i[4] -> mprj/_137019_/D : -0.972671
[hold in-reg] wbs_adr_i[4] -> mprj/_136171_/D : -0.972083
[hold in-reg] wbs_adr_i[4] -> mprj/_136181_/D : -0.971469
[hold in-reg] wbs_adr_i[4] -> mprj/_136076_/D : -0.971168
[hold in-reg] wbs_adr_i[4] -> mprj/_136331_/D : -0.970830
[hold in-reg] wbs_adr_i[4] -> mprj/_136985_/D : -0.970716
[hold in-reg] wbs_adr_i[4] -> mprj/_136505_/D : -0.970505
[hold in-reg] wbs_adr_i[4] -> mprj/_136537_/D : -0.970315
[hold in-reg] wbs_adr_i[4] -> mprj/_135883_/D : -0.969769
[hold in-reg] wbs_adr_i[4] -> mprj/_137015_/D : -0.969120
[hold in-reg] wbs_adr_i[4] -> mprj/_136959_/D : -0.967359
[hold in-reg] wbs_adr_i[4] -> mprj/_136615_/D : -0.967017
[hold in-reg] wbs_adr_i[4] -> mprj/_136121_/D : -0.966493
[hold in-reg] wbs_adr_i[4] -> mprj/_137037_/D : -0.965170
[hold in-reg] wbs_adr_i[4] -> mprj/_136473_/D : -0.964976
[hold in-reg] wbs_adr_i[4] -> mprj/_136379_/D : -0.964752
[hold in-reg] wbs_adr_i[4] -> mprj/_136585_/D : -0.964040
[hold in-reg] wbs_adr_i[4] -> mprj/_137242_/D : -0.963838
[hold in-reg] wbs_adr_i[4] -> mprj/_136619_/D : -0.963812
[hold in-reg] wbs_adr_i[4] -> mprj/_136296_/D : -0.963761
[hold in-reg] wbs_adr_i[4] -> mprj/_136099_/D : -0.963031
[hold in-reg] wbs_adr_i[4] -> mprj/_136073_/D : -0.962711
[hold in-reg] wbs_adr_i[4] -> mprj/_136515_/D : -0.962115
[hold in-reg] wbs_adr_i[4] -> mprj/_137067_/D : -0.962105
[hold in-reg] wbs_adr_i[4] -> mprj/_136107_/D : -0.962051
[hold in-reg] wbs_adr_i[4] -> mprj/_136989_/D : -0.961996
[hold in-reg] wbs_adr_i[4] -> mprj/_137083_/D : -0.960079
[hold in-reg] wbs_adr_i[4] -> mprj/_137094_/D : -0.960074
[hold in-reg] wbs_adr_i[4] -> mprj/_135866_/D : -0.959500
[hold in-reg] wbs_adr_i[4] -> mprj/_136979_/D : -0.958565
[hold in-reg] wbs_adr_i[4] -> mprj/_136808_/D : -0.957777
[hold in-reg] wbs_adr_i[4] -> mprj/_136345_/D : -0.957543
[hold in-reg] wbs_adr_i[4] -> mprj/_136800_/D : -0.957167
[hold in-reg] wbs_adr_i[4] -> mprj/_135784_/D : -0.956891
[hold in-reg] wbs_adr_i[4] -> mprj/_136115_/D : -0.956569
[hold in-reg] wbs_adr_i[4] -> mprj/_136346_/D : -0.955745
[hold in-reg] wbs_adr_i[4] -> mprj/_137203_/D : -0.954739
[hold in-reg] wbs_adr_i[4] -> mprj/_136762_/D : -0.952839
[hold in-reg] wbs_adr_i[4] -> mprj/_137027_/D : -0.950255
[hold in-reg] wbs_adr_i[4] -> mprj/_136527_/D : -0.950237
[hold in-reg] wbs_adr_i[4] -> mprj/_136341_/D : -0.950044
[hold in-reg] wbs_adr_i[4] -> mprj/_136961_/D : -0.948543
[hold in-reg] wbs_adr_i[4] -> mprj/_135801_/D : -0.948263
[hold in-reg] wbs_adr_i[4] -> mprj/_136063_/D : -0.947480
[hold in-reg] wbs_adr_i[4] -> mprj/_136022_/D : -0.947351
[hold in-reg] wbs_adr_i[4] -> mprj/_136282_/D : -0.946336
[hold in-reg] wbs_adr_i[4] -> mprj/_136450_/D : -0.946079
[hold in-reg] wbs_adr_i[4] -> mprj/_136614_/D : -0.945487
[hold in-reg] wbs_adr_i[4] -> mprj/_136295_/D : -0.945439
[hold in-reg] wbs_adr_i[4] -> mprj/_136521_/D : -0.944598
[hold in-reg] wbs_adr_i[4] -> mprj/_135913_/D : -0.944381
[hold in-reg] wbs_adr_i[4] -> mprj/_136869_/D : -0.943119
[hold in-reg] wbs_adr_i[4] -> mprj/_137218_/D : -0.942751
[hold in-reg] wbs_adr_i[4] -> mprj/_136983_/D : -0.940096
[hold in-reg] wbs_adr_i[4] -> mprj/_135957_/D : -0.939873
[hold in-reg] wbs_adr_i[4] -> mprj/_136359_/D : -0.938373
[hold in-reg] wbs_adr_i[4] -> mprj/_136977_/D : -0.936621
[hold in-reg] wbs_adr_i[4] -> mprj/_136039_/D : -0.936411
[hold in-reg] wbs_adr_i[4] -> mprj/_136343_/D : -0.933232
[hold in-reg] wbs_adr_i[4] -> mprj/_136918_/D : -0.932750
[hold in-reg] wbs_adr_i[4] -> mprj/_136385_/D : -0.932310
[hold in-reg] wbs_adr_i[4] -> mprj/_137272_/D : -0.932266
[hold in-reg] wbs_adr_i[4] -> mprj/_137306_/D : -0.931098
[hold in-reg] wbs_adr_i[4] -> mprj/_136288_/D : -0.930851
[hold in-reg] wbs_adr_i[4] -> mprj/_137033_/D : -0.930303
[hold in-reg] wbs_adr_i[4] -> mprj/_136290_/D : -0.928155
[hold in-reg] wbs_adr_i[4] -> mprj/_136659_/D : -0.928155
[hold in-reg] wbs_adr_i[4] -> mprj/_136582_/D : -0.927676
[hold in-reg] wbs_adr_i[4] -> mprj/_137136_/D : -0.927049
[hold in-reg] wbs_adr_i[4] -> mprj/_136864_/D : -0.927009
[hold in-reg] wbs_adr_i[4] -> mprj/_136467_/D : -0.926365
[hold in-reg] wbs_adr_i[4] -> mprj/_136231_/D : -0.924733
[hold in-reg] wbs_adr_i[4] -> mprj/_136595_/D : -0.923730
[hold in-reg] wbs_adr_i[4] -> mprj/_136363_/D : -0.923563
[hold in-reg] wbs_adr_i[4] -> mprj/_137041_/D : -0.923098
[hold in-reg] wbs_adr_i[4] -> mprj/_136091_/D : -0.922856
[hold in-reg] wbs_adr_i[4] -> mprj/_136625_/D : -0.920623
[hold in-reg] wbs_adr_i[4] -> mprj/_136631_/D : -0.920269
[hold in-reg] wbs_adr_i[4] -> mprj/_136422_/D : -0.920029
[hold in-reg] wbs_adr_i[4] -> mprj/_136807_/D : -0.919378
[hold in-reg] wbs_adr_i[4] -> mprj/_136627_/D : -0.918709
[hold in-reg] wbs_adr_i[4] -> mprj/_135834_/D : -0.918523
[hold in-reg] wbs_adr_i[4] -> mprj/_135908_/D : -0.918200
[hold in-reg] wbs_adr_i[4] -> mprj/_136624_/D : -0.918150
[hold in-reg] wbs_adr_i[4] -> mprj/_135925_/D : -0.918125
[hold in-reg] wbs_adr_i[4] -> mprj/_136413_/D : -0.918027
[hold in-reg] wbs_adr_i[4] -> mprj/_135854_/D : -0.917912
[hold in-reg] wbs_adr_i[4] -> mprj/_137217_/D : -0.917802
[hold in-reg] wbs_adr_i[4] -> mprj/_137139_/D : -0.916817
[hold in-reg] wbs_adr_i[4] -> mprj/_136147_/D : -0.916727
[hold in-reg] wbs_adr_i[4] -> mprj/_136487_/D : -0.916643
[hold in-reg] wbs_adr_i[4] -> mprj/_136947_/D : -0.916289
[hold in-reg] wbs_adr_i[4] -> mprj/_136102_/D : -0.915888
[hold in-reg] wbs_adr_i[4] -> mprj/_136603_/D : -0.915514
[hold in-reg] wbs_adr_i[4] -> mprj/_135833_/D : -0.913088
[hold in-reg] wbs_adr_i[4] -> mprj/_136853_/D : -0.913082
[hold in-reg] wbs_adr_i[4] -> mprj/_136423_/D : -0.912249
[hold in-reg] wbs_adr_i[4] -> mprj/_136449_/D : -0.912054
[hold in-reg] wbs_adr_i[4] -> mprj/_136563_/D : -0.910370
[hold in-reg] wbs_adr_i[4] -> mprj/_136855_/D : -0.909592
[hold in-reg] wbs_adr_i[4] -> mprj/_136393_/D : -0.908100
[hold in-reg] wbs_adr_i[4] -> mprj/_137115_/D : -0.907757
[hold in-reg] wbs_adr_i[4] -> mprj/_136177_/D : -0.906296
[hold in-reg] wbs_adr_i[4] -> mprj/_136182_/D : -0.905808
[hold in-reg] wbs_adr_i[4] -> mprj/_136283_/D : -0.905044
[hold in-reg] wbs_adr_i[4] -> mprj/_136794_/D : -0.904756
[hold in-reg] wbs_adr_i[4] -> mprj/_137289_/D : -0.902270
[hold in-reg] wbs_adr_i[4] -> mprj/_136841_/D : -0.901403
[hold in-reg] wbs_adr_i[4] -> mprj/_136893_/D : -0.900927
[hold in-reg] wbs_adr_i[4] -> mprj/_137220_/D : -0.898798
[hold in-reg] wbs_adr_i[4] -> mprj/_136183_/D : -0.897308
[hold in-reg] wbs_adr_i[4] -> mprj/_136461_/D : -0.897226
[hold in-reg] wbs_adr_i[4] -> mprj/_137020_/D : -0.897120
[hold in-reg] wbs_adr_i[4] -> mprj/_136087_/D : -0.896383
[hold in-reg] wbs_adr_i[4] -> mprj/_136633_/D : -0.893712
[hold in-reg] wbs_adr_i[4] -> mprj/_136300_/D : -0.893588
[hold in-reg] wbs_adr_i[4] -> mprj/_136579_/D : -0.893432
[hold in-reg] wbs_adr_i[4] -> mprj/_136313_/D : -0.893341
[hold in-reg] wbs_adr_i[4] -> mprj/_137219_/D : -0.893314
[hold in-reg] wbs_adr_i[4] -> mprj/_136996_/D : -0.893285
[hold in-reg] wbs_adr_i[4] -> mprj/_137274_/D : -0.892980
[hold in-reg] wbs_adr_i[4] -> mprj/_135966_/D : -0.892715
[hold in-reg] wbs_adr_i[4] -> mprj/_136153_/D : -0.892228
[hold in-reg] wbs_adr_i[4] -> mprj/_136475_/D : -0.892006
[hold in-reg] wbs_adr_i[4] -> mprj/_137163_/D : -0.891672
[hold in-reg] wbs_adr_i[4] -> mprj/_136329_/D : -0.890263
[hold in-reg] wbs_adr_i[4] -> mprj/_136067_/D : -0.889455
[hold in-reg] wbs_adr_i[4] -> mprj/_135961_/D : -0.888821
[hold in-reg] wbs_adr_i[4] -> mprj/_136529_/D : -0.888477
[hold in-reg] wbs_adr_i[4] -> mprj/_135975_/D : -0.888111
[hold in-reg] wbs_adr_i[4] -> mprj/_136492_/D : -0.887870
[hold in-reg] wbs_adr_i[4] -> mprj/_135861_/D : -0.887681
[hold in-reg] wbs_adr_i[4] -> mprj/_136243_/D : -0.885676
[hold in-reg] wbs_adr_i[4] -> mprj/_135958_/D : -0.885492
[hold in-reg] wbs_adr_i[4] -> mprj/_136179_/D : -0.884755
[hold in-reg] wbs_adr_i[4] -> mprj/_136376_/D : -0.883857
[hold in-reg] wbs_adr_i[4] -> mprj/_136302_/D : -0.883693
[hold in-reg] wbs_adr_i[4] -> mprj/_136999_/D : -0.883112
[hold in-reg] wbs_adr_i[4] -> mprj/_137259_/D : -0.882748
[hold in-reg] wbs_adr_i[4] -> mprj/_136503_/D : -0.882261
[hold in-reg] wbs_adr_i[4] -> mprj/_135896_/D : -0.882145
[hold in-reg] wbs_adr_i[4] -> mprj/_136811_/D : -0.882084
[hold in-reg] wbs_adr_i[4] -> mprj/_135783_/D : -0.880232
[hold in-reg] wbs_adr_i[4] -> mprj/_137260_/D : -0.879646
[hold in-reg] wbs_adr_i[4] -> mprj/_135965_/D : -0.878672
[hold in-reg] wbs_adr_i[4] -> mprj/_136451_/D : -0.878602
[hold in-reg] wbs_adr_i[4] -> mprj/_135851_/D : -0.877595
[hold in-reg] wbs_adr_i[4] -> mprj/_137142_/D : -0.877283
[hold in-reg] wbs_adr_i[4] -> mprj/_136312_/D : -0.876842
[hold in-reg] wbs_adr_i[4] -> mprj/_136953_/D : -0.875791
[hold in-reg] wbs_adr_i[4] -> mprj/_136825_/D : -0.875529
[hold in-reg] wbs_adr_i[4] -> mprj/_136795_/D : -0.873069
[hold in-reg] wbs_adr_i[4] -> mprj/_136524_/D : -0.872920
[hold in-reg] wbs_adr_i[4] -> mprj/_136057_/D : -0.872262
[hold in-reg] wbs_adr_i[4] -> mprj/_136101_/D : -0.872146
[hold in-reg] wbs_adr_i[4] -> mprj/_136029_/D : -0.871275
[hold in-reg] wbs_adr_i[4] -> mprj/_135963_/D : -0.869933
[hold in-reg] wbs_adr_i[4] -> mprj/_136299_/D : -0.869747
[hold in-reg] wbs_adr_i[4] -> mprj/_136538_/D : -0.867711
[hold in-reg] wbs_adr_i[4] -> mprj/_135864_/D : -0.866913
[hold in-reg] wbs_adr_i[4] -> mprj/_137290_/D : -0.865027
[hold in-reg] wbs_adr_i[4] -> mprj/_137028_/D : -0.864089
[hold in-reg] wbs_adr_i[4] -> mprj/_137249_/D : -0.863976
[hold in-reg] wbs_adr_i[4] -> mprj/_137127_/D : -0.863835
[hold in-reg] wbs_adr_i[4] -> mprj/_136452_/D : -0.862911
[hold in-reg] wbs_adr_i[4] -> mprj/_136277_/D : -0.862824
[hold in-reg] wbs_adr_i[4] -> mprj/_136935_/D : -0.862822
[hold in-reg] wbs_adr_i[4] -> mprj/_135846_/D : -0.862194
[hold in-reg] wbs_adr_i[4] -> mprj/_136992_/D : -0.861614
[hold in-reg] wbs_adr_i[4] -> mprj/_136318_/D : -0.861300
[hold in-reg] wbs_adr_i[4] -> mprj/_135893_/D : -0.860166
[hold in-reg] wbs_adr_i[4] -> mprj/_136055_/D : -0.860160
[hold in-reg] wbs_adr_i[4] -> mprj/_136051_/D : -0.859726
[hold in-reg] wbs_adr_i[4] -> mprj/_136480_/D : -0.859333
[hold in-reg] wbs_adr_i[4] -> mprj/_137230_/D : -0.858014
[hold in-reg] wbs_adr_i[4] -> mprj/_137053_/D : -0.857288
[hold in-reg] wbs_adr_i[4] -> mprj/_136273_/D : -0.856399
[hold in-reg] wbs_adr_i[4] -> mprj/_136833_/D : -0.856010
[hold in-reg] wbs_adr_i[4] -> mprj/_136233_/D : -0.854260
[hold in-reg] wbs_adr_i[4] -> mprj/_137049_/D : -0.853697
[hold in-reg] wbs_adr_i[4] -> mprj/_136613_/D : -0.853686
[hold in-reg] wbs_adr_i[4] -> mprj/_136721_/D : -0.851217
[hold in-reg] wbs_adr_i[4] -> mprj/_137075_/D : -0.850880
[hold in-reg] wbs_adr_i[4] -> mprj/_136973_/D : -0.850432
[hold in-reg] wbs_adr_i[4] -> mprj/_136289_/D : -0.850209
[hold in-reg] wbs_adr_i[4] -> mprj/_135910_/D : -0.850163
[hold in-reg] wbs_adr_i[4] -> mprj/_136987_/D : -0.849501
[hold in-reg] wbs_adr_i[4] -> mprj/_137034_/D : -0.849440
[hold in-reg] wbs_adr_i[4] -> mprj/_137172_/D : -0.849264
[hold in-reg] wbs_adr_i[4] -> mprj/_136789_/D : -0.849054
[hold in-reg] wbs_adr_i[4] -> mprj/_136355_/D : -0.849001
[hold in-reg] wbs_adr_i[4] -> mprj/_136015_/D : -0.848437
[hold in-reg] wbs_adr_i[4] -> mprj/_136477_/D : -0.847897
[hold in-reg] wbs_adr_i[4] -> mprj/_137278_/D : -0.847847
[hold in-reg] wbs_adr_i[4] -> mprj/_136069_/D : -0.847814
[hold in-reg] wbs_adr_i[4] -> mprj/_136045_/D : -0.847279
[hold in-reg] wbs_adr_i[4] -> mprj/_137296_/D : -0.845936
[hold in-reg] wbs_adr_i[4] -> mprj/_136857_/D : -0.845621
[hold in-reg] wbs_adr_i[4] -> mprj/_136405_/D : -0.844865
[hold in-reg] wbs_adr_i[4] -> mprj/_135847_/D : -0.844850
[hold in-reg] wbs_adr_i[4] -> mprj/_136981_/D : -0.844719
[hold in-reg] wbs_adr_i[4] -> mprj/_135853_/D : -0.844294
[hold in-reg] wbs_adr_i[4] -> mprj/_136479_/D : -0.844224
[hold in-reg] wbs_adr_i[4] -> mprj/_136828_/D : -0.843973
[hold in-reg] wbs_adr_i[4] -> mprj/_137082_/D : -0.843144
[hold in-reg] wbs_adr_i[4] -> mprj/_136567_/D : -0.843121
[hold in-reg] wbs_adr_i[4] -> mprj/_136623_/D : -0.842998
[hold in-reg] wbs_adr_i[4] -> mprj/_136469_/D : -0.842885
[hold in-reg] wbs_adr_i[4] -> mprj/_136244_/D : -0.841871
[hold in-reg] wbs_adr_i[4] -> mprj/_137159_/D : -0.841428
[hold in-reg] wbs_adr_i[4] -> mprj/_136782_/D : -0.841203
[hold in-reg] wbs_adr_i[4] -> mprj/_136842_/D : -0.840922
[hold in-reg] wbs_adr_i[4] -> mprj/_137079_/D : -0.840616
[hold in-reg] wbs_adr_i[4] -> mprj/_136443_/D : -0.839945
[hold in-reg] wbs_adr_i[4] -> mprj/_137099_/D : -0.838351
[hold in-reg] wbs_adr_i[4] -> mprj/_137118_/D : -0.836772
[hold in-reg] wbs_adr_i[4] -> mprj/_136774_/D : -0.835493
[hold in-reg] wbs_adr_i[4] -> mprj/_136017_/D : -0.834623
[hold in-reg] wbs_adr_i[4] -> mprj/_136212_/D : -0.833997
[hold in-reg] wbs_adr_i[4] -> mprj/_137279_/D : -0.833817
[hold in-reg] wbs_adr_i[4] -> mprj/_136751_/D : -0.832911
[hold in-reg] wbs_adr_i[4] -> mprj/_136323_/D : -0.832451
[hold in-reg] wbs_adr_i[4] -> mprj/_135987_/D : -0.832038
[hold in-reg] wbs_adr_i[4] -> mprj/_136949_/D : -0.831188
[hold in-reg] wbs_adr_i[4] -> mprj/_136026_/D : -0.831177
[hold in-reg] wbs_adr_i[4] -> mprj/_136270_/D : -0.830932
[hold in-reg] wbs_adr_i[4] -> mprj/_136013_/D : -0.829361
[hold in-reg] wbs_adr_i[4] -> mprj/_136863_/D : -0.828739
[hold in-reg] wbs_adr_i[4] -> mprj/_136175_/D : -0.828544
[hold in-reg] wbs_adr_i[4] -> mprj/_135937_/D : -0.828197
[hold in-reg] wbs_adr_i[4] -> mprj/_136437_/D : -0.827821
[hold in-reg] wbs_adr_i[4] -> mprj/_135981_/D : -0.827662
[hold in-reg] wbs_adr_i[7] -> mprj/_136905_/D : -0.827579
[hold in-reg] wbs_adr_i[4] -> mprj/_135993_/D : -0.827494
[hold in-reg] wbs_adr_i[4] -> mprj/_137151_/D : -0.827464
[hold in-reg] wbs_adr_i[4] -> mprj/_136629_/D : -0.827380
[hold in-reg] wbs_adr_i[4] -> mprj/_136895_/D : -0.826136
[hold in-reg] wbs_adr_i[4] -> mprj/_136165_/D : -0.825657
[hold in-reg] wbs_adr_i[4] -> mprj/_137308_/D : -0.825492
[hold in-reg] wbs_adr_i[4] -> mprj/_136824_/D : -0.825146
[hold in-reg] wbs_adr_i[4] -> mprj/_136516_/D : -0.824329
[hold in-reg] wbs_adr_i[4] -> mprj/_137294_/D : -0.822841
[hold in-reg] wbs_adr_i[4] -> mprj/_136332_/D : -0.821814
[hold in-reg] wbs_adr_i[4] -> mprj/_136724_/D : -0.820531
[hold in-reg] wbs_adr_i[4] -> mprj/_136330_/D : -0.820304
[hold in-reg] wbs_adr_i[4] -> mprj/_136941_/D : -0.819545
[hold in-reg] wbs_adr_i[4] -> mprj/_137312_/D : -0.818907
[hold in-reg] wbs_adr_i[4] -> mprj/_136955_/D : -0.818778
[hold in-reg] wbs_adr_i[4] -> mprj/_136566_/D : -0.817766
[hold in-reg] wbs_adr_i[4] -> mprj/_135985_/D : -0.817681
[hold in-reg] wbs_adr_i[4] -> mprj/_135812_/D : -0.817647
[hold in-reg] wbs_adr_i[4] -> mprj/_137295_/D : -0.817339
[hold in-reg] wbs_adr_i[4] -> mprj/_136929_/D : -0.816730
[hold in-reg] wbs_adr_i[4] -> mprj/_136199_/D : -0.816520
[hold in-reg] wbs_adr_i[4] -> mprj/_135881_/D : -0.815900
[hold in-reg] wbs_adr_i[4] -> mprj/_137017_/D : -0.815271
[hold in-reg] wbs_adr_i[4] -> mprj/_136117_/D : -0.814096
[hold in-reg] wbs_adr_i[4] -> mprj/_135935_/D : -0.813979
[hold in-reg] wbs_adr_i[4] -> mprj/_136003_/D : -0.813861
[hold in-reg] wbs_adr_i[4] -> mprj/_137050_/D : -0.813817
[hold in-reg] wbs_adr_i[4] -> mprj/_136438_/D : -0.813803
[hold in-reg] wbs_adr_i[4] -> mprj/_135884_/D : -0.813067
[hold in-reg] wbs_adr_i[4] -> mprj/_137135_/D : -0.810113
[hold in-reg] wbs_adr_i[4] -> mprj/_135999_/D : -0.808771
[hold in-reg] wbs_adr_i[4] -> mprj/_136991_/D : -0.808246
[hold in-reg] wbs_adr_i[4] -> mprj/_136726_/D : -0.807609
[hold in-reg] wbs_adr_i[4] -> mprj/_135964_/D : -0.806959
[hold in-reg] wbs_adr_i[4] -> mprj/_136661_/D : -0.805920
[hold in-reg] wbs_adr_i[4] -> mprj/_136499_/D : -0.805618
[hold in-reg] wbs_adr_i[4] -> mprj/_136033_/D : -0.805138
[hold in-reg] wbs_adr_i[4] -> mprj/_136911_/D : -0.804417
[hold in-reg] wbs_adr_i[4] -> mprj/_136986_/D : -0.804297
[hold in-reg] wbs_adr_i[4] -> mprj/_135830_/D : -0.804246
[hold in-reg] wbs_adr_i[4] -> mprj/_135805_/D : -0.804180
[hold in-reg] wbs_adr_i[4] -> mprj/_136867_/D : -0.803509
[hold in-reg] wbs_adr_i[4] -> mprj/_136267_/D : -0.802610
[hold in-reg] wbs_adr_i[4] -> mprj/_136512_/D : -0.802391
[hold in-reg] wbs_adr_i[4] -> mprj/_136606_/D : -0.801875
[hold in-reg] wbs_adr_i[4] -> mprj/_136525_/D : -0.801288
[hold in-reg] wbs_adr_i[4] -> mprj/_137111_/D : -0.801275
[hold in-reg] wbs_adr_i[4] -> mprj/_136687_/D : -0.800997
[hold in-reg] wbs_adr_i[4] -> mprj/_137214_/D : -0.800548
[hold in-reg] wbs_adr_i[4] -> mprj/_136004_/D : -0.800314
[hold in-reg] wbs_adr_i[4] -> mprj/_136189_/D : -0.800240
[hold in-reg] wbs_adr_i[4] -> mprj/_137257_/D : -0.798893
[hold in-reg] wbs_adr_i[7] -> mprj/_136455_/D : -0.798099
[hold in-reg] wbs_adr_i[4] -> mprj/_137011_/D : -0.797868
[hold in-reg] wbs_adr_i[4] -> mprj/_135811_/D : -0.797205
[hold in-reg] wbs_adr_i[4] -> mprj/_136715_/D : -0.796903
[hold in-reg] wbs_adr_i[4] -> mprj/_136241_/D : -0.795675
[hold in-reg] wbs_adr_i[4] -> mprj/_136962_/D : -0.795246
[hold in-reg] wbs_adr_i[4] -> mprj/_136028_/D : -0.793594
[hold in-reg] wbs_adr_i[4] -> mprj/_136883_/D : -0.793036
[hold in-reg] wbs_adr_i[4] -> mprj/_137251_/D : -0.792621
[hold in-reg] wbs_adr_i[4] -> mprj/_135829_/D : -0.792420
[hold in-reg] wbs_dat_i[23] -> mprj/_137056_/D : -0.791233
[hold in-reg] wbs_adr_i[4] -> mprj/_136792_/D : -0.791053
[hold in-reg] wbs_adr_i[4] -> mprj/_136481_/D : -0.790876
[hold in-reg] wbs_adr_i[4] -> mprj/_136494_/D : -0.790087
[hold in-reg] wbs_adr_i[4] -> mprj/_136301_/D : -0.789652
[hold in-reg] wbs_adr_i[4] -> mprj/_136617_/D : -0.789258
[hold in-reg] wbs_adr_i[4] -> mprj/_136830_/D : -0.788931
[hold in-reg] wbs_adr_i[4] -> mprj/_136756_/D : -0.788254
[hold in-reg] wbs_adr_i[4] -> mprj/_136193_/D : -0.788109
[hold in-reg] wbs_dat_i[24] -> mprj/_136195_/D : -0.787434
[hold in-reg] wbs_adr_i[4] -> mprj/_136133_/D : -0.787157
[hold in-reg] wbs_adr_i[4] -> mprj/_136881_/D : -0.787100
[hold in-reg] wbs_adr_i[4] -> mprj/_136508_/D : -0.786540
[hold in-reg] wbs_adr_i[4] -> mprj/_136235_/D : -0.785969
[hold in-reg] wbs_adr_i[4] -> mprj/_135796_/D : -0.784692
[hold in-reg] wbs_adr_i[4] -> mprj/_136001_/D : -0.784513
[hold in-reg] wbs_adr_i[4] -> mprj/_136711_/D : -0.784437
[hold in-reg] wbs_adr_i[4] -> mprj/_136684_/D : -0.783761
[hold in-reg] wbs_adr_i[4] -> mprj/_137097_/D : -0.783311
[hold in-reg] wbs_adr_i[4] -> mprj/_136924_/D : -0.782830
[hold in-reg] wbs_adr_i[4] -> mprj/_136599_/D : -0.782693
[hold in-reg] wbs_adr_i[4] -> mprj/_137205_/D : -0.782661
[hold in-reg] wbs_adr_i[4] -> mprj/_137085_/D : -0.781490
[hold in-reg] wbs_adr_i[4] -> mprj/_135841_/D : -0.781242
[hold in-reg] wbs_adr_i[4] -> mprj/_137169_/D : -0.780908
[hold in-reg] wbs_adr_i[4] -> mprj/_136926_/D : -0.780453
[hold in-reg] wbs_dat_i[24] -> mprj/_137091_/D : -0.780069
[hold in-reg] wbs_adr_i[4] -> mprj/_137013_/D : -0.779700
[hold in-reg] wbs_adr_i[4] -> mprj/_136530_/D : -0.779329
[hold in-reg] wbs_adr_i[4] -> mprj/_135787_/D : -0.778701
[hold in-reg] wbs_adr_i[4] -> mprj/_137268_/D : -0.777836
[hold in-reg] wbs_adr_i[4] -> mprj/_135839_/D : -0.776932
[hold in-reg] wbs_adr_i[4] -> mprj/_136574_/D : -0.776798
[hold in-reg] wbs_adr_i[3] -> mprj/_135973_/D : -0.776681
[hold in-reg] wbs_adr_i[4] -> mprj/_137253_/D : -0.776157
[hold in-reg] wbs_adr_i[4] -> mprj/_137254_/D : -0.775742
[hold in-reg] wbs_adr_i[4] -> mprj/_136660_/D : -0.775691
[hold in-reg] wbs_adr_i[4] -> mprj/_136112_/D : -0.775367
[hold in-reg] wbs_adr_i[4] -> mprj/_136806_/D : -0.774698
[hold in-reg] wbs_adr_i[4] -> mprj/_137238_/D : -0.773904
[hold in-reg] wbs_adr_i[4] -> mprj/_136034_/D : -0.773774
[hold in-reg] wbs_adr_i[4] -> mprj/_136245_/D : -0.773674
[hold in-reg] wbs_adr_i[3] -> mprj/_135777_/D : -0.773141
[hold in-reg] wbs_adr_i[4] -> mprj/_136938_/D : -0.772321
[hold in-reg] wbs_adr_i[4] -> mprj/_137193_/D : -0.771537
[hold in-reg] wbs_adr_i[4] -> mprj/_137201_/D : -0.771525
[hold in-reg] wbs_adr_i[4] -> mprj/_137196_/D : -0.771070
[hold in-reg] wbs_adr_i[4] -> mprj/_136085_/D : -0.771004
[hold in-reg] wbs_adr_i[4] -> mprj/_136383_/D : -0.770005
[hold in-reg] wbs_adr_i[3] -> mprj/_135778_/D : -0.769985
[hold in-reg] wbs_adr_i[4] -> mprj/_135792_/D : -0.769938
[hold in-reg] wbs_adr_i[4] -> mprj/_136447_/D : -0.769902
[hold in-reg] wbs_adr_i[4] -> mprj/_136294_/D : -0.769659
[hold in-reg] wbs_adr_i[4] -> mprj/_137143_/D : -0.769418
[hold in-reg] wbs_adr_i[4] -> mprj/_136798_/D : -0.769237
[hold in-reg] wbs_adr_i[4] -> mprj/_136835_/D : -0.768701
[hold in-reg] wbs_adr_i[4] -> mprj/_136489_/D : -0.768468
[hold in-reg] wbs_adr_i[4] -> mprj/_137129_/D : -0.768455
[hold in-reg] wbs_adr_i[4] -> mprj/_136773_/D : -0.767559
[hold in-reg] wbs_adr_i[4] -> mprj/_136255_/D : -0.767298
[hold in-reg] wbs_adr_i[4] -> mprj/_137093_/D : -0.767163
[hold in-reg] wbs_adr_i[4] -> mprj/_136474_/D : -0.766903
[hold in-reg] wbs_adr_i[4] -> mprj/_137236_/D : -0.766781
[hold in-reg] wbs_adr_i[4] -> mprj/_135977_/D : -0.766764
[hold in-reg] wbs_adr_i[4] -> mprj/_137170_/D : -0.766538
[hold in-reg] wbs_adr_i[4] -> mprj/_136314_/D : -0.765894
[hold in-reg] wbs_adr_i[4] -> mprj/_136754_/D : -0.765534
[hold in-reg] wbs_adr_i[4] -> mprj/_136768_/D : -0.764782
[hold in-reg] wbs_adr_i[4] -> mprj/_135797_/D : -0.764611
[hold in-reg] wbs_adr_i[4] -> mprj/_137055_/D : -0.763323
[hold in-reg] wbs_dat_i[9] -> mprj/_135904_/D : -0.762413
[hold in-reg] wbs_adr_i[4] -> mprj/_136203_/D : -0.762273
[hold in-reg] wbs_adr_i[4] -> mprj/_136239_/D : -0.762188
[hold in-reg] wbs_adr_i[4] -> mprj/_137058_/D : -0.762147
[hold in-reg] wbs_adr_i[4] -> mprj/_136137_/D : -0.761935
[hold in-reg] wbs_adr_i[4] -> mprj/_136636_/D : -0.761730
[hold in-reg] wbs_dat_i[9] -> mprj/_138352_/D : -0.761645
[hold in-reg] wbs_adr_i[4] -> mprj/_135939_/D : -0.761297
[hold in-reg] wbs_adr_i[4] -> mprj/_136140_/D : -0.761257
[hold in-reg] wbs_adr_i[4] -> mprj/_135928_/D : -0.761096
[hold in-reg] wbs_adr_i[4] -> mprj/_136254_/D : -0.759484
[hold in-reg] wbs_adr_i[4] -> mprj/_136151_/D : -0.757784
[hold in-reg] wbs_adr_i[4] -> mprj/_137148_/D : -0.757750
[hold in-reg] wbs_adr_i[4] -> mprj/_137043_/D : -0.756774
[hold in-reg] wbs_adr_i[4] -> mprj/_136136_/D : -0.756576
[hold in-reg] wbs_adr_i[4] -> mprj/_136967_/D : -0.756450
[hold in-reg] wbs_adr_i[4] -> mprj/_136937_/D : -0.756133
[hold in-reg] wbs_adr_i[4] -> mprj/_136655_/D : -0.755978
[hold in-reg] wbs_adr_i[4] -> mprj/_137032_/D : -0.755734
[hold in-reg] wbs_adr_i[4] -> mprj/_136120_/D : -0.755356
[hold in-reg] wbs_adr_i[4] -> mprj/_136653_/D : -0.754971
[hold in-reg] wbs_adr_i[4] -> mprj/_136360_/D : -0.754969
[hold in-reg] wbs_adr_i[4] -> mprj/_136813_/D : -0.754421
[hold in-reg] wbs_adr_i[4] -> mprj/_136070_/D : -0.754071
[hold in-reg] wbs_adr_i[4] -> mprj/_137227_/D : -0.753924
[hold in-reg] wbs_adr_i[4] -> mprj/_136395_/D : -0.752460
[hold in-reg] wbs_adr_i[4] -> mprj/_136406_/D : -0.751901
[hold in-reg] wbs_adr_i[4] -> mprj/_137304_/D : -0.751841
[hold in-reg] wbs_adr_i[4] -> mprj/_136278_/D : -0.751341
[hold in-reg] wbs_dat_i[9] -> mprj/_136416_/D : -0.750240
[hold in-reg] wbs_adr_i[4] -> mprj/_136885_/D : -0.748640
[hold in-reg] wbs_adr_i[4] -> mprj/_136649_/D : -0.748198
[hold in-reg] wbs_adr_i[4] -> mprj/_136750_/D : -0.748166
[hold in-reg] wbs_adr_i[4] -> mprj/_136390_/D : -0.747096
[hold in-reg] wbs_adr_i[4] -> mprj/_136997_/D : -0.747019
[hold in-reg] wbs_adr_i[4] -> mprj/_136747_/D : -0.746444
[hold in-reg] wbs_adr_i[4] -> mprj/_136373_/D : -0.746435
[hold in-reg] wbs_adr_i[4] -> mprj/_136037_/D : -0.746359
[hold in-reg] wbs_adr_i[4] -> mprj/_135874_/D : -0.745462
[hold in-reg] wbs_adr_i[4] -> mprj/_136163_/D : -0.745317
[hold in-reg] wbs_adr_i[4] -> mprj/_136242_/D : -0.745070
[hold in-reg] wbs_adr_i[4] -> mprj/_137038_/D : -0.744914
[hold in-reg] wbs_adr_i[4] -> mprj/_137005_/D : -0.744581
[hold in-reg] wbs_adr_i[4] -> mprj/_136164_/D : -0.744255
[hold in-reg] wbs_adr_i[4] -> mprj/_136493_/D : -0.743897
[hold in-reg] wbs_adr_i[4] -> mprj/_135933_/D : -0.742738
[hold in-reg] wbs_adr_i[4] -> mprj/_135998_/D : -0.742720
[hold in-reg] wbs_adr_i[4] -> mprj/_136226_/D : -0.742435
[hold in-reg] wbs_adr_i[4] -> mprj/_137025_/D : -0.742271
[hold in-reg] wbs_adr_i[4] -> mprj/_137121_/D : -0.742076
[hold in-reg] wbs_adr_i[4] -> mprj/_137195_/D : -0.741060
[hold in-reg] wbs_adr_i[4] -> mprj/_137262_/D : -0.741016
[hold in-reg] wbs_adr_i[4] -> mprj/_136522_/D : -0.740942
[hold in-reg] wbs_adr_i[4] -> mprj/_136471_/D : -0.740724
[hold in-reg] wbs_adr_i[4] -> mprj/_136790_/D : -0.740546
[hold in-reg] wbs_adr_i[4] -> mprj/_136673_/D : -0.740275
[hold in-reg] wbs_adr_i[4] -> mprj/_137161_/D : -0.740191
[hold in-reg] wbs_adr_i[4] -> mprj/_135897_/D : -0.740018
[hold in-reg] wbs_adr_i[4] -> mprj/_136274_/D : -0.739877
[hold in-reg] wbs_adr_i[4] -> mprj/_136023_/D : -0.739453
[hold in-reg] wbs_adr_i[4] -> mprj/_137100_/D : -0.738947
[hold in-reg] wbs_adr_i[4] -> mprj/_136663_/D : -0.738554
[hold in-reg] wbs_adr_i[4] -> mprj/_136219_/D : -0.738137
[hold in-reg] wbs_adr_i[4] -> mprj/_136266_/D : -0.738017
[hold in-reg] wbs_adr_i[4] -> mprj/_137213_/D : -0.737879
[hold in-reg] wbs_adr_i[4] -> mprj/_137047_/D : -0.737809
[hold in-reg] wbs_adr_i[4] -> mprj/_136725_/D : -0.737395
[hold in-reg] wbs_adr_i[4] -> mprj/_136960_/D : -0.737013
[hold in-reg] wbs_adr_i[4] -> mprj/_136351_/D : -0.736526
[hold in-reg] wbs_adr_i[4] -> mprj/_136386_/D : -0.736306
[hold in-reg] wbs_adr_i[4] -> mprj/_135871_/D : -0.736141
[hold in-reg] wbs_adr_i[4] -> mprj/_136834_/D : -0.736133
[hold in-reg] wbs_adr_i[4] -> mprj/_136089_/D : -0.735257
[hold in-reg] wbs_adr_i[4] -> mprj/_135938_/D : -0.734977
[hold in-reg] wbs_adr_i[4] -> mprj/_136366_/D : -0.734949
[hold in-reg] wbs_adr_i[4] -> mprj/_137285_/D : -0.734855
[hold in-reg] wbs_adr_i[4] -> mprj/_136963_/D : -0.734413
[hold in-reg] wbs_adr_i[4] -> mprj/_136777_/D : -0.734270
[hold in-reg] wbs_adr_i[4] -> mprj/_136902_/D : -0.733193
[hold in-reg] wbs_adr_i[4] -> mprj/_136826_/D : -0.732767
[hold in-reg] wbs_adr_i[4] -> mprj/_136167_/D : -0.732652
[hold in-reg] wbs_adr_i[4] -> mprj/_136205_/D : -0.732245
[hold in-reg] wbs_adr_i[4] -> mprj/_136545_/D : -0.732201
[hold in-reg] wbs_adr_i[4] -> mprj/_136766_/D : -0.731827
[hold in-reg] wbs_adr_i[4] -> mprj/_136651_/D : -0.730437
[hold in-reg] wbs_adr_i[4] -> mprj/_136722_/D : -0.730135
[hold in-reg] wbs_adr_i[4] -> mprj/_137239_/D : -0.730021
[hold in-reg] wbs_adr_i[4] -> mprj/_137206_/D : -0.729898
[hold in-reg] wbs_adr_i[4] -> mprj/_135794_/D : -0.729884
[hold in-reg] wbs_adr_i[4] -> mprj/_136232_/D : -0.729369
[hold in-reg] wbs_adr_i[4] -> mprj/_136265_/D : -0.729269
[hold in-reg] wbs_adr_i[4] -> mprj/_136246_/D : -0.729004
[hold in-reg] wbs_adr_i[4] -> mprj/_136201_/D : -0.728996
[hold in-reg] wbs_adr_i[4] -> mprj/_136139_/D : -0.728639
[hold in-reg] wbs_adr_i[4] -> mprj/_137109_/D : -0.728543
[hold in-reg] wbs_adr_i[4] -> mprj/_136693_/D : -0.727937
[hold in-reg] wbs_dat_i[24] -> mprj/_136611_/D : -0.727378
[hold in-reg] wbs_adr_i[4] -> mprj/_137008_/D : -0.726577
[hold in-reg] wbs_adr_i[4] -> mprj/_136315_/D : -0.725865
[hold in-reg] wbs_dat_i[24] -> mprj/_135955_/D : -0.725051
[hold in-reg] wbs_adr_i[4] -> mprj/_136632_/D : -0.724408
[hold in-reg] wbs_adr_i[4] -> mprj/_136513_/D : -0.724373
[hold in-reg] wbs_adr_i[4] -> mprj/_136812_/D : -0.723493
[hold in-reg] wbs_adr_i[4] -> mprj/_137261_/D : -0.723461
[hold in-reg] wbs_adr_i[4] -> mprj/_136401_/D : -0.723031
[hold in-reg] wbs_adr_i[4] -> mprj/_135802_/D : -0.722703
[hold in-reg] wbs_adr_i[4] -> mprj/_136565_/D : -0.722487
[hold in-reg] wbs_adr_i[4] -> mprj/_136317_/D : -0.722434
[hold in-reg] wbs_adr_i[4] -> mprj/_136389_/D : -0.722219
[hold in-reg] wbs_adr_i[4] -> mprj/_136425_/D : -0.721527
[hold in-reg] wbs_adr_i[4] -> mprj/_135978_/D : -0.721458
[hold in-reg] wbs_adr_i[4] -> mprj/_136253_/D : -0.721053
[hold in-reg] wbs_adr_i[4] -> mprj/_136865_/D : -0.720282
[hold in-reg] wbs_adr_i[4] -> mprj/_136678_/D : -0.720116
[hold in-reg] wbs_adr_i[4] -> mprj/_136957_/D : -0.718660
[hold in-reg] wbs_adr_i[4] -> mprj/_136899_/D : -0.718194
[hold in-reg] wbs_adr_i[4] -> mprj/_137045_/D : -0.717953
[hold in-reg] wbs_adr_i[4] -> mprj/_135832_/D : -0.717188
[hold in-reg] wbs_adr_i[4] -> mprj/_136978_/D : -0.716870
[hold in-reg] wbs_adr_i[4] -> mprj/_137202_/D : -0.716473
[hold in-reg] wbs_adr_i[4] -> mprj/_135790_/D : -0.716160
[hold in-reg] wbs_adr_i[4] -> mprj/_137080_/D : -0.715901
[hold in-reg] wbs_adr_i[4] -> mprj/_136705_/D : -0.715317
[hold in-reg] wbs_adr_i[4] -> mprj/_135900_/D : -0.715087
[hold in-reg] wbs_adr_i[4] -> mprj/_136162_/D : -0.715082
[hold in-reg] wbs_adr_i[4] -> mprj/_136161_/D : -0.714566
[hold in-reg] wbs_adr_i[4] -> mprj/_136190_/D : -0.714503
[hold in-reg] wbs_adr_i[4] -> mprj/_136060_/D : -0.713866
[hold in-reg] wbs_adr_i[4] -> mprj/_135942_/D : -0.713470
[hold in-reg] wbs_adr_i[4] -> mprj/_136558_/D : -0.713404
[hold in-reg] wbs_adr_i[4] -> mprj/_136966_/D : -0.712689
[hold in-reg] wbs_adr_i[4] -> mprj/_136106_/D : -0.712595
[hold in-reg] wbs_dat_i[24] -> mprj/_136851_/D : -0.712224
[hold in-reg] wbs_adr_i[4] -> mprj/_135803_/D : -0.711902
[hold in-reg] wbs_dat_i[23] -> mprj/_136550_/D : -0.711784
[hold in-reg] wbs_adr_i[4] -> mprj/_136878_/D : -0.711236
[hold in-reg] wbs_adr_i[4] -> mprj/_136898_/D : -0.711235
[hold in-reg] wbs_adr_i[4] -> mprj/_136344_/D : -0.709633
[hold in-reg] wbs_adr_i[7] -> mprj/_135887_/D : -0.709504
[hold in-reg] wbs_adr_i[4] -> mprj/_136581_/D : -0.709265
[hold in-reg] wbs_adr_i[4] -> mprj/_136215_/D : -0.709109
[hold in-reg] wbs_adr_i[4] -> mprj/_136783_/D : -0.709024
[hold in-reg] wbs_adr_i[3] -> mprj/_136227_/D : -0.708992
[hold in-reg] wbs_adr_i[3] -> mprj/_136486_/D : -0.708642
[hold in-reg] wbs_adr_i[4] -> mprj/_136652_/D : -0.708422
[hold in-reg] wbs_adr_i[4] -> mprj/_135886_/D : -0.708346
[hold in-reg] wbs_adr_i[4] -> mprj/_136779_/D : -0.708319
[hold in-reg] wbs_adr_i[4] -> mprj/_136856_/D : -0.707717
[hold in-reg] wbs_adr_i[4] -> mprj/_137229_/D : -0.706311
[hold in-reg] wbs_adr_i[4] -> mprj/_137010_/D : -0.705701
[hold in-reg] wbs_adr_i[4] -> mprj/_137122_/D : -0.705316
[hold in-reg] wbs_adr_i[3] -> mprj/_136372_/D : -0.705019
[hold in-reg] wbs_adr_i[4] -> mprj/_136901_/D : -0.704546
[hold in-reg] wbs_adr_i[4] -> mprj/_136879_/D : -0.704308
[hold in-reg] wbs_adr_i[4] -> mprj/_137185_/D : -0.704223
[hold in-reg] wbs_adr_i[4] -> mprj/_136839_/D : -0.704215
[hold in-reg] wbs_adr_i[4] -> mprj/_136420_/D : -0.704187
[hold in-reg] wbs_adr_i[4] -> mprj/_136297_/D : -0.704129
[hold in-reg] wbs_adr_i[4] -> mprj/_137223_/D : -0.702913
[hold in-reg] wbs_adr_i[4] -> mprj/_136907_/D : -0.702706
[hold in-reg] wbs_adr_i[4] -> mprj/_136680_/D : -0.701642
[hold in-reg] wbs_adr_i[4] -> mprj/_136984_/D : -0.701485
[hold in-reg] wbs_adr_i[4] -> mprj/_137160_/D : -0.700979
[hold in-reg] wbs_adr_i[4] -> mprj/_136325_/D : -0.699503
[hold in-reg] wbs_adr_i[7] -> mprj/_136399_/D : -0.698774
[hold in-reg] wbs_adr_i[4] -> mprj/_136138_/D : -0.698692
[hold in-reg] wbs_adr_i[4] -> mprj/_136391_/D : -0.698249
[hold in-reg] wbs_adr_i[4] -> mprj/_137098_/D : -0.698090
[hold in-reg] wbs_adr_i[4] -> mprj/_136052_/D : -0.698040
[hold in-reg] wbs_adr_i[4] -> mprj/_136533_/D : -0.697941
[hold in-reg] wbs_adr_i[4] -> mprj/_137112_/D : -0.697760
[hold in-reg] wbs_adr_i[4] -> mprj/_137128_/D : -0.696828
[hold in-reg] wbs_adr_i[4] -> mprj/_135789_/D : -0.696145
[hold in-reg] wbs_adr_i[4] -> mprj/_136858_/D : -0.695901
[hold in-reg] wbs_adr_i[4] -> mprj/_136377_/D : -0.695581
[hold in-reg] wbs_adr_i[4] -> mprj/_135943_/D : -0.695240
[hold in-reg] wbs_adr_i[4] -> mprj/_136562_/D : -0.694664
[hold in-reg] wbs_adr_i[4] -> mprj/_136064_/D : -0.694511
[hold in-reg] wbs_adr_i[4] -> mprj/_135991_/D : -0.694240
[hold in-reg] wbs_adr_i[4] -> mprj/_136873_/D : -0.694177
[hold in-reg] wbs_adr_i[4] -> mprj/_136690_/D : -0.693984
[hold in-reg] wbs_adr_i[4] -> mprj/_137057_/D : -0.693404
[hold in-reg] wbs_adr_i[4] -> mprj/_136727_/D : -0.693372
[hold in-reg] wbs_adr_i[4] -> mprj/_137130_/D : -0.693021
[hold in-reg] wbs_adr_i[4] -> mprj/_136765_/D : -0.692933
[hold in-reg] wbs_adr_i[4] -> mprj/_135949_/D : -0.692908
[hold in-reg] wbs_adr_i[4] -> mprj/_135873_/D : -0.692130
[hold in-reg] wbs_adr_i[4] -> mprj/_136749_/D : -0.692001
[hold in-reg] wbs_adr_i[4] -> mprj/_135817_/D : -0.691381
[hold in-reg] wbs_adr_i[3] -> mprj/_136608_/D : -0.691110
[hold in-reg] wbs_adr_i[4] -> mprj/_136031_/D : -0.691093
[hold in-reg] wbs_adr_i[4] -> mprj/_136426_/D : -0.689480
[hold in-reg] wbs_adr_i[4] -> mprj/_136757_/D : -0.689423
[hold in-reg] wbs_adr_i[4] -> mprj/_136421_/D : -0.687717
[hold in-reg] wbs_adr_i[4] -> mprj/_136168_/D : -0.687385
[hold in-reg] wbs_adr_i[4] -> mprj/_136921_/D : -0.687227
[hold in-reg] wbs_adr_i[4] -> mprj/_136046_/D : -0.686317
[hold in-reg] wbs_adr_i[4] -> mprj/_136303_/D : -0.686006
[hold in-reg] wbs_adr_i[4] -> mprj/_135793_/D : -0.685794
[hold in-reg] wbs_adr_i[4] -> mprj/_137001_/D : -0.685751
[hold in-reg] wbs_adr_i[4] -> mprj/_135785_/D : -0.685716
[hold in-reg] wbs_adr_i[4] -> mprj/_136717_/D : -0.685421
[hold in-reg] wbs_adr_i[4] -> mprj/_137002_/D : -0.684645
[hold in-reg] wbs_adr_i[4] -> mprj/_135903_/D : -0.684314
[hold in-reg] wbs_adr_i[4] -> mprj/_136454_/D : -0.684307
[hold in-reg] wbs_adr_i[4] -> mprj/_136543_/D : -0.684174
[hold in-reg] wbs_adr_i[4] -> mprj/_136271_/D : -0.684145
[hold in-reg] wbs_adr_i[3] -> mprj/_137157_/D : -0.684074
[hold in-reg] wbs_adr_i[4] -> mprj/_136340_/D : -0.683986
[hold in-reg] wbs_adr_i[4] -> mprj/_136600_/D : -0.683372
[hold in-reg] wbs_adr_i[4] -> mprj/_136050_/D : -0.682855
[hold in-reg] wbs_adr_i[4] -> mprj/_137071_/D : -0.682740
[hold in-reg] wbs_adr_i[4] -> mprj/_136645_/D : -0.682222
[hold in-reg] wbs_adr_i[4] -> mprj/_136409_/D : -0.682090
[hold in-reg] wbs_adr_i[4] -> mprj/_137144_/D : -0.680691
[hold in-reg] wbs_adr_i[4] -> mprj/_136630_/D : -0.680342
[hold in-reg] wbs_adr_i[4] -> mprj/_137263_/D : -0.680323
[hold in-reg] wbs_dat_i[23] -> mprj/_136666_/D : -0.679642
[hold in-reg] wbs_adr_i[3] -> mprj/_136852_/D : -0.679044
[hold in-reg] wbs_adr_i[4] -> mprj/_136650_/D : -0.678734
[hold in-reg] wbs_adr_i[4] -> mprj/_137171_/D : -0.678576
[hold in-reg] wbs_adr_i[4] -> mprj/_136501_/D : -0.677572
[hold in-reg] wbs_adr_i[4] -> mprj/_136888_/D : -0.677473
[hold in-reg] wbs_adr_i[4] -> mprj/_137309_/D : -0.677352
[hold in-reg] wbs_adr_i[4] -> mprj/_136119_/D : -0.677024
[hold in-reg] wbs_adr_i[4] -> mprj/_136415_/D : -0.676973
[hold in-reg] wbs_adr_i[4] -> mprj/_136671_/D : -0.676891
[hold in-reg] wbs_adr_i[4] -> mprj/_135950_/D : -0.676098
[hold in-reg] wbs_adr_i[4] -> mprj/_136200_/D : -0.675981
[hold in-reg] wbs_adr_i[4] -> mprj/_136810_/D : -0.675912
[hold in-reg] wbs_adr_i[4] -> mprj/_136982_/D : -0.675841
[hold in-reg] wbs_adr_i[4] -> mprj/_136169_/D : -0.675704
[hold in-reg] wbs_adr_i[3] -> mprj/_137188_/D : -0.675573
[hold in-reg] wbs_adr_i[4] -> mprj/_136943_/D : -0.675490
[hold in-reg] wbs_adr_i[4] -> mprj/_136124_/D : -0.675460
[hold in-reg] wbs_adr_i[4] -> mprj/_136743_/D : -0.675265
[hold in-reg] wbs_adr_i[4] -> mprj/_136557_/D : -0.675098
[hold in-reg] wbs_adr_i[4] -> mprj/_135926_/D : -0.674861
[hold in-reg] wbs_adr_i[4] -> mprj/_136035_/D : -0.674849
[hold in-reg] wbs_adr_i[4] -> mprj/_135914_/D : -0.674398
[hold in-reg] wbs_adr_i[4] -> mprj/_136587_/D : -0.674313
[hold in-reg] wbs_adr_i[4] -> mprj/_136840_/D : -0.673813
[hold in-reg] wbs_adr_i[4] -> mprj/_136819_/D : -0.673306
[hold in-reg] wbs_adr_i[4] -> mprj/_136412_/D : -0.673157
[hold in-reg] wbs_adr_i[4] -> mprj/_136362_/D : -0.673052
[hold in-reg] wbs_adr_i[4] -> mprj/_136431_/D : -0.672674
[hold in-reg] wbs_adr_i[4] -> mprj/_137269_/D : -0.672533
[hold in-reg] wbs_adr_i[4] -> mprj/_137086_/D : -0.672494
[hold in-reg] wbs_adr_i[4] -> mprj/_136644_/D : -0.672424
[hold in-reg] wbs_adr_i[3] -> mprj/_137187_/D : -0.671680
[hold in-reg] wbs_adr_i[4] -> mprj/_136354_/D : -0.671290
[hold in-reg] wbs_adr_i[4] -> mprj/_136861_/D : -0.671042
[hold in-reg] wbs_adr_i[4] -> mprj/_135849_/D : -0.670971
[hold in-reg] wbs_adr_i[4] -> mprj/_135875_/D : -0.670950
[hold in-reg] wbs_adr_i[4] -> mprj/_136932_/D : -0.670283
[hold in-reg] wbs_adr_i[4] -> mprj/_136398_/D : -0.670207
[hold in-reg] wbs_adr_i[4] -> mprj/_135850_/D : -0.670095
[hold in-reg] wbs_adr_i[4] -> mprj/_136845_/D : -0.670047
[hold in-reg] wbs_adr_i[4] -> mprj/_136753_/D : -0.669483
[hold in-reg] wbs_adr_i[4] -> mprj/_136897_/D : -0.669227
[hold in-reg] wbs_adr_i[4] -> mprj/_136635_/D : -0.668812
[hold in-reg] wbs_adr_i[4] -> mprj/_137070_/D : -0.668523
[hold in-reg] wbs_adr_i[4] -> mprj/_135947_/D : -0.667571
[hold in-reg] wbs_adr_i[4] -> mprj/_136041_/D : -0.667415
[hold in-reg] wbs_adr_i[4] -> mprj/_136714_/D : -0.667414
[hold in-reg] wbs_adr_i[4] -> mprj/_137165_/D : -0.666769
[hold in-reg] wbs_adr_i[4] -> mprj/_137199_/D : -0.666606
[hold in-reg] wbs_adr_i[4] -> mprj/_137250_/D : -0.666576
[hold in-reg] wbs_adr_i[4] -> mprj/_136126_/D : -0.665885
[hold in-reg] wbs_adr_i[4] -> mprj/_137072_/D : -0.665547
[hold in-reg] wbs_adr_i[4] -> mprj/_137110_/D : -0.665480
[hold in-reg] wbs_adr_i[4] -> mprj/_136166_/D : -0.665439
[hold in-reg] wbs_adr_i[4] -> mprj/_136593_/D : -0.665328
[hold in-reg] wbs_adr_i[4] -> mprj/_136866_/D : -0.665274
[hold in-reg] wbs_adr_i[4] -> mprj/_136882_/D : -0.664747
[hold in-reg] wbs_adr_i[4] -> mprj/_136187_/D : -0.664484
[hold in-reg] wbs_adr_i[4] -> mprj/_136648_/D : -0.664421
[hold in-reg] wbs_adr_i[4] -> mprj/_137282_/D : -0.664390
[hold in-reg] wbs_adr_i[4] -> mprj/_136334_/D : -0.664330
[hold in-reg] wbs_adr_i[4] -> mprj/_137222_/D : -0.663767
[hold in-reg] wbs_adr_i[4] -> mprj/_136559_/D : -0.663642
[hold in-reg] wbs_adr_i[4] -> mprj/_137302_/D : -0.663015
[hold in-reg] wbs_adr_i[4] -> mprj/_136500_/D : -0.662539
[hold in-reg] wbs_adr_i[4] -> mprj/_136846_/D : -0.662533
[hold in-reg] wbs_adr_i[4] -> mprj/_136948_/D : -0.662395
[hold in-reg] wbs_adr_i[4] -> mprj/_135929_/D : -0.662208
[hold in-reg] wbs_adr_i[4] -> mprj/_136931_/D : -0.661978
[hold in-reg] wbs_adr_i[4] -> mprj/_136927_/D : -0.661295
[hold in-reg] wbs_adr_i[4] -> mprj/_137042_/D : -0.661272
[hold in-reg] wbs_adr_i[4] -> mprj/_137012_/D : -0.661030
[hold in-reg] wbs_adr_i[4] -> mprj/_137252_/D : -0.660932
[hold in-reg] wbs_adr_i[4] -> mprj/_136951_/D : -0.660807
[hold in-reg] wbs_adr_i[4] -> mprj/_137291_/D : -0.660764
[hold in-reg] wbs_adr_i[4] -> mprj/_137310_/D : -0.660756
[hold in-reg] wbs_adr_i[4] -> mprj/_137270_/D : -0.660403
[hold in-reg] wbs_adr_i[4] -> mprj/_136758_/D : -0.660332
[hold in-reg] wbs_adr_i[4] -> mprj/_136889_/D : -0.660285
[hold in-reg] wbs_adr_i[4] -> mprj/_136942_/D : -0.660282
[hold in-reg] wbs_adr_i[4] -> mprj/_136470_/D : -0.659988
[hold in-reg] wbs_dat_i[9] -> mprj/_135906_/D : -0.659743
[hold in-reg] wbs_adr_i[4] -> mprj/_137084_/D : -0.659143
[hold in-reg] wbs_adr_i[4] -> mprj/_136310_/D : -0.658991
[hold in-reg] wbs_adr_i[4] -> mprj/_136191_/D : -0.658955
[hold in-reg] wbs_adr_i[4] -> mprj/_137280_/D : -0.658626
[hold in-reg] wbs_adr_i[4] -> mprj/_136894_/D : -0.658416
[hold in-reg] wbs_adr_i[4] -> mprj/_137052_/D : -0.657972
[hold in-reg] wbs_adr_i[4] -> mprj/_135918_/D : -0.657512
[hold in-reg] wbs_adr_i[4] -> mprj/_136207_/D : -0.657423
[hold in-reg] wbs_adr_i[4] -> mprj/_135822_/D : -0.657389
[hold in-reg] wbs_adr_i[4] -> mprj/_136202_/D : -0.657110
[hold in-reg] wbs_adr_i[4] -> mprj/_136641_/D : -0.656891
[hold in-reg] wbs_dat_i[9] -> mprj/_136418_/D : -0.656553
[hold in-reg] wbs_adr_i[4] -> mprj/_136519_/D : -0.656496
[hold in-reg] wbs_adr_i[4] -> mprj/_135990_/D : -0.656446
[hold in-reg] wbs_adr_i[4] -> mprj/_135959_/D : -0.656052
[hold in-reg] wbs_adr_i[4] -> mprj/_135988_/D : -0.655533
[hold in-reg] wbs_adr_i[4] -> mprj/_137233_/D : -0.655279
[hold in-reg] wbs_adr_i[4] -> mprj/_137117_/D : -0.655127
[hold in-reg] wbs_adr_i[4] -> mprj/_136459_/D : -0.655102
[hold in-reg] wbs_adr_i[4] -> mprj/_136860_/D : -0.654903
[hold in-reg] wbs_adr_i[4] -> mprj/_135989_/D : -0.653717
[hold in-reg] wbs_adr_i[4] -> mprj/_136588_/D : -0.653665
[hold in-reg] wbs_adr_i[4] -> mprj/_136702_/D : -0.652762
[hold in-reg] wbs_adr_i[4] -> mprj/_136441_/D : -0.652358
[hold in-reg] wbs_adr_i[4] -> mprj/_135791_/D : -0.651474
[hold in-reg] wbs_adr_i[4] -> mprj/_136110_/D : -0.651160
[hold in-reg] wbs_adr_i[4] -> mprj/_136394_/D : -0.651028
[hold in-reg] wbs_adr_i[4] -> mprj/_136681_/D : -0.650999
[hold in-reg] wbs_adr_i[4] -> mprj/_137162_/D : -0.650909
[hold in-reg] wbs_adr_i[4] -> mprj/_136429_/D : -0.650787
[hold in-reg] wbs_adr_i[4] -> mprj/_136672_/D : -0.650427
[hold in-reg] wbs_adr_i[4] -> mprj/_135927_/D : -0.649116
[hold in-reg] wbs_adr_i[3] -> mprj/_136933_/D : -0.648673
[hold in-reg] wbs_adr_i[4] -> mprj/_136495_/D : -0.648513
[hold in-reg] wbs_adr_i[4] -> mprj/_136775_/D : -0.648369
[hold in-reg] wbs_adr_i[4] -> mprj/_136498_/D : -0.647749
[hold in-reg] wbs_adr_i[4] -> mprj/_136047_/D : -0.647622
[hold in-reg] wbs_adr_i[4] -> mprj/_136485_/D : -0.647577
[hold in-reg] wbs_adr_i[4] -> mprj/_136309_/D : -0.647511
[hold in-reg] wbs_adr_i[4] -> mprj/_136910_/D : -0.647303
[hold in-reg] wbs_adr_i[4] -> mprj/_136764_/D : -0.647285
[hold in-reg] wbs_adr_i[4] -> mprj/_135934_/D : -0.646889
[hold in-reg] wbs_adr_i[4] -> mprj/_135885_/D : -0.646234
[hold in-reg] wbs_adr_i[4] -> mprj/_137023_/D : -0.645932
[hold in-reg] wbs_adr_i[4] -> mprj/_136141_/D : -0.645813
[hold in-reg] wbs_adr_i[4] -> mprj/_136150_/D : -0.645745
[hold in-reg] wbs_dat_i[23] -> mprj/_137178_/D : -0.645509
[hold in-reg] wbs_adr_i[4] -> mprj/_137186_/D : -0.644665
[hold in-reg] wbs_adr_i[4] -> mprj/_137105_/D : -0.644617
[hold in-reg] wbs_adr_i[4] -> mprj/_136342_/D : -0.644416
[hold in-reg] wbs_adr_i[4] -> mprj/_136209_/D : -0.644299
[hold in-reg] wbs_adr_i[4] -> mprj/_136679_/D : -0.644198
[hold in-reg] wbs_adr_i[4] -> mprj/_136642_/D : -0.644162
[hold in-reg] wbs_adr_i[4] -> mprj/_136353_/D : -0.644129
[hold in-reg] wbs_adr_i[4] -> mprj/_136877_/D : -0.644126
[hold in-reg] wbs_adr_i[4] -> mprj/_136674_/D : -0.644028
[hold in-reg] wbs_adr_i[4] -> mprj/_136875_/D : -0.642862
[hold in-reg] wbs_adr_i[4] -> mprj/_135953_/D : -0.642826
[hold in-reg] wbs_adr_i[4] -> mprj/_135932_/D : -0.642329
[hold in-reg] wbs_adr_i[4] -> mprj/_136980_/D : -0.641744
[hold in-reg] wbs_adr_i[4] -> mprj/_135945_/D : -0.640763
[hold in-reg] wbs_adr_i[4] -> mprj/_136699_/D : -0.640320
[hold in-reg] wbs_adr_i[4] -> mprj/_136439_/D : -0.639999
[hold in-reg] wbs_adr_i[4] -> mprj/_137132_/D : -0.639981
[hold in-reg] wbs_adr_i[4] -> mprj/_136919_/D : -0.639687
[hold in-reg] wbs_adr_i[4] -> mprj/_136090_/D : -0.639390
[hold in-reg] wbs_adr_i[4] -> mprj/_136547_/D : -0.638661
[hold in-reg] wbs_adr_i[4] -> mprj/_136446_/D : -0.638529
[hold in-reg] wbs_adr_i[4] -> mprj/_136540_/D : -0.637432
[hold in-reg] wbs_adr_i[4] -> mprj/_136252_/D : -0.636384
[hold in-reg] wbs_adr_i[4] -> mprj/_136142_/D : -0.636232
[hold in-reg] wbs_adr_i[4] -> mprj/_136662_/D : -0.636192
[hold in-reg] wbs_adr_i[4] -> mprj/_136006_/D : -0.635573
[hold in-reg] wbs_adr_i[4] -> mprj/_135836_/D : -0.635489
[hold in-reg] wbs_adr_i[4] -> mprj/_136694_/D : -0.635104
[hold in-reg] wbs_adr_i[4] -> mprj/_135843_/D : -0.634951
[hold in-reg] wbs_adr_i[7] -> mprj/_136249_/D : -0.634619
[hold in-reg] wbs_adr_i[4] -> mprj/_135983_/D : -0.634559
[hold in-reg] wbs_adr_i[4] -> mprj/_135917_/D : -0.633119
[hold in-reg] wbs_adr_i[4] -> mprj/_136958_/D : -0.631837
[hold in-reg] wbs_adr_i[4] -> mprj/_136638_/D : -0.631423
[hold in-reg] wbs_adr_i[4] -> mprj/_135951_/D : -0.631210
[hold in-reg] wbs_adr_i[4] -> mprj/_136348_/D : -0.631031
[hold in-reg] wbs_adr_i[4] -> mprj/_136618_/D : -0.630949
[hold in-reg] wbs_adr_i[4] -> mprj/_136000_/D : -0.630529
[hold in-reg] wbs_adr_i[4] -> mprj/_136712_/D : -0.629227
[hold in-reg] wbs_adr_i[7] -> mprj/_136755_/D : -0.628835
[hold in-reg] wbs_adr_i[4] -> mprj/_136387_/D : -0.627979
[hold in-reg] wbs_adr_i[4] -> mprj/_137152_/D : -0.627796
[hold in-reg] wbs_adr_i[4] -> mprj/_136554_/D : -0.627609
[hold in-reg] wbs_adr_i[4] -> mprj/_136158_/D : -0.627242
[hold in-reg] wbs_adr_i[4] -> mprj/_136225_/D : -0.627121
[hold in-reg] wbs_adr_i[4] -> mprj/_136643_/D : -0.626858
[hold in-reg] wbs_adr_i[4] -> mprj/_137068_/D : -0.626748
[hold in-reg] wbs_adr_i[4] -> mprj/_136874_/D : -0.626152
[hold in-reg] wbs_adr_i[4] -> mprj/_136430_/D : -0.625881
[hold in-reg] wbs_adr_i[4] -> mprj/_136876_/D : -0.625805
[hold in-reg] wbs_adr_i[4] -> mprj/_136822_/D : -0.625378
[hold in-reg] wbs_adr_i[4] -> mprj/_135941_/D : -0.624842
[hold in-reg] wbs_adr_i[7] -> mprj/_136157_/D : -0.624652
[hold in-reg] wbs_adr_i[4] -> mprj/_136184_/D : -0.624164
[hold in-reg] wbs_adr_i[4] -> mprj/_137184_/D : -0.624162
[hold in-reg] wbs_adr_i[4] -> mprj/_137164_/D : -0.624125
[hold in-reg] wbs_adr_i[4] -> mprj/_136397_/D : -0.623024
[hold in-reg] wbs_adr_i[4] -> mprj/_136082_/D : -0.622681
[hold in-reg] wbs_adr_i[4] -> mprj/_137247_/D : -0.621800
[hold in-reg] wbs_adr_i[4] -> mprj/_136887_/D : -0.621096
[hold in-reg] wbs_adr_i[4] -> mprj/_136154_/D : -0.620979
[hold in-reg] wbs_adr_i[4] -> mprj/_135982_/D : -0.620836
[hold in-reg] wbs_adr_i[4] -> mprj/_136594_/D : -0.620259
[hold in-reg] wbs_adr_i[4] -> mprj/_136817_/D : -0.619734
[hold in-reg] wbs_adr_i[4] -> mprj/_136286_/D : -0.619523
[hold in-reg] wbs_adr_i[4] -> mprj/_136145_/D : -0.619471
[hold in-reg] wbs_adr_i[4] -> mprj/_137046_/D : -0.619387
[hold in-reg] wbs_adr_i[4] -> mprj/_136691_/D : -0.618259
[hold in-reg] wbs_adr_i[4] -> mprj/_136284_/D : -0.617997
[hold in-reg] wbs_adr_i[4] -> mprj/_137030_/D : -0.617166
[hold in-reg] wbs_adr_i[4] -> mprj/_136689_/D : -0.617137
[hold in-reg] wbs_adr_i[4] -> mprj/_137116_/D : -0.616675
[hold in-reg] wbs_adr_i[4] -> mprj/_136095_/D : -0.616375
[hold in-reg] wbs_adr_i[4] -> mprj/_136108_/D : -0.616203
[hold in-reg] wbs_adr_i[4] -> mprj/_135820_/D : -0.616092
[hold in-reg] wbs_adr_i[4] -> mprj/_136880_/D : -0.615517
[hold in-reg] wbs_adr_i[4] -> mprj/_135984_/D : -0.615165
[hold in-reg] wbs_adr_i[4] -> mprj/_136213_/D : -0.615150
[hold in-reg] wbs_adr_i[4] -> mprj/_137147_/D : -0.615096
[hold in-reg] wbs_adr_i[4] -> mprj/_136637_/D : -0.614051
[hold in-reg] wbs_adr_i[4] -> mprj/_137149_/D : -0.613933
[hold in-reg] wbs_adr_i[4] -> mprj/_137237_/D : -0.613664
[hold in-reg] wbs_adr_i[4] -> mprj/_137226_/D : -0.613578
[hold in-reg] wbs_adr_i[4] -> mprj/_136176_/D : -0.613256
[hold in-reg] wbs_adr_i[4] -> mprj/_137106_/D : -0.612840
[hold in-reg] wbs_adr_i[4] -> mprj/_137150_/D : -0.612588
[hold in-reg] wbs_adr_i[4] -> mprj/_136620_/D : -0.612402
[hold in-reg] wbs_adr_i[4] -> mprj/_136221_/D : -0.612387
[hold in-reg] wbs_adr_i[4] -> mprj/_136862_/D : -0.611271
[hold in-reg] wbs_adr_i[4] -> mprj/_137154_/D : -0.611148
[hold in-reg] wbs_adr_i[4] -> mprj/_135967_/D : -0.611005
[hold in-reg] wbs_adr_i[4] -> mprj/_136020_/D : -0.610709
[hold in-reg] wbs_adr_i[4] -> mprj/_136361_/D : -0.610696
[hold in-reg] wbs_adr_i[3] -> mprj/_136260_/D : -0.610361
[hold in-reg] wbs_adr_i[4] -> mprj/_136478_/D : -0.609218
[hold in-reg] wbs_adr_i[4] -> mprj/_136392_/D : -0.608471
[hold in-reg] wbs_adr_i[4] -> mprj/_136268_/D : -0.608321
[hold in-reg] wbs_adr_i[4] -> mprj/_135858_/D : -0.608104
[hold in-reg] wbs_adr_i[4] -> mprj/_136220_/D : -0.607867
[hold in-reg] wbs_adr_i[4] -> mprj/_136886_/D : -0.607780
[hold in-reg] wbs_adr_i[4] -> mprj/_137024_/D : -0.607778
[hold in-reg] wbs_adr_i[4] -> mprj/_136214_/D : -0.607767
[hold in-reg] wbs_adr_i[4] -> mprj/_136194_/D : -0.607518
[hold in-reg] wbs_adr_i[4] -> mprj/_136012_/D : -0.607253
[hold in-reg] wbs_adr_i[4] -> mprj/_135969_/D : -0.607209
[hold in-reg] wbs_adr_i[4] -> mprj/_135862_/D : -0.607042
[hold in-reg] wbs_adr_i[7] -> mprj/_136279_/D : -0.606638
[hold in-reg] wbs_adr_i[4] -> mprj/_136419_/D : -0.605515
[hold in-reg] wbs_adr_i[4] -> mprj/_137059_/D : -0.605494
[hold in-reg] wbs_adr_i[4] -> mprj/_136868_/D : -0.605432
[hold in-reg] wbs_adr_i[4] -> mprj/_137006_/D : -0.605201
[hold in-reg] wbs_adr_i[4] -> mprj/_136542_/D : -0.605198
[hold in-reg] wbs_adr_i[7] -> mprj/_136669_/D : -0.605072
[hold in-reg] wbs_adr_i[4] -> mprj/_136683_/D : -0.604832
[hold in-reg] wbs_adr_i[4] -> mprj/_136518_/D : -0.604600
[hold in-reg] wbs_adr_i[4] -> mprj/_135979_/D : -0.603874
[hold in-reg] wbs_adr_i[7] -> mprj/_137145_/D : -0.603201
[hold in-reg] wbs_adr_i[4] -> mprj/_135824_/D : -0.602893
[hold in-reg] wbs_adr_i[4] -> mprj/_136014_/D : -0.602455
[hold in-reg] wbs_adr_i[4] -> mprj/_136622_/D : -0.602094
[hold in-reg] wbs_adr_i[4] -> mprj/_136122_/D : -0.601911
[hold in-reg] wbs_adr_i[4] -> mprj/_136796_/D : -0.600641
[hold in-reg] wbs_adr_i[4] -> mprj/_136737_/D : -0.599896
[hold in-reg] wbs_adr_i[4] -> mprj/_136896_/D : -0.599546
[hold in-reg] wbs_adr_i[4] -> mprj/_136780_/D : -0.599383
[hold in-reg] wbs_adr_i[4] -> mprj/_137113_/D : -0.599062
[hold in-reg] wbs_adr_i[4] -> mprj/_136468_/D : -0.598707
[hold in-reg] wbs_adr_i[4] -> mprj/_137114_/D : -0.598094
[hold in-reg] wbs_adr_i[4] -> mprj/_137183_/D : -0.597002
[hold in-reg] wbs_adr_i[4] -> mprj/_136042_/D : -0.596680
[hold in-reg] wbs_adr_i[4] -> mprj/_136384_/D : -0.596435
[hold in-reg] wbs_adr_i[4] -> mprj/_136172_/D : -0.595890
[hold in-reg] wbs_adr_i[4] -> mprj/_136797_/D : -0.595716
[hold in-reg] wbs_adr_i[4] -> mprj/_137191_/D : -0.595528
[hold in-reg] wbs_adr_i[4] -> mprj/_136553_/D : -0.595412
[hold in-reg] wbs_adr_i[3] -> mprj/_136772_/D : -0.595348
[hold in-reg] wbs_adr_i[4] -> mprj/_136844_/D : -0.595178
[hold in-reg] wbs_adr_i[4] -> mprj/_135889_/D : -0.594561
[hold in-reg] wbs_adr_i[4] -> mprj/_137212_/D : -0.594543
[hold in-reg] wbs_adr_i[4] -> mprj/_135921_/D : -0.594422
[hold in-reg] wbs_adr_i[4] -> mprj/_136223_/D : -0.594405
[hold in-reg] wbs_adr_i[3] -> mprj/_136739_/D : -0.594172
[hold in-reg] wbs_adr_i[4] -> mprj/_137182_/D : -0.594141
[hold in-reg] wbs_adr_i[4] -> mprj/_135878_/D : -0.593789
[hold in-reg] wbs_adr_i[4] -> mprj/_136125_/D : -0.593656
[hold in-reg] wbs_adr_i[4] -> mprj/_136909_/D : -0.593571
[hold in-reg] wbs_adr_i[4] -> mprj/_136993_/D : -0.592811
[hold in-reg] wbs_adr_i[4] -> mprj/_136688_/D : -0.592797
[hold in-reg] wbs_adr_i[4] -> mprj/_136534_/D : -0.592517
[hold in-reg] wbs_adr_i[4] -> mprj/_137069_/D : -0.591975
[hold in-reg] wbs_adr_i[4] -> mprj/_137101_/D : -0.591711
[hold in-reg] wbs_adr_i[4] -> mprj/_136007_/D : -0.591587
[hold in-reg] wbs_adr_i[4] -> mprj/_137036_/D : -0.591053
[hold in-reg] wbs_adr_i[4] -> mprj/_136677_/D : -0.590892
[hold in-reg] wbs_adr_i[4] -> mprj/_136068_/D : -0.590474
[hold in-reg] wbs_adr_i[4] -> mprj/_137292_/D : -0.590451
[hold in-reg] wbs_adr_i[4] -> mprj/_137066_/D : -0.590382
[hold in-reg] wbs_adr_i[4] -> mprj/_136925_/D : -0.589790
[hold in-reg] wbs_adr_i[4] -> mprj/_135856_/D : -0.589661
[hold in-reg] wbs_adr_i[4] -> mprj/_135944_/D : -0.589480
[hold in-reg] wbs_adr_i[4] -> mprj/_136607_/D : -0.589399
[hold in-reg] wbs_adr_i[4] -> mprj/_137174_/D : -0.588758
[hold in-reg] wbs_adr_i[4] -> mprj/_136457_/D : -0.588693
[hold in-reg] wbs_adr_i[4] -> mprj/_136605_/D : -0.588091
[hold in-reg] wbs_adr_i[3] -> mprj/_137092_/D : -0.587797
[hold in-reg] wbs_adr_i[4] -> mprj/_136256_/D : -0.587034
[hold in-reg] wbs_adr_i[4] -> mprj/_136536_/D : -0.586555
[hold in-reg] wbs_adr_i[4] -> mprj/_136118_/D : -0.585678
[hold in-reg] wbs_adr_i[4] -> mprj/_136884_/D : -0.585413
[hold in-reg] wbs_adr_i[4] -> mprj/_136969_/D : -0.585383
[hold in-reg] wbs_adr_i[4] -> mprj/_137014_/D : -0.584858
[hold in-reg] wbs_adr_i[7] -> mprj/_137267_/D : -0.584795
[hold in-reg] wbs_adr_i[4] -> mprj/_136002_/D : -0.584519
[hold in-reg] wbs_adr_i[4] -> mprj/_136155_/D : -0.584030
[hold in-reg] wbs_adr_i[4] -> mprj/_136784_/D : -0.583736
[hold in-reg] wbs_adr_i[4] -> mprj/_136670_/D : -0.583519
[hold in-reg] wbs_adr_i[4] -> mprj/_135848_/D : -0.583024
[hold in-reg] wbs_adr_i[4] -> mprj/_136096_/D : -0.582690
[hold in-reg] wbs_adr_i[4] -> mprj/_136146_/D : -0.581889
[hold in-reg] wbs_adr_i[4] -> mprj/_136276_/D : -0.581657
[hold in-reg] wbs_adr_i[4] -> mprj/_136380_/D : -0.581497
[hold in-reg] wbs_adr_i[4] -> mprj/_136809_/D : -0.581079
[hold in-reg] wbs_adr_i[4] -> mprj/_135876_/D : -0.581058
[hold in-reg] wbs_adr_i[4] -> mprj/_136767_/D : -0.580843
[hold in-reg] wbs_adr_i[4] -> mprj/_136526_/D : -0.580781
[hold in-reg] wbs_adr_i[4] -> mprj/_135815_/D : -0.580717
[hold in-reg] wbs_adr_i[4] -> mprj/_136374_/D : -0.580646
[hold in-reg] wbs_adr_i[4] -> mprj/_136823_/D : -0.580354
[hold in-reg] wbs_adr_i[4] -> mprj/_136240_/D : -0.578787
[hold in-reg] wbs_adr_i[4] -> mprj/_137026_/D : -0.577251
[hold in-reg] wbs_adr_i[3] -> mprj/_136132_/D : -0.576875
[hold in-reg] wbs_adr_i[4] -> mprj/_136424_/D : -0.576502
[hold in-reg] wbs_adr_i[4] -> mprj/_136382_/D : -0.576481
[hold in-reg] wbs_adr_i[4] -> mprj/_135915_/D : -0.576409
[hold in-reg] wbs_adr_i[4] -> mprj/_136272_/D : -0.576115
[hold in-reg] wbs_adr_i[4] -> mprj/_136462_/D : -0.576069
[hold in-reg] wbs_adr_i[4] -> mprj/_135870_/D : -0.575792
[hold in-reg] wbs_adr_i[4] -> mprj/_136308_/D : -0.575361
[hold in-reg] wbs_adr_i[4] -> mprj/_136053_/D : -0.575322
[hold in-reg] wbs_adr_i[4] -> mprj/_135823_/D : -0.575066
[hold in-reg] wbs_adr_i[4] -> mprj/_136116_/D : -0.575065
[hold in-reg] wbs_adr_i[4] -> mprj/_136094_/D : -0.574374
[hold in-reg] wbs_adr_i[4] -> mprj/_136407_/D : -0.573897
[hold in-reg] wbs_adr_i[4] -> mprj/_136801_/D : -0.573569
[hold in-reg] wbs_adr_i[4] -> mprj/_136054_/D : -0.573500
[hold in-reg] wbs_adr_i[4] -> mprj/_136575_/D : -0.573092
[hold in-reg] wbs_adr_i[4] -> mprj/_136148_/D : -0.572503
[hold in-reg] wbs_adr_i[4] -> mprj/_136634_/D : -0.572392
[hold in-reg] wbs_adr_i[4] -> mprj/_136621_/D : -0.572303
[hold in-reg] wbs_adr_i[4] -> mprj/_136735_/D : -0.572292
[hold in-reg] wbs_adr_i[4] -> mprj/_136831_/D : -0.571739
[hold in-reg] wbs_adr_i[4] -> mprj/_136900_/D : -0.570967
[hold in-reg] wbs_adr_i[4] -> mprj/_137004_/D : -0.570862
[hold in-reg] wbs_adr_i[4] -> mprj/_136584_/D : -0.570730
[hold in-reg] wbs_adr_i[4] -> mprj/_137286_/D : -0.570413
[hold in-reg] wbs_adr_i[4] -> mprj/_136109_/D : -0.568890
[hold in-reg] wbs_adr_i[4] -> mprj/_136597_/D : -0.568837
[hold in-reg] wbs_adr_i[4] -> mprj/_137103_/D : -0.568504
[hold in-reg] wbs_adr_i[4] -> mprj/_135842_/D : -0.567712
[hold in-reg] wbs_adr_i[3] -> mprj/_135986_/D : -0.567558
[hold in-reg] wbs_adr_i[4] -> mprj/_135905_/D : -0.567090
[hold in-reg] wbs_adr_i[4] -> mprj/_136713_/D : -0.566848
[hold in-reg] wbs_adr_i[4] -> mprj/_137065_/D : -0.566538
[hold in-reg] wbs_adr_i[4] -> mprj/_136178_/D : -0.566135
[hold in-reg] wbs_adr_i[4] -> mprj/_136463_/D : -0.564803
[hold in-reg] wbs_adr_i[4] -> mprj/_137271_/D : -0.564032
[hold in-reg] wbs_adr_i[4] -> mprj/_136843_/D : -0.563580
[hold in-reg] wbs_adr_i[4] -> mprj/_135912_/D : -0.563232
[hold in-reg] wbs_adr_i[4] -> mprj/_136453_/D : -0.562790
[hold in-reg] wbs_adr_i[4] -> mprj/_137255_/D : -0.562347
[hold in-reg] wbs_adr_i[3] -> mprj/_135907_/D : -0.562043
[hold in-reg] wbs_dat_i[23] -> mprj/_136160_/D : -0.561830
[hold in-reg] wbs_adr_i[4] -> mprj/_136748_/D : -0.560832
[hold in-reg] wbs_adr_i[4] -> mprj/_137061_/D : -0.560829
[hold in-reg] wbs_adr_i[4] -> mprj/_136388_/D : -0.559423
[hold in-reg] wbs_adr_i[4] -> mprj/_136658_/D : -0.559373
[hold in-reg] wbs_adr_i[7] -> mprj/_135859_/D : -0.559002
[hold in-reg] wbs_adr_i[4] -> mprj/_137221_/D : -0.557768
[hold in-reg] wbs_adr_i[4] -> mprj/_136072_/D : -0.557614
[hold in-reg] wbs_dat_i[24] -> mprj/_137155_/D : -0.556968
[hold in-reg] wbs_adr_i[4] -> mprj/_136628_/D : -0.556945
[hold in-reg] wbs_adr_i[4] -> mprj/_135882_/D : -0.556164
[hold in-reg] wbs_adr_i[4] -> mprj/_136733_/D : -0.555907
[hold in-reg] wbs_adr_i[4] -> mprj/_136950_/D : -0.554390
[hold in-reg] wbs_adr_i[4] -> mprj/_136532_/D : -0.554339
[hold in-reg] wbs_dat_i[7] -> mprj/_136804_/D : -0.554196
[hold in-reg] wbs_adr_i[4] -> mprj/_136327_/D : -0.552959
[hold in-reg] wbs_adr_i[4] -> mprj/_137119_/D : -0.552343
[hold in-reg] wbs_adr_i[4] -> mprj/_136974_/D : -0.552276
[hold in-reg] wbs_adr_i[4] -> mprj/_135806_/D : -0.551938
[hold in-reg] wbs_adr_i[4] -> mprj/_135992_/D : -0.551929
[hold in-reg] wbs_adr_i[4] -> mprj/_136083_/D : -0.551565
[hold in-reg] wbs_adr_i[4] -> mprj/_136456_/D : -0.551299
[hold in-reg] wbs_adr_i[4] -> mprj/_136988_/D : -0.550631
[hold in-reg] wbs_adr_i[4] -> mprj/_136676_/D : -0.550375
[hold in-reg] wbs_adr_i[4] -> mprj/_137245_/D : -0.549582
[hold in-reg] wbs_adr_i[4] -> mprj/_136476_/D : -0.549282
[hold in-reg] wbs_adr_i[4] -> mprj/_135946_/D : -0.549204
[hold in-reg] wbs_adr_i[4] -> mprj/_136904_/D : -0.549161
[hold in-reg] wbs_adr_i[4] -> mprj/_135868_/D : -0.548723
[hold in-reg] wbs_dat_i[4] -> mprj/_136741_/D : -0.546908
[hold in-reg] wbs_adr_i[4] -> mprj/_137016_/D : -0.546511
[hold in-reg] wbs_adr_i[4] -> mprj/_136675_/D : -0.545176
[hold in-reg] wbs_adr_i[4] -> mprj/_136577_/D : -0.545131
[hold in-reg] wbs_adr_i[4] -> mprj/_136131_/D : -0.544565
[hold in-reg] wbs_adr_i[4] -> mprj/_136234_/D : -0.544518
[hold in-reg] wbs_adr_i[4] -> mprj/_137277_/D : -0.544504
[hold in-reg] wbs_adr_i[4] -> mprj/_135788_/D : -0.544207
[hold in-reg] wbs_adr_i[4] -> mprj/_135879_/D : -0.543611
[hold in-reg] wbs_adr_i[4] -> mprj/_137018_/D : -0.543098
[hold in-reg] wbs_adr_i[4] -> mprj/_136734_/D : -0.543047
[hold in-reg] wbs_adr_i[4] -> mprj/_136440_/D : -0.542702
[hold in-reg] wbs_adr_i[4] -> mprj/_136952_/D : -0.542227
[hold in-reg] wbs_adr_i[4] -> mprj/_135880_/D : -0.542128
[hold in-reg] wbs_adr_i[4] -> mprj/_136975_/D : -0.541984
[hold in-reg] wbs_adr_i[4] -> mprj/_136433_/D : -0.541981
[hold in-reg] wbs_adr_i[4] -> mprj/_136218_/D : -0.541064
[hold in-reg] wbs_adr_i[7] -> mprj/_135795_/D : -0.540565
[hold in-reg] wbs_adr_i[4] -> mprj/_136778_/D : -0.540066
[hold in-reg] wbs_adr_i[4] -> mprj/_136815_/D : -0.540003
[hold in-reg] wbs_adr_i[4] -> mprj/_137077_/D : -0.539708
[hold in-reg] wbs_adr_i[4] -> mprj/_136654_/D : -0.539504
[hold in-reg] wbs_adr_i[7] -> mprj/_137265_/D : -0.539173
[hold in-reg] wbs_adr_i[4] -> mprj/_136465_/D : -0.538368
[hold in-reg] wbs_adr_i[4] -> mprj/_136970_/D : -0.537844
[hold in-reg] wbs_adr_i[4] -> mprj/_136482_/D : -0.536593
[hold in-reg] wbs_adr_i[4] -> mprj/_136236_/D : -0.536390
[hold in-reg] wbs_adr_i[4] -> mprj/_137074_/D : -0.535875
[hold in-reg] wbs_adr_i[4] -> mprj/_137200_/D : -0.535257
[hold in-reg] wbs_adr_i[4] -> mprj/_136647_/D : -0.535116
[hold in-reg] wbs_adr_i[4] -> mprj/_136333_/D : -0.534396
[hold in-reg] wbs_adr_i[4] -> mprj/_136065_/D : -0.533381
[hold in-reg] wbs_adr_i[4] -> mprj/_137266_/D : -0.533312
[hold in-reg] wbs_adr_i[4] -> mprj/_136829_/D : -0.533020
[hold in-reg] wbs_adr_i[4] -> mprj/_136657_/D : -0.532849
[hold in-reg] wbs_adr_i[4] -> mprj/_135909_/D : -0.532539
[hold in-reg] wbs_adr_i[4] -> mprj/_137194_/D : -0.531377
[hold in-reg] wbs_adr_i[4] -> mprj/_135962_/D : -0.529032
[hold in-reg] wbs_adr_i[4] -> mprj/_136685_/D : -0.528287
[hold in-reg] wbs_adr_i[4] -> mprj/_137258_/D : -0.528005
[hold in-reg] wbs_adr_i[4] -> mprj/_136396_/D : -0.527269
[hold in-reg] wbs_adr_i[4] -> mprj/_136990_/D : -0.526648
[hold in-reg] wbs_adr_i[4] -> mprj/_136319_/D : -0.526165
[hold in-reg] wbs_adr_i[4] -> mprj/_135894_/D : -0.525561
[hold in-reg] wbs_adr_i[4] -> mprj/_136646_/D : -0.525388
[hold in-reg] wbs_adr_i[7] -> mprj/_137175_/D : -0.525366
[hold in-reg] wbs_adr_i[4] -> mprj/_137044_/D : -0.525056
[hold in-reg] wbs_adr_i[4] -> mprj/_137300_/D : -0.524916
[hold in-reg] wbs_adr_i[4] -> mprj/_135852_/D : -0.524752
[hold in-reg] wbs_adr_i[4] -> mprj/_136788_/D : -0.524747
[hold in-reg] wbs_adr_i[4] -> mprj/_136908_/D : -0.523191
[hold in-reg] wbs_adr_i[4] -> mprj/_136968_/D : -0.522816
[hold in-reg] wbs_adr_i[4] -> mprj/_135840_/D : -0.522409
[hold in-reg] wbs_adr_i[4] -> mprj/_136703_/D : -0.522140
[hold in-reg] wbs_adr_i[4] -> mprj/_136706_/D : -0.521707
[hold in-reg] wbs_adr_i[4] -> mprj/_137096_/D : -0.521681
[hold in-reg] wbs_adr_i[4] -> mprj/_136504_/D : -0.521546
[hold in-reg] wbs_adr_i[4] -> mprj/_136920_/D : -0.521046
[hold in-reg] wbs_adr_i[4] -> mprj/_137078_/D : -0.518960
[hold in-reg] wbs_adr_i[4] -> mprj/_137107_/D : -0.518877
[hold in-reg] wbs_adr_i[3] -> mprj/_136589_/D : -0.518533
[hold in-reg] wbs_adr_i[4] -> mprj/_136237_/D : -0.518411
[hold in-reg] wbs_adr_i[4] -> mprj/_137207_/D : -0.518191
[hold in-reg] wbs_adr_i[4] -> mprj/_136820_/D : -0.518124
[hold in-reg] wbs_adr_i[4] -> mprj/_136458_/D : -0.518095
[hold in-reg] wbs_adr_i[4] -> mprj/_137167_/D : -0.516633
[hold in-reg] wbs_adr_i[4] -> mprj/_137215_/D : -0.516331
[hold in-reg] wbs_adr_i[4] -> mprj/_136170_/D : -0.516051
[hold in-reg] wbs_adr_i[4] -> mprj/_135838_/D : -0.513923
[hold in-reg] wbs_adr_i[4] -> mprj/_137224_/D : -0.513380
[hold in-reg] wbs_adr_i[4] -> mprj/_135821_/D : -0.513341
[hold in-reg] wbs_adr_i[4] -> mprj/_137166_/D : -0.513278
[hold in-reg] wbs_adr_i[4] -> mprj/_136854_/D : -0.513155
[hold in-reg] wbs_adr_i[4] -> mprj/_136114_/D : -0.512399
[hold in-reg] wbs_adr_i[7] -> mprj/_136307_/D : -0.511992
[hold in-reg] wbs_dat_i[24] -> mprj/_136371_/D : -0.510648
[hold in-reg] wbs_adr_i[4] -> mprj/_136222_/D : -0.510612
[hold in-reg] wbs_adr_i[4] -> mprj/_135920_/D : -0.510488
[hold in-reg] wbs_adr_i[4] -> mprj/_136506_/D : -0.509921
[hold in-reg] wbs_adr_i[4] -> mprj/_135980_/D : -0.509734
[hold in-reg] wbs_adr_i[4] -> mprj/_135837_/D : -0.507120
[hold in-reg] wbs_adr_i[4] -> mprj/_136514_/D : -0.506208
[hold in-reg] wbs_adr_i[4] -> mprj/_136048_/D : -0.505838
[hold in-reg] wbs_adr_i[4] -> mprj/_136752_/D : -0.505737
[hold in-reg] wbs_adr_i[4] -> mprj/_136427_/D : -0.504850
[hold in-reg] wbs_adr_i[4] -> mprj/_136903_/D : -0.504807
[hold in-reg] wbs_adr_i[4] -> mprj/_136626_/D : -0.504051
[hold in-reg] wbs_adr_i[4] -> mprj/_135818_/D : -0.503236
[hold in-reg] wbs_adr_i[4] -> mprj/_137264_/D : -0.502694
[hold in-reg] wbs_adr_i[4] -> mprj/_136285_/D : -0.499853
[hold in-reg] wbs_adr_i[4] -> mprj/_136682_/D : -0.499774
[hold in-reg] wbs_adr_i[4] -> mprj/_136816_/D : -0.498699
[hold in-reg] wbs_adr_i[4] -> mprj/_137138_/D : -0.497780
[hold in-reg] wbs_adr_i[4] -> mprj/_136018_/D : -0.497277
[hold in-reg] wbs_adr_i[4] -> mprj/_136143_/D : -0.497127
[hold in-reg] wbs_adr_i[4] -> mprj/_136417_/D : -0.496482
[hold in-reg] wbs_adr_i[4] -> mprj/_137246_/D : -0.496432
[hold in-reg] wbs_adr_i[2] -> mprj/_136291_/D : -0.496028
[hold in-reg] wbs_adr_i[4] -> mprj/_135855_/D : -0.495659
[hold in-reg] wbs_adr_i[4] -> mprj/_135960_/D : -0.495643
[hold in-reg] wbs_adr_i[4] -> mprj/_136560_/D : -0.495114
[hold in-reg] wbs_adr_i[4] -> mprj/_135890_/D : -0.494754
[hold in-reg] wbs_dat_i[24] -> mprj/_135891_/D : -0.494429
[hold in-reg] wbs_adr_i[4] -> mprj/_136746_/D : -0.494261
[hold in-reg] wbs_adr_i[4] -> mprj/_135844_/D : -0.492595
[hold in-reg] wbs_adr_i[4] -> mprj/_135930_/D : -0.492466
[hold in-reg] wbs_adr_i[4] -> mprj/_135786_/D : -0.491790
[hold in-reg] wbs_adr_i[4] -> mprj/_135827_/D : -0.491348
[hold in-reg] wbs_adr_i[4] -> mprj/_136304_/D : -0.490948
[hold in-reg] wbs_adr_i[4] -> mprj/_136785_/D : -0.490485
[hold in-reg] wbs_adr_i[7] -> mprj/_136556_/D : -0.489908
[hold in-reg] wbs_adr_i[4] -> mprj/_136954_/D : -0.489681
[hold in-reg] wbs_adr_i[4] -> mprj/_136084_/D : -0.489186
[hold in-reg] wbs_adr_i[4] -> mprj/_136720_/D : -0.488800
[hold in-reg] wbs_adr_i[7] -> mprj/_136009_/D : -0.488642
[hold in-reg] wbs_adr_i[4] -> mprj/_136185_/D : -0.488400
[hold in-reg] wbs_adr_i[4] -> mprj/_136206_/D : -0.487367
[hold in-reg] wbs_adr_i[4] -> mprj/_135976_/D : -0.487010
[hold in-reg] wbs_adr_i[4] -> mprj/_137256_/D : -0.486800
[hold in-reg] wbs_adr_i[4] -> mprj/_137000_/D : -0.486216
[hold in-reg] wbs_adr_i[4] -> mprj/_137225_/D : -0.485721
[hold in-reg] wbs_adr_i[4] -> mprj/_136850_/D : -0.485229
[hold in-reg] wbs_adr_i[4] -> mprj/_136044_/D : -0.484774
[hold in-reg] wbs_adr_i[3] -> mprj/_135972_/D : -0.483790
[hold in-reg] wbs_adr_i[4] -> mprj/_136247_/D : -0.483768
[hold in-reg] wbs_adr_i[4] -> mprj/_135826_/D : -0.483243
[hold in-reg] wbs_adr_i[4] -> mprj/_136892_/D : -0.482677
[hold in-reg] wbs_adr_i[4] -> mprj/_137276_/D : -0.482125
[hold in-reg] wbs_adr_i[4] -> mprj/_135902_/D : -0.479932
[hold in-reg] wbs_adr_i[4] -> mprj/_136224_/D : -0.479129
[hold in-reg] wbs_adr_i[3] -> mprj/_135971_/D : -0.479011
[hold in-reg] wbs_adr_i[4] -> mprj/_136502_/D : -0.478765
[hold in-reg] wbs_dat_i[9] -> mprj/_135968_/D : -0.477048
[hold in-reg] wbs_adr_i[3] -> mprj/_137311_/D : -0.476861
[hold in-reg] wbs_adr_i[7] -> mprj/_136544_/D : -0.476373
[hold in-reg] wbs_adr_i[4] -> mprj/_135898_/D : -0.476354
[hold in-reg] wbs_adr_i[4] -> mprj/_136338_/D : -0.475860
[hold in-reg] wbs_adr_i[4] -> mprj/_136930_/D : -0.475318
[hold in-reg] wbs_adr_i[4] -> mprj/_136890_/D : -0.474816
[hold in-reg] wbs_adr_i[4] -> mprj/_137133_/D : -0.474069
[hold in-reg] wbs_adr_i[4] -> mprj/_135901_/D : -0.473533
[hold in-reg] wbs_adr_i[4] -> mprj/_136336_/D : -0.473484
[hold in-reg] wbs_adr_i[4] -> mprj/_136472_/D : -0.472711
[hold in-reg] wbs_adr_i[4] -> mprj/_136520_/D : -0.471519
[hold in-reg] wbs_adr_i[4] -> mprj/_136732_/D : -0.471214
[hold in-reg] wbs_adr_i[4] -> mprj/_136994_/D : -0.469018
[hold in-reg] wbs_adr_i[4] -> mprj/_137209_/D : -0.468793
[hold in-reg] wbs_adr_i[4] -> mprj/_136208_/D : -0.468708
[hold in-reg] wbs_dat_i[9] -> mprj/_136928_/D : -0.467923
[hold in-reg] wbs_adr_i[2] -> mprj/_135779_/D : -0.467463
[hold in-reg] wbs_adr_i[4] -> mprj/_136298_/D : -0.465668
[hold in-reg] wbs_adr_i[4] -> mprj/_136058_/D : -0.465644
[hold in-reg] wbs_adr_i[4] -> mprj/_137232_/D : -0.465605
[hold in-reg] wbs_adr_i[4] -> mprj/_137192_/D : -0.464833
[hold in-reg] wbs_adr_i[4] -> mprj/_136008_/D : -0.464274
[hold in-reg] wbs_adr_i[4] -> mprj/_136010_/D : -0.462022
[hold in-reg] wbs_adr_i[4] -> mprj/_136442_/D : -0.461665
[hold in-reg] wbs_adr_i[4] -> mprj/_137048_/D : -0.461466
[hold in-reg] wbs_adr_i[4] -> mprj/_135994_/D : -0.461214
[hold in-reg] wbs_adr_i[4] -> mprj/_136149_/D : -0.460428
[hold in-reg] wbs_adr_i[4] -> mprj/_135819_/D : -0.460265
[hold in-reg] wbs_adr_i[4] -> mprj/_137062_/D : -0.459502
[hold in-reg] wbs_adr_i[4] -> mprj/_136744_/D : -0.459195
[hold in-reg] wbs_adr_i[4] -> mprj/_136230_/D : -0.458629
[hold in-reg] wbs_adr_i[4] -> mprj/_136378_/D : -0.458158
[hold in-reg] wbs_adr_i[4] -> mprj/_136945_/D : -0.458129
[hold in-reg] wbs_adr_i[4] -> mprj/_136697_/D : -0.457836
[hold in-reg] wbs_adr_i[4] -> mprj/_136586_/D : -0.455805
[hold in-reg] wbs_adr_i[4] -> mprj/_137108_/D : -0.455536
[hold in-reg] wbs_adr_i[4] -> mprj/_136259_/D : -0.455079
[hold in-reg] wbs_adr_i[4] -> mprj/_137125_/D : -0.454950
[hold in-reg] wbs_adr_i[4] -> mprj/_136024_/D : -0.454514
[hold in-reg] wbs_adr_i[3] -> mprj/_136261_/D : -0.454130
[hold in-reg] wbs_adr_i[4] -> mprj/_136596_/D : -0.453602
[hold in-reg] wbs_adr_i[4] -> mprj/_136639_/D : -0.452539
[hold in-reg] wbs_adr_i[4] -> mprj/_136718_/D : -0.451855
[hold in-reg] wbs_adr_i[3] -> mprj/_135954_/D : -0.450616
[hold in-reg] wbs_adr_i[4] -> mprj/_137244_/D : -0.450335
[hold in-reg] wbs_adr_i[4] -> mprj/_136210_/D : -0.449463
[hold in-reg] wbs_adr_i[4] -> mprj/_136365_/D : -0.449341
[hold in-reg] wbs_adr_i[4] -> mprj/_136667_/D : -0.449103
[hold in-reg] wbs_adr_i[4] -> mprj/_136088_/D : -0.448979
[hold in-reg] wbs_adr_i[4] -> mprj/_137298_/D : -0.447807
[hold in-reg] wbs_adr_i[4] -> mprj/_137087_/D : -0.447741
[hold in-reg] wbs_adr_i[4] -> mprj/_135888_/D : -0.447207
[hold in-reg] wbs_adr_i[4] -> mprj/_135948_/D : -0.447065
[hold in-reg] wbs_adr_i[4] -> mprj/_136092_/D : -0.447048
[hold in-reg] wbs_adr_i[4] -> mprj/_136086_/D : -0.446836
[hold in-reg] wbs_adr_i[4] -> mprj/_136144_/D : -0.446388
[hold in-reg] wbs_adr_i[4] -> mprj/_135877_/D : -0.446380
[hold in-reg] wbs_adr_i[4] -> mprj/_135809_/D : -0.445811
[hold in-reg] wbs_adr_i[4] -> mprj/_136701_/D : -0.445801
[hold in-reg] wbs_adr_i[4] -> mprj/_136578_/D : -0.445326
[hold in-reg] wbs_adr_i[3] -> mprj/_135956_/D : -0.445114
[hold in-reg] wbs_adr_i[7] -> mprj/_136127_/D : -0.444646
[hold in-reg] wbs_adr_i[4] -> mprj/_136410_/D : -0.444291
[hold in-reg] wbs_adr_i[3] -> mprj/_136488_/D : -0.443211
[hold in-reg] wbs_adr_i[3] -> mprj/_136771_/D : -0.442867
[hold in-reg] wbs_adr_i[4] -> mprj/_136576_/D : -0.441971
[hold in-reg] wbs_adr_i[4] -> mprj/_136848_/D : -0.441315
[hold in-reg] wbs_adr_i[4] -> mprj/_136580_/D : -0.441140
[hold in-reg] wbs_adr_i[4] -> mprj/_136939_/D : -0.440953
[hold in-reg] wbs_adr_i[4] -> mprj/_137179_/D : -0.440805
[hold in-reg] wbs_adr_i[4] -> mprj/_136490_/D : -0.440690
[hold in-reg] wbs_adr_i[4] -> mprj/_137181_/D : -0.440484
[hold in-reg] wbs_adr_i[4] -> mprj/_136364_/D : -0.438821
[hold in-reg] wbs_adr_i[7] -> mprj/_137235_/D : -0.438812
[hold in-reg] wbs_dat_i[24] -> mprj/_135923_/D : -0.438642
[hold in-reg] wbs_adr_i[3] -> mprj/_136402_/D : -0.437796
[hold in-reg] wbs_adr_i[4] -> mprj/_135940_/D : -0.436693
[hold in-reg] wbs_adr_i[4] -> mprj/_136849_/D : -0.433459
[hold in-reg] wbs_adr_i[4] -> mprj/_136656_/D : -0.432595
[hold in-reg] wbs_adr_i[4] -> mprj/_136328_/D : -0.432325
[hold in-reg] wbs_adr_i[3] -> mprj/_136769_/D : -0.432030
[hold in-reg] wbs_adr_i[4] -> mprj/_136598_/D : -0.432021
[hold in-reg] wbs_adr_i[3] -> mprj/_136914_/D : -0.431199
[hold in-reg] wbs_adr_i[4] -> mprj/_136192_/D : -0.429630
[hold in-reg] wbs_adr_i[3] -> mprj/_136609_/D : -0.429588
[hold in-reg] wbs_adr_i[4] -> mprj/_136906_/D : -0.429170
[hold in-reg] wbs_adr_i[4] -> mprj/_135814_/D : -0.428877
[hold in-reg] wbs_adr_i[4] -> mprj/_136306_/D : -0.428619
[hold in-reg] wbs_adr_i[4] -> mprj/_137173_/D : -0.428028
[hold in-reg] wbs_adr_i[4] -> mprj/_136604_/D : -0.427543
[hold in-reg] wbs_adr_i[4] -> mprj/_136998_/D : -0.426601
[hold in-reg] wbs_adr_i[4] -> mprj/_136460_/D : -0.426589
[hold in-reg] wbs_adr_i[4] -> mprj/_137234_/D : -0.426370
[hold in-reg] wbs_adr_i[4] -> mprj/_136337_/D : -0.424697
[hold in-reg] wbs_adr_i[4] -> mprj/_135857_/D : -0.424632
[hold in-reg] wbs_adr_i[4] -> mprj/_136704_/D : -0.424357
[hold in-reg] wbs_adr_i[4] -> mprj/_135863_/D : -0.424241
[hold in-reg] wbs_adr_i[4] -> mprj/_136040_/D : -0.423322
[hold in-reg] wbs_adr_i[4] -> mprj/_135816_/D : -0.422122
[hold in-reg] wbs_adr_i[4] -> mprj/_136786_/D : -0.421790
[hold in-reg] wbs_dat_i[23] -> mprj/_136186_/D : -0.420815
[hold in-reg] wbs_adr_i[4] -> mprj/_137168_/D : -0.419532
[hold in-reg] wbs_adr_i[4] -> mprj/_135970_/D : -0.418991
[hold in-reg] wbs_adr_i[4] -> mprj/_136264_/D : -0.418527
[hold in-reg] wbs_adr_i[4] -> mprj/_136776_/D : -0.418314
[hold in-reg] wbs_adr_i[4] -> mprj/_136350_/D : -0.417488
[hold in-reg] wbs_adr_i[4] -> mprj/_137104_/D : -0.416814
[hold in-reg] wbs_adr_i[4] -> mprj/_136074_/D : -0.416758
[hold in-reg] wbs_dat_i[24] -> mprj/_136435_/D : -0.416523
[hold in-reg] wbs_adr_i[4] -> mprj/_136838_/D : -0.416189
[hold in-reg] wbs_adr_i[4] -> mprj/_136016_/D : -0.415975
[hold in-reg] wbs_adr_i[4] -> mprj/_136326_/D : -0.415871
[hold in-reg] wbs_adr_i[4] -> mprj/_136368_/D : -0.415270
[hold in-reg] wbs_adr_i[4] -> mprj/_135807_/D : -0.414831
[hold in-reg] wbs_adr_i[4] -> mprj/_136269_/D : -0.414552
[hold in-reg] wbs_dat_i[1] -> mprj/_136708_/D : -0.414312
[hold in-reg] wbs_adr_i[4] -> mprj/_135825_/D : -0.414270
[hold in-reg] wbs_adr_i[4] -> mprj/_136964_/D : -0.414262
[hold in-reg] wbs_adr_i[4] -> mprj/_135916_/D : -0.413844
[hold in-reg] wbs_adr_i[4] -> mprj/_136152_/D : -0.413418
[hold in-reg] wbs_adr_i[3] -> mprj/_136159_/D : -0.413266
[hold in-reg] wbs_adr_i[4] -> mprj/_136568_/D : -0.413077
[hold in-reg] wbs_adr_i[4] -> mprj/_136922_/D : -0.411448
[hold in-reg] wbs_adr_i[4] -> mprj/_136759_/D : -0.410468
[hold in-reg] wbs_adr_i[4] -> mprj/_136466_/D : -0.409607
[hold in-reg] wbs_adr_i[4] -> mprj/_136546_/D : -0.409598
[hold in-reg] wbs_adr_i[4] -> mprj/_136408_/D : -0.409370
[hold in-reg] wbs_dat_i[23] -> mprj/_136280_/D : -0.409015
[hold in-reg] wbs_adr_i[4] -> mprj/_136113_/D : -0.408829
[hold in-reg] wbs_adr_i[4] -> mprj/_135813_/D : -0.408146
[hold in-reg] wbs_adr_i[4] -> mprj/_137189_/D : -0.406701
[hold in-reg] wbs_adr_i[4] -> mprj/_136078_/D : -0.406355
[hold in-reg] wbs_adr_i[4] -> mprj/_136695_/D : -0.406192
[hold in-reg] wbs_dat_i[23] -> mprj/_136698_/D : -0.403137
[hold in-reg] wbs_adr_i[4] -> mprj/_136818_/D : -0.401295
[hold in-reg] wbs_adr_i[4] -> mprj/_137190_/D : -0.400564
[hold in-reg] wbs_adr_i[4] -> mprj/_136400_/D : -0.400367
[hold in-reg] wbs_adr_i[4] -> mprj/_136814_/D : -0.400298
[hold in-reg] wbs_adr_i[3] -> mprj/_136196_/D : -0.399669
[hold in-reg] wbs_adr_i[4] -> mprj/_137297_/D : -0.399440
[hold in-reg] wbs_adr_i[4] -> mprj/_137216_/D : -0.399087
[hold in-reg] wbs_adr_i[4] -> mprj/_136940_/D : -0.398539
[hold in-reg] wbs_dat_i[23] -> mprj/_136250_/D : -0.397745
[hold in-reg] wbs_adr_i[4] -> mprj/_135799_/D : -0.397157
[hold in-reg] wbs_adr_i[4] -> mprj/_136665_/D : -0.397123
[hold in-reg] wbs_adr_i[4] -> mprj/_136320_/D : -0.395756
[hold in-reg] wbs_adr_i[4] -> mprj/_136934_/D : -0.394653
[hold in-reg] wbs_adr_i[4] -> mprj/_136736_/D : -0.394438
[hold in-reg] wbs_adr_i[4] -> mprj/_136322_/D : -0.393899
[hold in-reg] wbs_dat_i[23] -> mprj/_137146_/D : -0.393473
[hold in-reg] wbs_adr_i[4] -> mprj/_135872_/D : -0.393237
[hold in-reg] wbs_adr_i[4] -> mprj/_137288_/D : -0.392245
[hold in-reg] wbs_adr_i[4] -> mprj/_136716_/D : -0.391606
[hold in-reg] wbs_adr_i[4] -> mprj/_135936_/D : -0.391039
[hold in-reg] wbs_adr_i[3] -> mprj/_136496_/D : -0.390704
[hold in-reg] wbs_adr_i[4] -> mprj/_136428_/D : -0.390578
[hold in-reg] wbs_adr_i[4] -> mprj/_136936_/D : -0.390040
[hold in-reg] wbs_adr_i[7] -> mprj/_136129_/D : -0.389453
[hold in-reg] wbs_adr_i[4] -> mprj/_136173_/D : -0.389393
[hold in-reg] wbs_adr_i[4] -> mprj/_136590_/D : -0.389024
[hold in-reg] wbs_adr_i[4] -> mprj/_136832_/D : -0.387874
[hold in-reg] wbs_adr_i[4] -> mprj/_136352_/D : -0.387663
[hold in-reg] wbs_adr_i[4] -> mprj/_137137_/D : -0.386009
[hold in-reg] wbs_adr_i[4] -> mprj/_136204_/D : -0.385054
[hold in-reg] wbs_dat_i[22] -> mprj/_136549_/D : -0.384499
[hold in-reg] wbs_adr_i[4] -> mprj/_135845_/D : -0.383681
[hold in-reg] wbs_dat_i[23] -> mprj/_136066_/D : -0.381510
[hold in-reg] wbs_dat_i[5] -> mprj/_136742_/D : -0.381414
[hold in-reg] wbs_adr_i[4] -> mprj/_135919_/D : -0.379967
[hold in-reg] wbs_adr_i[4] -> mprj/_136258_/D : -0.379805
[hold in-reg] wbs_adr_i[4] -> mprj/_136686_/D : -0.379722
[hold in-reg] wbs_adr_i[4] -> mprj/_136311_/D : -0.378910
[hold in-reg] wbs_adr_i[4] -> mprj/_137293_/D : -0.378684
[hold in-reg] wbs_adr_i[7] -> mprj/_136548_/D : -0.377336
[hold in-reg] wbs_adr_i[4] -> mprj/_136837_/D : -0.376666
[hold in-reg] wbs_adr_i[7] -> mprj/_136369_/D : -0.376267
[hold in-reg] wbs_adr_i[4] -> mprj/_135810_/D : -0.376238
[hold in-reg] wbs_adr_i[4] -> mprj/_136912_/D : -0.375009
[hold in-reg] wbs_adr_i[0] -> mprj/_135769_/D : -0.374879
[hold in-reg] wbs_adr_i[4] -> mprj/_136032_/D : -0.373769
[hold in-reg] wbs_adr_i[4] -> mprj/_137228_/D : -0.373105
[hold in-reg] wbs_dat_i[23] -> mprj/_137090_/D : -0.372027
[hold in-reg] wbs_adr_i[4] -> mprj/_136640_/D : -0.371210
[hold in-reg] wbs_adr_i[4] -> mprj/_137134_/D : -0.371120
[hold in-reg] wbs_adr_i[3] -> mprj/_136610_/D : -0.370815
[hold in-reg] wbs_dat_i[23] -> mprj/_137210_/D : -0.370759
[hold in-reg] wbs_dat_i[23] -> mprj/_136130_/D : -0.369947
[hold in-reg] wbs_dat_i[23] -> mprj/_137176_/D : -0.368983
[hold in-reg] wbs_adr_i[4] -> mprj/_136946_/D : -0.368348
[hold in-reg] wbs_adr_i[4] -> mprj/_136770_/D : -0.367547
[hold in-reg] wbs_adr_i[7] -> mprj/_136339_/D : -0.367505
[hold in-reg] wbs_adr_i[4] -> mprj/_136664_/D : -0.366262
[hold in-reg] wbs_dat_i[8] -> mprj/_138351_/D : -0.366220
[hold in-reg] wbs_dat_i[24] -> mprj/_136403_/D : -0.366103
[hold in-reg] wbs_dat_i[23] -> mprj/_136098_/D : -0.365233
[hold in-reg] wbs_adr_i[4] -> mprj/_136381_/D : -0.364367
[hold in-reg] wbs_adr_i[4] -> mprj/_136105_/D : -0.363769
[hold in-reg] wbs_adr_i[4] -> mprj/_136432_/D : -0.362949
[hold in-reg] wbs_adr_i[4] -> mprj/_136217_/D : -0.360390
[hold in-reg] wbs_adr_i[4] -> mprj/_136668_/D : -0.359049
[hold in-reg] wbs_adr_i[4] -> mprj/_136030_/D : -0.358348
[hold in-reg] wbs_adr_i[4] -> mprj/_137102_/D : -0.358294
[hold in-reg] wbs_adr_i[4] -> mprj/_135808_/D : -0.358210
[hold in-reg] wbs_adr_i[4] -> mprj/_136238_/D : -0.357211
[hold in-reg] wbs_adr_i[4] -> mprj/_137197_/D : -0.355527
[hold in-reg] wbs_dat_i[23] -> mprj/_136216_/D : -0.355231
[hold in-reg] wbs_adr_i[4] -> mprj/_136292_/D : -0.353832
[hold in-reg] wbs_dat_i[23] -> mprj/_136760_/D : -0.353522
[hold in-reg] wbs_adr_i[4] -> mprj/_137054_/D : -0.353320
[hold in-reg] wbs_adr_i[4] -> mprj/_136077_/D : -0.353110
[hold in-reg] wbs_adr_i[4] -> mprj/_136335_/D : -0.351165
[hold in-reg] wbs_dat_i[23] -> mprj/_136248_/D : -0.350634
[hold in-reg] wbs_adr_i[3] -> mprj/_136228_/D : -0.348542
[hold in-reg] wbs_adr_i[4] -> mprj/_136156_/D : -0.347751
[hold in-reg] wbs_dat_i[0] -> mprj/_136707_/D : -0.345231
[hold in-reg] wbs_adr_i[7] -> mprj/_136787_/D : -0.342340
[hold in-reg] wbs_dat_i[23] -> mprj/_136036_/D : -0.339601
[hold in-reg] wbs_adr_i[4] -> mprj/_136729_/D : -0.338734
[hold in-reg] wbs_adr_i[4] -> mprj/_136188_/D : -0.338148
[hold in-reg] wbs_adr_i[7] -> mprj/_137299_/D : -0.337776
[hold in-reg] wbs_dat_i[23] -> mprj/_137240_/D : -0.337214
[hold in-reg] wbs_adr_i[7] -> mprj/_136275_/D : -0.337039
[hold in-reg] wbs_dat_i[24] -> mprj/_136915_/D : -0.335500
[hold in-reg] wbs_adr_i[4] -> mprj/_136740_/D : -0.333972
[hold in-reg] wbs_adr_i[4] -> mprj/_135922_/D : -0.331807
[hold in-reg] wbs_dat_i[23] -> mprj/_136728_/D : -0.331279
[hold in-reg] wbs_adr_i[4] -> mprj/_136448_/D : -0.329411
[hold in-reg] wbs_adr_i[4] -> mprj/_136700_/D : -0.328245
[hold in-reg] wbs_adr_i[3] -> mprj/_136434_/D : -0.326863
[hold in-reg] wbs_adr_i[4] -> mprj/_135952_/D : -0.325825
[hold in-reg] wbs_adr_i[4] -> mprj/_136464_/D : -0.325672
[hold in-reg] wbs_adr_i[4] -> mprj/_136370_/D : -0.321605
[hold in-reg] wbs_adr_i[4] -> mprj/_136056_/D : -0.319509
[hold in-reg] wbs_dat_i[23] -> mprj/_135800_/D : -0.311477
[hold in-reg] wbs_adr_i[4] -> mprj/_136263_/D : -0.309721
[hold in-reg] wbs_adr_i[3] -> mprj/_137156_/D : -0.305864
[hold in-reg] wbs_adr_i[4] -> mprj/_136316_/D : -0.305008
[hold in-reg] wbs_adr_i[4] -> mprj/_135869_/D : -0.304727
[hold in-reg] wbs_adr_i[3] -> mprj/_136719_/D : -0.300941
[hold in-reg] wbs_adr_i[7] -> mprj/_137089_/D : -0.299222
[hold in-reg] wbs_adr_i[4] -> mprj/_137126_/D : -0.298831
[hold in-reg] wbs_adr_i[4] -> mprj/_137180_/D : -0.295670
[hold in-reg] wbs_dat_i[23] -> mprj/_137088_/D : -0.288284
[hold in-reg] wbs_dat_i[23] -> mprj/_137120_/D : -0.287447
[hold in-reg] wbs_adr_i[4] -> mprj/_137287_/D : -0.286837
[hold in-reg] wbs_adr_i[4] -> mprj/_136944_/D : -0.286379
[hold in-reg] wbs_adr_i[3] -> mprj/_136612_/D : -0.285425
[hold in-reg] wbs_dat_i[23] -> mprj/_137060_/D : -0.280085
[hold in-reg] wbs_dat_i[23] -> mprj/_137208_/D : -0.279307
[hold in-reg] wbs_adr_i[4] -> mprj/_137177_/D : -0.277685
[hold in-reg] wbs_adr_i[3] -> mprj/_136483_/D : -0.276630
[hold in-reg] wbs_adr_i[4] -> mprj/_136847_/D : -0.276418
[hold in-reg] wbs_adr_i[3] -> mprj/_136802_/D : -0.265575
[hold in-reg] wbs_adr_i[4] -> mprj/_136128_/D : -0.262610
[hold in-reg] wbs_adr_i[3] -> mprj/_136197_/D : -0.261986
[hold in-reg] wbs_adr_i[4] -> mprj/_136976_/D : -0.258380
[hold in-reg] wbs_dat_i[23] -> mprj/_136730_/D : -0.256177
[hold in-reg] wbs_adr_i[4] -> mprj/_135804_/D : -0.249132
[hold in-reg] wbs_adr_i[3] -> mprj/_136709_/D : -0.248350
[hold in-reg] wbs_adr_i[4] -> mprj/_136321_/D : -0.245735
[hold in-reg] wbs_adr_i[4] -> mprj/_136696_/D : -0.245087
[hold in-reg] wbs_adr_i[4] -> mprj/_137281_/D : -0.237522
[hold in-reg] wbs_adr_i[4] -> mprj/_135924_/D : -0.236738
[hold in-reg] wbs_adr_i[4] -> mprj/_136305_/D : -0.233070
[hold in-reg] wbs_adr_i[4] -> mprj/_135892_/D : -0.217178
[hold in-reg] wbs_adr_i[3] -> mprj/_136710_/D : -0.216486
[hold in-reg] wbs_adr_i[4] -> mprj/_136349_/D : -0.207931
[hold in-reg] wbs_adr_i[3] -> mprj/_136436_/D : -0.205292
[hold in-reg] wbs_adr_i[4] -> mprj/_136097_/D : -0.205278
[hold in-reg] wbs_dat_i[4] -> mprj/_135781_/D : -0.202752
[hold in-reg] wbs_adr_i[3] -> mprj/_136404_/D : -0.200256
[hold in-reg] wbs_adr_i[4] -> mprj/_137231_/D : -0.197189
[hold in-reg] wbs_adr_i[4] -> mprj/_136913_/D : -0.195304
[hold in-reg] wbs_adr_i[4] -> mprj/_136174_/D : -0.187231
[hold in-reg] wbs_adr_i[3] -> mprj/_136916_/D : -0.183263
[hold in-reg] wbs_dat_i[1] -> mprj/_135776_/D : -0.177624
[hold in-reg] wbs_adr_i[4] -> mprj/_136367_/D : -0.160404
[hold in-reg] wbs_dat_i[5] -> mprj/_135782_/D : -0.156203
[hold in-reg] wbs_adr_i[6] -> mprj/_136995_/D : -0.151255
[hold in-reg] wbs_adr_i[4] -> mprj/_136357_/D : -0.136210
[hold in-reg] wbs_adr_i[4] -> mprj/_137198_/D : -0.133550
[hold in-reg] wbs_adr_i[4] -> mprj/_136375_/D : -0.116221
[hold in-reg] wbs_adr_i[4] -> mprj/_136803_/D : -0.100959
[hold in-reg] wbs_dat_i[10] -> mprj/_138353_/D : -0.064587
[hold in-reg] wbs_adr_i[4] -> mprj/_136229_/D : -0.062401
[hold in-reg] wbs_cyc_i -> mprj/_137336_/D : -0.049869
[hold in-reg] wbs_adr_i[3] -> mprj/_136484_/D : -0.034212
[hold in-reg] wbs_dat_i[11] -> mprj/_138354_/D : -0.030800
[hold in-reg] wbs_dat_i[12] -> mprj/_138355_/D : -0.018931
