Clock: clk
Sources: wb_clk_i 
Generated: no
Virtual: yes
Propagated: no
Period: 25.000000

===========================================================================
report_clock_properties
============================================================================
Clock                   Period          Waveform
----------------------------------------------------
clk                  25.000000    0.000000 12.500000

===========================================================================
report_clock_latency
============================================================================
Clock clk
rise -> rise
    min     max
4.650000 5.570000 source latency
7.668715         network latency mprj/_153328_/CLK
        9.245064 network latency mprj/_135957_/CLK
---------------
12.318715 14.815063 latency
        2.496348 skew

fall -> fall
    min     max
4.650000 5.570000 source latency
7.417660         network latency mprj/_153328_/CLK
        8.866767 network latency mprj/_135957_/CLK
---------------
12.067659 14.436767 latency
        2.369108 skew



===========================================================================
report_clock_min_period
============================================================================
clk period_min = 14.73 fmax = 67.88
