Clock: clk
Sources: wb_clk_i 
Generated: no
Virtual: yes
Propagated: no
Period: 25.000000

===========================================================================
report_clock_properties
============================================================================
Clock                   Period          Waveform
----------------------------------------------------
clk                  25.000000    0.000000 12.500000

===========================================================================
report_clock_latency
============================================================================
Clock clk
rise -> rise
    min     max
4.650000 5.570000 source latency
9.595584         network latency mprj/_153328_/CLK
        11.510145 network latency mprj/_135957_/CLK
---------------
14.245584 17.080145 latency
        2.834561 skew

fall -> fall
    min     max
4.650000 5.570000 source latency
9.094269         network latency mprj/_153328_/CLK
        10.817527 network latency mprj/_135957_/CLK
---------------
13.744268 16.387526 latency
        2.643258 skew



===========================================================================
report_clock_min_period
============================================================================
clk period_min = 26.31 fmax = 38.00
