
===========================================================================
Violator List
============================================================================
[hold in-reg] wbs_adr_i[4] -> mprj/_137307_/D : -1.761496
[hold in-reg] wbs_adr_i[4] -> mprj/_135931_/D : -1.702831
[hold in-reg] wbs_adr_i[4] -> mprj/_136043_/D : -1.654071
[hold in-reg] wbs_adr_i[4] -> mprj/_136827_/D : -1.624653
[hold in-reg] wbs_adr_i[4] -> mprj/_136555_/D : -1.591474
[hold in-reg] wbs_adr_i[4] -> mprj/_136491_/D : -1.577097
[hold in-reg] wbs_adr_i[4] -> mprj/_136510_/D : -1.559902
[hold in-reg] wbs_adr_i[4] -> mprj/_135899_/D : -1.522197
[hold in-reg] wbs_adr_i[4] -> mprj/_137022_/D : -1.454764
[hold in-reg] wbs_adr_i[4] -> mprj/_136569_/D : -1.432724
[hold in-reg] wbs_adr_i[4] -> mprj/_137081_/D : -1.430955
[hold in-reg] wbs_adr_i[4] -> mprj/_135895_/D : -1.399265
[hold in-reg] wbs_adr_i[4] -> mprj/_136971_/D : -1.388709
[hold in-reg] wbs_adr_i[4] -> mprj/_136075_/D : -1.380124
[hold in-reg] wbs_adr_i[4] -> mprj/_136011_/D : -1.339368
[hold in-reg] wbs_dat_i[24] -> mprj/_136195_/D : -1.335170
[hold in-reg] wbs_adr_i[4] -> mprj/_137211_/D : -1.325479
[hold in-reg] wbs_adr_i[4] -> mprj/_136411_/D : -1.317723
[hold in-reg] wbs_dat_i[24] -> mprj/_137091_/D : -1.313854
[hold in-reg] wbs_dat_i[23] -> mprj/_135798_/D : -1.283156
[hold in-reg] wbs_adr_i[4] -> mprj/_135867_/D : -1.269338
[hold in-reg] wbs_adr_i[4] -> mprj/_137301_/D : -1.253506
[hold in-reg] wbs_adr_i[4] -> mprj/_136180_/D : -1.241918
[hold in-reg] wbs_adr_i[4] -> mprj/_136523_/D : -1.239535
[hold in-reg] wbs_adr_i[4] -> mprj/_136592_/D : -1.237776
[hold in-reg] wbs_adr_i[4] -> mprj/_137035_/D : -1.228299
[hold in-reg] wbs_adr_i[4] -> mprj/_136572_/D : -1.221661
[hold in-reg] wbs_dat_i[24] -> mprj/_136015_/D : -1.220634
[hold in-reg] wbs_adr_i[4] -> mprj/_137204_/D : -1.200863
[hold in-reg] wbs_adr_i[4] -> mprj/_137140_/D : -1.193022
[hold in-reg] wbs_adr_i[4] -> mprj/_136793_/D : -1.180573
[hold in-reg] wbs_adr_i[4] -> mprj/_135865_/D : -1.162255
[hold in-reg] wbs_adr_i[4] -> mprj/_136281_/D : -1.158747
[hold in-reg] wbs_dat_i[24] -> mprj/_136911_/D : -1.153857
[hold in-reg] wbs_dat_i[24] -> mprj/_136611_/D : -1.152842
[hold in-reg] wbs_adr_i[4] -> mprj/_137241_/D : -1.152482
[hold in-reg] wbs_adr_i[4] -> mprj/_136859_/D : -1.150660
[hold in-reg] wbs_adr_i[4] -> mprj/_136761_/D : -1.150236
[hold in-reg] wbs_adr_i[4] -> mprj/_137305_/D : -1.144105
[hold in-reg] wbs_dat_i[24] -> mprj/_135955_/D : -1.140291
[hold in-reg] wbs_adr_i[4] -> mprj/_136062_/D : -1.137711
[hold in-reg] wbs_adr_i[4] -> mprj/_136591_/D : -1.134385
[hold in-reg] wbs_adr_i[4] -> mprj/_136080_/D : -1.130753
[hold in-reg] wbs_adr_i[4] -> mprj/_137153_/D : -1.130382
[hold in-reg] wbs_adr_i[4] -> mprj/_137131_/D : -1.128186
[hold in-reg] wbs_adr_i[4] -> mprj/_135835_/D : -1.126071
[hold in-reg] wbs_adr_i[4] -> mprj/_136891_/D : -1.123885
[hold in-reg] wbs_dat_i[9] -> mprj/_138352_/D : -1.118806
[hold in-reg] wbs_adr_i[4] -> mprj/_136731_/D : -1.117659
[hold in-reg] wbs_dat_i[28] -> mprj/_136165_/D : -1.115135
[hold in-reg] wbs_adr_i[4] -> mprj/_136870_/D : -1.109345
[hold in-reg] wbs_adr_i[4] -> mprj/_136171_/D : -1.109063
[hold in-reg] wbs_adr_i[4] -> mprj/_136111_/D : -1.107763
[hold in-reg] wbs_adr_i[4] -> mprj/_136511_/D : -1.098404
[hold in-reg] wbs_dat_i[24] -> mprj/_136851_/D : -1.097038
[hold in-reg] wbs_adr_i[4] -> mprj/_136745_/D : -1.094262
[hold in-reg] wbs_adr_i[4] -> mprj/_137067_/D : -1.094239
[hold in-reg] wbs_adr_i[4] -> mprj/_136379_/D : -1.091005
[hold in-reg] wbs_adr_i[4] -> mprj/_136805_/D : -1.088554
[hold in-reg] wbs_adr_i[4] -> mprj/_136619_/D : -1.088325
[hold in-reg] wbs_adr_i[4] -> mprj/_136123_/D : -1.086077
[hold in-reg] wbs_adr_i[4] -> mprj/_136561_/D : -1.077953
[hold in-reg] wbs_adr_i[4] -> mprj/_137009_/D : -1.077320
[hold in-reg] wbs_adr_i[4] -> mprj/_136923_/D : -1.076047
[hold in-reg] wbs_adr_i[4] -> mprj/_136107_/D : -1.071662
[hold in-reg] wbs_adr_i[4] -> mprj/_136059_/D : -1.068750
[hold in-reg] wbs_adr_i[4] -> mprj/_137243_/D : -1.063259
[hold in-reg] wbs_adr_i[4] -> mprj/_136965_/D : -1.057377
[hold in-reg] wbs_adr_i[4] -> mprj/_136692_/D : -1.056769
[hold in-reg] wbs_adr_i[4] -> mprj/_136211_/D : -1.053885
[hold in-reg] wbs_adr_i[4] -> mprj/_136347_/D : -1.051713
[hold in-reg] wbs_adr_i[4] -> mprj/_136293_/D : -1.051448
[hold in-reg] wbs_adr_i[4] -> mprj/_136570_/D : -1.050445
[hold in-reg] wbs_adr_i[4] -> mprj/_136027_/D : -1.048107
[hold in-reg] wbs_adr_i[4] -> mprj/_136539_/D : -1.047759
[hold in-reg] wbs_adr_i[4] -> mprj/_137051_/D : -1.041056
[hold in-reg] wbs_adr_i[4] -> mprj/_136251_/D : -1.038901
[hold in-reg] wbs_adr_i[4] -> mprj/_137031_/D : -1.037032
[hold in-reg] wbs_adr_i[4] -> mprj/_136871_/D : -1.033973
[hold in-reg] wbs_adr_i[4] -> mprj/_136135_/D : -1.024826
[hold in-reg] wbs_adr_i[4] -> mprj/_136509_/D : -1.023693
[hold in-reg] wbs_dat_i[9] -> mprj/_136418_/D : -1.023388
[hold in-reg] wbs_dat_i[9] -> mprj/_135906_/D : -1.022168
[hold in-reg] wbs_adr_i[4] -> mprj/_135866_/D : -1.020531
[hold in-reg] wbs_adr_i[4] -> mprj/_136552_/D : -1.015735
[hold in-reg] wbs_adr_i[4] -> mprj/_136872_/D : -1.011289
[hold in-reg] wbs_adr_i[4] -> mprj/_137076_/D : -1.011043
[hold in-reg] wbs_adr_i[4] -> mprj/_136231_/D : -1.008549
[hold in-reg] wbs_adr_i[4] -> mprj/_136564_/D : -1.000777
[hold in-reg] wbs_adr_i[4] -> mprj/_136324_/D : -0.998628
[hold in-reg] wbs_adr_i[4] -> mprj/_136061_/D : -0.997943
[hold in-reg] wbs_adr_i[4] -> mprj/_136985_/D : -0.997588
[hold in-reg] wbs_adr_i[4] -> mprj/_136049_/D : -0.995157
[hold in-reg] wbs_dat_i[23] -> mprj/_136550_/D : -0.989164
[hold in-reg] wbs_adr_i[4] -> mprj/_137272_/D : -0.987922
[hold in-reg] wbs_adr_i[4] -> mprj/_136134_/D : -0.987807
[hold in-reg] wbs_adr_i[4] -> mprj/_136723_/D : -0.983198
[hold in-reg] wbs_adr_i[4] -> mprj/_136079_/D : -0.982023
[hold in-reg] wbs_adr_i[4] -> mprj/_136763_/D : -0.972042
[hold in-reg] wbs_adr_i[4] -> mprj/_135996_/D : -0.969289
[hold in-reg] wbs_adr_i[4] -> mprj/_136019_/D : -0.968178
[hold in-reg] wbs_adr_i[4] -> mprj/_136836_/D : -0.967962
[hold in-reg] wbs_adr_i[4] -> mprj/_136762_/D : -0.967909
[hold in-reg] wbs_adr_i[4] -> mprj/_137007_/D : -0.967060
[hold in-reg] wbs_adr_i[4] -> mprj/_136505_/D : -0.966089
[hold in-reg] wbs_adr_i[4] -> mprj/_136535_/D : -0.965043
[hold in-reg] wbs_adr_i[4] -> mprj/_137083_/D : -0.964174
[hold in-reg] wbs_adr_i[4] -> mprj/_136507_/D : -0.963029
[hold in-reg] wbs_adr_i[4] -> mprj/_136791_/D : -0.962436
[hold in-reg] wbs_adr_i[4] -> mprj/_136551_/D : -0.962237
[hold in-reg] wbs_adr_i[4] -> mprj/_137248_/D : -0.961168
[hold in-reg] wbs_dat_i[23] -> mprj/_137056_/D : -0.954956
[hold in-reg] wbs_adr_i[4] -> mprj/_137015_/D : -0.951545
[hold in-reg] wbs_adr_i[4] -> mprj/_136341_/D : -0.944042
[hold in-reg] wbs_adr_i[4] -> mprj/_136537_/D : -0.942396
[hold in-reg] wbs_adr_i[4] -> mprj/_136414_/D : -0.938448
[hold in-reg] wbs_adr_i[4] -> mprj/_136573_/D : -0.936638
[hold in-reg] wbs_dat_i[28] -> mprj/_136645_/D : -0.934286
[hold in-reg] wbs_adr_i[4] -> mprj/_136531_/D : -0.933916
[hold in-reg] wbs_adr_i[4] -> mprj/_137064_/D : -0.933035
[hold in-reg] wbs_adr_i[4] -> mprj/_136445_/D : -0.932529
[hold in-reg] wbs_adr_i[4] -> mprj/_136571_/D : -0.931326
[hold in-reg] wbs_adr_i[4] -> mprj/_137242_/D : -0.930664
[hold in-reg] wbs_adr_i[4] -> mprj/_135995_/D : -0.927622
[hold in-reg] wbs_adr_i[4] -> mprj/_136025_/D : -0.925706
[hold in-reg] wbs_adr_i[4] -> mprj/_136450_/D : -0.924404
[hold in-reg] wbs_adr_i[4] -> mprj/_136359_/D : -0.921922
[hold in-reg] wbs_adr_i[4] -> mprj/_137037_/D : -0.921223
[hold in-reg] wbs_adr_i[4] -> mprj/_136738_/D : -0.921066
[hold in-reg] wbs_adr_i[4] -> mprj/_136021_/D : -0.920778
[hold in-reg] wbs_dat_i[23] -> mprj/_137058_/D : -0.919953
[hold in-reg] wbs_dat_i[24] -> mprj/_137151_/D : -0.917907
[hold in-reg] wbs_adr_i[4] -> mprj/_136444_/D : -0.917301
[hold in-reg] wbs_adr_i[4] -> mprj/_136104_/D : -0.913134
[hold in-reg] wbs_adr_i[4] -> mprj/_135911_/D : -0.912578
[hold in-reg] wbs_adr_i[4] -> mprj/_136541_/D : -0.909905
[hold in-reg] wbs_adr_i[4] -> mprj/_135831_/D : -0.909791
[hold in-reg] wbs_dat_i[23] -> mprj/_135828_/D : -0.898122
[hold in-reg] wbs_adr_i[4] -> mprj/_136616_/D : -0.897074
[hold in-reg] wbs_adr_i[4] -> mprj/_136282_/D : -0.895834
[hold in-reg] wbs_adr_i[4] -> mprj/_136473_/D : -0.895668
[hold in-reg] wbs_adr_i[4] -> mprj/_137063_/D : -0.894663
[hold in-reg] wbs_adr_i[4] -> mprj/_135864_/D : -0.893349
[hold in-reg] wbs_adr_i[4] -> mprj/_136956_/D : -0.891989
[hold in-reg] wbs_dat_i[23] -> mprj/_135860_/D : -0.890177
[hold in-reg] wbs_adr_i[4] -> mprj/_137273_/D : -0.890122
[hold in-reg] wbs_adr_i[4] -> mprj/_137284_/D : -0.889323
[hold in-reg] wbs_adr_i[4] -> mprj/_137275_/D : -0.889285
[hold in-reg] wbs_adr_i[4] -> mprj/_136515_/D : -0.887680
[hold in-reg] wbs_adr_i[4] -> mprj/_137094_/D : -0.886711
[hold in-reg] wbs_adr_i[4] -> mprj/_136022_/D : -0.885247
[hold in-reg] wbs_adr_i[4] -> mprj/_136346_/D : -0.882404
[hold in-reg] wbs_dat_i[24] -> mprj/_136371_/D : -0.882047
[hold in-reg] wbs_adr_i[4] -> mprj/_137019_/D : -0.880041
[hold in-reg] wbs_adr_i[4] -> mprj/_137127_/D : -0.878607
[hold in-reg] wbs_adr_i[4] -> mprj/_136181_/D : -0.876016
[hold in-reg] wbs_adr_i[4] -> mprj/_135997_/D : -0.874963
[hold in-reg] wbs_adr_i[4] -> mprj/_136983_/D : -0.869465
[hold in-reg] wbs_adr_i[4] -> mprj/_137172_/D : -0.868936
[hold in-reg] wbs_adr_i[4] -> mprj/_137039_/D : -0.868770
[hold in-reg] wbs_adr_i[4] -> mprj/_137303_/D : -0.865521
[hold in-reg] wbs_adr_i[4] -> mprj/_137217_/D : -0.864903
[hold in-reg] wbs_adr_i[4] -> mprj/_136711_/D : -0.861135
[hold in-reg] wbs_adr_i[4] -> mprj/_137159_/D : -0.860097
[hold in-reg] wbs_adr_i[4] -> mprj/_137141_/D : -0.860016
[hold in-reg] wbs_adr_i[4] -> mprj/_136853_/D : -0.858906
[hold in-reg] wbs_adr_i[4] -> mprj/_137027_/D : -0.856161
[hold in-reg] wbs_adr_i[4] -> mprj/_137306_/D : -0.853814
[hold in-reg] wbs_adr_i[4] -> mprj/_136821_/D : -0.853391
[hold in-reg] wbs_adr_i[4] -> mprj/_136631_/D : -0.850574
[hold in-reg] wbs_adr_i[4] -> mprj/_135896_/D : -0.846033
[hold in-reg] wbs_adr_i[4] -> mprj/_136376_/D : -0.845429
[hold in-reg] wbs_adr_i[4] -> mprj/_136869_/D : -0.844834
[hold in-reg] wbs_adr_i[4] -> mprj/_136917_/D : -0.843946
[hold in-reg] wbs_adr_i[4] -> mprj/_137073_/D : -0.843809
[hold in-reg] wbs_adr_i[4] -> mprj/_136918_/D : -0.843679
[hold in-reg] wbs_adr_i[4] -> mprj/_137220_/D : -0.835949
[hold in-reg] wbs_adr_i[4] -> mprj/_137219_/D : -0.835907
[hold in-reg] wbs_adr_i[4] -> mprj/_136385_/D : -0.828050
[hold in-reg] wbs_adr_i[4] -> mprj/_136782_/D : -0.824187
[hold in-reg] wbs_adr_i[4] -> mprj/_136312_/D : -0.818910
[hold in-reg] wbs_adr_i[4] -> mprj/_136497_/D : -0.818366
[hold in-reg] wbs_adr_i[4] -> mprj/_135974_/D : -0.818350
[hold in-reg] wbs_dat_i[9] -> mprj/_135904_/D : -0.818286
[hold in-reg] wbs_adr_i[4] -> mprj/_136659_/D : -0.815951
[hold in-reg] wbs_adr_i[4] -> mprj/_136331_/D : -0.813806
[hold in-reg] wbs_adr_i[4] -> mprj/_136153_/D : -0.812439
[hold in-reg] wbs_adr_i[4] -> mprj/_136528_/D : -0.811825
[hold in-reg] wbs_adr_i[4] -> mprj/_136212_/D : -0.810281
[hold in-reg] wbs_adr_i[4] -> mprj/_137021_/D : -0.807487
[hold in-reg] wbs_adr_i[4] -> mprj/_137020_/D : -0.807403
[hold in-reg] wbs_adr_i[4] -> mprj/_136977_/D : -0.807320
[hold in-reg] wbs_adr_i[4] -> mprj/_137283_/D : -0.806486
[hold in-reg] wbs_adr_i[4] -> mprj/_136287_/D : -0.805389
[hold in-reg] wbs_adr_i[4] -> mprj/_135883_/D : -0.805286
[hold in-reg] wbs_adr_i[4] -> mprj/_136081_/D : -0.804780
[hold in-reg] wbs_adr_i[4] -> mprj/_136121_/D : -0.804358
[hold in-reg] wbs_adr_i[4] -> mprj/_136393_/D : -0.803348
[hold in-reg] wbs_adr_i[4] -> mprj/_136781_/D : -0.803015
[hold in-reg] wbs_adr_i[4] -> mprj/_136841_/D : -0.800410
[hold in-reg] wbs_adr_i[4] -> mprj/_136300_/D : -0.797504
[hold in-reg] wbs_adr_i[4] -> mprj/_136363_/D : -0.797368
[hold in-reg] wbs_dat_i[24] -> mprj/_136255_/D : -0.792111
[hold in-reg] wbs_adr_i[4] -> mprj/_136724_/D : -0.791889
[hold in-reg] wbs_adr_i[4] -> mprj/_137203_/D : -0.790932
[hold in-reg] wbs_adr_i[4] -> mprj/_136244_/D : -0.790863
[hold in-reg] wbs_dat_i[9] -> mprj/_136416_/D : -0.790132
[hold in-reg] wbs_adr_i[4] -> mprj/_136947_/D : -0.788634
[hold in-reg] wbs_adr_i[4] -> mprj/_136864_/D : -0.787277
[hold in-reg] wbs_adr_i[4] -> mprj/_136602_/D : -0.786773
[hold in-reg] wbs_adr_i[4] -> mprj/_135965_/D : -0.786341
[hold in-reg] wbs_adr_i[4] -> mprj/_136673_/D : -0.785805
[hold in-reg] wbs_adr_i[4] -> mprj/_136601_/D : -0.784691
[hold in-reg] wbs_adr_i[4] -> mprj/_136093_/D : -0.781569
[hold in-reg] wbs_adr_i[4] -> mprj/_136199_/D : -0.777229
[hold in-reg] wbs_dat_i[24] -> mprj/_137155_/D : -0.776931
[hold in-reg] wbs_adr_i[4] -> mprj/_136961_/D : -0.776700
[hold in-reg] wbs_adr_i[4] -> mprj/_137289_/D : -0.774972
[hold in-reg] wbs_dat_i[22] -> mprj/_136549_/D : -0.773742
[hold in-reg] wbs_adr_i[4] -> mprj/_135834_/D : -0.773481
[hold in-reg] wbs_adr_i[4] -> mprj/_137230_/D : -0.773000
[hold in-reg] wbs_dat_i[24] -> mprj/_136883_/D : -0.771973
[hold in-reg] wbs_adr_i[4] -> mprj/_136651_/D : -0.770656
[hold in-reg] wbs_adr_i[4] -> mprj/_137097_/D : -0.770505
[hold in-reg] wbs_adr_i[4] -> mprj/_137099_/D : -0.770471
[hold in-reg] wbs_adr_i[4] -> mprj/_136005_/D : -0.770277
[hold in-reg] wbs_adr_i[4] -> mprj/_137218_/D : -0.770085
[hold in-reg] wbs_adr_i[4] -> mprj/_137260_/D : -0.769671
[hold in-reg] wbs_adr_i[4] -> mprj/_137290_/D : -0.769105
[hold in-reg] wbs_adr_i[4] -> mprj/_137274_/D : -0.768623
[hold in-reg] wbs_adr_i[4] -> mprj/_136073_/D : -0.768421
[hold in-reg] wbs_adr_i[4] -> mprj/_136343_/D : -0.765879
[hold in-reg] wbs_adr_i[4] -> mprj/_137082_/D : -0.764425
[hold in-reg] wbs_adr_i[4] -> mprj/_137040_/D : -0.764128
[hold in-reg] wbs_adr_i[4] -> mprj/_136115_/D : -0.763272
[hold in-reg] wbs_adr_i[4] -> mprj/_137249_/D : -0.762836
[hold in-reg] wbs_adr_i[4] -> mprj/_135851_/D : -0.759301
[hold in-reg] wbs_adr_i[4] -> mprj/_136139_/D : -0.758408
[hold in-reg] wbs_adr_i[4] -> mprj/_136345_/D : -0.757283
[hold in-reg] wbs_adr_i[4] -> mprj/_136661_/D : -0.756778
[hold in-reg] wbs_adr_i[4] -> mprj/_137294_/D : -0.755312
[hold in-reg] wbs_adr_i[4] -> mprj/_136270_/D : -0.755033
[hold in-reg] wbs_adr_i[4] -> mprj/_136794_/D : -0.754643
[hold in-reg] wbs_adr_i[4] -> mprj/_137029_/D : -0.754508
[hold in-reg] wbs_adr_i[4] -> mprj/_136329_/D : -0.753765
[hold in-reg] wbs_dat_i[23] -> mprj/_135830_/D : -0.750780
[hold in-reg] wbs_adr_i[4] -> mprj/_135925_/D : -0.750370
[hold in-reg] wbs_adr_i[4] -> mprj/_136953_/D : -0.749647
[hold in-reg] wbs_dat_i[24] -> mprj/_135923_/D : -0.747737
[hold in-reg] wbs_adr_i[4] -> mprj/_136183_/D : -0.746296
[hold in-reg] wbs_dat_i[9] -> mprj/_136026_/D : -0.744322
[hold in-reg] wbs_adr_i[4] -> mprj/_136625_/D : -0.742522
[hold in-reg] wbs_adr_i[4] -> mprj/_136182_/D : -0.741196
[hold in-reg] wbs_dat_i[24] -> mprj/_136643_/D : -0.739688
[hold in-reg] wbs_adr_i[4] -> mprj/_136057_/D : -0.738568
[hold in-reg] wbs_adr_i[4] -> mprj/_136193_/D : -0.738014
[hold in-reg] wbs_adr_i[4] -> mprj/_137139_/D : -0.736698
[hold in-reg] wbs_adr_i[4] -> mprj/_136585_/D : -0.734910
[hold in-reg] wbs_adr_i[4] -> mprj/_137079_/D : -0.734675
[hold in-reg] wbs_adr_i[4] -> mprj/_136842_/D : -0.732273
[hold in-reg] wbs_dat_i[9] -> mprj/_136538_/D : -0.731400
[hold in-reg] wbs_adr_i[4] -> mprj/_136595_/D : -0.731038
[hold in-reg] wbs_adr_i[4] -> mprj/_136099_/D : -0.729377
[hold in-reg] wbs_adr_i[4] -> mprj/_135801_/D : -0.729040
[hold in-reg] wbs_adr_i[4] -> mprj/_136423_/D : -0.727971
[hold in-reg] wbs_dat_i[27] -> mprj/_136882_/D : -0.727661
[hold in-reg] wbs_adr_i[4] -> mprj/_136318_/D : -0.727254
[hold in-reg] wbs_adr_i[4] -> mprj/_137034_/D : -0.726096
[hold in-reg] wbs_dat_i[9] -> mprj/_136296_/D : -0.722886
[hold in-reg] wbs_adr_i[4] -> mprj/_136413_/D : -0.722669
[hold in-reg] wbs_adr_i[4] -> mprj/_136517_/D : -0.722242
[hold in-reg] wbs_adr_i[4] -> mprj/_136477_/D : -0.722086
[hold in-reg] wbs_adr_i[4] -> mprj/_136137_/D : -0.721921
[hold in-reg] wbs_adr_i[4] -> mprj/_137259_/D : -0.718980
[hold in-reg] wbs_adr_i[4] -> mprj/_136649_/D : -0.718605
[hold in-reg] wbs_adr_i[4] -> mprj/_136103_/D : -0.717552
[hold in-reg] wbs_adr_i[4] -> mprj/_136295_/D : -0.715863
[hold in-reg] wbs_dat_i[23] -> mprj/_136190_/D : -0.715517
[hold in-reg] wbs_adr_i[4] -> mprj/_136811_/D : -0.713912
[hold in-reg] wbs_adr_i[4] -> mprj/_137049_/D : -0.713497
[hold in-reg] wbs_dat_i[9] -> mprj/_136808_/D : -0.711210
[hold in-reg] wbs_adr_i[4] -> mprj/_136091_/D : -0.711177
[hold in-reg] wbs_adr_i[4] -> mprj/_136475_/D : -0.711061
[hold in-reg] wbs_adr_i[4] -> mprj/_136582_/D : -0.710769
[hold in-reg] wbs_adr_i[4] -> mprj/_137278_/D : -0.710264
[hold in-reg] wbs_dat_i[28] -> mprj/_135985_/D : -0.708431
[hold in-reg] wbs_adr_i[4] -> mprj/_137161_/D : -0.707870
[hold in-reg] wbs_adr_i[4] -> mprj/_137279_/D : -0.705651
[hold in-reg] wbs_adr_i[4] -> mprj/_136893_/D : -0.704142
[hold in-reg] wbs_dat_i[23] -> mprj/_136366_/D : -0.704031
[hold in-reg] wbs_adr_i[4] -> mprj/_137129_/D : -0.702307
[hold in-reg] wbs_adr_i[4] -> mprj/_136449_/D : -0.702208
[hold in-reg] wbs_adr_i[4] -> mprj/_136996_/D : -0.701997
[hold in-reg] wbs_dat_i[24] -> mprj/_136435_/D : -0.700858
[hold in-reg] wbs_adr_i[4] -> mprj/_136807_/D : -0.700395
[hold in-reg] wbs_dat_i[9] -> mprj/_135784_/D : -0.700277
[hold in-reg] wbs_adr_i[4] -> mprj/_136332_/D : -0.698679
[hold in-reg] wbs_adr_i[4] -> mprj/_136299_/D : -0.696715
[hold in-reg] wbs_adr_i[4] -> mprj/_136521_/D : -0.696510
[hold in-reg] wbs_dat_i[23] -> mprj/_136878_/D : -0.693872
[hold in-reg] wbs_adr_i[4] -> mprj/_137185_/D : -0.693752
[hold in-reg] wbs_adr_i[4] -> mprj/_137109_/D : -0.693011
[hold in-reg] wbs_adr_i[4] -> mprj/_136615_/D : -0.692965
[hold in-reg] wbs_adr_i[4] -> mprj/_136512_/D : -0.691762
[hold in-reg] wbs_adr_i[4] -> mprj/_136617_/D : -0.690271
[hold in-reg] wbs_dat_i[24] -> mprj/_136131_/D : -0.688813
[hold in-reg] wbs_adr_i[4] -> mprj/_136799_/D : -0.688472
[hold in-reg] wbs_dat_i[9] -> mprj/_136684_/D : -0.687569
[hold in-reg] wbs_adr_i[4] -> mprj/_136627_/D : -0.687503
[hold in-reg] wbs_adr_i[4] -> mprj/_135884_/D : -0.686629
[hold in-reg] wbs_adr_i[4] -> mprj/_136112_/D : -0.686301
[hold in-reg] wbs_adr_i[4] -> mprj/_136177_/D : -0.685916
[hold in-reg] wbs_adr_i[4] -> mprj/_137041_/D : -0.685375
[hold in-reg] wbs_adr_i[4] -> mprj/_136855_/D : -0.684029
[hold in-reg] wbs_adr_i[4] -> mprj/_136603_/D : -0.683146
[hold in-reg] wbs_adr_i[4] -> mprj/_136087_/D : -0.682118
[hold in-reg] wbs_dat_i[23] -> mprj/_136666_/D : -0.681381
[hold in-reg] wbs_adr_i[4] -> mprj/_136527_/D : -0.678862
[hold in-reg] wbs_adr_i[4] -> mprj/_135957_/D : -0.678592
[hold in-reg] wbs_adr_i[4] -> mprj/_136633_/D : -0.677884
[hold in-reg] wbs_adr_i[4] -> mprj/_136147_/D : -0.677633
[hold in-reg] wbs_dat_i[23] -> mprj/_137118_/D : -0.675990
[hold in-reg] wbs_adr_i[4] -> mprj/_136161_/D : -0.673855
[hold in-reg] wbs_adr_i[4] -> mprj/_136422_/D : -0.673571
[hold in-reg] wbs_adr_i[4] -> mprj/_137229_/D : -0.673482
[hold in-reg] wbs_dat_i[27] -> mprj/_135986_/D : -0.672088
[hold in-reg] wbs_adr_i[4] -> mprj/_136614_/D : -0.670418
[hold in-reg] wbs_adr_i[4] -> mprj/_136201_/D : -0.669456
[hold in-reg] wbs_adr_i[4] -> mprj/_137142_/D : -0.667710
[hold in-reg] wbs_dat_i[9] -> mprj/_137196_/D : -0.667024
[hold in-reg] wbs_adr_i[4] -> mprj/_137010_/D : -0.666852
[hold in-reg] wbs_adr_i[4] -> mprj/_136330_/D : -0.666558
[hold in-reg] wbs_adr_i[4] -> mprj/_137163_/D : -0.665834
[hold in-reg] wbs_adr_i[4] -> mprj/_136179_/D : -0.662773
[hold in-reg] wbs_dat_i[9] -> mprj/_137136_/D : -0.661686
[hold in-reg] wbs_adr_i[4] -> mprj/_136283_/D : -0.661332
[hold in-reg] wbs_dat_i[23] -> mprj/_137086_/D : -0.660932
[hold in-reg] wbs_adr_i[4] -> mprj/_136830_/D : -0.656996
[hold in-reg] wbs_adr_i[4] -> mprj/_135812_/D : -0.652946
[hold in-reg] wbs_adr_i[4] -> mprj/_136959_/D : -0.652511
[hold in-reg] wbs_adr_i[4] -> mprj/_137033_/D : -0.651757
[hold in-reg] wbs_dat_i[24] -> mprj/_136943_/D : -0.648741
[hold in-reg] wbs_dat_i[9] -> mprj/_136624_/D : -0.648607
[hold in-reg] wbs_adr_i[4] -> mprj/_136503_/D : -0.648598
[hold in-reg] wbs_adr_i[4] -> mprj/_136563_/D : -0.648093
[hold in-reg] wbs_adr_i[4] -> mprj/_136824_/D : -0.647469
[hold in-reg] wbs_adr_i[4] -> mprj/_136574_/D : -0.646377
[hold in-reg] wbs_adr_i[4] -> mprj/_136962_/D : -0.644046
[hold in-reg] wbs_adr_i[4] -> mprj/_135908_/D : -0.643471
[hold in-reg] wbs_adr_i[4] -> mprj/_136754_/D : -0.642339
[hold in-reg] wbs_adr_i[4] -> mprj/_136232_/D : -0.642128
[hold in-reg] wbs_adr_i[4] -> mprj/_135893_/D : -0.638914
[hold in-reg] wbs_adr_i[4] -> mprj/_136989_/D : -0.637654
[hold in-reg] wbs_dat_i[28] -> mprj/_136881_/D : -0.636479
[hold in-reg] wbs_dat_i[24] -> mprj/_135891_/D : -0.636290
[hold in-reg] wbs_adr_i[4] -> mprj/_136857_/D : -0.635407
[hold in-reg] wbs_adr_i[4] -> mprj/_135833_/D : -0.632671
[hold in-reg] wbs_dat_i[23] -> mprj/_136160_/D : -0.630996
[hold in-reg] wbs_adr_i[4] -> mprj/_136071_/D : -0.629994
[hold in-reg] wbs_adr_i[4] -> mprj/_136313_/D : -0.629607
[hold in-reg] wbs_dat_i[23] -> mprj/_137296_/D : -0.628131
[hold in-reg] wbs_dat_i[4] -> mprj/_135777_/D : -0.627571
[hold in-reg] wbs_dat_i[23] -> mprj/_135886_/D : -0.626311
[hold in-reg] wbs_adr_i[4] -> mprj/_136136_/D : -0.624558
[hold in-reg] wbs_adr_i[4] -> mprj/_135963_/D : -0.618358
[hold in-reg] wbs_adr_i[4] -> mprj/_137032_/D : -0.617012
[hold in-reg] wbs_adr_i[4] -> mprj/_136063_/D : -0.616770
[hold in-reg] wbs_adr_i[4] -> mprj/_136562_/D : -0.614558
[hold in-reg] wbs_adr_i[4] -> mprj/_136028_/D : -0.614002
[hold in-reg] wbs_adr_i[4] -> mprj/_136529_/D : -0.611802
[hold in-reg] wbs_adr_i[4] -> mprj/_136828_/D : -0.610521
[hold in-reg] wbs_adr_i[4] -> mprj/_137160_/D : -0.610150
[hold in-reg] wbs_adr_i[4] -> mprj/_135811_/D : -0.607471
[hold in-reg] wbs_adr_i[4] -> mprj/_136242_/D : -0.607378
[hold in-reg] wbs_adr_i[4] -> mprj/_137115_/D : -0.606297
[hold in-reg] wbs_adr_i[4] -> mprj/_136034_/D : -0.604643
[hold in-reg] wbs_dat_i[9] -> mprj/_136566_/D : -0.601531
[hold in-reg] wbs_adr_i[4] -> mprj/_136795_/D : -0.600108
[hold in-reg] wbs_adr_i[4] -> mprj/_136979_/D : -0.598646
[hold in-reg] wbs_adr_i[4] -> mprj/_136487_/D : -0.598022
[hold in-reg] wbs_adr_i[4] -> mprj/_136102_/D : -0.597083
[hold in-reg] wbs_dat_i[9] -> mprj/_136774_/D : -0.596660
[hold in-reg] wbs_adr_i[4] -> mprj/_135783_/D : -0.596647
[hold in-reg] wbs_adr_i[4] -> mprj/_136360_/D : -0.596459
[hold in-reg] wbs_adr_i[4] -> mprj/_137098_/D : -0.595806
[hold in-reg] wbs_dat_i[5] -> mprj/_135778_/D : -0.595072
[hold in-reg] wbs_adr_i[4] -> mprj/_136632_/D : -0.594959
[hold in-reg] wbs_adr_i[4] -> mprj/_135961_/D : -0.594876
[hold in-reg] wbs_adr_i[4] -> mprj/_136999_/D : -0.594453
[hold in-reg] wbs_dat_i[23] -> mprj/_137178_/D : -0.592528
[hold in-reg] wbs_dat_i[24] -> mprj/_136495_/D : -0.592283
[hold in-reg] wbs_adr_i[4] -> mprj/_136055_/D : -0.588187
[hold in-reg] wbs_dat_i[24] -> mprj/_135983_/D : -0.584416
[hold in-reg] wbs_adr_i[4] -> mprj/_136863_/D : -0.584152
[hold in-reg] wbs_adr_i[4] -> mprj/_136302_/D : -0.583991
[hold in-reg] wbs_adr_i[4] -> mprj/_136583_/D : -0.583978
[hold in-reg] wbs_adr_i[4] -> mprj/_136579_/D : -0.583378
[hold in-reg] wbs_dat_i[23] -> mprj/_136726_/D : -0.583102
[hold in-reg] wbs_adr_i[4] -> mprj/_136825_/D : -0.581593
[hold in-reg] wbs_adr_i[4] -> mprj/_136039_/D : -0.580665
[hold in-reg] wbs_dat_i[27] -> mprj/_136226_/D : -0.579267
[hold in-reg] wbs_adr_i[4] -> mprj/_135958_/D : -0.578825
[hold in-reg] wbs_adr_i[4] -> mprj/_135913_/D : -0.578617
[hold in-reg] wbs_adr_i[4] -> mprj/_137095_/D : -0.577677
[hold in-reg] wbs_adr_i[4] -> mprj/_136660_/D : -0.577523
[hold in-reg] wbs_dat_i[23] -> mprj/_135950_/D : -0.577389
[hold in-reg] wbs_adr_i[4] -> mprj/_136120_/D : -0.577145
[hold in-reg] wbs_adr_i[4] -> mprj/_136050_/D : -0.576985
[hold in-reg] wbs_adr_i[4] -> mprj/_137312_/D : -0.576223
[hold in-reg] wbs_adr_i[4] -> mprj/_135861_/D : -0.574888
[hold in-reg] wbs_adr_i[4] -> mprj/_136051_/D : -0.574600
[hold in-reg] wbs_adr_i[4] -> mprj/_135794_/D : -0.574567
[hold in-reg] wbs_adr_i[4] -> mprj/_136992_/D : -0.574481
[hold in-reg] wbs_adr_i[4] -> mprj/_137308_/D : -0.574179
[hold in-reg] wbs_adr_i[4] -> mprj/_136060_/D : -0.573658
[hold in-reg] wbs_adr_i[4] -> mprj/_136480_/D : -0.573617
[hold in-reg] wbs_dat_i[9] -> mprj/_135846_/D : -0.573492
[hold in-reg] wbs_adr_i[4] -> mprj/_136067_/D : -0.572882
[hold in-reg] wbs_adr_i[4] -> mprj/_136323_/D : -0.571149
[hold in-reg] wbs_adr_i[4] -> mprj/_136987_/D : -0.570314
[hold in-reg] wbs_dat_i[23] -> mprj/_136606_/D : -0.568634
[hold in-reg] wbs_adr_i[4] -> mprj/_136508_/D : -0.568039
[hold in-reg] wbs_adr_i[4] -> mprj/_136978_/D : -0.565780
[hold in-reg] wbs_adr_i[4] -> mprj/_135841_/D : -0.564055
[hold in-reg] wbs_dat_i[24] -> mprj/_135951_/D : -0.560618
[hold in-reg] wbs_adr_i[4] -> mprj/_136405_/D : -0.559729
[hold in-reg] wbs_adr_i[4] -> mprj/_136567_/D : -0.557584
[hold in-reg] wbs_adr_i[4] -> mprj/_137128_/D : -0.555258
[hold in-reg] wbs_adr_i[4] -> mprj/_136705_/D : -0.555069
[hold in-reg] wbs_adr_i[4] -> mprj/_136479_/D : -0.554771
[hold in-reg] wbs_adr_i[4] -> mprj/_135987_/D : -0.554410
[hold in-reg] wbs_dat_i[23] -> mprj/_136608_/D : -0.551580
[hold in-reg] wbs_adr_i[4] -> mprj/_136715_/D : -0.551459
[hold in-reg] wbs_dat_i[23] -> mprj/_137238_/D : -0.550717
[hold in-reg] wbs_adr_i[4] -> mprj/_136213_/D : -0.550154
[hold in-reg] wbs_adr_i[4] -> mprj/_137143_/D : -0.549599
[hold in-reg] wbs_dat_i[23] -> mprj/_136398_/D : -0.549540
[hold in-reg] wbs_adr_i[4] -> mprj/_136017_/D : -0.549050
[hold in-reg] wbs_adr_i[4] -> mprj/_136924_/D : -0.545977
[hold in-reg] wbs_adr_i[4] -> mprj/_135847_/D : -0.545424
[hold in-reg] wbs_adr_i[4] -> mprj/_136768_/D : -0.542212
[hold in-reg] wbs_adr_i[4] -> mprj/_137080_/D : -0.542104
[hold in-reg] wbs_adr_i[4] -> mprj/_136138_/D : -0.541960
[hold in-reg] wbs_adr_i[4] -> mprj/_136101_/D : -0.539581
[hold in-reg] wbs_adr_i[4] -> mprj/_136273_/D : -0.539353
[hold in-reg] wbs_adr_i[4] -> mprj/_136833_/D : -0.539349
[hold in-reg] wbs_dat_i[27] -> mprj/_137122_/D : -0.537610
[hold in-reg] wbs_adr_i[4] -> mprj/_135854_/D : -0.535923
[hold in-reg] wbs_adr_i[4] -> mprj/_135993_/D : -0.535426
[hold in-reg] wbs_adr_i[4] -> mprj/_136243_/D : -0.533708
[hold in-reg] wbs_adr_i[4] -> mprj/_136865_/D : -0.533561
[hold in-reg] wbs_adr_i[4] -> mprj/_136895_/D : -0.533325
[hold in-reg] wbs_adr_i[4] -> mprj/_136800_/D : -0.531680
[hold in-reg] wbs_adr_i[4] -> mprj/_136167_/D : -0.531412
[hold in-reg] wbs_adr_i[4] -> mprj/_137028_/D : -0.530726
[hold in-reg] wbs_dat_i[23] -> mprj/_136126_/D : -0.530603
[hold in-reg] wbs_dat_i[24] -> mprj/_136431_/D : -0.530002
[hold in-reg] wbs_adr_i[4] -> mprj/_137003_/D : -0.528327
[hold in-reg] wbs_adr_i[4] -> mprj/_137202_/D : -0.527479
[hold in-reg] wbs_adr_i[4] -> mprj/_136200_/D : -0.526617
[hold in-reg] wbs_adr_i[4] -> mprj/_135975_/D : -0.526440
[hold in-reg] wbs_adr_i[4] -> mprj/_136499_/D : -0.523491
[hold in-reg] wbs_adr_i[4] -> mprj/_136623_/D : -0.522806
[hold in-reg] wbs_adr_i[4] -> mprj/_136792_/D : -0.521651
[hold in-reg] wbs_adr_i[4] -> mprj/_135914_/D : -0.520624
[hold in-reg] wbs_dat_i[0] -> mprj/_136227_/D : -0.520578
[hold in-reg] wbs_dat_i[23] -> mprj/_135918_/D : -0.520030
[hold in-reg] wbs_adr_i[4] -> mprj/_136076_/D : -0.518810
[hold in-reg] wbs_adr_i[4] -> mprj/_136524_/D : -0.518337
[hold in-reg] wbs_adr_i[4] -> mprj/_136751_/D : -0.517948
[hold in-reg] wbs_adr_i[4] -> mprj/_136721_/D : -0.517216
[hold in-reg] wbs_adr_i[4] -> mprj/_136712_/D : -0.515914
[hold in-reg] wbs_adr_i[4] -> mprj/_137011_/D : -0.515621
[hold in-reg] wbs_adr_i[4] -> mprj/_136052_/D : -0.515207
[hold in-reg] wbs_adr_i[4] -> mprj/_136926_/D : -0.513188
[hold in-reg] wbs_dat_i[1] -> mprj/_137188_/D : -0.512881
[hold in-reg] wbs_adr_i[4] -> mprj/_136972_/D : -0.512501
[hold in-reg] wbs_adr_i[4] -> mprj/_137075_/D : -0.512080
[hold in-reg] wbs_dat_i[23] -> mprj/_136846_/D : -0.510784
[hold in-reg] wbs_adr_i[4] -> mprj/_136362_/D : -0.510365
[hold in-reg] wbs_adr_i[4] -> mprj/_136613_/D : -0.505261
[hold in-reg] wbs_adr_i[4] -> mprj/_137017_/D : -0.504181
[hold in-reg] wbs_adr_i[4] -> mprj/_137162_/D : -0.504127
[hold in-reg] wbs_dat_i[9] -> mprj/_136806_/D : -0.502945
[hold in-reg] wbs_adr_i[4] -> mprj/_135881_/D : -0.502223
[hold in-reg] wbs_adr_i[4] -> mprj/_136202_/D : -0.502029
[hold in-reg] wbs_adr_i[4] -> mprj/_136089_/D : -0.501414
[hold in-reg] wbs_adr_i[4] -> mprj/_137170_/D : -0.500742
[hold in-reg] wbs_adr_i[4] -> mprj/_135910_/D : -0.500553
[hold in-reg] wbs_adr_i[4] -> mprj/_136162_/D : -0.500077
[hold in-reg] wbs_adr_i[4] -> mprj/_136467_/D : -0.500060
[hold in-reg] wbs_dat_i[9] -> mprj/_136474_/D : -0.499777
[hold in-reg] wbs_adr_i[4] -> mprj/_136798_/D : -0.498889
[hold in-reg] wbs_dat_i[28] -> mprj/_136461_/D : -0.497211
[hold in-reg] wbs_adr_i[4] -> mprj/_137121_/D : -0.496182
[hold in-reg] wbs_adr_i[4] -> mprj/_136124_/D : -0.494675
[hold in-reg] wbs_adr_i[4] -> mprj/_136949_/D : -0.493565
[hold in-reg] wbs_dat_i[28] -> mprj/_135981_/D : -0.493430
[hold in-reg] wbs_adr_i[4] -> mprj/_136812_/D : -0.493406
[hold in-reg] wbs_dat_i[23] -> mprj/_136910_/D : -0.493147
[hold in-reg] wbs_adr_i[4] -> mprj/_136558_/D : -0.493103
[hold in-reg] wbs_adr_i[4] -> mprj/_136630_/D : -0.492859
[hold in-reg] wbs_adr_i[4] -> mprj/_136267_/D : -0.492761
[hold in-reg] wbs_adr_i[4] -> mprj/_136175_/D : -0.492045
[hold in-reg] wbs_adr_i[4] -> mprj/_136650_/D : -0.491975
[hold in-reg] wbs_adr_i[4] -> mprj/_136991_/D : -0.491912
[hold in-reg] wbs_adr_i[4] -> mprj/_135966_/D : -0.491361
[hold in-reg] wbs_dat_i[9] -> mprj/_136294_/D : -0.490363
[hold in-reg] wbs_adr_i[4] -> mprj/_137038_/D : -0.488622
[hold in-reg] wbs_dat_i[23] -> mprj/_137266_/D : -0.486889
[hold in-reg] wbs_adr_i[4] -> mprj/_136469_/D : -0.485808
[hold in-reg] wbs_adr_i[4] -> mprj/_136810_/D : -0.485690
[hold in-reg] wbs_adr_i[4] -> mprj/_135964_/D : -0.485388
[hold in-reg] wbs_dat_i[1] -> mprj/_136260_/D : -0.485025
[hold in-reg] wbs_adr_i[4] -> mprj/_136981_/D : -0.484781
[hold in-reg] wbs_dat_i[23] -> mprj/_136430_/D : -0.481593
[hold in-reg] wbs_dat_i[9] -> mprj/_137254_/D : -0.481446
[hold in-reg] wbs_adr_i[4] -> mprj/_136879_/D : -0.481130
[hold in-reg] wbs_adr_i[4] -> mprj/_137144_/D : -0.479528
[hold in-reg] wbs_dat_i[0] -> mprj/_137187_/D : -0.478532
[hold in-reg] wbs_dat_i[23] -> mprj/_136096_/D : -0.478516
[hold in-reg] wbs_adr_i[4] -> mprj/_136189_/D : -0.478471
[hold in-reg] wbs_adr_i[4] -> mprj/_137050_/D : -0.477550
[hold in-reg] wbs_adr_i[4] -> mprj/_135935_/D : -0.476789
[hold in-reg] wbs_adr_i[4] -> mprj/_136867_/D : -0.474333
[hold in-reg] wbs_dat_i[27] -> mprj/_136254_/D : -0.474210
[hold in-reg] wbs_adr_i[4] -> mprj/_136288_/D : -0.473673
[hold in-reg] wbs_adr_i[4] -> mprj/_137110_/D : -0.473068
[hold in-reg] wbs_adr_i[4] -> mprj/_135937_/D : -0.470039
[hold in-reg] wbs_adr_i[4] -> mprj/_135928_/D : -0.469206
[hold in-reg] wbs_dat_i[9] -> mprj/_136986_/D : -0.468566
[hold in-reg] wbs_dat_i[8] -> mprj/_138351_/D : -0.466890
[hold in-reg] wbs_adr_i[4] -> mprj/_137295_/D : -0.465184
[hold in-reg] wbs_adr_i[4] -> mprj/_136241_/D : -0.464592
[hold in-reg] wbs_dat_i[28] -> mprj/_136045_/D : -0.464206
[hold in-reg] wbs_adr_i[4] -> mprj/_136494_/D : -0.463868
[hold in-reg] wbs_adr_i[4] -> mprj/_136314_/D : -0.463325
[hold in-reg] wbs_adr_i[4] -> mprj/_136492_/D : -0.462664
[hold in-reg] wbs_adr_i[4] -> mprj/_136662_/D : -0.462014
[hold in-reg] wbs_adr_i[4] -> mprj/_136239_/D : -0.459315
[hold in-reg] wbs_dat_i[1] -> mprj/_136772_/D : -0.457330
[hold in-reg] wbs_adr_i[4] -> mprj/_137055_/D : -0.454585
[hold in-reg] wbs_dat_i[28] -> mprj/_136401_/D : -0.454108
[hold in-reg] wbs_adr_i[4] -> mprj/_136117_/D : -0.453274
[hold in-reg] wbs_adr_i[4] -> mprj/_136516_/D : -0.452449
[hold in-reg] wbs_adr_i[4] -> mprj/_136233_/D : -0.451903
[hold in-reg] wbs_dat_i[24] -> mprj/_136403_/D : -0.451462
[hold in-reg] wbs_adr_i[4] -> mprj/_136873_/D : -0.449106
[hold in-reg] wbs_adr_i[4] -> mprj/_136150_/D : -0.448743
[hold in-reg] wbs_dat_i[24] -> mprj/_136463_/D : -0.448722
[hold in-reg] wbs_adr_i[4] -> mprj/_135871_/D : -0.448228
[hold in-reg] wbs_adr_i[4] -> mprj/_136929_/D : -0.446893
[hold in-reg] wbs_adr_i[4] -> mprj/_136885_/D : -0.446347
[hold in-reg] wbs_adr_i[4] -> mprj/_136033_/D : -0.444940
[hold in-reg] wbs_adr_i[4] -> mprj/_137084_/D : -0.444797
[hold in-reg] wbs_dat_i[27] -> mprj/_136766_/D : -0.444040
[hold in-reg] wbs_adr_i[4] -> mprj/_136680_/D : -0.443414
[hold in-reg] wbs_adr_i[4] -> mprj/_136003_/D : -0.441730
[hold in-reg] wbs_adr_i[4] -> mprj/_136443_/D : -0.441409
[hold in-reg] wbs_adr_i[4] -> mprj/_137214_/D : -0.441127
[hold in-reg] wbs_adr_i[4] -> mprj/_136451_/D : -0.440691
[hold in-reg] wbs_adr_i[4] -> mprj/_136835_/D : -0.438499
[hold in-reg] wbs_adr_i[4] -> mprj/_137008_/D : -0.437203
[hold in-reg] wbs_adr_i[4] -> mprj/_137012_/D : -0.434208
[hold in-reg] wbs_adr_i[4] -> mprj/_135874_/D : -0.433532
[hold in-reg] wbs_adr_i[4] -> mprj/_137247_/D : -0.433248
[hold in-reg] wbs_adr_i[4] -> mprj/_137111_/D : -0.432043
[hold in-reg] wbs_adr_i[4] -> mprj/_136133_/D : -0.431829
[hold in-reg] wbs_adr_i[4] -> mprj/_136163_/D : -0.430873
[hold in-reg] wbs_adr_i[4] -> mprj/_136274_/D : -0.429564
[hold in-reg] wbs_adr_i[4] -> mprj/_136164_/D : -0.428472
[hold in-reg] wbs_adr_i[4] -> mprj/_136303_/D : -0.428445
[hold in-reg] wbs_adr_i[4] -> mprj/_136471_/D : -0.428302
[hold in-reg] wbs_adr_i[4] -> mprj/_136861_/D : -0.428047
[hold in-reg] wbs_adr_i[4] -> mprj/_136935_/D : -0.427217
[hold in-reg] wbs_adr_i[4] -> mprj/_136655_/D : -0.426843
[hold in-reg] wbs_adr_i[4] -> mprj/_136301_/D : -0.425871
[hold in-reg] wbs_adr_i[4] -> mprj/_137304_/D : -0.425621
[hold in-reg] wbs_adr_i[4] -> mprj/_136395_/D : -0.424982
[hold in-reg] wbs_adr_i[4] -> mprj/_137130_/D : -0.423598
[hold in-reg] wbs_adr_i[4] -> mprj/_135792_/D : -0.422720
[hold in-reg] wbs_adr_i[4] -> mprj/_136351_/D : -0.422033
[hold in-reg] wbs_adr_i[4] -> mprj/_136722_/D : -0.421663
[hold in-reg] wbs_adr_i[4] -> mprj/_136948_/D : -0.420777
[hold in-reg] wbs_adr_i[4] -> mprj/_137070_/D : -0.419467
[hold in-reg] wbs_adr_i[4] -> mprj/_136140_/D : -0.418717
[hold in-reg] wbs_dat_i[23] -> mprj/_136638_/D : -0.418647
[hold in-reg] wbs_adr_i[4] -> mprj/_137193_/D : -0.418582
[hold in-reg] wbs_adr_i[4] -> mprj/_135853_/D : -0.418256
[hold in-reg] wbs_adr_i[4] -> mprj/_136522_/D : -0.418103
[hold in-reg] wbs_dat_i[24] -> mprj/_136975_/D : -0.416783
[hold in-reg] wbs_adr_i[4] -> mprj/_136166_/D : -0.412852
[hold in-reg] wbs_adr_i[4] -> mprj/_135988_/D : -0.412704
[hold in-reg] wbs_dat_i[28] -> mprj/_137001_/D : -0.412469
[hold in-reg] wbs_dat_i[28] -> mprj/_136041_/D : -0.410261
[hold in-reg] wbs_dat_i[23] -> mprj/_136218_/D : -0.409235
[hold in-reg] wbs_adr_i[4] -> mprj/_136106_/D : -0.409199
[hold in-reg] wbs_adr_i[4] -> mprj/_136648_/D : -0.408889
[hold in-reg] wbs_adr_i[4] -> mprj/_136004_/D : -0.408854
[hold in-reg] wbs_adr_i[4] -> mprj/_136955_/D : -0.408726
[hold in-reg] wbs_adr_i[4] -> mprj/_136406_/D : -0.408563
[hold in-reg] wbs_adr_i[4] -> mprj/_136168_/D : -0.407770
[hold in-reg] wbs_adr_i[4] -> mprj/_136386_/D : -0.406869
[hold in-reg] wbs_adr_i[4] -> mprj/_137250_/D : -0.406156
[hold in-reg] wbs_adr_i[4] -> mprj/_136587_/D : -0.406110
[hold in-reg] wbs_dat_i[28] -> mprj/_136941_/D : -0.406077
[hold in-reg] wbs_adr_i[4] -> mprj/_136599_/D : -0.405836
[hold in-reg] wbs_adr_i[4] -> mprj/_137085_/D : -0.405185
[hold in-reg] wbs_dat_i[23] -> mprj/_136070_/D : -0.405119
[hold in-reg] wbs_adr_i[4] -> mprj/_136452_/D : -0.404039
[hold in-reg] wbs_dat_i[4] -> mprj/_136741_/D : -0.403543
[hold in-reg] wbs_adr_i[4] -> mprj/_136290_/D : -0.403224
[hold in-reg] wbs_adr_i[4] -> mprj/_136834_/D : -0.402697
[hold in-reg] wbs_adr_i[4] -> mprj/_136960_/D : -0.402185
[hold in-reg] wbs_adr_i[4] -> mprj/_136679_/D : -0.401674
[hold in-reg] wbs_adr_i[4] -> mprj/_136530_/D : -0.401661
[hold in-reg] wbs_adr_i[4] -> mprj/_136687_/D : -0.401199
[hold in-reg] wbs_adr_i[4] -> mprj/_136361_/D : -0.400735
[hold in-reg] wbs_adr_i[4] -> mprj/_135850_/D : -0.400367
[hold in-reg] wbs_adr_i[4] -> mprj/_136777_/D : -0.400179
[hold in-reg] wbs_adr_i[4] -> mprj/_136225_/D : -0.398846
[hold in-reg] wbs_adr_i[4] -> mprj/_136373_/D : -0.398487
[hold in-reg] wbs_adr_i[4] -> mprj/_137135_/D : -0.397241
[hold in-reg] wbs_dat_i[9] -> mprj/_135998_/D : -0.396638
[hold in-reg] wbs_adr_i[4] -> mprj/_137201_/D : -0.394469
[hold in-reg] wbs_adr_i[4] -> mprj/_136737_/D : -0.393983
[hold in-reg] wbs_adr_i[4] -> mprj/_136500_/D : -0.393787
[hold in-reg] wbs_adr_i[4] -> mprj/_137169_/D : -0.392805
[hold in-reg] wbs_adr_i[4] -> mprj/_136481_/D : -0.392679
[hold in-reg] wbs_adr_i[4] -> mprj/_137280_/D : -0.392339
[hold in-reg] wbs_dat_i[23] -> mprj/_137150_/D : -0.392041
[hold in-reg] wbs_adr_i[4] -> mprj/_136694_/D : -0.390934
[hold in-reg] wbs_adr_i[4] -> mprj/_135839_/D : -0.390571
[hold in-reg] wbs_adr_i[4] -> mprj/_135938_/D : -0.389049
[hold in-reg] wbs_adr_i[4] -> mprj/_136214_/D : -0.386720
[hold in-reg] wbs_adr_i[4] -> mprj/_135802_/D : -0.385067
[hold in-reg] wbs_adr_i[4] -> mprj/_137100_/D : -0.384382
[hold in-reg] wbs_dat_i[28] -> mprj/_136973_/D : -0.383209
[hold in-reg] wbs_adr_i[4] -> mprj/_136498_/D : -0.382337
[hold in-reg] wbs_adr_i[7] -> mprj/_136905_/D : -0.381177
[hold in-reg] wbs_dat_i[23] -> mprj/_135890_/D : -0.380113
[hold in-reg] wbs_adr_i[4] -> mprj/_136826_/D : -0.380074
[hold in-reg] wbs_adr_i[4] -> mprj/_136874_/D : -0.378579
[hold in-reg] wbs_dat_i[24] -> mprj/_136191_/D : -0.377662
[hold in-reg] wbs_dat_i[9] -> mprj/_135968_/D : -0.376746
[hold in-reg] wbs_adr_i[4] -> mprj/_136753_/D : -0.376409
[hold in-reg] wbs_adr_i[4] -> mprj/_136877_/D : -0.375926
[hold in-reg] wbs_adr_i[4] -> mprj/_136265_/D : -0.374937
[hold in-reg] wbs_adr_i[4] -> mprj/_136438_/D : -0.374166
[hold in-reg] wbs_adr_i[4] -> mprj/_136437_/D : -0.373797
[hold in-reg] wbs_adr_i[4] -> mprj/_136383_/D : -0.371778
[hold in-reg] wbs_adr_i[4] -> mprj/_135949_/D : -0.371734
[hold in-reg] wbs_dat_i[24] -> mprj/_136671_/D : -0.371624
[hold in-reg] wbs_adr_i[4] -> mprj/_136875_/D : -0.370822
[hold in-reg] wbs_adr_i[4] -> mprj/_136219_/D : -0.370489
[hold in-reg] wbs_adr_i[4] -> mprj/_136169_/D : -0.367639
[hold in-reg] wbs_adr_i[4] -> mprj/_136629_/D : -0.366126
[hold in-reg] wbs_adr_i[4] -> mprj/_136110_/D : -0.363634
[hold in-reg] wbs_adr_i[4] -> mprj/_135793_/D : -0.363101
[hold in-reg] wbs_adr_i[4] -> mprj/_135939_/D : -0.362066
[hold in-reg] wbs_adr_i[4] -> mprj/_137310_/D : -0.360274
[hold in-reg] wbs_adr_i[4] -> mprj/_136860_/D : -0.358233
[hold in-reg] wbs_dat_i[24] -> mprj/_136915_/D : -0.357474
[hold in-reg] wbs_adr_i[4] -> mprj/_136898_/D : -0.356838
[hold in-reg] wbs_adr_i[4] -> mprj/_136545_/D : -0.356164
[hold in-reg] wbs_adr_i[4] -> mprj/_135978_/D : -0.354339
[hold in-reg] wbs_adr_i[4] -> mprj/_137072_/D : -0.353103
[hold in-reg] wbs_adr_i[4] -> mprj/_137282_/D : -0.352910
[hold in-reg] wbs_dat_i[9] -> mprj/_136354_/D : -0.352099
[hold in-reg] wbs_dat_i[9] -> mprj/_135788_/D : -0.351828
[hold in-reg] wbs_adr_i[4] -> mprj/_136767_/D : -0.351818
[hold in-reg] wbs_adr_i[4] -> mprj/_135849_/D : -0.350836
[hold in-reg] wbs_dat_i[4] -> mprj/_137157_/D : -0.350086
[hold in-reg] wbs_dat_i[27] -> mprj/_136642_/D : -0.349242
[hold in-reg] wbs_adr_i[4] -> mprj/_137263_/D : -0.349009
[hold in-reg] wbs_dat_i[23] -> mprj/_136850_/D : -0.348518
[hold in-reg] wbs_adr_i[4] -> mprj/_136866_/D : -0.348463
[hold in-reg] wbs_adr_i[4] -> mprj/_137222_/D : -0.347280
[hold in-reg] wbs_adr_i[4] -> mprj/_137253_/D : -0.347204
[hold in-reg] wbs_dat_i[23] -> mprj/_136966_/D : -0.346865
[hold in-reg] wbs_dat_i[23] -> mprj/_136186_/D : -0.345696
[hold in-reg] wbs_adr_i[4] -> mprj/_135900_/D : -0.345338
[hold in-reg] wbs_adr_i[4] -> mprj/_135999_/D : -0.345248
[hold in-reg] wbs_dat_i[9] -> mprj/_136748_/D : -0.345040
[hold in-reg] wbs_adr_i[4] -> mprj/_137042_/D : -0.344662
[hold in-reg] wbs_adr_i[4] -> mprj/_137252_/D : -0.344206
[hold in-reg] wbs_adr_i[4] -> mprj/_136394_/D : -0.342983
[hold in-reg] wbs_dat_i[23] -> mprj/_136938_/D : -0.342639
[hold in-reg] wbs_adr_i[4] -> mprj/_137199_/D : -0.341273
[hold in-reg] wbs_dat_i[23] -> mprj/_136246_/D : -0.338886
[hold in-reg] wbs_adr_i[4] -> mprj/_136967_/D : -0.337109
[hold in-reg] wbs_dat_i[23] -> mprj/_135826_/D : -0.336761
[hold in-reg] wbs_adr_i[4] -> mprj/_136690_/D : -0.336573
[hold in-reg] wbs_adr_i[4] -> mprj/_137257_/D : -0.336219
[hold in-reg] wbs_adr_i[4] -> mprj/_137093_/D : -0.336086
[hold in-reg] wbs_dat_i[28] -> mprj/_136013_/D : -0.334906
[hold in-reg] wbs_adr_i[4] -> mprj/_136888_/D : -0.334415
[hold in-reg] wbs_dat_i[23] -> mprj/_136636_/D : -0.334384
[hold in-reg] wbs_adr_i[4] -> mprj/_136652_/D : -0.334106
[hold in-reg] wbs_adr_i[4] -> mprj/_137002_/D : -0.332825
[hold in-reg] wbs_adr_i[7] -> mprj/_136455_/D : -0.331236
[hold in-reg] wbs_adr_i[4] -> mprj/_135791_/D : -0.331190
[hold in-reg] wbs_adr_i[4] -> mprj/_136554_/D : -0.330425
[hold in-reg] wbs_dat_i[23] -> mprj/_137206_/D : -0.330307
[hold in-reg] wbs_dat_i[23] -> mprj/_136338_/D : -0.329995
[hold in-reg] wbs_adr_i[4] -> mprj/_136565_/D : -0.327303
[hold in-reg] wbs_adr_i[4] -> mprj/_137186_/D : -0.325519
[hold in-reg] wbs_dat_i[9] -> mprj/_136236_/D : -0.324073
[hold in-reg] wbs_adr_i[4] -> mprj/_137174_/D : -0.323189
[hold in-reg] wbs_adr_i[4] -> mprj/_136119_/D : -0.322708
[hold in-reg] wbs_dat_i[23] -> mprj/_136278_/D : -0.322499
[hold in-reg] wbs_dat_i[23] -> mprj/_137236_/D : -0.322470
[hold in-reg] wbs_adr_i[4] -> mprj/_135926_/D : -0.321843
[hold in-reg] wbs_adr_i[4] -> mprj/_136447_/D : -0.321523
[hold in-reg] wbs_adr_i[4] -> mprj/_136876_/D : -0.320482
[hold in-reg] wbs_adr_i[4] -> mprj/_136750_/D : -0.319116
[hold in-reg] wbs_adr_i[4] -> mprj/_136681_/D : -0.318638
[hold in-reg] wbs_adr_i[4] -> mprj/_136334_/D : -0.318564
[hold in-reg] wbs_adr_i[4] -> mprj/_135873_/D : -0.317804
[hold in-reg] wbs_adr_i[4] -> mprj/_136674_/D : -0.317287
[hold in-reg] wbs_adr_i[4] -> mprj/_136907_/D : -0.316537
[hold in-reg] wbs_adr_i[4] -> mprj/_136984_/D : -0.316417
[hold in-reg] wbs_adr_i[4] -> mprj/_135832_/D : -0.316184
[hold in-reg] wbs_adr_i[4] -> mprj/_135959_/D : -0.315668
[hold in-reg] wbs_adr_i[4] -> mprj/_136142_/D : -0.315382
[hold in-reg] wbs_dat_i[27] -> mprj/_137154_/D : -0.313149
[hold in-reg] wbs_adr_i[4] -> mprj/_136880_/D : -0.311676
[hold in-reg] wbs_dat_i[7] -> mprj/_136804_/D : -0.311411
[hold in-reg] wbs_dat_i[23] -> mprj/_136790_/D : -0.310755
[hold in-reg] wbs_adr_i[4] -> mprj/_136390_/D : -0.310376
[hold in-reg] wbs_adr_i[4] -> mprj/_136001_/D : -0.310364
[hold in-reg] wbs_adr_i[4] -> mprj/_136489_/D : -0.309236
[hold in-reg] wbs_adr_i[4] -> mprj/_136344_/D : -0.309171
[hold in-reg] wbs_adr_i[4] -> mprj/_137261_/D : -0.308798
[hold in-reg] wbs_adr_i[4] -> mprj/_136813_/D : -0.308098
[hold in-reg] wbs_adr_i[4] -> mprj/_135822_/D : -0.307649
[hold in-reg] wbs_adr_i[4] -> mprj/_136023_/D : -0.306599
[hold in-reg] wbs_adr_i[4] -> mprj/_136856_/D : -0.305942
[hold in-reg] wbs_adr_i[4] -> mprj/_135929_/D : -0.305013
[hold in-reg] wbs_dat_i[28] -> mprj/_135953_/D : -0.304641
[hold in-reg] wbs_adr_i[4] -> mprj/_136266_/D : -0.304444
[hold in-reg] wbs_adr_i[4] -> mprj/_136845_/D : -0.303882
[hold in-reg] wbs_dat_i[28] -> mprj/_136493_/D : -0.303125
[hold in-reg] wbs_adr_i[4] -> mprj/_137112_/D : -0.303042
[hold in-reg] wbs_adr_i[4] -> mprj/_136902_/D : -0.302395
[hold in-reg] wbs_adr_i[4] -> mprj/_136441_/D : -0.300832
[hold in-reg] wbs_dat_i[23] -> mprj/_137148_/D : -0.300178
[hold in-reg] wbs_adr_i[4] -> mprj/_137262_/D : -0.298800
[hold in-reg] wbs_adr_i[4] -> mprj/_135947_/D : -0.298489
[hold in-reg] wbs_dat_i[28] -> mprj/_137005_/D : -0.298452
[hold in-reg] wbs_adr_i[4] -> mprj/_136963_/D : -0.298183
[hold in-reg] wbs_dat_i[9] -> mprj/_136928_/D : -0.297829
[hold in-reg] wbs_adr_i[4] -> mprj/_136862_/D : -0.294938
[hold in-reg] wbs_adr_i[4] -> mprj/_136397_/D : -0.294837
[hold in-reg] wbs_adr_i[4] -> mprj/_137025_/D : -0.294400
[hold in-reg] wbs_adr_i[4] -> mprj/_137302_/D : -0.293843
[hold in-reg] wbs_adr_i[4] -> mprj/_136644_/D : -0.293119
[hold in-reg] wbs_dat_i[27] -> mprj/_135954_/D : -0.292815
[hold in-reg] wbs_adr_i[4] -> mprj/_136886_/D : -0.292509
[hold in-reg] wbs_adr_i[4] -> mprj/_136277_/D : -0.291712
[hold in-reg] wbs_adr_i[4] -> mprj/_136029_/D : -0.290529
[hold in-reg] wbs_adr_i[4] -> mprj/_136868_/D : -0.290250
[hold in-reg] wbs_adr_i[4] -> mprj/_136046_/D : -0.289630
[hold in-reg] wbs_dat_i[23] -> mprj/_136456_/D : -0.287376
[hold in-reg] wbs_adr_i[4] -> mprj/_137045_/D : -0.286231
[hold in-reg] wbs_adr_i[4] -> mprj/_137223_/D : -0.284857
[hold in-reg] wbs_dat_i[23] -> mprj/_136578_/D : -0.284442
[hold in-reg] wbs_adr_i[4] -> mprj/_136653_/D : -0.283773
[hold in-reg] wbs_adr_i[4] -> mprj/_137117_/D : -0.282512
[hold in-reg] wbs_adr_i[4] -> mprj/_135977_/D : -0.282022
[hold in-reg] wbs_dat_i[23] -> mprj/_136220_/D : -0.281498
[hold in-reg] wbs_dat_i[9] -> mprj/_137046_/D : -0.280584
[hold in-reg] wbs_adr_i[4] -> mprj/_136203_/D : -0.280450
[hold in-reg] wbs_adr_i[4] -> mprj/_136622_/D : -0.280313
[hold in-reg] wbs_adr_i[4] -> mprj/_136501_/D : -0.278590
[hold in-reg] wbs_adr_i[3] -> mprj/_135973_/D : -0.278423
[hold in-reg] wbs_adr_i[4] -> mprj/_136064_/D : -0.277270
[hold in-reg] wbs_dat_i[23] -> mprj/_136306_/D : -0.275590
[hold in-reg] wbs_adr_i[4] -> mprj/_136090_/D : -0.274151
[hold in-reg] wbs_dat_i[28] -> mprj/_136525_/D : -0.273685
[hold in-reg] wbs_dat_i[23] -> mprj/_136698_/D : -0.273424
[hold in-reg] wbs_adr_i[4] -> mprj/_135885_/D : -0.272798
[hold in-reg] wbs_adr_i[4] -> mprj/_136235_/D : -0.272364
[hold in-reg] wbs_dat_i[27] -> mprj/_136402_/D : -0.271204
[hold in-reg] wbs_adr_i[4] -> mprj/_135829_/D : -0.269148
[hold in-reg] wbs_adr_i[4] -> mprj/_137013_/D : -0.268216
[hold in-reg] wbs_dat_i[23] -> mprj/_136158_/D : -0.267233
[hold in-reg] wbs_adr_i[4] -> mprj/_136297_/D : -0.266639
[hold in-reg] wbs_adr_i[4] -> mprj/_137047_/D : -0.266462
[hold in-reg] wbs_adr_i[4] -> mprj/_136897_/D : -0.265629
[hold in-reg] wbs_adr_i[4] -> mprj/_136600_/D : -0.265278
[hold in-reg] wbs_adr_i[4] -> mprj/_136618_/D : -0.265278
[hold in-reg] wbs_dat_i[28] -> mprj/_136553_/D : -0.265138
[hold in-reg] wbs_adr_i[4] -> mprj/_136042_/D : -0.264889
[hold in-reg] wbs_adr_i[4] -> mprj/_136245_/D : -0.264119
[hold in-reg] wbs_adr_i[4] -> mprj/_136184_/D : -0.262792
[hold in-reg] wbs_adr_i[4] -> mprj/_136459_/D : -0.262242
[hold in-reg] wbs_adr_i[4] -> mprj/_135789_/D : -0.260445
[hold in-reg] wbs_adr_i[4] -> mprj/_137053_/D : -0.259030
[hold in-reg] wbs_adr_i[4] -> mprj/_137227_/D : -0.256962
[hold in-reg] wbs_adr_i[4] -> mprj/_136151_/D : -0.256439
[hold in-reg] wbs_adr_i[4] -> mprj/_136205_/D : -0.256047
[hold in-reg] wbs_adr_i[4] -> mprj/_136154_/D : -0.255977
[hold in-reg] wbs_dat_i[9] -> mprj/_136054_/D : -0.254748
[hold in-reg] wbs_adr_i[4] -> mprj/_137152_/D : -0.254745
[hold in-reg] wbs_dat_i[27] -> mprj/_136914_/D : -0.253073
[hold in-reg] wbs_adr_i[4] -> mprj/_137251_/D : -0.252381
[hold in-reg] wbs_adr_i[4] -> mprj/_136789_/D : -0.251936
[hold in-reg] wbs_adr_i[4] -> mprj/_136749_/D : -0.251612
[hold in-reg] wbs_adr_i[4] -> mprj/_135870_/D : -0.250419
[hold in-reg] wbs_dat_i[9] -> mprj/_136896_/D : -0.250278
[hold in-reg] wbs_adr_i[4] -> mprj/_136937_/D : -0.249360
[hold in-reg] wbs_adr_i[4] -> mprj/_137191_/D : -0.248709
[hold in-reg] wbs_adr_i[4] -> mprj/_136764_/D : -0.248156
[hold in-reg] wbs_adr_i[4] -> mprj/_137057_/D : -0.246744
[hold in-reg] wbs_adr_i[4] -> mprj/_135934_/D : -0.246155
[hold in-reg] wbs_dat_i[23] -> mprj/_136066_/D : -0.246111
[hold in-reg] wbs_dat_i[24] -> mprj/_137183_/D : -0.244560
[hold in-reg] wbs_adr_i[4] -> mprj/_136317_/D : -0.242723
[hold in-reg] wbs_adr_i[4] -> mprj/_136899_/D : -0.241556
[hold in-reg] wbs_adr_i[4] -> mprj/_136382_/D : -0.241232
[hold in-reg] wbs_adr_i[4] -> mprj/_137066_/D : -0.240802
[hold in-reg] wbs_adr_i[4] -> mprj/_137113_/D : -0.240656
[hold in-reg] wbs_adr_i[7] -> mprj/_135887_/D : -0.240169
[hold in-reg] wbs_adr_i[4] -> mprj/_136391_/D : -0.239480
[hold in-reg] wbs_adr_i[4] -> mprj/_135942_/D : -0.238672
[hold in-reg] wbs_adr_i[4] -> mprj/_136982_/D : -0.238527
[hold in-reg] wbs_dat_i[9] -> mprj/_137014_/D : -0.238046
[hold in-reg] wbs_dat_i[22] -> mprj/_136249_/D : -0.237674
[hold in-reg] wbs_adr_i[4] -> mprj/_136333_/D : -0.236210
[hold in-reg] wbs_dat_i[9] -> mprj/_137164_/D : -0.235823
[hold in-reg] wbs_adr_i[4] -> mprj/_136342_/D : -0.234166
[hold in-reg] wbs_adr_i[4] -> mprj/_136858_/D : -0.233205
[hold in-reg] wbs_adr_i[4] -> mprj/_136663_/D : -0.232931
[hold in-reg] wbs_adr_i[4] -> mprj/_136725_/D : -0.232576
[hold in-reg] wbs_adr_i[3] -> mprj/_136355_/D : -0.231560
[hold in-reg] wbs_adr_i[4] -> mprj/_136289_/D : -0.230068
[hold in-reg] wbs_adr_i[4] -> mprj/_137043_/D : -0.229416
[hold in-reg] wbs_dat_i[23] -> mprj/_136968_/D : -0.229172
[hold in-reg] wbs_adr_i[4] -> mprj/_136773_/D : -0.228085
[hold in-reg] wbs_adr_i[4] -> mprj/_136557_/D : -0.227083
[hold in-reg] wbs_dat_i[23] -> mprj/_137116_/D : -0.227007
[hold in-reg] wbs_adr_i[4] -> mprj/_136252_/D : -0.226628
[hold in-reg] wbs_adr_i[4] -> mprj/_136635_/D : -0.225923
[hold in-reg] wbs_dat_i[24] -> mprj/_137271_/D : -0.225666
[hold in-reg] wbs_adr_i[4] -> mprj/_136672_/D : -0.223977
[hold in-reg] wbs_adr_i[4] -> mprj/_136446_/D : -0.223475
[hold in-reg] wbs_dat_i[9] -> mprj/_136384_/D : -0.223096
[hold in-reg] wbs_dat_i[28] -> mprj/_137213_/D : -0.222618
[hold in-reg] wbs_adr_i[4] -> mprj/_136942_/D : -0.222432
[hold in-reg] wbs_dat_i[9] -> mprj/_136118_/D : -0.221789
[hold in-reg] wbs_adr_i[3] -> mprj/_136486_/D : -0.221620
[hold in-reg] wbs_adr_i[4] -> mprj/_135785_/D : -0.221408
[hold in-reg] wbs_adr_i[4] -> mprj/_135897_/D : -0.220922
[hold in-reg] wbs_dat_i[24] -> mprj/_136223_/D : -0.220779
[hold in-reg] wbs_adr_i[4] -> mprj/_137205_/D : -0.220243
[hold in-reg] wbs_adr_i[4] -> mprj/_135817_/D : -0.219778
[hold in-reg] wbs_adr_i[4] -> mprj/_136187_/D : -0.219528
[hold in-reg] wbs_adr_i[4] -> mprj/_136533_/D : -0.219149
[hold in-reg] wbs_adr_i[4] -> mprj/_136958_/D : -0.217837
[hold in-reg] wbs_dat_i[9] -> mprj/_136268_/D : -0.216938
[hold in-reg] wbs_adr_i[4] -> mprj/_136752_/D : -0.216104
[hold in-reg] wbs_dat_i[9] -> mprj/_136534_/D : -0.214822
[hold in-reg] wbs_adr_i[4] -> mprj/_136389_/D : -0.214738
[hold in-reg] wbs_adr_i[4] -> mprj/_137149_/D : -0.213717
[hold in-reg] wbs_dat_i[23] -> mprj/_136818_/D : -0.212864
[hold in-reg] wbs_adr_i[4] -> mprj/_137068_/D : -0.212784
[hold in-reg] wbs_adr_i[4] -> mprj/_135932_/D : -0.212640
[hold in-reg] wbs_dat_i[23] -> mprj/_137090_/D : -0.212014
[hold in-reg] wbs_dat_i[2] -> mprj/_136291_/D : -0.210643
[hold in-reg] wbs_adr_i[4] -> mprj/_136519_/D : -0.210104
[hold in-reg] wbs_adr_i[4] -> mprj/_136637_/D : -0.209603
[hold in-reg] wbs_adr_i[4] -> mprj/_135933_/D : -0.209058
[hold in-reg] wbs_adr_i[3] -> mprj/_136372_/D : -0.208784
[hold in-reg] wbs_adr_i[4] -> mprj/_136240_/D : -0.208680
[hold in-reg] wbs_adr_i[4] -> mprj/_135787_/D : -0.208614
[hold in-reg] wbs_dat_i[28] -> mprj/_137065_/D : -0.208464
[hold in-reg] wbs_adr_i[4] -> mprj/_136513_/D : -0.208391
[hold in-reg] wbs_adr_i[4] -> mprj/_136921_/D : -0.208210
[hold in-reg] wbs_adr_i[4] -> mprj/_136082_/D : -0.206667
[hold in-reg] wbs_adr_i[4] -> mprj/_135969_/D : -0.206630
[hold in-reg] wbs_adr_i[4] -> mprj/_136035_/D : -0.204047
[hold in-reg] wbs_adr_i[4] -> mprj/_136909_/D : -0.203971
[hold in-reg] wbs_adr_i[4] -> mprj/_136141_/D : -0.203694
[hold in-reg] wbs_adr_i[4] -> mprj/_135991_/D : -0.203088
[hold in-reg] wbs_dat_i[28] -> mprj/_135805_/D : -0.202749
[hold in-reg] wbs_adr_i[4] -> mprj/_136000_/D : -0.201142
[hold in-reg] wbs_adr_i[4] -> mprj/_136421_/D : -0.201128
[hold in-reg] wbs_adr_i[4] -> mprj/_136717_/D : -0.200296
[hold in-reg] wbs_adr_i[4] -> mprj/_135821_/D : -0.200275
[hold in-reg] wbs_adr_i[4] -> mprj/_136470_/D : -0.199865
[hold in-reg] wbs_adr_i[4] -> mprj/_135943_/D : -0.198237
[hold in-reg] wbs_adr_i[4] -> mprj/_135979_/D : -0.197995
[hold in-reg] wbs_dat_i[9] -> mprj/_136654_/D : -0.197322
[hold in-reg] wbs_adr_i[7] -> mprj/_136399_/D : -0.194966
[hold in-reg] wbs_adr_i[4] -> mprj/_136775_/D : -0.194944
[hold in-reg] wbs_dat_i[27] -> mprj/_136466_/D : -0.194514
[hold in-reg] wbs_adr_i[4] -> mprj/_137052_/D : -0.192163
[hold in-reg] wbs_dat_i[23] -> mprj/_137210_/D : -0.190960
[hold in-reg] wbs_adr_i[4] -> mprj/_136747_/D : -0.190560
[hold in-reg] wbs_adr_i[4] -> mprj/_135790_/D : -0.189782
[hold in-reg] wbs_adr_i[4] -> mprj/_136901_/D : -0.188948
[hold in-reg] wbs_dat_i[23] -> mprj/_136280_/D : -0.186525
[hold in-reg] wbs_adr_i[4] -> mprj/_136584_/D : -0.185594
[hold in-reg] wbs_dat_i[23] -> mprj/_135796_/D : -0.185329
[hold in-reg] wbs_adr_i[4] -> mprj/_136412_/D : -0.184731
[hold in-reg] wbs_adr_i[4] -> mprj/_136822_/D : -0.184647
[hold in-reg] wbs_dat_i[9] -> mprj/_135878_/D : -0.182819
[hold in-reg] wbs_dat_i[23] -> mprj/_137270_/D : -0.181188
[hold in-reg] wbs_adr_i[4] -> mprj/_136392_/D : -0.181037
[hold in-reg] wbs_dat_i[23] -> mprj/_137146_/D : -0.180693
[hold in-reg] wbs_adr_i[4] -> mprj/_136315_/D : -0.180346
[hold in-reg] wbs_dat_i[23] -> mprj/_136670_/D : -0.179572
[hold in-reg] wbs_adr_i[4] -> mprj/_136647_/D : -0.177504
[hold in-reg] wbs_dat_i[23] -> mprj/_136250_/D : -0.177445
[hold in-reg] wbs_adr_i[4] -> mprj/_137069_/D : -0.176403
[hold in-reg] wbs_adr_i[4] -> mprj/_135982_/D : -0.175974
[hold in-reg] wbs_dat_i[9] -> mprj/_136894_/D : -0.175622
[hold in-reg] wbs_adr_i[4] -> mprj/_136980_/D : -0.175581
[hold in-reg] wbs_dat_i[24] -> mprj/_136735_/D : -0.175426
[hold in-reg] wbs_adr_i[4] -> mprj/_137239_/D : -0.175185
[hold in-reg] wbs_adr_i[4] -> mprj/_135862_/D : -0.173412
[hold in-reg] wbs_adr_i[4] -> mprj/_137200_/D : -0.172887
[hold in-reg] wbs_adr_i[4] -> mprj/_135984_/D : -0.171795
[hold in-reg] wbs_adr_i[4] -> mprj/_136678_/D : -0.170287
[hold in-reg] wbs_adr_i[4] -> mprj/_136699_/D : -0.169198
[hold in-reg] wbs_adr_i[4] -> mprj/_137285_/D : -0.168571
[hold in-reg] wbs_adr_i[4] -> mprj/_137195_/D : -0.166962
[hold in-reg] wbs_adr_i[4] -> mprj/_136743_/D : -0.166894
[hold in-reg] wbs_adr_i[4] -> mprj/_135797_/D : -0.165685
[hold in-reg] wbs_adr_i[4] -> mprj/_135962_/D : -0.164864
[hold in-reg] wbs_adr_i[4] -> mprj/_137114_/D : -0.163469
[hold in-reg] wbs_adr_i[4] -> mprj/_136304_/D : -0.162173
[hold in-reg] wbs_adr_i[4] -> mprj/_137071_/D : -0.161087
[hold in-reg] wbs_dat_i[27] -> mprj/_136194_/D : -0.159829
[hold in-reg] wbs_adr_i[4] -> mprj/_137026_/D : -0.158967
[hold in-reg] wbs_dat_i[22] -> mprj/_137145_/D : -0.158945
[hold in-reg] wbs_dat_i[23] -> mprj/_137298_/D : -0.158765
[hold in-reg] wbs_adr_i[4] -> mprj/_136957_/D : -0.158525
[hold in-reg] wbs_adr_i[4] -> mprj/_137024_/D : -0.158311
[hold in-reg] wbs_adr_i[4] -> mprj/_136031_/D : -0.157013
[hold in-reg] wbs_adr_i[4] -> mprj/_136884_/D : -0.156921
[hold in-reg] wbs_adr_i[4] -> mprj/_135944_/D : -0.154115
[hold in-reg] wbs_adr_i[4] -> mprj/_136951_/D : -0.154078
[hold in-reg] wbs_adr_i[4] -> mprj/_136547_/D : -0.153873
[hold in-reg] wbs_dat_i[0] -> mprj/_136707_/D : -0.151914
[hold in-reg] wbs_adr_i[4] -> mprj/_136072_/D : -0.151114
[hold in-reg] wbs_adr_i[4] -> mprj/_136840_/D : -0.148433
[hold in-reg] wbs_dat_i[1] -> mprj/_136708_/D : -0.148109
[hold in-reg] wbs_dat_i[9] -> mprj/_137166_/D : -0.147367
[hold in-reg] wbs_adr_i[4] -> mprj/_136125_/D : -0.147021
[hold in-reg] wbs_adr_i[4] -> mprj/_136215_/D : -0.145564
[hold in-reg] wbs_dat_i[2] -> mprj/_135779_/D : -0.144605
[hold in-reg] wbs_adr_i[4] -> mprj/_136727_/D : -0.140722
[hold in-reg] wbs_adr_i[4] -> mprj/_136374_/D : -0.139466
[hold in-reg] wbs_adr_i[4] -> mprj/_136559_/D : -0.138609
[hold in-reg] wbs_dat_i[23] -> mprj/_136758_/D : -0.137666
[hold in-reg] wbs_adr_i[4] -> mprj/_137006_/D : -0.135792
[hold in-reg] wbs_adr_i[4] -> mprj/_135803_/D : -0.135031
[hold in-reg] wbs_adr_i[4] -> mprj/_136997_/D : -0.133341
[hold in-reg] wbs_adr_i[4] -> mprj/_136919_/D : -0.132943
[hold in-reg] wbs_adr_i[4] -> mprj/_136839_/D : -0.131568
[hold in-reg] wbs_adr_i[4] -> mprj/_136543_/D : -0.130429
[hold in-reg] wbs_dat_i[23] -> mprj/_136130_/D : -0.130076
[hold in-reg] wbs_dat_i[23] -> mprj/_136036_/D : -0.127567
[hold in-reg] wbs_dat_i[23] -> mprj/_136310_/D : -0.124650
[hold in-reg] wbs_dat_i[9] -> mprj/_137078_/D : -0.124412
[hold in-reg] wbs_adr_i[4] -> mprj/_136693_/D : -0.124182
[hold in-reg] wbs_adr_i[4] -> mprj/_136424_/D : -0.123088
[hold in-reg] wbs_dat_i[24] -> mprj/_136703_/D : -0.122313
[hold in-reg] wbs_adr_i[4] -> mprj/_137264_/D : -0.122071
[hold in-reg] wbs_adr_i[4] -> mprj/_136581_/D : -0.121872
[hold in-reg] wbs_adr_i[4] -> mprj/_136409_/D : -0.120580
[hold in-reg] wbs_adr_i[4] -> mprj/_137132_/D : -0.119768
[hold in-reg] wbs_dat_i[23] -> mprj/_136216_/D : -0.119564
[hold in-reg] wbs_dat_i[23] -> mprj/_136786_/D : -0.119334
[hold in-reg] wbs_dat_i[23] -> mprj/_136760_/D : -0.119272
[hold in-reg] wbs_adr_i[4] -> mprj/_136809_/D : -0.118641
[hold in-reg] wbs_dat_i[24] -> mprj/_137215_/D : -0.118336
[hold in-reg] wbs_dat_i[9] -> mprj/_136206_/D : -0.117638
[hold in-reg] wbs_adr_i[4] -> mprj/_136575_/D : -0.116132
[hold in-reg] wbs_adr_i[4] -> mprj/_136887_/D : -0.114654
[hold in-reg] wbs_adr_i[4] -> mprj/_135872_/D : -0.112510
[hold in-reg] wbs_adr_i[4] -> mprj/_136145_/D : -0.111960
[hold in-reg] wbs_adr_i[3] -> mprj/_136485_/D : -0.110742
[hold in-reg] wbs_adr_i[4] -> mprj/_136621_/D : -0.108306
[hold in-reg] wbs_adr_i[4] -> mprj/_135912_/D : -0.107264
[hold in-reg] wbs_adr_i[4] -> mprj/_137059_/D : -0.104546
[hold in-reg] wbs_adr_i[4] -> mprj/_136594_/D : -0.102230
[hold in-reg] wbs_dat_i[23] -> mprj/_136248_/D : -0.101497
[hold in-reg] wbs_adr_i[4] -> mprj/_136415_/D : -0.101011
[hold in-reg] wbs_adr_i[4] -> mprj/_136020_/D : -0.100478
[hold in-reg] wbs_adr_i[4] -> mprj/_136540_/D : -0.099953
[hold in-reg] wbs_dat_i[27] -> mprj/_136286_/D : -0.099132
[hold in-reg] wbs_adr_i[4] -> mprj/_136377_/D : -0.099004
[hold in-reg] wbs_adr_i[4] -> mprj/_136047_/D : -0.097799
[hold in-reg] wbs_adr_i[4] -> mprj/_137147_/D : -0.097186
[hold in-reg] wbs_dat_i[28] -> mprj/_136465_/D : -0.095950
[hold in-reg] wbs_dat_i[23] -> mprj/_136426_/D : -0.095766
[hold in-reg] wbs_adr_i[4] -> mprj/_136588_/D : -0.094026
[hold in-reg] wbs_adr_i[4] -> mprj/_136352_/D : -0.093198
[hold in-reg] wbs_adr_i[4] -> mprj/_136109_/D : -0.092895
[hold in-reg] wbs_dat_i[23] -> mprj/_136756_/D : -0.092642
[hold in-reg] wbs_adr_i[4] -> mprj/_136993_/D : -0.091681
[hold in-reg] wbs_adr_i[4] -> mprj/_136605_/D : -0.090661
[hold in-reg] wbs_adr_i[4] -> mprj/_136468_/D : -0.089067
[hold in-reg] wbs_adr_i[4] -> mprj/_136425_/D : -0.088987
[hold in-reg] wbs_adr_i[4] -> mprj/_136819_/D : -0.088519
[hold in-reg] wbs_adr_i[4] -> mprj/_136577_/D : -0.087047
[hold in-reg] wbs_dat_i[23] -> mprj/_136098_/D : -0.085599
[hold in-reg] wbs_dat_i[27] -> mprj/_137182_/D : -0.084825
[hold in-reg] wbs_dat_i[23] -> mprj/_137176_/D : -0.084187
[hold in-reg] wbs_adr_i[4] -> mprj/_136889_/D : -0.084044
[hold in-reg] wbs_adr_i[4] -> mprj/_135858_/D : -0.083682
[hold in-reg] wbs_adr_i[4] -> mprj/_136207_/D : -0.083191
[hold in-reg] wbs_adr_i[4] -> mprj/_136757_/D : -0.082364
[hold in-reg] wbs_adr_i[4] -> mprj/_136256_/D : -0.081365
[hold in-reg] wbs_adr_i[4] -> mprj/_136440_/D : -0.080811
[hold in-reg] wbs_dat_i[23] -> mprj/_136008_/D : -0.080297
[hold in-reg] wbs_dat_i[28] -> mprj/_136253_/D : -0.079163
[hold in-reg] wbs_adr_i[4] -> mprj/_135927_/D : -0.077289
[hold in-reg] wbs_dat_i[23] -> mprj/_137120_/D : -0.077018
[hold in-reg] wbs_adr_i[4] -> mprj/_136122_/D : -0.076716
[hold in-reg] wbs_dat_i[28] -> mprj/_135921_/D : -0.076080
[hold in-reg] wbs_adr_i[4] -> mprj/_137023_/D : -0.075028
[hold in-reg] wbs_adr_i[4] -> mprj/_136353_/D : -0.073712
[hold in-reg] wbs_adr_i[4] -> mprj/_136586_/D : -0.072359
[hold in-reg] wbs_dat_i[23] -> mprj/_137240_/D : -0.071022
[hold in-reg] wbs_adr_i[4] -> mprj/_136817_/D : -0.070930
[hold in-reg] wbs_adr_i[4] -> mprj/_135967_/D : -0.069394
[hold in-reg] wbs_adr_i[4] -> mprj/_137212_/D : -0.067809
[hold in-reg] wbs_adr_i[4] -> mprj/_136641_/D : -0.066133
[hold in-reg] wbs_dat_i[23] -> mprj/_137268_/D : -0.066055
[hold in-reg] wbs_adr_i[4] -> mprj/_137309_/D : -0.066009
[hold in-reg] wbs_adr_i[4] -> mprj/_136702_/D : -0.064449
[hold in-reg] wbs_adr_i[4] -> mprj/_136454_/D : -0.064285
[hold in-reg] wbs_adr_i[4] -> mprj/_136831_/D : -0.063901
[hold in-reg] wbs_adr_i[4] -> mprj/_135842_/D : -0.063161
[hold in-reg] wbs_adr_i[4] -> mprj/_136439_/D : -0.062752
[hold in-reg] wbs_dat_i[23] -> mprj/_136006_/D : -0.061004
[hold in-reg] wbs_dat_i[23] -> mprj/_136040_/D : -0.060894
[hold in-reg] wbs_adr_i[4] -> mprj/_135848_/D : -0.059933
[hold in-reg] wbs_adr_i[4] -> mprj/_136037_/D : -0.059768
[hold in-reg] wbs_adr_i[4] -> mprj/_136593_/D : -0.059435
[hold in-reg] wbs_dat_i[23] -> mprj/_135946_/D : -0.059230
[hold in-reg] wbs_adr_i[4] -> mprj/_136146_/D : -0.059205
[hold in-reg] wbs_adr_i[4] -> mprj/_136012_/D : -0.058072
[hold in-reg] wbs_adr_i[4] -> mprj/_136172_/D : -0.058040
[hold in-reg] wbs_dat_i[23] -> mprj/_136728_/D : -0.057927
[hold in-reg] wbs_adr_i[4] -> mprj/_137171_/D : -0.057852
[hold in-reg] wbs_adr_i[4] -> mprj/_136714_/D : -0.056282
[hold in-reg] wbs_dat_i[4] -> mprj/_136261_/D : -0.055826
[hold in-reg] wbs_dat_i[9] -> mprj/_136506_/D : -0.055656
[hold in-reg] wbs_adr_i[4] -> mprj/_136620_/D : -0.052827
[hold in-reg] wbs_adr_i[4] -> mprj/_136069_/D : -0.052821
[hold in-reg] wbs_dat_i[22] -> mprj/_136185_/D : -0.052331
[hold in-reg] wbs_adr_i[4] -> mprj/_135903_/D : -0.052085
[hold in-reg] wbs_adr_i[4] -> mprj/_136646_/D : -0.051837
[hold in-reg] wbs_dat_i[27] -> mprj/_136434_/D : -0.051562
[hold in-reg] wbs_dat_i[9] -> mprj/_136718_/D : -0.051378
[hold in-reg] wbs_adr_i[4] -> mprj/_135882_/D : -0.051033
[hold in-reg] wbs_adr_i[4] -> mprj/_136048_/D : -0.050106
[hold in-reg] wbs_adr_i[4] -> mprj/_137269_/D : -0.049476
[hold in-reg] wbs_adr_i[4] -> mprj/_136990_/D : -0.049406
[hold in-reg] wbs_adr_i[4] -> mprj/_136689_/D : -0.049289
[hold in-reg] wbs_adr_i[3] -> mprj/_136852_/D : -0.048571
[hold in-reg] wbs_dat_i[23] -> mprj/_135800_/D : -0.048057
[hold in-reg] wbs_adr_i[4] -> mprj/_136931_/D : -0.047716
[hold in-reg] wbs_adr_i[4] -> mprj/_136829_/D : -0.047288
[hold in-reg] wbs_dat_i[27] -> mprj/_135922_/D : -0.046932
[hold in-reg] wbs_dat_i[23] -> mprj/_136340_/D : -0.046651
[hold in-reg] wbs_adr_i[4] -> mprj/_136932_/D : -0.046581
[hold in-reg] wbs_adr_i[7] -> mprj/_137265_/D : -0.046303
[hold in-reg] wbs_adr_i[4] -> mprj/_136085_/D : -0.046025
[hold in-reg] wbs_adr_i[4] -> mprj/_135976_/D : -0.044570
[hold in-reg] wbs_adr_i[4] -> mprj/_137016_/D : -0.044411
[hold in-reg] wbs_adr_i[4] -> mprj/_136904_/D : -0.044033
[hold in-reg] wbs_adr_i[4] -> mprj/_137165_/D : -0.044008
[hold in-reg] wbs_adr_i[4] -> mprj/_137101_/D : -0.043761
[hold in-reg] wbs_adr_i[4] -> mprj/_135945_/D : -0.043005
[hold in-reg] wbs_adr_i[4] -> mprj/_137018_/D : -0.042889
[hold in-reg] wbs_adr_i[4] -> mprj/_135836_/D : -0.042691
[hold in-reg] wbs_adr_i[4] -> mprj/_136132_/D : -0.041600
[hold in-reg] wbs_dat_i[28] -> mprj/_137125_/D : -0.041003
[hold in-reg] wbs_adr_i[4] -> mprj/_137092_/D : -0.040874
[hold in-reg] wbs_adr_i[4] -> mprj/_137096_/D : -0.040211
[hold in-reg] wbs_dat_i[23] -> mprj/_136970_/D : -0.038314
[hold in-reg] wbs_adr_i[4] -> mprj/_135889_/D : -0.034612
[hold in-reg] wbs_adr_i[4] -> mprj/_137277_/D : -0.033948
[hold in-reg] wbs_adr_i[4] -> mprj/_136149_/D : -0.033135
[hold in-reg] wbs_adr_i[4] -> mprj/_136348_/D : -0.032949
[hold in-reg] wbs_adr_i[4] -> mprj/_136504_/D : -0.032782
[hold in-reg] wbs_adr_i[4] -> mprj/_137106_/D : -0.031618
[hold in-reg] wbs_adr_i[4] -> mprj/_136108_/D : -0.030826
[hold in-reg] wbs_adr_i[4] -> mprj/_136669_/D : -0.030463
[hold in-reg] wbs_adr_i[4] -> mprj/_136148_/D : -0.029634
[hold in-reg] wbs_adr_i[4] -> mprj/_136639_/D : -0.028752
[hold in-reg] wbs_adr_i[4] -> mprj/_136476_/D : -0.028694
[hold in-reg] wbs_dat_i[9] -> mprj/_136536_/D : -0.028603
[hold in-reg] wbs_adr_i[4] -> mprj/_135941_/D : -0.027880
[hold in-reg] wbs_adr_i[4] -> mprj/_136526_/D : -0.026484
[hold in-reg] wbs_adr_i[4] -> mprj/_137233_/D : -0.026281
[hold in-reg] wbs_adr_i[4] -> mprj/_137030_/D : -0.025890
[hold in-reg] wbs_adr_i[4] -> mprj/_136930_/D : -0.024049
[hold in-reg] wbs_adr_i[4] -> mprj/_136176_/D : -0.023702
[hold in-reg] wbs_dat_i[9] -> mprj/_136954_/D : -0.023142
[hold in-reg] wbs_adr_i[4] -> mprj/_136634_/D : -0.021341
[hold in-reg] wbs_adr_i[4] -> mprj/_135876_/D : -0.020689
[hold in-reg] wbs_adr_i[4] -> mprj/_137105_/D : -0.019731
[hold in-reg] wbs_adr_i[4] -> mprj/_136801_/D : -0.018400
[hold in-reg] wbs_adr_i[4] -> mprj/_137036_/D : -0.017667
[hold in-reg] wbs_adr_i[4] -> mprj/_136155_/D : -0.017261
[hold in-reg] wbs_dat_i[28] -> mprj/_136765_/D : -0.017009
[hold in-reg] wbs_adr_i[4] -> mprj/_136209_/D : -0.016345
[hold in-reg] wbs_adr_i[4] -> mprj/_136988_/D : -0.015905
[hold in-reg] wbs_adr_i[4] -> mprj/_137237_/D : -0.015806
[hold in-reg] wbs_adr_i[7] -> mprj/_136556_/D : -0.015179
[hold in-reg] wbs_adr_i[4] -> mprj/_136779_/D : -0.013428
[hold in-reg] wbs_adr_i[4] -> mprj/_135856_/D : -0.013224
[hold in-reg] wbs_adr_i[4] -> mprj/_136560_/D : -0.012031
[hold in-reg] wbs_dat_i[23] -> mprj/_136610_/D : -0.011442
[hold in-reg] wbs_adr_i[4] -> mprj/_136284_/D : -0.011013
[hold in-reg] wbs_adr_i[4] -> mprj/_136178_/D : -0.010948
[hold in-reg] wbs_adr_i[4] -> mprj/_136658_/D : -0.010609
[hold in-reg] wbs_dat_i[22] -> mprj/_137209_/D : -0.010588
[hold in-reg] wbs_adr_i[4] -> mprj/_135880_/D : -0.010012
[hold in-reg] wbs_dat_i[27] -> mprj/_136946_/D : -0.009486
[hold in-reg] wbs_adr_i[4] -> mprj/_136053_/D : -0.009198
[hold in-reg] wbs_adr_i[4] -> mprj/_135902_/D : -0.009168
[hold in-reg] wbs_adr_i[4] -> mprj/_135815_/D : -0.007558
[hold in-reg] wbs_dat_i[9] -> mprj/_137286_/D : -0.005244
[hold in-reg] wbs_adr_i[4] -> mprj/_136014_/D : -0.004484
[hold in-reg] wbs_adr_i[4] -> mprj/_136676_/D : -0.002419
[hold in-reg] wbs_dat_i[22] -> mprj/_136697_/D : -0.002245
[hold in-reg] wbs_adr_i[4] -> mprj/_136580_/D : -0.002104
[hold in-reg] wbs_adr_i[4] -> mprj/_135820_/D : -0.002019
[hold in-reg] wbs_adr_i[4] -> mprj/_136065_/D : -0.001953
[hold in-reg] wbs_adr_i[4] -> mprj/_137184_/D : -0.001616
[setup reg-reg] mprj/_153484_/Q -> mprj/_137431_/D : -1.313957
[setup reg-reg] mprj/_153484_/Q -> mprj/_139482_/D : -1.285606
[setup reg-reg] mprj/_153484_/Q -> mprj/_140058_/D : -1.279361
[setup reg-reg] mprj/_153484_/Q -> mprj/_140442_/D : -1.277947
[setup reg-reg] mprj/_153484_/Q -> mprj/_140250_/D : -1.275485
[setup reg-reg] mprj/_153484_/Q -> mprj/_139674_/D : -1.274572
[setup reg-reg] mprj/_153484_/Q -> mprj/_140926_/D : -1.261149
[setup reg-reg] mprj/_153484_/Q -> mprj/_140634_/D : -1.252037
[setup reg-reg] mprj/_153484_/Q -> mprj/_140923_/D : -1.159822
[setup reg-reg] mprj/_153484_/Q -> mprj/_140924_/D : -1.145967
[setup reg-reg] mprj/_153484_/Q -> mprj/_140823_/D : -1.116973
[setup reg-reg] mprj/_153484_/Q -> mprj/_140899_/D : -1.109306
[setup reg-reg] mprj/_153484_/Q -> mprj/_140825_/D : -1.089873
[setup reg-reg] mprj/_153484_/Q -> mprj/_140822_/D : -1.079961
[setup reg-reg] mprj/_153484_/Q -> mprj/_140821_/D : -1.072202
[setup reg-reg] mprj/_153484_/Q -> mprj/_140824_/D : -1.048758
[setup reg-reg] mprj/_153484_/Q -> mprj/_140160_/D : -1.021075
[setup reg-reg] mprj/_153484_/Q -> mprj/_140352_/D : -1.000920
[setup reg-reg] mprj/_153484_/Q -> mprj/_140826_/D : -0.992593
[setup reg-reg] mprj/_153484_/Q -> mprj/_139776_/D : -0.981395
[setup reg-reg] mprj/_153484_/Q -> mprj/_139968_/D : -0.979021
[setup reg-reg] mprj/_153484_/Q -> mprj/_140927_/D : -0.974161
[setup reg-reg] mprj/_153484_/Q -> mprj/_139478_/D : -0.959883
[setup reg-reg] mprj/_153484_/Q -> mprj/_140631_/D : -0.956845
[setup reg-reg] mprj/_153484_/Q -> mprj/_140544_/D : -0.956696
[setup reg-reg] mprj/_153484_/Q -> mprj/_140246_/D : -0.950624
[setup reg-reg] mprj/_153484_/Q -> mprj/_140633_/D : -0.947644
[setup reg-reg] mprj/_153484_/Q -> mprj/_140736_/D : -0.946752
[setup reg-reg] mprj/_153484_/Q -> mprj/_139670_/D : -0.946624
[setup reg-reg] mprj/_153484_/Q -> mprj/_139673_/D : -0.946439
[setup reg-reg] mprj/_153484_/Q -> mprj/_140247_/D : -0.944713
[setup reg-reg] mprj/_153484_/Q -> mprj/_140054_/D : -0.944148
[setup reg-reg] mprj/_153484_/Q -> mprj/_139481_/D : -0.944016
[setup reg-reg] mprj/_153484_/Q -> mprj/_139584_/D : -0.942762
[setup reg-reg] mprj/_153484_/Q -> mprj/_139641_/D : -0.937717
[setup reg-reg] mprj/_153484_/Q -> mprj/_140057_/D : -0.936918
[setup reg-reg] mprj/_153484_/Q -> mprj/_140055_/D : -0.934961
[setup reg-reg] mprj/_153484_/Q -> mprj/_139672_/D : -0.933252
[setup reg-reg] mprj/_153484_/Q -> mprj/_140542_/D : -0.932143
[setup reg-reg] mprj/_153484_/Q -> mprj/_139833_/D : -0.931728
[setup reg-reg] mprj/_153484_/Q -> mprj/_137430_/D : -0.931546
[setup reg-reg] mprj/_153484_/Q -> mprj/_139449_/D : -0.931347
[setup reg-reg] mprj/_153484_/Q -> mprj/_140249_/D : -0.930509
[setup reg-reg] mprj/_153484_/Q -> mprj/_140439_/D : -0.929358
[setup reg-reg] mprj/_153484_/Q -> mprj/_140248_/D : -0.928690
[setup reg-reg] mprj/_153484_/Q -> mprj/_139479_/D : -0.928367
[setup reg-reg] mprj/_153484_/Q -> mprj/_140437_/D : -0.928331
[setup reg-reg] mprj/_153484_/Q -> mprj/_139671_/D : -0.926860
[setup reg-reg] mprj/_153484_/Q -> mprj/_140632_/D : -0.925589
[setup reg-reg] mprj/_153484_/Q -> mprj/_140441_/D : -0.923986
[setup reg-reg] mprj/_153484_/Q -> mprj/_140440_/D : -0.923205
[setup reg-reg] mprj/_153484_/Q -> mprj/_140438_/D : -0.922970
[setup reg-reg] mprj/_153484_/Q -> mprj/_140056_/D : -0.920057
[setup reg-reg] mprj/_153484_/Q -> mprj/_140158_/D : -0.917886
[setup reg-reg] mprj/_153484_/Q -> mprj/_140217_/D : -0.913840
[setup reg-reg] mprj/_153484_/Q -> mprj/_139477_/D : -0.910340
[setup reg-reg] mprj/_153484_/Q -> mprj/_140350_/D : -0.909459
[setup reg-reg] mprj/_153484_/Q -> mprj/_140793_/D : -0.908852
[setup reg-reg] mprj/_153484_/Q -> mprj/_139480_/D : -0.907260
[setup reg-reg] mprj/_153484_/Q -> mprj/_140734_/D : -0.907040
[setup reg-reg] mprj/_153484_/Q -> mprj/_140053_/D : -0.906809
[setup reg-reg] mprj/_153484_/Q -> mprj/_137429_/D : -0.906731
[setup reg-reg] mprj/_153484_/Q -> mprj/_140245_/D : -0.906503
[setup reg-reg] mprj/_153484_/Q -> mprj/_139774_/D : -0.905551
[setup reg-reg] mprj/_153484_/Q -> mprj/_140629_/D : -0.905551
[setup reg-reg] mprj/_153484_/Q -> mprj/_139669_/D : -0.904574
[setup reg-reg] mprj/_153484_/Q -> mprj/_137426_/D : -0.903412
[setup reg-reg] mprj/_153484_/Q -> mprj/_137428_/D : -0.902542
[setup reg-reg] mprj/_153484_/Q -> mprj/_139966_/D : -0.902304
[setup reg-reg] mprj/_153484_/Q -> mprj/_137427_/D : -0.898901
[setup reg-reg] mprj/_153484_/Q -> mprj/_140409_/D : -0.898350
[setup reg-reg] mprj/_153484_/Q -> mprj/_139582_/D : -0.897991
[setup reg-reg] mprj/_153484_/Q -> mprj/_140630_/D : -0.891870
[setup reg-reg] mprj/_153484_/Q -> mprj/_140601_/D : -0.885841
[setup reg-reg] mprj/_153484_/Q -> mprj/_140025_/D : -0.878206
[setup reg-reg] mprj/_153484_/Q -> mprj/_140792_/D : -0.855323
[setup reg-reg] mprj/_153484_/Q -> mprj/_140794_/D : -0.855028
[setup reg-reg] mprj/_153484_/Q -> mprj/_139963_/D : -0.838700
[setup reg-reg] mprj/_153484_/Q -> mprj/_139771_/D : -0.837357
[setup reg-reg] mprj/_153484_/Q -> mprj/_140602_/D : -0.832991
[setup reg-reg] mprj/_153484_/Q -> mprj/_140026_/D : -0.826738
[setup reg-reg] mprj/_153484_/Q -> mprj/_139579_/D : -0.825551
[setup reg-reg] mprj/_153484_/Q -> mprj/_140916_/D : -0.824642
[setup reg-reg] mprj/_153484_/Q -> mprj/_139834_/D : -0.824148
[setup reg-reg] mprj/_153484_/Q -> mprj/_140347_/D : -0.818460
[setup reg-reg] mprj/_153484_/Q -> mprj/_140731_/D : -0.816325
[setup reg-reg] mprj/_153484_/Q -> mprj/_140155_/D : -0.815803
[setup reg-reg] mprj/_153484_/Q -> mprj/_139772_/D : -0.812772
[setup reg-reg] mprj/_153484_/Q -> mprj/_139580_/D : -0.808384
[setup reg-reg] mprj/_153484_/Q -> mprj/_140732_/D : -0.806054
[setup reg-reg] mprj/_153484_/Q -> mprj/_139450_/D : -0.804281
[setup reg-reg] mprj/_153484_/Q -> mprj/_140539_/D : -0.803485
[setup reg-reg] mprj/_153484_/Q -> mprj/_140218_/D : -0.803219
[setup reg-reg] mprj/_153484_/Q -> mprj/_140540_/D : -0.801940
[setup reg-reg] mprj/_153484_/Q -> mprj/_140156_/D : -0.796017
[setup reg-reg] mprj/_153484_/Q -> mprj/_139964_/D : -0.792678
[setup reg-reg] mprj/_153484_/Q -> mprj/_140410_/D : -0.785519
[setup reg-reg] mprj/_153484_/Q -> mprj/_140408_/D : -0.784507
[setup reg-reg] mprj/_153484_/Q -> mprj/_140348_/D : -0.779828
[setup reg-reg] mprj/_153484_/Q -> mprj/_140600_/D : -0.778350
[setup reg-reg] mprj/_153484_/Q -> mprj/_139642_/D : -0.776335
[setup reg-reg] mprj/_153484_/Q -> mprj/_139572_/D : -0.760206
[setup reg-reg] mprj/_153484_/Q -> mprj/_140340_/D : -0.759673
[setup reg-reg] mprj/_153484_/Q -> mprj/_139764_/D : -0.751012
[setup reg-reg] mprj/_153484_/Q -> mprj/_139956_/D : -0.748269
[setup reg-reg] mprj/_153484_/Q -> mprj/_140925_/D : -0.747598
[setup reg-reg] mprj/_153484_/Q -> mprj/_140143_/D : -0.739480
[setup reg-reg] mprj/_153484_/Q -> mprj/_140024_/D : -0.737639
[setup reg-reg] mprj/_153484_/Q -> mprj/_139567_/D : -0.736847
[setup reg-reg] mprj/_153484_/Q -> mprj/_140216_/D : -0.735909
[setup reg-reg] mprj/_153484_/Q -> mprj/_140148_/D : -0.734790
[setup reg-reg] mprj/_153484_/Q -> mprj/_140532_/D : -0.733579
[setup reg-reg] mprj/_153484_/Q -> mprj/_139448_/D : -0.727844
[setup reg-reg] mprj/_153484_/Q -> mprj/_140911_/D : -0.727614
[setup reg-reg] mprj/_153484_/Q -> mprj/_139640_/D : -0.725976
[setup reg-reg] mprj/_153484_/Q -> mprj/_139759_/D : -0.725510
[setup reg-reg] mprj/_153484_/Q -> mprj/_139951_/D : -0.721069
[setup reg-reg] mprj/_153484_/Q -> mprj/_140541_/D : -0.720046
[setup reg-reg] mprj/_153484_/Q -> mprj/_139832_/D : -0.719467
[setup reg-reg] mprj/_153484_/Q -> mprj/_140527_/D : -0.718920
[setup reg-reg] mprj/_153484_/Q -> mprj/_139965_/D : -0.716611
[setup reg-reg] mprj/_153484_/Q -> mprj/_140157_/D : -0.713367
[setup reg-reg] mprj/_153484_/Q -> mprj/_140733_/D : -0.710344
[setup reg-reg] mprj/_153484_/Q -> mprj/_140719_/D : -0.709580
[setup reg-reg] mprj/_153484_/Q -> mprj/_140349_/D : -0.709271
[setup reg-reg] mprj/_153484_/Q -> mprj/_139773_/D : -0.709186
[setup reg-reg] mprj/_153484_/Q -> mprj/_139581_/D : -0.709008
[setup reg-reg] mprj/_153484_/Q -> mprj/_140335_/D : -0.705946
[setup reg-reg] mprj/_153484_/Q -> mprj/_140582_/D : -0.687649
[setup reg-reg] mprj/_153484_/Q -> mprj/_140006_/D : -0.683894
[setup reg-reg] mprj/_153484_/Q -> mprj/_140966_/D : -0.679059
[setup reg-reg] mprj/_153484_/Q -> mprj/_140774_/D : -0.676373
[setup reg-reg] mprj/_153484_/Q -> mprj/_139622_/D : -0.673229
[setup reg-reg] mprj/_153484_/Q -> mprj/_140543_/D : -0.672031
[setup reg-reg] mprj/_153484_/Q -> mprj/_140967_/D : -0.670973
[setup reg-reg] mprj/_153484_/Q -> mprj/_140391_/D : -0.668521
[setup reg-reg] mprj/_153484_/Q -> mprj/_140007_/D : -0.664198
[setup reg-reg] mprj/_153484_/Q -> mprj/_140583_/D : -0.647912
[setup reg-reg] mprj/_153484_/Q -> mprj/_140876_/D : -0.646452
[setup reg-reg] mprj/_153484_/Q -> mprj/_140775_/D : -0.644889
[setup reg-reg] mprj/_153484_/Q -> mprj/_139815_/D : -0.639702
[setup reg-reg] mprj/_153484_/Q -> mprj/_140351_/D : -0.639560
[setup reg-reg] mprj/_153484_/Q -> mprj/_140159_/D : -0.638600
[setup reg-reg] mprj/_153484_/Q -> mprj/_140199_/D : -0.636270
[setup reg-reg] mprj/_153484_/Q -> mprj/_139775_/D : -0.633900
[setup reg-reg] mprj/_153484_/Q -> mprj/_139967_/D : -0.630322
[setup reg-reg] mprj/_153484_/Q -> mprj/_140735_/D : -0.627665
[setup reg-reg] mprj/_153484_/Q -> mprj/_139624_/D : -0.625821
[setup reg-reg] mprj/_153484_/Q -> mprj/_139817_/D : -0.625523
[setup reg-reg] mprj/_153484_/Q -> mprj/_139583_/D : -0.624979
[setup reg-reg] mprj/_153484_/Q -> mprj/_140969_/D : -0.623800
[setup reg-reg] mprj/_153484_/Q -> mprj/_139625_/D : -0.621352
[setup reg-reg] mprj/_153484_/Q -> mprj/_140393_/D : -0.620123
[setup reg-reg] mprj/_153484_/Q -> mprj/_139663_/D : -0.619348
[setup reg-reg] mprj/_153484_/Q -> mprj/_140201_/D : -0.618076
[setup reg-reg] mprj/_153484_/Q -> mprj/_139855_/D : -0.616904
[setup reg-reg] mprj/_153484_/Q -> mprj/_140585_/D : -0.614023
[setup reg-reg] mprj/_153484_/Q -> mprj/_139471_/D : -0.613365
[setup reg-reg] mprj/_153484_/Q -> mprj/_140965_/D : -0.611553
[setup reg-reg] mprj/_153484_/Q -> mprj/_140773_/D : -0.608573
[setup reg-reg] mprj/_153484_/Q -> mprj/_140724_/D : -0.606857
[setup reg-reg] mprj/_153484_/Q -> mprj/_140009_/D : -0.606807
[setup reg-reg] mprj/_153484_/Q -> mprj/_140777_/D : -0.604960
[setup reg-reg] mprj/_153484_/Q -> mprj/_140581_/D : -0.604938
[setup reg-reg] mprj/_153484_/Q -> mprj/_140239_/D : -0.604789
[setup reg-reg] mprj/_153484_/Q -> mprj/_140610_/D : -0.604356
[setup reg-reg] mprj/_153484_/Q -> mprj/_139639_/D : -0.602281
[setup reg-reg] mprj/_153484_/Q -> mprj/_140390_/D : -0.600256
[setup reg-reg] mprj/_153484_/Q -> mprj/_140047_/D : -0.599389
[setup reg-reg] mprj/_153484_/Q -> mprj/_139816_/D : -0.597822
[setup reg-reg] mprj/_153484_/Q -> mprj/_139814_/D : -0.595943
[setup reg-reg] mprj/_153484_/Q -> mprj/_140198_/D : -0.594245
[setup reg-reg] mprj/_153484_/Q -> mprj/_140008_/D : -0.593698
[setup reg-reg] mprj/_153484_/Q -> mprj/_140791_/D : -0.593165
[setup reg-reg] mprj/_153484_/Q -> mprj/_140215_/D : -0.590674
[setup reg-reg] mprj/_153484_/Q -> mprj/_140968_/D : -0.590347
[setup reg-reg] mprj/_153484_/Q -> mprj/_140584_/D : -0.587459
[setup reg-reg] mprj/_153484_/Q -> mprj/_140200_/D : -0.587121
[setup reg-reg] mprj/_153484_/Q -> mprj/_140392_/D : -0.587075
[setup reg-reg] mprj/_153484_/Q -> mprj/_140389_/D : -0.586478
[setup reg-reg] mprj/_153484_/Q -> mprj/_140226_/D : -0.585814
[setup reg-reg] mprj/_153484_/Q -> mprj/_140197_/D : -0.584365
[setup reg-reg] mprj/_153484_/Q -> mprj/_140005_/D : -0.579028
[setup reg-reg] mprj/_153484_/Q -> mprj/_139621_/D : -0.578876
[setup reg-reg] mprj/_153484_/Q -> mprj/_140815_/D : -0.578368
[setup reg-reg] mprj/_153484_/Q -> mprj/_139813_/D : -0.577739
[setup reg-reg] mprj/_153484_/Q -> mprj/_140776_/D : -0.577312
[setup reg-reg] mprj/_153484_/Q -> mprj/_140623_/D : -0.565986
[setup reg-reg] mprj/_153484_/Q -> mprj/_140795_/D : -0.565418
[setup reg-reg] mprj/_153484_/Q -> mprj/_140431_/D : -0.555897
[setup reg-reg] mprj/_153484_/Q -> mprj/_139475_/D : -0.552497
[setup reg-reg] mprj/_153484_/Q -> mprj/_140599_/D : -0.551097
[setup reg-reg] mprj/_153484_/Q -> mprj/_139623_/D : -0.548678
[setup reg-reg] mprj/_153484_/Q -> mprj/_139760_/D : -0.544002
[setup reg-reg] mprj/_153484_/Q -> mprj/_139667_/D : -0.543469
[setup reg-reg] mprj/_153484_/Q -> mprj/_140300_/D : -0.541746
[setup reg-reg] mprj/_153484_/Q -> mprj/_139568_/D : -0.540712
[setup reg-reg] mprj/_153484_/Q -> mprj/_140684_/D : -0.540329
[setup reg-reg] mprj/_153484_/Q -> mprj/_139447_/D : -0.538584
[setup reg-reg] mprj/_153484_/Q -> mprj/_139859_/D : -0.537739
[setup reg-reg] mprj/_153484_/Q -> mprj/_140796_/D : -0.534637
[setup reg-reg] mprj/_153484_/Q -> mprj/_140144_/D : -0.534470
[setup reg-reg] mprj/_153484_/Q -> mprj/_140492_/D : -0.534424
[setup reg-reg] mprj/_153484_/Q -> mprj/_139532_/D : -0.533639
[setup reg-reg] mprj/_153484_/Q -> mprj/_139835_/D : -0.532641
[setup reg-reg] mprj/_153484_/Q -> mprj/_140108_/D : -0.529163
[setup reg-reg] mprj/_153484_/Q -> mprj/_139952_/D : -0.525070
[setup reg-reg] mprj/_153484_/Q -> mprj/_139724_/D : -0.521538
[setup reg-reg] mprj/_153484_/Q -> mprj/_140023_/D : -0.518217
[setup reg-reg] mprj/_153484_/Q -> mprj/_139916_/D : -0.517293
[setup reg-reg] mprj/_153484_/Q -> mprj/_140407_/D : -0.516014
[setup reg-reg] mprj/_153484_/Q -> mprj/_139831_/D : -0.514735
[setup reg-reg] mprj/_153484_/Q -> mprj/_140912_/D : -0.514198
[setup reg-reg] mprj/_153484_/Q -> mprj/_140219_/D : -0.508940
[setup reg-reg] mprj/_153484_/Q -> mprj/_140411_/D : -0.508134
[setup reg-reg] mprj/_153484_/Q -> mprj/_140528_/D : -0.507150
[setup reg-reg] mprj/_153484_/Q -> mprj/_140336_/D : -0.504461
[setup reg-reg] mprj/_153484_/Q -> mprj/_140819_/D : -0.502574
[setup reg-reg] mprj/_153484_/Q -> mprj/_140720_/D : -0.499849
[setup reg-reg] mprj/_153484_/Q -> mprj/_140027_/D : -0.495547
[setup reg-reg] mprj/_153484_/Q -> mprj/_139643_/D : -0.490296
[setup reg-reg] mprj/_153484_/Q -> mprj/_140802_/D : -0.488917
[setup reg-reg] mprj/_153484_/Q -> mprj/_140603_/D : -0.487951
[setup reg-reg] mprj/_153484_/Q -> mprj/_139451_/D : -0.485219
[setup reg-reg] mprj/_153484_/Q -> mprj/_140627_/D : -0.479314
[setup reg-reg] mprj/_153484_/Q -> mprj/_140913_/D : -0.478540
[setup reg-reg] mprj/_153484_/Q -> mprj/_140051_/D : -0.472813
[setup reg-reg] mprj/_153484_/Q -> mprj/_140243_/D : -0.468031
[setup reg-reg] mprj/_153484_/Q -> mprj/_140435_/D : -0.467079
[setup reg-reg] mprj/_153484_/Q -> mprj/_140797_/D : -0.465022
[setup reg-reg] mprj/_153484_/Q -> mprj/_139665_/D : -0.462489
[setup reg-reg] mprj/_153484_/Q -> mprj/_140877_/D : -0.460442
[setup reg-reg] mprj/_153484_/Q -> mprj/_139953_/D : -0.457945
[setup reg-reg] mprj/_153484_/Q -> mprj/_140337_/D : -0.457931
[setup reg-reg] mprj/_153484_/Q -> mprj/_140529_/D : -0.457611
[setup reg-reg] mprj/_153484_/Q -> mprj/_139857_/D : -0.457149
[setup reg-reg] mprj/_153484_/Q -> mprj/_139569_/D : -0.455891
[setup reg-reg] mprj/_153484_/Q -> mprj/_139761_/D : -0.455419
[setup reg-reg] mprj/_153484_/Q -> mprj/_140145_/D : -0.451571
[setup reg-reg] mprj/_153484_/Q -> mprj/_140721_/D : -0.450065
[setup reg-reg] mprj/_153484_/Q -> mprj/_140241_/D : -0.445922
[setup reg-reg] mprj/_153484_/Q -> mprj/_140109_/D : -0.444707
[setup reg-reg] mprj/_153484_/Q -> mprj/_140685_/D : -0.444253
[setup reg-reg] mprj/_153484_/Q -> mprj/_140433_/D : -0.444018
[setup reg-reg] mprj/_153484_/Q -> mprj/_139725_/D : -0.441666
[setup reg-reg] mprj/_153484_/Q -> mprj/_139533_/D : -0.440441
[setup reg-reg] mprj/_153484_/Q -> mprj/_140493_/D : -0.438860
[setup reg-reg] mprj/_153484_/Q -> mprj/_139473_/D : -0.436799
[setup reg-reg] mprj/_153484_/Q -> mprj/_139917_/D : -0.435588
[setup reg-reg] mprj/_153484_/Q -> mprj/_140800_/D : -0.433992
[setup reg-reg] mprj/_153484_/Q -> mprj/_140301_/D : -0.433758
[setup reg-reg] mprj/_153484_/Q -> mprj/_139570_/D : -0.432717
[setup reg-reg] mprj/_153484_/Q -> mprj/_139842_/D : -0.424329
[setup reg-reg] mprj/_153484_/Q -> mprj/_140418_/D : -0.423572
[setup reg-reg] mprj/_153484_/Q -> mprj/_140530_/D : -0.419060
[setup reg-reg] mprj/_153484_/Q -> mprj/_139650_/D : -0.417767
[setup reg-reg] mprj/_153484_/Q -> mprj/_139458_/D : -0.417710
[setup reg-reg] mprj/_153484_/Q -> mprj/_140817_/D : -0.414747
[setup reg-reg] mprj/_153484_/Q -> mprj/_140034_/D : -0.409578
[setup reg-reg] mprj/_153484_/Q -> mprj/_139762_/D : -0.396852
[setup reg-reg] mprj/_153484_/Q -> mprj/_140625_/D : -0.393193
[setup reg-reg] mprj/_153484_/Q -> mprj/_140049_/D : -0.392717
[setup reg-reg] mprj/_153484_/Q -> mprj/_139954_/D : -0.390472
[setup reg-reg] mprj/_153484_/Q -> mprj/_140914_/D : -0.390042
[setup reg-reg] mprj/_153484_/Q -> mprj/_140338_/D : -0.382133
[setup reg-reg] mprj/_153484_/Q -> mprj/_139955_/D : -0.378250
[setup reg-reg] mprj/_153484_/Q -> mprj/_140146_/D : -0.377451
[setup reg-reg] mprj/_153484_/Q -> mprj/_140739_/D : -0.373799
[setup reg-reg] mprj/_153484_/Q -> mprj/_140816_/D : -0.355666
[setup reg-reg] mprj/_153484_/Q -> mprj/_140355_/D : -0.352955
[setup reg-reg] mprj/_153484_/Q -> mprj/_140935_/D : -0.352621
[setup reg-reg] mprj/_153484_/Q -> mprj/_140931_/D : -0.345153
[setup reg-reg] mprj/_153484_/Q -> mprj/_140805_/D : -0.342752
[setup reg-reg] mprj/_153484_/Q -> mprj/_140229_/D : -0.335454
[setup reg-reg] mprj/_153484_/Q -> mprj/_140547_/D : -0.332726
[setup reg-reg] mprj/_153484_/Q -> mprj/_140722_/D : -0.332161
[setup reg-reg] mprj/_153484_/Q -> mprj/_140915_/D : -0.331013
[setup reg-reg] mprj/_153484_/Q -> mprj/_140339_/D : -0.329010
[setup reg-reg] mprj/_153484_/Q -> mprj/_140803_/D : -0.327589
[setup reg-reg] mprj/_153484_/Q -> mprj/_140028_/D : -0.327297
[setup reg-reg] mprj/_153484_/Q -> mprj/_140613_/D : -0.325201
[setup reg-reg] mprj/_153484_/Q -> mprj/_140531_/D : -0.323404
[setup reg-reg] mprj/_153484_/Q -> mprj/_140421_/D : -0.322522
[setup reg-reg] mprj/_153484_/Q -> mprj/_139571_/D : -0.318984
[setup reg-reg] mprj/_153484_/Q -> mprj/_139461_/D : -0.318430
[setup reg-reg] mprj/_153484_/Q -> mprj/_139763_/D : -0.317602
[setup reg-reg] mprj/_153484_/Q -> mprj/_140642_/D : -0.317346
[setup reg-reg] mprj/_153484_/Q -> mprj/_140798_/D : -0.317318
[setup reg-reg] mprj/_153484_/Q -> mprj/_140412_/D : -0.316977
[setup reg-reg] mprj/_153484_/Q -> mprj/_139845_/D : -0.315936
[setup reg-reg] mprj/_153484_/Q -> mprj/_140147_/D : -0.314905
[setup reg-reg] mprj/_153484_/Q -> mprj/_140037_/D : -0.313687
[setup reg-reg] mprj/_153484_/Q -> mprj/_139587_/D : -0.313531
[setup reg-reg] mprj/_153484_/Q -> mprj/_139779_/D : -0.310695
[setup reg-reg] mprj/_153484_/Q -> mprj/_140606_/D : -0.308198
[setup reg-reg] mprj/_153484_/Q -> mprj/_139971_/D : -0.306969
[setup reg-reg] mprj/_153484_/Q -> mprj/_140644_/D : -0.306635
[setup reg-reg] mprj/_153484_/Q -> mprj/_140163_/D : -0.306105
[setup reg-reg] mprj/_153484_/Q -> mprj/_140723_/D : -0.305814
[setup reg-reg] mprj/_153484_/Q -> mprj/_139653_/D : -0.303817
[setup reg-reg] mprj/_153484_/Q -> mprj/_139454_/D : -0.297749
[setup reg-reg] mprj/_153484_/Q -> mprj/_139452_/D : -0.296758
[setup reg-reg] mprj/_153484_/Q -> mprj/_139836_/D : -0.288551
[setup reg-reg] mprj/_153484_/Q -> mprj/_140645_/D : -0.288335
[setup reg-reg] mprj/_153484_/Q -> mprj/_140604_/D : -0.286690
[setup reg-reg] mprj/_153484_/Q -> mprj/_140220_/D : -0.285048
[setup reg-reg] mprj/_153484_/Q -> mprj/_139646_/D : -0.284079
[setup reg-reg] mprj/_153484_/Q -> mprj/_139644_/D : -0.283961
[setup reg-reg] mprj/_153484_/Q -> mprj/_139838_/D : -0.275037
[setup reg-reg] mprj/_153484_/Q -> mprj/_140222_/D : -0.271278
[setup reg-reg] mprj/_153484_/Q -> mprj/_140030_/D : -0.269551
[setup reg-reg] mprj/_153484_/Q -> mprj/_140804_/D : -0.266009
[setup reg-reg] mprj/_153484_/Q -> mprj/_140414_/D : -0.265945
[setup reg-reg] mprj/_153484_/Q -> mprj/_140878_/D : -0.264208
[setup reg-reg] mprj/_153484_/Q -> mprj/_140643_/D : -0.262354
[setup reg-reg] mprj/_153484_/Q -> mprj/_139645_/D : -0.261366
[setup reg-reg] mprj/_153484_/Q -> mprj/_140605_/D : -0.257959
[setup reg-reg] mprj/_153484_/Q -> mprj/_139453_/D : -0.253326
[setup reg-reg] mprj/_153484_/Q -> mprj/_140029_/D : -0.250715
[setup reg-reg] mprj/_153484_/Q -> mprj/_139783_/D : -0.244867
[setup reg-reg] mprj/_153484_/Q -> mprj/_140875_/D : -0.241759
[setup reg-reg] mprj/_153484_/Q -> mprj/_139837_/D : -0.236149
[setup reg-reg] mprj/_153484_/Q -> mprj/_140928_/D : -0.235335
[setup reg-reg] mprj/_153484_/Q -> mprj/_140413_/D : -0.233033
[setup reg-reg] mprj/_153484_/Q -> mprj/_140608_/D : -0.232323
[setup reg-reg] mprj/_153484_/Q -> mprj/_140221_/D : -0.226446
[setup reg-reg] mprj/_153484_/Q -> mprj/_139975_/D : -0.223608
[setup reg-reg] mprj/_153484_/Q -> mprj/_140167_/D : -0.221938
[setup reg-reg] mprj/_153484_/Q -> mprj/_140224_/D : -0.220744
[setup reg-reg] mprj/_153484_/Q -> mprj/_140799_/D : -0.209639
[setup reg-reg] mprj/_153484_/Q -> mprj/_140901_/D : -0.209344
[setup reg-reg] mprj/_153484_/Q -> mprj/_140920_/D : -0.207304
[setup reg-reg] mprj/_153484_/Q -> mprj/_139456_/D : -0.204803
[setup reg-reg] mprj/_153484_/Q -> mprj/_140743_/D : -0.204263
[setup reg-reg] mprj/_153484_/Q -> mprj/_140032_/D : -0.203976
[setup reg-reg] mprj/_153484_/Q -> mprj/_139591_/D : -0.201133
[setup reg-reg] mprj/_153484_/Q -> mprj/_140607_/D : -0.199940
[setup reg-reg] mprj/_153484_/Q -> mprj/_140359_/D : -0.197428
[setup reg-reg] mprj/_153484_/Q -> mprj/_140551_/D : -0.196710
[setup reg-reg] mprj/_153484_/Q -> mprj/_139648_/D : -0.196000
[setup reg-reg] mprj/_153484_/Q -> mprj/_140917_/D : -0.194891
[setup reg-reg] mprj/_153484_/Q -> mprj/_140416_/D : -0.193801
[setup reg-reg] mprj/_153484_/Q -> mprj/_139840_/D : -0.192376
[setup reg-reg] mprj/_153484_/Q -> mprj/_140818_/D : -0.185992
[setup reg-reg] mprj/_153484_/Q -> mprj/_139455_/D : -0.185750
[setup reg-reg] mprj/_153484_/Q -> mprj/_139647_/D : -0.183810
[setup reg-reg] mprj/_153484_/Q -> mprj/_140223_/D : -0.182414
[setup reg-reg] mprj/_153484_/Q -> mprj/_140879_/D : -0.181821
[setup reg-reg] mprj/_153484_/Q -> mprj/_140415_/D : -0.180545
[setup reg-reg] mprj/_153484_/Q -> mprj/_140806_/D : -0.178190
[setup reg-reg] mprj/_153484_/Q -> mprj/_139726_/D : -0.177614
[setup reg-reg] mprj/_153484_/Q -> mprj/_139918_/D : -0.177550
[setup reg-reg] mprj/_153484_/Q -> mprj/_139534_/D : -0.176275
[setup reg-reg] mprj/_153484_/Q -> mprj/_139839_/D : -0.173749
[setup reg-reg] mprj/_153484_/Q -> mprj/_140031_/D : -0.173138
[setup reg-reg] mprj/_153484_/Q -> mprj/_140801_/D : -0.163972
[setup reg-reg] mprj/_153484_/Q -> mprj/_140918_/D : -0.162945
[setup reg-reg] mprj/_153484_/Q -> mprj/_139490_/D : -0.158938
[setup reg-reg] mprj/_153484_/Q -> mprj/_140039_/D : -0.152326
[setup reg-reg] mprj/_153484_/Q -> mprj/_140258_/D : -0.145885
[setup reg-reg] mprj/_153484_/Q -> mprj/_139682_/D : -0.143750
[setup reg-reg] mprj/_153484_/Q -> mprj/_140066_/D : -0.142538
[setup reg-reg] mprj/_153484_/Q -> mprj/_140807_/D : -0.133038
[setup reg-reg] mprj/_153484_/Q -> mprj/_140902_/D : -0.127734
[setup reg-reg] mprj/_153484_/Q -> mprj/_140762_/D : -0.120892
[setup reg-reg] mprj/_153484_/Q -> mprj/_139874_/D : -0.120526
[setup reg-reg] mprj/_153484_/Q -> mprj/_139868_/D : -0.120053
[setup reg-reg] mprj/_153484_/Q -> mprj/_140641_/D : -0.109004
[setup reg-reg] mprj/_153484_/Q -> mprj/_140763_/D : -0.108443
[setup reg-reg] mprj/_153484_/Q -> mprj/_140686_/D : -0.101195
[setup reg-reg] mprj/_153484_/Q -> mprj/_140302_/D : -0.100162
[setup reg-reg] mprj/_153484_/Q -> mprj/_140494_/D : -0.099675
[setup reg-reg] mprj/_153484_/Q -> mprj/_140110_/D : -0.097135
[setup reg-reg] mprj/_153484_/Q -> mprj/_140903_/D : -0.096190
[setup reg-reg] mprj/_153484_/Q -> mprj/_140900_/D : -0.095365
[setup reg-reg] mprj/_153484_/Q -> mprj/_140919_/D : -0.092058
[setup reg-reg] mprj/_153484_/Q -> mprj/_140609_/D : -0.088338
[setup reg-reg] mprj/_153484_/Q -> mprj/_140033_/D : -0.087084
[setup reg-reg] mprj/_153484_/Q -> mprj/_139457_/D : -0.076977
[setup reg-reg] mprj/_153484_/Q -> mprj/_140417_/D : -0.076756
[setup reg-reg] mprj/_153484_/Q -> mprj/_139841_/D : -0.074671
[setup reg-reg] mprj/_153484_/Q -> mprj/_139649_/D : -0.071999
[setup reg-reg] mprj/_153484_/Q -> mprj/_140225_/D : -0.071243
[setup reg-reg] mprj/_153484_/Q -> mprj/_140921_/D : -0.066791
[setup reg-reg] mprj/_153484_/Q -> mprj/_139524_/D : -0.057739
[setup reg-reg] mprj/_153484_/Q -> mprj/_139604_/D : -0.054520
[setup reg-reg] mprj/_153484_/Q -> mprj/_140432_/D : -0.052960
[setup reg-reg] mprj/_153484_/Q -> mprj/_140100_/D : -0.046679
[setup reg-reg] mprj/_153484_/Q -> mprj/_140948_/D : -0.046292
[setup reg-reg] mprj/_153484_/Q -> mprj/_139606_/D : -0.041656
[setup reg-reg] mprj/_153484_/Q -> mprj/_140894_/D : -0.037520
[setup reg-reg] mprj/_153484_/Q -> mprj/_140858_/D : -0.034717
[setup reg-reg] mprj/_153484_/Q -> mprj/_140624_/D : -0.029168
[setup reg-reg] mprj/_153484_/Q -> mprj/_140048_/D : -0.026620
[setup reg-reg] mprj/_153484_/Q -> mprj/_140240_/D : -0.026368
[setup reg-reg] mprj/_153484_/Q -> mprj/_140107_/D : -0.024830
[setup reg-reg] mprj/_153484_/Q -> mprj/_140950_/D : -0.023881
[setup reg-reg] mprj/_153484_/Q -> mprj/_140895_/D : -0.022318
[setup reg-reg] mprj/_153484_/Q -> mprj/_139664_/D : -0.019782
[setup reg-reg] mprj/_153484_/Q -> mprj/_140374_/D : -0.019654
[setup reg-reg] mprj/_153484_/Q -> mprj/_140566_/D : -0.018112
[setup reg-reg] mprj/_153484_/Q -> mprj/_139472_/D : -0.016843
[setup reg-reg] mprj/_153484_/Q -> mprj/_139988_/D : -0.015337
[setup reg-reg] mprj/_153484_/Q -> mprj/_140491_/D : -0.014193
[setup reg-reg] mprj/_153484_/Q -> mprj/_140683_/D : -0.011084
[setup reg-reg] mprj/_153484_/Q -> mprj/_139990_/D : -0.010822
[setup reg-reg] mprj/_153484_/Q -> mprj/_139716_/D : -0.007262
[setup reg-reg] mprj/_153484_/Q -> mprj/_139531_/D : -0.006931
[setup reg-reg] mprj/_153484_/Q -> mprj/_139798_/D : -0.006619
[setup reg-reg] mprj/_153484_/Q -> mprj/_139856_/D : -0.006267
[setup reg-reg] mprj/_153484_/Q -> mprj/_139723_/D : -0.006043
[setup reg-reg] mprj/_153484_/Q -> mprj/_139915_/D : -0.005770
[setup reg-reg] mprj/_153484_/Q -> mprj/_140756_/D : -0.003453
[setup reg-reg] mprj/_153484_/Q -> mprj/_140897_/D : -0.002210
