Clock: clk
Sources: wb_clk_i 
Generated: no
Virtual: yes
Propagated: no
Period: 25.000000

===========================================================================
report_clock_properties
============================================================================
Clock                   Period          Waveform
----------------------------------------------------
clk                  25.000000    0.000000 12.500000

===========================================================================
report_clock_latency
============================================================================
Clock clk
rise -> rise
    min     max
4.650000 5.570000 source latency
7.862356         network latency mprj/_153328_/CLK
        9.521345 network latency mprj/_135957_/CLK
---------------
12.512356 15.091346 latency
        2.578990 skew

fall -> fall
    min     max
4.650000 5.570000 source latency
7.572034         network latency mprj/_153328_/CLK
        9.112818 network latency mprj/_135957_/CLK
---------------
12.222034 14.682817 latency
        2.460784 skew



===========================================================================
report_clock_min_period
============================================================================
clk period_min = 15.53 fmax = 64.39
