Clock: clk
Sources: wb_clk_i 
Generated: no
Virtual: yes
Propagated: no
Period: 25.000000

===========================================================================
report_clock_properties
============================================================================
Clock                   Period          Waveform
----------------------------------------------------
clk                  25.000000    0.000000 12.500000

===========================================================================
report_clock_latency
============================================================================
Clock clk
rise -> rise
    min     max
4.650000 5.570000 source latency
6.663265         network latency mprj/_153328_/CLK
        8.030087 network latency mprj/_135957_/CLK
---------------
11.313265 13.600088 latency
        2.286823 skew

fall -> fall
    min     max
4.650000 5.570000 source latency
6.623274         network latency mprj/_153328_/CLK
        7.926021 network latency mprj/_135957_/CLK
---------------
11.273274 13.496020 latency
        2.222747 skew



===========================================================================
report_clock_min_period
============================================================================
clk period_min = 9.56 fmax = 104.57
