
===========================================================================
Violator List
============================================================================
[hold in-reg] wbs_adr_i[4] -> mprj/_136971_/D : -1.200168
[hold in-reg] wbs_adr_i[4] -> mprj/_136491_/D : -1.198171
[hold in-reg] wbs_adr_i[4] -> mprj/_136075_/D : -1.196963
[hold in-reg] wbs_adr_i[4] -> mprj/_136555_/D : -1.193209
[hold in-reg] wbs_adr_i[4] -> mprj/_136043_/D : -1.189765
[hold in-reg] wbs_adr_i[4] -> mprj/_137307_/D : -1.146593
[hold in-reg] wbs_adr_i[4] -> mprj/_136510_/D : -1.142076
[hold in-reg] wbs_adr_i[4] -> mprj/_135931_/D : -1.122564
[hold in-reg] wbs_adr_i[4] -> mprj/_137211_/D : -1.106932
[hold in-reg] wbs_adr_i[4] -> mprj/_137022_/D : -1.101903
[hold in-reg] wbs_adr_i[4] -> mprj/_136827_/D : -1.098033
[hold in-reg] wbs_adr_i[4] -> mprj/_135895_/D : -1.096562
[hold in-reg] wbs_adr_i[4] -> mprj/_136011_/D : -1.093899
[hold in-reg] wbs_adr_i[4] -> mprj/_135835_/D : -1.058248
[hold in-reg] wbs_adr_i[4] -> mprj/_136523_/D : -1.058056
[hold in-reg] wbs_adr_i[4] -> mprj/_136569_/D : -1.057595
[hold in-reg] wbs_adr_i[4] -> mprj/_136731_/D : -1.054973
[hold in-reg] wbs_adr_i[4] -> mprj/_137035_/D : -1.054654
[hold in-reg] wbs_adr_i[4] -> mprj/_137081_/D : -1.048572
[hold in-reg] wbs_adr_i[4] -> mprj/_136965_/D : -1.040090
[hold in-reg] wbs_adr_i[4] -> mprj/_137243_/D : -1.032654
[hold in-reg] wbs_adr_i[4] -> mprj/_135899_/D : -1.030507
[hold in-reg] wbs_adr_i[4] -> mprj/_136761_/D : -1.003851
[hold in-reg] wbs_adr_i[4] -> mprj/_135865_/D : -0.998287
[hold in-reg] wbs_adr_i[4] -> mprj/_136251_/D : -0.996486
[hold in-reg] wbs_adr_i[4] -> mprj/_136551_/D : -0.994850
[hold in-reg] wbs_adr_i[4] -> mprj/_136592_/D : -0.991119
[hold in-reg] wbs_adr_i[4] -> mprj/_137031_/D : -0.989300
[hold in-reg] wbs_adr_i[4] -> mprj/_136135_/D : -0.983848
[hold in-reg] wbs_adr_i[4] -> mprj/_136080_/D : -0.982388
[hold in-reg] wbs_adr_i[4] -> mprj/_136411_/D : -0.979213
[hold in-reg] wbs_adr_i[4] -> mprj/_137241_/D : -0.977173
[hold in-reg] wbs_adr_i[4] -> mprj/_137301_/D : -0.975942
[hold in-reg] wbs_adr_i[4] -> mprj/_136572_/D : -0.974534
[hold in-reg] wbs_adr_i[4] -> mprj/_136763_/D : -0.970799
[hold in-reg] wbs_adr_i[4] -> mprj/_135798_/D : -0.970339
[hold in-reg] wbs_adr_i[4] -> mprj/_137063_/D : -0.967285
[hold in-reg] wbs_adr_i[4] -> mprj/_135828_/D : -0.966103
[hold in-reg] wbs_adr_i[4] -> mprj/_136591_/D : -0.963813
[hold in-reg] wbs_adr_i[4] -> mprj/_136791_/D : -0.963302
[hold in-reg] wbs_adr_i[4] -> mprj/_136111_/D : -0.962516
[hold in-reg] wbs_adr_i[4] -> mprj/_136870_/D : -0.962060
[hold in-reg] wbs_adr_i[4] -> mprj/_136552_/D : -0.961350
[hold in-reg] wbs_adr_i[4] -> mprj/_136745_/D : -0.960893
[hold in-reg] wbs_adr_i[4] -> mprj/_136324_/D : -0.953586
[hold in-reg] wbs_adr_i[4] -> mprj/_135867_/D : -0.952264
[hold in-reg] wbs_adr_i[4] -> mprj/_136561_/D : -0.948909
[hold in-reg] wbs_adr_i[4] -> mprj/_135860_/D : -0.943662
[hold in-reg] wbs_adr_i[4] -> mprj/_136805_/D : -0.943593
[hold in-reg] wbs_adr_i[4] -> mprj/_136511_/D : -0.942924
[hold in-reg] wbs_adr_i[4] -> mprj/_136539_/D : -0.942605
[hold in-reg] wbs_adr_i[4] -> mprj/_136509_/D : -0.942524
[hold in-reg] wbs_adr_i[4] -> mprj/_137076_/D : -0.941456
[hold in-reg] wbs_adr_i[4] -> mprj/_137007_/D : -0.940789
[hold in-reg] wbs_adr_i[4] -> mprj/_136281_/D : -0.940545
[hold in-reg] wbs_adr_i[4] -> mprj/_136793_/D : -0.938575
[hold in-reg] wbs_adr_i[4] -> mprj/_137305_/D : -0.937349
[hold in-reg] wbs_adr_i[4] -> mprj/_137009_/D : -0.936450
[hold in-reg] wbs_adr_i[4] -> mprj/_136564_/D : -0.934957
[hold in-reg] wbs_adr_i[4] -> mprj/_136541_/D : -0.934903
[hold in-reg] wbs_adr_i[4] -> mprj/_137204_/D : -0.934266
[hold in-reg] wbs_adr_i[4] -> mprj/_136079_/D : -0.931444
[hold in-reg] wbs_adr_i[4] -> mprj/_136062_/D : -0.931162
[hold in-reg] wbs_adr_i[4] -> mprj/_137140_/D : -0.930681
[hold in-reg] wbs_adr_i[4] -> mprj/_136019_/D : -0.930192
[hold in-reg] wbs_adr_i[4] -> mprj/_137275_/D : -0.928570
[hold in-reg] wbs_adr_i[4] -> mprj/_137064_/D : -0.927040
[hold in-reg] wbs_adr_i[4] -> mprj/_136180_/D : -0.923973
[hold in-reg] wbs_adr_i[4] -> mprj/_136531_/D : -0.923654
[hold in-reg] wbs_adr_i[4] -> mprj/_137303_/D : -0.923140
[hold in-reg] wbs_adr_i[4] -> mprj/_137273_/D : -0.923107
[hold in-reg] wbs_adr_i[4] -> mprj/_137051_/D : -0.922902
[hold in-reg] wbs_adr_i[4] -> mprj/_136293_/D : -0.921404
[hold in-reg] wbs_adr_i[4] -> mprj/_136211_/D : -0.921062
[hold in-reg] wbs_adr_i[4] -> mprj/_136836_/D : -0.920525
[hold in-reg] wbs_adr_i[4] -> mprj/_136123_/D : -0.919847
[hold in-reg] wbs_adr_i[4] -> mprj/_136021_/D : -0.919140
[hold in-reg] wbs_adr_i[4] -> mprj/_136923_/D : -0.915298
[hold in-reg] wbs_adr_i[4] -> mprj/_136049_/D : -0.913166
[hold in-reg] wbs_adr_i[4] -> mprj/_137248_/D : -0.909244
[hold in-reg] wbs_adr_i[4] -> mprj/_135831_/D : -0.908505
[hold in-reg] wbs_adr_i[4] -> mprj/_136859_/D : -0.907930
[hold in-reg] wbs_adr_i[4] -> mprj/_136692_/D : -0.904870
[hold in-reg] wbs_adr_i[4] -> mprj/_137039_/D : -0.903982
[hold in-reg] wbs_adr_i[4] -> mprj/_136005_/D : -0.903577
[hold in-reg] wbs_adr_i[4] -> mprj/_136134_/D : -0.900642
[hold in-reg] wbs_adr_i[4] -> mprj/_136602_/D : -0.898521
[hold in-reg] wbs_adr_i[4] -> mprj/_136059_/D : -0.897107
[hold in-reg] wbs_adr_i[4] -> mprj/_136738_/D : -0.895438
[hold in-reg] wbs_adr_i[4] -> mprj/_136570_/D : -0.895167
[hold in-reg] wbs_adr_i[4] -> mprj/_136027_/D : -0.894938
[hold in-reg] wbs_adr_i[4] -> mprj/_136287_/D : -0.893003
[hold in-reg] wbs_adr_i[4] -> mprj/_137153_/D : -0.892379
[hold in-reg] wbs_adr_i[4] -> mprj/_136601_/D : -0.892304
[hold in-reg] wbs_adr_i[4] -> mprj/_136723_/D : -0.891924
[hold in-reg] wbs_adr_i[4] -> mprj/_136061_/D : -0.891851
[hold in-reg] wbs_adr_i[4] -> mprj/_136414_/D : -0.891745
[hold in-reg] wbs_adr_i[4] -> mprj/_136781_/D : -0.889682
[hold in-reg] wbs_adr_i[4] -> mprj/_137029_/D : -0.889468
[hold in-reg] wbs_adr_i[4] -> mprj/_136871_/D : -0.888470
[hold in-reg] wbs_adr_i[4] -> mprj/_136528_/D : -0.887348
[hold in-reg] wbs_adr_i[4] -> mprj/_136917_/D : -0.886593
[hold in-reg] wbs_adr_i[4] -> mprj/_136093_/D : -0.886277
[hold in-reg] wbs_adr_i[4] -> mprj/_136445_/D : -0.884576
[hold in-reg] wbs_adr_i[4] -> mprj/_135911_/D : -0.883706
[hold in-reg] wbs_adr_i[4] -> mprj/_136891_/D : -0.883332
[hold in-reg] wbs_adr_i[4] -> mprj/_136616_/D : -0.881190
[hold in-reg] wbs_adr_i[4] -> mprj/_136347_/D : -0.880003
[hold in-reg] wbs_adr_i[4] -> mprj/_136444_/D : -0.879961
[hold in-reg] wbs_adr_i[4] -> mprj/_137283_/D : -0.879586
[hold in-reg] wbs_adr_i[4] -> mprj/_136104_/D : -0.877935
[hold in-reg] wbs_adr_i[4] -> mprj/_137242_/D : -0.877261
[hold in-reg] wbs_adr_i[4] -> mprj/_135866_/D : -0.877053
[hold in-reg] wbs_adr_i[4] -> mprj/_137073_/D : -0.876772
[hold in-reg] wbs_adr_i[4] -> mprj/_136507_/D : -0.876675
[hold in-reg] wbs_adr_i[4] -> mprj/_136099_/D : -0.874408
[hold in-reg] wbs_adr_i[4] -> mprj/_136956_/D : -0.874032
[hold in-reg] wbs_adr_i[4] -> mprj/_136497_/D : -0.873104
[hold in-reg] wbs_adr_i[4] -> mprj/_135996_/D : -0.872983
[hold in-reg] wbs_adr_i[4] -> mprj/_136081_/D : -0.872977
[hold in-reg] wbs_adr_i[4] -> mprj/_136872_/D : -0.872771
[hold in-reg] wbs_adr_i[4] -> mprj/_136821_/D : -0.872549
[hold in-reg] wbs_adr_i[4] -> mprj/_136515_/D : -0.872103
[hold in-reg] wbs_adr_i[4] -> mprj/_136517_/D : -0.872071
[hold in-reg] wbs_adr_i[4] -> mprj/_137284_/D : -0.870880
[hold in-reg] wbs_adr_i[4] -> mprj/_137141_/D : -0.870450
[hold in-reg] wbs_adr_i[4] -> mprj/_136535_/D : -0.870119
[hold in-reg] wbs_adr_i[4] -> mprj/_137040_/D : -0.869318
[hold in-reg] wbs_adr_i[4] -> mprj/_136346_/D : -0.868645
[hold in-reg] wbs_adr_i[4] -> mprj/_137131_/D : -0.868207
[hold in-reg] wbs_adr_i[4] -> mprj/_135995_/D : -0.867988
[hold in-reg] wbs_adr_i[4] -> mprj/_137015_/D : -0.867558
[hold in-reg] wbs_adr_i[4] -> mprj/_135997_/D : -0.866922
[hold in-reg] wbs_adr_i[4] -> mprj/_136505_/D : -0.866571
[hold in-reg] wbs_adr_i[4] -> mprj/_136282_/D : -0.866540
[hold in-reg] wbs_adr_i[4] -> mprj/_136073_/D : -0.866364
[hold in-reg] wbs_adr_i[4] -> mprj/_137094_/D : -0.864886
[hold in-reg] wbs_adr_i[4] -> mprj/_137037_/D : -0.864828
[hold in-reg] wbs_adr_i[4] -> mprj/_136025_/D : -0.864739
[hold in-reg] wbs_adr_i[4] -> mprj/_136171_/D : -0.863954
[hold in-reg] wbs_adr_i[4] -> mprj/_136071_/D : -0.863072
[hold in-reg] wbs_adr_i[4] -> mprj/_136762_/D : -0.862631
[hold in-reg] wbs_adr_i[4] -> mprj/_137027_/D : -0.862359
[hold in-reg] wbs_adr_i[4] -> mprj/_136985_/D : -0.862041
[hold in-reg] wbs_adr_i[4] -> mprj/_136573_/D : -0.861005
[hold in-reg] wbs_adr_i[4] -> mprj/_136585_/D : -0.860663
[hold in-reg] wbs_adr_i[4] -> mprj/_136076_/D : -0.860143
[hold in-reg] wbs_adr_i[4] -> mprj/_136972_/D : -0.859313
[hold in-reg] wbs_adr_i[4] -> mprj/_136537_/D : -0.858668
[hold in-reg] wbs_adr_i[4] -> mprj/_136571_/D : -0.857313
[hold in-reg] wbs_adr_i[4] -> mprj/_136619_/D : -0.857245
[hold in-reg] wbs_adr_i[4] -> mprj/_137003_/D : -0.856888
[hold in-reg] wbs_adr_i[4] -> mprj/_136379_/D : -0.856316
[hold in-reg] wbs_adr_i[4] -> mprj/_136331_/D : -0.855763
[hold in-reg] wbs_adr_i[4] -> mprj/_137067_/D : -0.855554
[hold in-reg] wbs_adr_i[4] -> mprj/_135883_/D : -0.853960
[hold in-reg] wbs_adr_i[4] -> mprj/_136107_/D : -0.852871
[hold in-reg] wbs_adr_i[4] -> mprj/_136345_/D : -0.852630
[hold in-reg] wbs_adr_i[4] -> mprj/_136473_/D : -0.851082
[hold in-reg] wbs_adr_i[4] -> mprj/_136979_/D : -0.849984
[hold in-reg] wbs_adr_i[4] -> mprj/_137021_/D : -0.849854
[hold in-reg] wbs_adr_i[4] -> mprj/_136181_/D : -0.849324
[hold in-reg] wbs_adr_i[4] -> mprj/_137306_/D : -0.849160
[hold in-reg] wbs_adr_i[4] -> mprj/_137272_/D : -0.848133
[hold in-reg] wbs_adr_i[4] -> mprj/_137019_/D : -0.847725
[hold in-reg] wbs_adr_i[4] -> mprj/_136614_/D : -0.847352
[hold in-reg] wbs_adr_i[4] -> mprj/_136121_/D : -0.846328
[hold in-reg] wbs_adr_i[4] -> mprj/_135974_/D : -0.845903
[hold in-reg] wbs_adr_i[4] -> mprj/_136115_/D : -0.845186
[hold in-reg] wbs_adr_i[4] -> mprj/_136295_/D : -0.843764
[hold in-reg] wbs_adr_i[4] -> mprj/_136521_/D : -0.843221
[hold in-reg] wbs_adr_i[4] -> mprj/_136959_/D : -0.841998
[hold in-reg] wbs_adr_i[4] -> mprj/_137083_/D : -0.841611
[hold in-reg] wbs_adr_i[4] -> mprj/_136799_/D : -0.840667
[hold in-reg] wbs_adr_i[4] -> mprj/_135801_/D : -0.840406
[hold in-reg] wbs_adr_i[4] -> mprj/_136450_/D : -0.838569
[hold in-reg] wbs_adr_i[4] -> mprj/_136296_/D : -0.838273
[hold in-reg] wbs_adr_i[4] -> mprj/_136341_/D : -0.838225
[hold in-reg] wbs_adr_i[4] -> mprj/_136583_/D : -0.837431
[hold in-reg] wbs_adr_i[4] -> mprj/_137095_/D : -0.836405
[hold in-reg] wbs_adr_i[4] -> mprj/_136983_/D : -0.835278
[hold in-reg] wbs_adr_i[4] -> mprj/_136808_/D : -0.834516
[hold in-reg] wbs_adr_i[4] -> mprj/_137218_/D : -0.834178
[hold in-reg] wbs_adr_i[4] -> mprj/_136103_/D : -0.832838
[hold in-reg] wbs_adr_i[4] -> mprj/_135784_/D : -0.831311
[hold in-reg] wbs_adr_i[4] -> mprj/_136359_/D : -0.830110
[hold in-reg] wbs_adr_i[4] -> mprj/_136582_/D : -0.830062
[hold in-reg] wbs_adr_i[4] -> mprj/_136343_/D : -0.829712
[hold in-reg] wbs_adr_i[4] -> mprj/_137033_/D : -0.829616
[hold in-reg] wbs_adr_i[4] -> mprj/_136961_/D : -0.829578
[hold in-reg] wbs_adr_i[4] -> mprj/_137217_/D : -0.829416
[hold in-reg] wbs_adr_i[4] -> mprj/_135834_/D : -0.828977
[hold in-reg] wbs_adr_i[4] -> mprj/_136977_/D : -0.827430
[hold in-reg] wbs_adr_i[4] -> mprj/_136393_/D : -0.826341
[hold in-reg] wbs_adr_i[4] -> mprj/_137203_/D : -0.825943
[hold in-reg] wbs_adr_i[4] -> mprj/_136527_/D : -0.825636
[hold in-reg] wbs_adr_i[4] -> mprj/_136022_/D : -0.825193
[hold in-reg] wbs_adr_i[4] -> mprj/_136807_/D : -0.824070
[hold in-reg] wbs_adr_i[4] -> mprj/_136385_/D : -0.823751
[hold in-reg] wbs_adr_i[4] -> mprj/_136039_/D : -0.822995
[hold in-reg] wbs_adr_i[4] -> mprj/_136063_/D : -0.822765
[hold in-reg] wbs_adr_i[4] -> mprj/_136625_/D : -0.821448
[hold in-reg] wbs_adr_i[4] -> mprj/_136615_/D : -0.821373
[hold in-reg] wbs_adr_i[4] -> mprj/_136947_/D : -0.820665
[hold in-reg] wbs_adr_i[4] -> mprj/_136231_/D : -0.820006
[hold in-reg] wbs_adr_i[4] -> mprj/_136800_/D : -0.819951
[hold in-reg] wbs_adr_i[4] -> mprj/_136841_/D : -0.819897
[hold in-reg] wbs_adr_i[4] -> mprj/_136102_/D : -0.817053
[hold in-reg] wbs_adr_i[4] -> mprj/_137220_/D : -0.816595
[hold in-reg] wbs_adr_i[4] -> mprj/_136996_/D : -0.816488
[hold in-reg] wbs_adr_i[4] -> mprj/_136869_/D : -0.816435
[hold in-reg] wbs_adr_i[4] -> mprj/_136794_/D : -0.816122
[hold in-reg] wbs_adr_i[4] -> mprj/_135833_/D : -0.814834
[hold in-reg] wbs_adr_i[4] -> mprj/_136467_/D : -0.814736
[hold in-reg] wbs_adr_i[4] -> mprj/_137219_/D : -0.814528
[hold in-reg] wbs_adr_i[4] -> mprj/_137289_/D : -0.812465
[hold in-reg] wbs_adr_i[4] -> mprj/_135957_/D : -0.811520
[hold in-reg] wbs_adr_i[4] -> mprj/_136918_/D : -0.810953
[hold in-reg] wbs_adr_i[4] -> mprj/_136659_/D : -0.809934
[hold in-reg] wbs_adr_i[4] -> mprj/_136091_/D : -0.809905
[hold in-reg] wbs_adr_i[4] -> mprj/_136153_/D : -0.809099
[hold in-reg] wbs_adr_i[4] -> mprj/_137274_/D : -0.808721
[hold in-reg] wbs_adr_i[4] -> mprj/_136627_/D : -0.808694
[hold in-reg] wbs_adr_i[4] -> mprj/_137136_/D : -0.808186
[hold in-reg] wbs_adr_i[4] -> mprj/_136413_/D : -0.807684
[hold in-reg] wbs_adr_i[4] -> mprj/_136283_/D : -0.806863
[hold in-reg] wbs_adr_i[4] -> mprj/_136631_/D : -0.805664
[hold in-reg] wbs_adr_i[4] -> mprj/_136177_/D : -0.805337
[hold in-reg] wbs_adr_i[4] -> mprj/_136363_/D : -0.804653
[hold in-reg] wbs_adr_i[4] -> mprj/_136422_/D : -0.804026
[hold in-reg] wbs_adr_i[4] -> mprj/_136595_/D : -0.803453
[hold in-reg] wbs_adr_i[4] -> mprj/_136579_/D : -0.803377
[hold in-reg] wbs_adr_i[4] -> mprj/_136329_/D : -0.802731
[hold in-reg] wbs_adr_i[4] -> mprj/_136603_/D : -0.802596
[hold in-reg] wbs_adr_i[4] -> mprj/_136855_/D : -0.802375
[hold in-reg] wbs_adr_i[4] -> mprj/_136864_/D : -0.802342
[hold in-reg] wbs_adr_i[4] -> mprj/_136989_/D : -0.802181
[hold in-reg] wbs_adr_i[4] -> mprj/_136067_/D : -0.802175
[hold in-reg] wbs_adr_i[4] -> mprj/_137041_/D : -0.802045
[hold in-reg] wbs_adr_i[4] -> mprj/_136853_/D : -0.801915
[hold in-reg] wbs_adr_i[4] -> mprj/_135925_/D : -0.801077
[hold in-reg] wbs_adr_i[4] -> mprj/_136624_/D : -0.800620
[hold in-reg] wbs_adr_i[4] -> mprj/_136423_/D : -0.800502
[hold in-reg] wbs_adr_i[4] -> mprj/_136147_/D : -0.800320
[hold in-reg] wbs_adr_i[4] -> mprj/_136376_/D : -0.798825
[hold in-reg] wbs_adr_i[4] -> mprj/_136487_/D : -0.796375
[hold in-reg] wbs_adr_i[4] -> mprj/_135896_/D : -0.795270
[hold in-reg] wbs_adr_i[4] -> mprj/_136563_/D : -0.794627
[hold in-reg] wbs_adr_i[4] -> mprj/_136449_/D : -0.794575
[hold in-reg] wbs_adr_i[4] -> mprj/_136288_/D : -0.794406
[hold in-reg] wbs_adr_i[4] -> mprj/_135908_/D : -0.794318
[hold in-reg] wbs_adr_i[4] -> mprj/_136313_/D : -0.794051
[hold in-reg] wbs_adr_i[4] -> mprj/_137139_/D : -0.793355
[hold in-reg] wbs_adr_i[4] -> mprj/_136087_/D : -0.793287
[hold in-reg] wbs_adr_i[4] -> mprj/_136290_/D : -0.793216
[hold in-reg] wbs_adr_i[4] -> mprj/_137115_/D : -0.792783
[hold in-reg] wbs_adr_i[4] -> mprj/_136182_/D : -0.792375
[hold in-reg] wbs_adr_i[4] -> mprj/_135913_/D : -0.792246
[hold in-reg] wbs_adr_i[4] -> mprj/_136475_/D : -0.791172
[hold in-reg] wbs_adr_i[4] -> mprj/_137020_/D : -0.791076
[hold in-reg] wbs_adr_i[4] -> mprj/_137290_/D : -0.790415
[hold in-reg] wbs_adr_i[4] -> mprj/_136312_/D : -0.789810
[hold in-reg] wbs_adr_i[4] -> mprj/_136492_/D : -0.787718
[hold in-reg] wbs_adr_i[4] -> mprj/_136893_/D : -0.787680
[hold in-reg] wbs_adr_i[4] -> mprj/_135854_/D : -0.787664
[hold in-reg] wbs_adr_i[4] -> mprj/_136300_/D : -0.785664
[hold in-reg] wbs_adr_i[4] -> mprj/_135965_/D : -0.785608
[hold in-reg] wbs_adr_i[4] -> mprj/_135864_/D : -0.784938
[hold in-reg] wbs_adr_i[4] -> mprj/_137249_/D : -0.784670
[hold in-reg] wbs_adr_i[4] -> mprj/_135783_/D : -0.784385
[hold in-reg] wbs_adr_i[4] -> mprj/_136461_/D : -0.782334
[hold in-reg] wbs_adr_i[4] -> mprj/_136633_/D : -0.781701
[hold in-reg] wbs_adr_i[4] -> mprj/_136503_/D : -0.780994
[hold in-reg] wbs_adr_i[4] -> mprj/_137163_/D : -0.779029
[hold in-reg] wbs_adr_i[4] -> mprj/_136183_/D : -0.778968
[hold in-reg] wbs_adr_i[4] -> mprj/_137034_/D : -0.778178
[hold in-reg] wbs_adr_i[4] -> mprj/_136782_/D : -0.777939
[hold in-reg] wbs_adr_i[4] -> mprj/_136101_/D : -0.777229
[hold in-reg] wbs_adr_i[4] -> mprj/_136795_/D : -0.776942
[hold in-reg] wbs_adr_i[4] -> mprj/_136953_/D : -0.776290
[hold in-reg] wbs_adr_i[4] -> mprj/_136825_/D : -0.775451
[hold in-reg] wbs_adr_i[4] -> mprj/_137230_/D : -0.774931
[hold in-reg] wbs_adr_i[4] -> mprj/_136057_/D : -0.773889
[hold in-reg] wbs_adr_i[4] -> mprj/_137172_/D : -0.773359
[hold in-reg] wbs_adr_i[4] -> mprj/_135966_/D : -0.772675
[hold in-reg] wbs_adr_i[4] -> mprj/_136529_/D : -0.771392
[hold in-reg] wbs_adr_i[4] -> mprj/_136842_/D : -0.771204
[hold in-reg] wbs_adr_i[4] -> mprj/_137260_/D : -0.771023
[hold in-reg] wbs_adr_i[4] -> mprj/_137049_/D : -0.770799
[hold in-reg] wbs_adr_i[4] -> mprj/_136524_/D : -0.770569
[hold in-reg] wbs_adr_i[4] -> mprj/_135975_/D : -0.769556
[hold in-reg] wbs_adr_i[4] -> mprj/_135963_/D : -0.766892
[hold in-reg] wbs_adr_i[4] -> mprj/_135958_/D : -0.766797
[hold in-reg] wbs_adr_i[4] -> mprj/_136811_/D : -0.766254
[hold in-reg] wbs_adr_i[4] -> mprj/_136179_/D : -0.764486
[hold in-reg] wbs_adr_i[4] -> mprj/_136999_/D : -0.764339
[hold in-reg] wbs_adr_i[4] -> mprj/_135861_/D : -0.764299
[hold in-reg] wbs_adr_i[4] -> mprj/_137259_/D : -0.764197
[hold in-reg] wbs_adr_i[4] -> mprj/_137142_/D : -0.763312
[hold in-reg] wbs_adr_i[4] -> mprj/_137127_/D : -0.762458
[hold in-reg] wbs_adr_i[4] -> mprj/_137082_/D : -0.762387
[hold in-reg] wbs_adr_i[4] -> mprj/_136055_/D : -0.762292
[hold in-reg] wbs_adr_i[4] -> mprj/_135851_/D : -0.762007
[hold in-reg] wbs_adr_i[4] -> mprj/_136302_/D : -0.761911
[hold in-reg] wbs_adr_i[4] -> mprj/_136270_/D : -0.761754
[hold in-reg] wbs_adr_i[4] -> mprj/_136613_/D : -0.759600
[hold in-reg] wbs_adr_i[4] -> mprj/_136243_/D : -0.758228
[hold in-reg] wbs_adr_i[4] -> mprj/_136212_/D : -0.757962
[hold in-reg] wbs_adr_i[4] -> mprj/_137294_/D : -0.757946
[hold in-reg] wbs_adr_i[4] -> mprj/_136244_/D : -0.757816
[hold in-reg] wbs_adr_i[4] -> mprj/_137279_/D : -0.755929
[hold in-reg] wbs_adr_i[4] -> mprj/_135893_/D : -0.755351
[hold in-reg] wbs_adr_i[4] -> mprj/_136332_/D : -0.755010
[hold in-reg] wbs_adr_i[4] -> mprj/_136299_/D : -0.754943
[hold in-reg] wbs_adr_i[4] -> mprj/_136935_/D : -0.754693
[hold in-reg] wbs_adr_i[4] -> mprj/_136477_/D : -0.754299
[hold in-reg] wbs_adr_i[4] -> mprj/_136273_/D : -0.754249
[hold in-reg] wbs_adr_i[4] -> mprj/_136233_/D : -0.752376
[hold in-reg] wbs_adr_i[4] -> mprj/_136051_/D : -0.751481
[hold in-reg] wbs_adr_i[4] -> mprj/_136277_/D : -0.751219
[hold in-reg] wbs_adr_i[4] -> mprj/_136330_/D : -0.750644
[hold in-reg] wbs_adr_i[4] -> mprj/_136721_/D : -0.749862
[hold in-reg] wbs_adr_i[4] -> mprj/_135847_/D : -0.749586
[hold in-reg] wbs_adr_i[4] -> mprj/_136318_/D : -0.749036
[hold in-reg] wbs_adr_i[4] -> mprj/_135884_/D : -0.747944
[hold in-reg] wbs_adr_i[4] -> mprj/_136538_/D : -0.747575
[hold in-reg] wbs_adr_i[4] -> mprj/_136992_/D : -0.747392
[hold in-reg] wbs_adr_i[4] -> mprj/_136451_/D : -0.746893
[hold in-reg] wbs_adr_i[4] -> mprj/_137079_/D : -0.746283
[hold in-reg] wbs_adr_i[4] -> mprj/_136567_/D : -0.745400
[hold in-reg] wbs_adr_i[4] -> mprj/_136724_/D : -0.745382
[hold in-reg] wbs_adr_i[4] -> mprj/_136480_/D : -0.745280
[hold in-reg] wbs_adr_i[4] -> mprj/_137151_/D : -0.745257
[hold in-reg] wbs_adr_i[4] -> mprj/_136987_/D : -0.745146
[hold in-reg] wbs_adr_i[4] -> mprj/_136833_/D : -0.744826
[hold in-reg] wbs_adr_i[4] -> mprj/_136824_/D : -0.744623
[hold in-reg] wbs_adr_i[4] -> mprj/_136323_/D : -0.744389
[hold in-reg] wbs_adr_i[4] -> mprj/_137028_/D : -0.744222
[hold in-reg] wbs_adr_i[4] -> mprj/_136355_/D : -0.743906
[hold in-reg] wbs_adr_i[4] -> mprj/_135961_/D : -0.742700
[hold in-reg] wbs_adr_i[4] -> mprj/_136112_/D : -0.742493
[hold in-reg] wbs_adr_i[4] -> mprj/_137308_/D : -0.741450
[hold in-reg] wbs_adr_i[4] -> mprj/_136443_/D : -0.740503
[hold in-reg] wbs_adr_i[4] -> mprj/_137159_/D : -0.738742
[hold in-reg] wbs_adr_i[4] -> mprj/_136479_/D : -0.738546
[hold in-reg] wbs_adr_i[4] -> mprj/_135910_/D : -0.738434
[hold in-reg] wbs_adr_i[4] -> mprj/_135812_/D : -0.738265
[hold in-reg] wbs_adr_i[4] -> mprj/_137075_/D : -0.738193
[hold in-reg] wbs_adr_i[4] -> mprj/_135881_/D : -0.737108
[hold in-reg] wbs_adr_i[4] -> mprj/_137278_/D : -0.736334
[hold in-reg] wbs_adr_i[4] -> mprj/_136828_/D : -0.736275
[hold in-reg] wbs_adr_i[4] -> mprj/_136973_/D : -0.735982
[hold in-reg] wbs_adr_i[4] -> mprj/_136789_/D : -0.735533
[hold in-reg] wbs_adr_i[4] -> mprj/_137296_/D : -0.735215
[hold in-reg] wbs_adr_i[4] -> mprj/_135846_/D : -0.734821
[hold in-reg] wbs_adr_i[4] -> mprj/_136045_/D : -0.734441
[hold in-reg] wbs_adr_i[4] -> mprj/_136452_/D : -0.733554
[hold in-reg] wbs_adr_i[4] -> mprj/_135987_/D : -0.732224
[hold in-reg] wbs_adr_i[4] -> mprj/_136405_/D : -0.731047
[hold in-reg] wbs_adr_i[4] -> mprj/_136774_/D : -0.730875
[hold in-reg] wbs_adr_i[4] -> mprj/_135993_/D : -0.730059
[hold in-reg] wbs_adr_i[4] -> mprj/_135853_/D : -0.729417
[hold in-reg] wbs_adr_i[4] -> mprj/_137050_/D : -0.727614
[hold in-reg] wbs_adr_i[4] -> mprj/_136512_/D : -0.726884
[hold in-reg] wbs_adr_i[4] -> mprj/_136981_/D : -0.726672
[hold in-reg] wbs_adr_i[4] -> mprj/_136623_/D : -0.726516
[hold in-reg] wbs_adr_i[4] -> mprj/_137099_/D : -0.725529
[hold in-reg] wbs_adr_i[4] -> mprj/_136289_/D : -0.723717
[hold in-reg] wbs_adr_i[4] -> mprj/_136013_/D : -0.723580
[hold in-reg] wbs_adr_i[4] -> mprj/_136469_/D : -0.723183
[hold in-reg] wbs_adr_i[4] -> mprj/_136955_/D : -0.722594
[hold in-reg] wbs_adr_i[4] -> mprj/_135981_/D : -0.722527
[hold in-reg] wbs_adr_i[4] -> mprj/_136895_/D : -0.722070
[hold in-reg] wbs_adr_i[4] -> mprj/_136193_/D : -0.721663
[hold in-reg] wbs_adr_i[4] -> mprj/_136029_/D : -0.721372
[hold in-reg] wbs_adr_i[4] -> mprj/_136726_/D : -0.720587
[hold in-reg] wbs_adr_i[4] -> mprj/_135937_/D : -0.720312
[hold in-reg] wbs_adr_i[4] -> mprj/_135811_/D : -0.720027
[hold in-reg] wbs_adr_i[4] -> mprj/_136986_/D : -0.719505
[hold in-reg] wbs_adr_i[4] -> mprj/_135830_/D : -0.719318
[hold in-reg] wbs_adr_i[4] -> mprj/_136136_/D : -0.719247
[hold in-reg] wbs_adr_i[4] -> mprj/_137118_/D : -0.718363
[hold in-reg] wbs_adr_i[4] -> mprj/_136857_/D : -0.718216
[hold in-reg] wbs_adr_i[4] -> mprj/_137032_/D : -0.717081
[hold in-reg] wbs_adr_i[4] -> mprj/_137017_/D : -0.716056
[hold in-reg] wbs_adr_i[4] -> mprj/_136017_/D : -0.715809
[hold in-reg] wbs_adr_i[4] -> mprj/_136949_/D : -0.715212
[hold in-reg] wbs_adr_i[4] -> mprj/_137170_/D : -0.714831
[hold in-reg] wbs_adr_i[4] -> mprj/_136962_/D : -0.714812
[hold in-reg] wbs_adr_i[4] -> mprj/_136028_/D : -0.714676
[hold in-reg] wbs_adr_i[4] -> mprj/_136438_/D : -0.714436
[hold in-reg] wbs_adr_i[4] -> mprj/_136617_/D : -0.714330
[hold in-reg] wbs_adr_i[4] -> mprj/_136199_/D : -0.714150
[hold in-reg] wbs_adr_i[4] -> mprj/_136026_/D : -0.713866
[hold in-reg] wbs_adr_i[4] -> mprj/_136175_/D : -0.713309
[hold in-reg] wbs_adr_i[4] -> mprj/_136798_/D : -0.713298
[hold in-reg] wbs_adr_i[4] -> mprj/_136863_/D : -0.712411
[hold in-reg] wbs_adr_i[4] -> mprj/_136499_/D : -0.711885
[hold in-reg] wbs_adr_i[4] -> mprj/_136661_/D : -0.711554
[hold in-reg] wbs_adr_i[4] -> mprj/_136069_/D : -0.711170
[hold in-reg] wbs_adr_i[4] -> mprj/_136117_/D : -0.710307
[hold in-reg] wbs_adr_i[4] -> mprj/_136941_/D : -0.710131
[hold in-reg] wbs_adr_i[4] -> mprj/_136629_/D : -0.710008
[hold in-reg] wbs_adr_i[4] -> mprj/_137295_/D : -0.708269
[hold in-reg] wbs_adr_i[4] -> mprj/_135935_/D : -0.707361
[hold in-reg] wbs_adr_i[4] -> mprj/_136991_/D : -0.706917
[hold in-reg] wbs_adr_i[4] -> mprj/_137053_/D : -0.706903
[hold in-reg] wbs_adr_i[4] -> mprj/_136508_/D : -0.706879
[hold in-reg] wbs_adr_i[4] -> mprj/_136792_/D : -0.706683
[hold in-reg] wbs_adr_i[4] -> mprj/_136437_/D : -0.705690
[hold in-reg] wbs_adr_i[4] -> mprj/_137097_/D : -0.705014
[hold in-reg] wbs_adr_i[4] -> mprj/_136574_/D : -0.704560
[hold in-reg] wbs_adr_i[4] -> mprj/_136929_/D : -0.704363
[hold in-reg] wbs_adr_i[4] -> mprj/_136015_/D : -0.703918
[hold in-reg] wbs_adr_i[4] -> mprj/_137312_/D : -0.703701
[hold in-reg] wbs_adr_i[4] -> mprj/_137129_/D : -0.703635
[hold in-reg] wbs_adr_i[4] -> mprj/_136768_/D : -0.703340
[hold in-reg] wbs_adr_i[4] -> mprj/_136516_/D : -0.703138
[hold in-reg] wbs_adr_i[4] -> mprj/_136751_/D : -0.703070
[hold in-reg] wbs_adr_i[4] -> mprj/_137257_/D : -0.702967
[hold in-reg] wbs_adr_i[4] -> mprj/_137011_/D : -0.702683
[hold in-reg] wbs_adr_i[4] -> mprj/_136133_/D : -0.702277
[hold in-reg] wbs_adr_i[7] -> mprj/_136455_/D : -0.702224
[hold in-reg] wbs_adr_i[7] -> mprj/_136905_/D : -0.701596
[hold in-reg] wbs_adr_i[4] -> mprj/_136494_/D : -0.701458
[hold in-reg] wbs_adr_i[4] -> mprj/_136165_/D : -0.700934
[hold in-reg] wbs_adr_i[4] -> mprj/_136267_/D : -0.700822
[hold in-reg] wbs_adr_i[4] -> mprj/_135841_/D : -0.700689
[hold in-reg] wbs_adr_i[4] -> mprj/_136867_/D : -0.699711
[hold in-reg] wbs_adr_i[4] -> mprj/_136924_/D : -0.699674
[hold in-reg] wbs_adr_i[4] -> mprj/_136566_/D : -0.699051
[hold in-reg] wbs_adr_i[4] -> mprj/_136711_/D : -0.698715
[hold in-reg] wbs_adr_i[4] -> mprj/_136883_/D : -0.697995
[hold in-reg] wbs_adr_i[4] -> mprj/_136754_/D : -0.697663
[hold in-reg] wbs_adr_i[4] -> mprj/_135964_/D : -0.697614
[hold in-reg] wbs_adr_i[4] -> mprj/_135829_/D : -0.697543
[hold in-reg] wbs_adr_i[4] -> mprj/_136926_/D : -0.697511
[hold in-reg] wbs_adr_i[4] -> mprj/_137236_/D : -0.697143
[hold in-reg] wbs_adr_i[4] -> mprj/_136660_/D : -0.696254
[hold in-reg] wbs_adr_i[4] -> mprj/_136003_/D : -0.696207
[hold in-reg] wbs_adr_i[4] -> mprj/_136525_/D : -0.696137
[hold in-reg] wbs_adr_i[4] -> mprj/_136830_/D : -0.696103
[hold in-reg] wbs_adr_i[4] -> mprj/_137135_/D : -0.695214
[hold in-reg] wbs_adr_i[4] -> mprj/_136715_/D : -0.695088
[hold in-reg] wbs_adr_i[4] -> mprj/_136033_/D : -0.694116
[hold in-reg] wbs_adr_i[4] -> mprj/_136189_/D : -0.694025
[hold in-reg] wbs_adr_i[4] -> mprj/_135805_/D : -0.693000
[hold in-reg] wbs_adr_i[4] -> mprj/_135999_/D : -0.692062
[hold in-reg] wbs_adr_i[4] -> mprj/_136314_/D : -0.691202
[hold in-reg] wbs_adr_i[4] -> mprj/_137214_/D : -0.689823
[hold in-reg] wbs_adr_i[4] -> mprj/_136255_/D : -0.689382
[hold in-reg] wbs_adr_i[4] -> mprj/_136120_/D : -0.688448
[hold in-reg] wbs_adr_i[4] -> mprj/_136756_/D : -0.688342
[hold in-reg] wbs_adr_i[4] -> mprj/_136687_/D : -0.687705
[hold in-reg] wbs_adr_i[4] -> mprj/_136254_/D : -0.687568
[hold in-reg] wbs_adr_i[4] -> mprj/_136835_/D : -0.687509
[hold in-reg] wbs_adr_i[4] -> mprj/_136245_/D : -0.687245
[hold in-reg] wbs_adr_i[4] -> mprj/_136606_/D : -0.687195
[hold in-reg] wbs_adr_i[4] -> mprj/_137238_/D : -0.686966
[hold in-reg] wbs_adr_i[4] -> mprj/_137111_/D : -0.686950
[hold in-reg] wbs_adr_i[4] -> mprj/_137010_/D : -0.686398
[hold in-reg] wbs_adr_i[4] -> mprj/_137056_/D : -0.686097
[hold in-reg] wbs_adr_i[4] -> mprj/_136137_/D : -0.685770
[hold in-reg] wbs_adr_i[4] -> mprj/_136004_/D : -0.685461
[hold in-reg] wbs_dat_i[24] -> mprj/_136195_/D : -0.685444
[hold in-reg] wbs_adr_i[4] -> mprj/_136360_/D : -0.685187
[hold in-reg] wbs_adr_i[4] -> mprj/_137169_/D : -0.685133
[hold in-reg] wbs_adr_i[4] -> mprj/_136406_/D : -0.684916
[hold in-reg] wbs_adr_i[4] -> mprj/_137205_/D : -0.684756
[hold in-reg] wbs_adr_i[4] -> mprj/_136140_/D : -0.684427
[hold in-reg] wbs_adr_i[4] -> mprj/_135796_/D : -0.683817
[hold in-reg] wbs_adr_i[4] -> mprj/_136301_/D : -0.683112
[hold in-reg] wbs_adr_i[4] -> mprj/_136274_/D : -0.681703
[hold in-reg] wbs_adr_i[4] -> mprj/_137268_/D : -0.680776
[hold in-reg] wbs_adr_i[4] -> mprj/_137253_/D : -0.680605
[hold in-reg] wbs_adr_i[4] -> mprj/_136673_/D : -0.680511
[hold in-reg] wbs_adr_i[4] -> mprj/_136242_/D : -0.680125
[hold in-reg] wbs_adr_i[4] -> mprj/_136481_/D : -0.680043
[hold in-reg] wbs_adr_i[4] -> mprj/_136001_/D : -0.679853
[hold in-reg] wbs_adr_i[4] -> mprj/_136235_/D : -0.678607
[hold in-reg] wbs_dat_i[24] -> mprj/_137091_/D : -0.677860
[hold in-reg] wbs_adr_i[4] -> mprj/_135985_/D : -0.677824
[hold in-reg] wbs_adr_i[4] -> mprj/_137058_/D : -0.677717
[hold in-reg] wbs_adr_i[4] -> mprj/_136881_/D : -0.677564
[hold in-reg] wbs_adr_i[4] -> mprj/_137093_/D : -0.677316
[hold in-reg] wbs_adr_i[4] -> mprj/_136649_/D : -0.677070
[hold in-reg] wbs_adr_i[4] -> mprj/_137254_/D : -0.676501
[hold in-reg] wbs_adr_i[4] -> mprj/_136806_/D : -0.676375
[hold in-reg] wbs_adr_i[4] -> mprj/_136070_/D : -0.675997
[hold in-reg] wbs_adr_i[4] -> mprj/_136766_/D : -0.675791
[hold in-reg] wbs_adr_i[4] -> mprj/_136978_/D : -0.675677
[hold in-reg] wbs_adr_i[4] -> mprj/_136241_/D : -0.674897
[hold in-reg] wbs_adr_i[4] -> mprj/_137008_/D : -0.674690
[hold in-reg] wbs_adr_i[4] -> mprj/_137143_/D : -0.674483
[hold in-reg] wbs_adr_i[4] -> mprj/_137038_/D : -0.674423
[hold in-reg] wbs_adr_i[4] -> mprj/_136278_/D : -0.674401
[hold in-reg] wbs_adr_i[4] -> mprj/_136106_/D : -0.674306
[hold in-reg] wbs_adr_i[4] -> mprj/_136562_/D : -0.674001
[hold in-reg] wbs_adr_i[4] -> mprj/_137055_/D : -0.673811
[hold in-reg] wbs_adr_i[4] -> mprj/_136960_/D : -0.672539
[hold in-reg] wbs_adr_i[4] -> mprj/_136599_/D : -0.671481
[hold in-reg] wbs_adr_i[4] -> mprj/_137085_/D : -0.670946
[hold in-reg] wbs_adr_i[4] -> mprj/_136522_/D : -0.670932
[hold in-reg] wbs_adr_i[4] -> mprj/_136722_/D : -0.670654
[hold in-reg] wbs_adr_i[4] -> mprj/_136632_/D : -0.669937
[hold in-reg] wbs_adr_i[4] -> mprj/_136294_/D : -0.669894
[hold in-reg] wbs_adr_i[4] -> mprj/_136471_/D : -0.669226
[hold in-reg] wbs_adr_i[4] -> mprj/_135794_/D : -0.668770
[hold in-reg] wbs_adr_i[4] -> mprj/_136938_/D : -0.668707
[hold in-reg] wbs_adr_i[4] -> mprj/_136447_/D : -0.668293
[hold in-reg] wbs_adr_i[4] -> mprj/_137304_/D : -0.668253
[hold in-reg] wbs_adr_i[4] -> mprj/_136489_/D : -0.667662
[hold in-reg] wbs_adr_i[3] -> mprj/_135777_/D : -0.667627
[hold in-reg] wbs_adr_i[4] -> mprj/_135797_/D : -0.667522
[hold in-reg] wbs_adr_i[4] -> mprj/_136226_/D : -0.667430
[hold in-reg] wbs_adr_i[4] -> mprj/_137161_/D : -0.666827
[hold in-reg] wbs_adr_i[4] -> mprj/_136651_/D : -0.666521
[hold in-reg] wbs_adr_i[3] -> mprj/_135973_/D : -0.666158
[hold in-reg] wbs_adr_i[4] -> mprj/_136089_/D : -0.666002
[hold in-reg] wbs_adr_i[4] -> mprj/_137193_/D : -0.665772
[hold in-reg] wbs_adr_i[4] -> mprj/_136530_/D : -0.665765
[hold in-reg] wbs_adr_i[4] -> mprj/_136684_/D : -0.665260
[hold in-reg] wbs_adr_i[4] -> mprj/_136139_/D : -0.664917
[hold in-reg] wbs_adr_i[4] -> mprj/_136790_/D : -0.664595
[hold in-reg] wbs_adr_i[4] -> mprj/_136773_/D : -0.664506
[hold in-reg] wbs_adr_i[4] -> mprj/_135787_/D : -0.664178
[hold in-reg] wbs_adr_i[4] -> mprj/_136383_/D : -0.664105
[hold in-reg] wbs_adr_i[4] -> mprj/_137206_/D : -0.664014
[hold in-reg] wbs_adr_i[4] -> mprj/_137100_/D : -0.663933
[hold in-reg] wbs_adr_i[4] -> mprj/_137109_/D : -0.663456
[hold in-reg] wbs_adr_i[4] -> mprj/_135874_/D : -0.662904
[hold in-reg] wbs_adr_i[4] -> mprj/_136050_/D : -0.662546
[hold in-reg] wbs_adr_i[4] -> mprj/_135977_/D : -0.662538
[hold in-reg] wbs_adr_i[4] -> mprj/_136911_/D : -0.662452
[hold in-reg] wbs_adr_i[4] -> mprj/_136034_/D : -0.662438
[hold in-reg] wbs_adr_i[4] -> mprj/_136395_/D : -0.662025
[hold in-reg] wbs_adr_i[4] -> mprj/_136232_/D : -0.662024
[hold in-reg] wbs_adr_i[4] -> mprj/_136655_/D : -0.661732
[hold in-reg] wbs_adr_i[4] -> mprj/_135839_/D : -0.661696
[hold in-reg] wbs_adr_i[4] -> mprj/_136246_/D : -0.661267
[hold in-reg] wbs_adr_i[4] -> mprj/_136967_/D : -0.660918
[hold in-reg] wbs_adr_i[4] -> mprj/_137080_/D : -0.660095
[hold in-reg] wbs_adr_i[4] -> mprj/_136725_/D : -0.659028
[hold in-reg] wbs_adr_i[3] -> mprj/_135778_/D : -0.657880
[hold in-reg] wbs_dat_i[9] -> mprj/_135904_/D : -0.657756
[hold in-reg] wbs_adr_i[4] -> mprj/_137013_/D : -0.656987
[hold in-reg] wbs_adr_i[4] -> mprj/_136203_/D : -0.656607
[hold in-reg] wbs_adr_i[4] -> mprj/_137196_/D : -0.656489
[hold in-reg] wbs_adr_i[4] -> mprj/_136826_/D : -0.656431
[hold in-reg] wbs_adr_i[4] -> mprj/_135998_/D : -0.656261
[hold in-reg] wbs_adr_i[4] -> mprj/_135928_/D : -0.656184
[hold in-reg] wbs_dat_i[9] -> mprj/_138352_/D : -0.655969
[hold in-reg] wbs_adr_i[4] -> mprj/_136201_/D : -0.655643
[hold in-reg] wbs_adr_i[4] -> mprj/_136219_/D : -0.655582
[hold in-reg] wbs_adr_i[4] -> mprj/_136997_/D : -0.655501
[hold in-reg] wbs_adr_i[4] -> mprj/_135871_/D : -0.654768
[hold in-reg] wbs_adr_i[4] -> mprj/_135792_/D : -0.653694
[hold in-reg] wbs_adr_i[4] -> mprj/_137251_/D : -0.653031
[hold in-reg] wbs_adr_i[4] -> mprj/_136373_/D : -0.652718
[hold in-reg] wbs_adr_i[4] -> mprj/_136937_/D : -0.652359
[hold in-reg] wbs_adr_i[4] -> mprj/_136386_/D : -0.652222
[hold in-reg] wbs_adr_i[4] -> mprj/_136474_/D : -0.652187
[hold in-reg] wbs_adr_i[4] -> mprj/_136366_/D : -0.652111
[hold in-reg] wbs_adr_i[4] -> mprj/_136239_/D : -0.651986
[hold in-reg] wbs_adr_i[4] -> mprj/_137202_/D : -0.651762
[hold in-reg] wbs_adr_i[4] -> mprj/_136060_/D : -0.651528
[hold in-reg] wbs_adr_i[4] -> mprj/_137201_/D : -0.651481
[hold in-reg] wbs_adr_i[4] -> mprj/_136834_/D : -0.651061
[hold in-reg] wbs_adr_i[4] -> mprj/_135802_/D : -0.650993
[hold in-reg] wbs_adr_i[4] -> mprj/_137229_/D : -0.650977
[hold in-reg] wbs_adr_i[4] -> mprj/_135938_/D : -0.650966
[hold in-reg] wbs_adr_i[4] -> mprj/_136351_/D : -0.650783
[hold in-reg] wbs_adr_i[4] -> mprj/_136390_/D : -0.650464
[hold in-reg] wbs_adr_i[4] -> mprj/_135914_/D : -0.650264
[hold in-reg] wbs_adr_i[4] -> mprj/_136636_/D : -0.650216
[hold in-reg] wbs_adr_i[4] -> mprj/_137025_/D : -0.649509
[hold in-reg] wbs_adr_i[4] -> mprj/_136085_/D : -0.649381
[hold in-reg] wbs_adr_i[4] -> mprj/_136705_/D : -0.648284
[hold in-reg] wbs_adr_i[4] -> mprj/_136023_/D : -0.647971
[hold in-reg] wbs_adr_i[4] -> mprj/_137043_/D : -0.647717
[hold in-reg] wbs_adr_i[4] -> mprj/_136161_/D : -0.647574
[hold in-reg] wbs_adr_i[4] -> mprj/_136162_/D : -0.647527
[hold in-reg] wbs_adr_i[4] -> mprj/_136362_/D : -0.647259
[hold in-reg] wbs_adr_i[4] -> mprj/_136810_/D : -0.647127
[hold in-reg] wbs_adr_i[4] -> mprj/_137227_/D : -0.646690
[hold in-reg] wbs_adr_i[4] -> mprj/_136885_/D : -0.646677
[hold in-reg] wbs_adr_i[4] -> mprj/_137002_/D : -0.646570
[hold in-reg] wbs_adr_i[4] -> mprj/_135939_/D : -0.646083
[hold in-reg] wbs_adr_i[4] -> mprj/_137148_/D : -0.645391
[hold in-reg] wbs_adr_i[4] -> mprj/_136493_/D : -0.644990
[hold in-reg] wbs_adr_i[4] -> mprj/_136812_/D : -0.644910
[hold in-reg] wbs_adr_i[4] -> mprj/_136545_/D : -0.644696
[hold in-reg] wbs_adr_i[4] -> mprj/_137185_/D : -0.644681
[hold in-reg] wbs_adr_i[4] -> mprj/_137005_/D : -0.644615
[hold in-reg] wbs_adr_i[4] -> mprj/_135900_/D : -0.644340
[hold in-reg] wbs_adr_i[4] -> mprj/_136777_/D : -0.643966
[hold in-reg] wbs_adr_i[4] -> mprj/_136653_/D : -0.643566
[hold in-reg] wbs_adr_i[4] -> mprj/_136037_/D : -0.643490
[hold in-reg] wbs_adr_i[4] -> mprj/_136902_/D : -0.643258
[hold in-reg] wbs_adr_i[4] -> mprj/_136163_/D : -0.643234
[hold in-reg] wbs_adr_i[4] -> mprj/_136164_/D : -0.642250
[hold in-reg] wbs_dat_i[9] -> mprj/_136416_/D : -0.642029
[hold in-reg] wbs_adr_i[4] -> mprj/_136151_/D : -0.641264
[hold in-reg] wbs_adr_i[4] -> mprj/_136190_/D : -0.640940
[hold in-reg] wbs_adr_i[4] -> mprj/_137285_/D : -0.640545
[hold in-reg] wbs_adr_i[4] -> mprj/_136865_/D : -0.640201
[hold in-reg] wbs_adr_i[4] -> mprj/_137047_/D : -0.639661
[hold in-reg] wbs_adr_i[4] -> mprj/_136984_/D : -0.639092
[hold in-reg] wbs_adr_i[4] -> mprj/_137160_/D : -0.638098
[hold in-reg] wbs_adr_i[4] -> mprj/_136747_/D : -0.637932
[hold in-reg] wbs_adr_i[4] -> mprj/_136265_/D : -0.637890
[hold in-reg] wbs_adr_i[4] -> mprj/_136652_/D : -0.637804
[hold in-reg] wbs_adr_i[4] -> mprj/_136750_/D : -0.637317
[hold in-reg] wbs_adr_i[4] -> mprj/_136813_/D : -0.636752
[hold in-reg] wbs_adr_i[4] -> mprj/_135832_/D : -0.636716
[hold in-reg] wbs_adr_i[4] -> mprj/_137195_/D : -0.636192
[hold in-reg] wbs_adr_i[4] -> mprj/_136315_/D : -0.635616
[hold in-reg] wbs_adr_i[4] -> mprj/_136558_/D : -0.635508
[hold in-reg] wbs_adr_i[4] -> mprj/_136966_/D : -0.634908
[hold in-reg] wbs_adr_i[4] -> mprj/_135933_/D : -0.634424
[hold in-reg] wbs_adr_i[4] -> mprj/_135886_/D : -0.634064
[hold in-reg] wbs_adr_i[4] -> mprj/_137213_/D : -0.633765
[hold in-reg] wbs_adr_i[4] -> mprj/_137098_/D : -0.632917
[hold in-reg] wbs_adr_i[4] -> mprj/_137262_/D : -0.632075
[hold in-reg] wbs_adr_i[4] -> mprj/_136663_/D : -0.631945
[hold in-reg] wbs_adr_i[4] -> mprj/_136052_/D : -0.631941
[hold in-reg] wbs_adr_i[4] -> mprj/_136879_/D : -0.631495
[hold in-reg] wbs_adr_i[4] -> mprj/_136898_/D : -0.630836
[hold in-reg] wbs_adr_i[4] -> mprj/_136266_/D : -0.630544
[hold in-reg] wbs_adr_i[4] -> mprj/_137122_/D : -0.630295
[hold in-reg] wbs_adr_i[4] -> mprj/_136167_/D : -0.629489
[hold in-reg] wbs_adr_i[4] -> mprj/_137144_/D : -0.629465
[hold in-reg] wbs_adr_i[4] -> mprj/_137128_/D : -0.629426
[hold in-reg] wbs_adr_i[4] -> mprj/_136344_/D : -0.629259
[hold in-reg] wbs_adr_i[4] -> mprj/_136878_/D : -0.627556
[hold in-reg] wbs_adr_i[4] -> mprj/_136565_/D : -0.627555
[hold in-reg] wbs_adr_i[4] -> mprj/_136064_/D : -0.627083
[hold in-reg] wbs_adr_i[4] -> mprj/_137121_/D : -0.627011
[hold in-reg] wbs_dat_i[24] -> mprj/_135955_/D : -0.626687
[hold in-reg] wbs_adr_i[4] -> mprj/_136856_/D : -0.626490
[hold in-reg] wbs_adr_i[4] -> mprj/_137045_/D : -0.626345
[hold in-reg] wbs_adr_i[4] -> mprj/_135850_/D : -0.626265
[hold in-reg] wbs_adr_i[4] -> mprj/_136138_/D : -0.626200
[hold in-reg] wbs_adr_i[4] -> mprj/_136046_/D : -0.624852
[hold in-reg] wbs_adr_i[4] -> mprj/_135942_/D : -0.624841
[hold in-reg] wbs_adr_i[4] -> mprj/_137239_/D : -0.622779
[hold in-reg] wbs_adr_i[4] -> mprj/_137130_/D : -0.622576
[hold in-reg] wbs_adr_i[4] -> mprj/_137250_/D : -0.621895
[hold in-reg] wbs_adr_i[4] -> mprj/_136873_/D : -0.621447
[hold in-reg] wbs_adr_i[4] -> mprj/_136581_/D : -0.621445
[hold in-reg] wbs_adr_i[4] -> mprj/_136513_/D : -0.620558
[hold in-reg] wbs_adr_i[4] -> mprj/_135803_/D : -0.619784
[hold in-reg] wbs_adr_i[4] -> mprj/_136205_/D : -0.619758
[hold in-reg] wbs_adr_i[4] -> mprj/_136253_/D : -0.619703
[hold in-reg] wbs_adr_i[4] -> mprj/_136340_/D : -0.619634
[hold in-reg] wbs_adr_i[4] -> mprj/_136425_/D : -0.619563
[hold in-reg] wbs_adr_i[4] -> mprj/_136498_/D : -0.619453
[hold in-reg] wbs_adr_i[4] -> mprj/_136963_/D : -0.618608
[hold in-reg] wbs_adr_i[4] -> mprj/_136124_/D : -0.617541
[hold in-reg] wbs_adr_i[4] -> mprj/_136690_/D : -0.617521
[hold in-reg] wbs_adr_i[4] -> mprj/_136317_/D : -0.617420
[hold in-reg] wbs_adr_i[4] -> mprj/_137261_/D : -0.616326
[hold in-reg] wbs_adr_i[4] -> mprj/_135926_/D : -0.615843
[hold in-reg] wbs_adr_i[4] -> mprj/_136907_/D : -0.615405
[hold in-reg] wbs_dat_i[24] -> mprj/_136851_/D : -0.614805
[hold in-reg] wbs_adr_i[4] -> mprj/_137112_/D : -0.614491
[hold in-reg] wbs_adr_i[4] -> mprj/_137280_/D : -0.614375
[hold in-reg] wbs_adr_i[4] -> mprj/_136693_/D : -0.614039
[hold in-reg] wbs_adr_i[4] -> mprj/_136334_/D : -0.613956
[hold in-reg] wbs_adr_i[4] -> mprj/_136200_/D : -0.613132
[hold in-reg] wbs_dat_i[24] -> mprj/_136611_/D : -0.612719
[hold in-reg] wbs_adr_i[4] -> mprj/_136389_/D : -0.612408
[hold in-reg] wbs_adr_i[4] -> mprj/_136678_/D : -0.612189
[hold in-reg] wbs_adr_i[4] -> mprj/_135978_/D : -0.611831
[hold in-reg] wbs_adr_i[4] -> mprj/_136169_/D : -0.611306
[hold in-reg] wbs_adr_i[4] -> mprj/_137247_/D : -0.611223
[hold in-reg] wbs_adr_i[4] -> mprj/_136630_/D : -0.611137
[hold in-reg] wbs_adr_i[4] -> mprj/_136757_/D : -0.610902
[hold in-reg] wbs_adr_i[4] -> mprj/_136957_/D : -0.610327
[hold in-reg] wbs_adr_i[4] -> mprj/_137223_/D : -0.609129
[hold in-reg] wbs_adr_i[4] -> mprj/_135950_/D : -0.608865
[hold in-reg] wbs_adr_i[4] -> mprj/_135822_/D : -0.608612
[hold in-reg] wbs_adr_i[4] -> mprj/_135929_/D : -0.607893
[hold in-reg] wbs_adr_i[4] -> mprj/_137302_/D : -0.607161
[hold in-reg] wbs_adr_i[4] -> mprj/_136899_/D : -0.607153
[hold in-reg] wbs_adr_i[4] -> mprj/_136394_/D : -0.606615
[hold in-reg] wbs_adr_i[4] -> mprj/_137310_/D : -0.606376
[hold in-reg] wbs_adr_i[4] -> mprj/_135897_/D : -0.605721
[hold in-reg] wbs_adr_i[4] -> mprj/_136215_/D : -0.605560
[hold in-reg] wbs_adr_i[4] -> mprj/_136297_/D : -0.604479
[hold in-reg] wbs_adr_i[4] -> mprj/_136533_/D : -0.604117
[hold in-reg] wbs_adr_i[4] -> mprj/_137057_/D : -0.603997
[hold in-reg] wbs_adr_i[4] -> mprj/_136680_/D : -0.603954
[hold in-reg] wbs_adr_i[4] -> mprj/_135959_/D : -0.603887
[hold in-reg] wbs_adr_i[4] -> mprj/_136882_/D : -0.603790
[hold in-reg] wbs_adr_i[7] -> mprj/_135887_/D : -0.603771
[hold in-reg] wbs_adr_i[4] -> mprj/_136325_/D : -0.603612
[hold in-reg] wbs_adr_i[4] -> mprj/_136412_/D : -0.603283
[hold in-reg] wbs_adr_i[4] -> mprj/_136650_/D : -0.603080
[hold in-reg] wbs_adr_i[4] -> mprj/_135873_/D : -0.602808
[hold in-reg] wbs_adr_i[3] -> mprj/_136372_/D : -0.602531
[hold in-reg] wbs_adr_i[4] -> mprj/_136391_/D : -0.602225
[hold in-reg] wbs_adr_i[4] -> mprj/_136861_/D : -0.602000
[hold in-reg] wbs_adr_i[4] -> mprj/_135949_/D : -0.601684
[hold in-reg] wbs_adr_i[4] -> mprj/_136671_/D : -0.601392
[hold in-reg] wbs_adr_i[4] -> mprj/_135790_/D : -0.601343
[hold in-reg] wbs_dat_i[23] -> mprj/_136550_/D : -0.601142
[hold in-reg] wbs_adr_i[4] -> mprj/_136982_/D : -0.600882
[hold in-reg] wbs_adr_i[4] -> mprj/_136126_/D : -0.599998
[hold in-reg] wbs_adr_i[4] -> mprj/_136119_/D : -0.599616
[hold in-reg] wbs_adr_i[4] -> mprj/_136901_/D : -0.599598
[hold in-reg] wbs_adr_i[4] -> mprj/_136783_/D : -0.599443
[hold in-reg] wbs_adr_i[4] -> mprj/_137086_/D : -0.599113
[hold in-reg] wbs_adr_i[4] -> mprj/_136398_/D : -0.598845
[hold in-reg] wbs_adr_i[4] -> mprj/_136942_/D : -0.598619
[hold in-reg] wbs_adr_i[3] -> mprj/_136486_/D : -0.598598
[hold in-reg] wbs_adr_i[4] -> mprj/_137084_/D : -0.598432
[hold in-reg] wbs_adr_i[4] -> mprj/_136600_/D : -0.598215
[hold in-reg] wbs_adr_i[4] -> mprj/_137070_/D : -0.597986
[hold in-reg] wbs_adr_i[4] -> mprj/_136441_/D : -0.597748
[hold in-reg] wbs_adr_i[4] -> mprj/_136727_/D : -0.597272
[hold in-reg] wbs_adr_i[4] -> mprj/_136090_/D : -0.596816
[hold in-reg] wbs_adr_i[4] -> mprj/_135789_/D : -0.596676
[hold in-reg] wbs_adr_i[4] -> mprj/_136948_/D : -0.596550
[hold in-reg] wbs_adr_i[4] -> mprj/_136303_/D : -0.596280
[hold in-reg] wbs_adr_i[2] -> mprj/_136227_/D : -0.595807
[hold in-reg] wbs_adr_i[4] -> mprj/_135947_/D : -0.595777
[hold in-reg] wbs_adr_i[4] -> mprj/_136874_/D : -0.595499
[hold in-reg] wbs_adr_i[4] -> mprj/_136501_/D : -0.595259
[hold in-reg] wbs_adr_i[4] -> mprj/_136554_/D : -0.594976
[hold in-reg] wbs_adr_i[4] -> mprj/_136587_/D : -0.594973
[hold in-reg] wbs_adr_i[4] -> mprj/_136648_/D : -0.594587
[hold in-reg] wbs_adr_i[4] -> mprj/_136839_/D : -0.594429
[hold in-reg] wbs_adr_i[4] -> mprj/_136202_/D : -0.594260
[hold in-reg] wbs_adr_i[4] -> mprj/_137270_/D : -0.594232
[hold in-reg] wbs_adr_i[4] -> mprj/_137012_/D : -0.594211
[hold in-reg] wbs_adr_i[3] -> mprj/_136608_/D : -0.593853
[hold in-reg] wbs_adr_i[4] -> mprj/_136031_/D : -0.593649
[hold in-reg] wbs_adr_i[4] -> mprj/_136840_/D : -0.593385
[hold in-reg] wbs_adr_i[4] -> mprj/_135943_/D : -0.593040
[hold in-reg] wbs_adr_i[4] -> mprj/_136354_/D : -0.592779
[hold in-reg] wbs_adr_i[4] -> mprj/_136737_/D : -0.592378
[hold in-reg] wbs_adr_i[4] -> mprj/_136765_/D : -0.592221
[hold in-reg] wbs_adr_i[4] -> mprj/_136888_/D : -0.592173
[hold in-reg] wbs_adr_i[4] -> mprj/_137269_/D : -0.592132
[hold in-reg] wbs_dat_i[9] -> mprj/_135906_/D : -0.591369
[hold in-reg] wbs_adr_i[4] -> mprj/_137110_/D : -0.591356
[hold in-reg] wbs_adr_i[4] -> mprj/_136500_/D : -0.591336
[hold in-reg] wbs_adr_i[4] -> mprj/_135817_/D : -0.591320
[hold in-reg] wbs_adr_i[4] -> mprj/_136310_/D : -0.590836
[hold in-reg] wbs_adr_i[4] -> mprj/_135988_/D : -0.590821
[hold in-reg] wbs_adr_i[4] -> mprj/_136454_/D : -0.590220
[hold in-reg] wbs_adr_i[4] -> mprj/_136168_/D : -0.590214
[hold in-reg] wbs_adr_i[4] -> mprj/_136846_/D : -0.590027
[hold in-reg] wbs_adr_i[4] -> mprj/_135793_/D : -0.589883
[hold in-reg] wbs_adr_i[4] -> mprj/_136921_/D : -0.589603
[hold in-reg] wbs_adr_i[4] -> mprj/_136401_/D : -0.589330
[hold in-reg] wbs_adr_i[4] -> mprj/_135785_/D : -0.589086
[hold in-reg] wbs_adr_i[4] -> mprj/_136342_/D : -0.589035
[hold in-reg] wbs_dat_i[9] -> mprj/_136418_/D : -0.588982
[hold in-reg] wbs_adr_i[4] -> mprj/_136743_/D : -0.588861
[hold in-reg] wbs_adr_i[4] -> mprj/_136866_/D : -0.588713
[hold in-reg] wbs_adr_i[4] -> mprj/_137162_/D : -0.588646
[hold in-reg] wbs_adr_i[4] -> mprj/_136749_/D : -0.588555
[hold in-reg] wbs_adr_i[4] -> mprj/_137263_/D : -0.588472
[hold in-reg] wbs_adr_i[4] -> mprj/_136758_/D : -0.588425
[hold in-reg] wbs_adr_i[7] -> mprj/_136399_/D : -0.588154
[hold in-reg] wbs_adr_i[4] -> mprj/_136166_/D : -0.588004
[hold in-reg] wbs_adr_i[4] -> mprj/_136681_/D : -0.587448
[hold in-reg] wbs_adr_i[4] -> mprj/_136980_/D : -0.587430
[hold in-reg] wbs_adr_i[4] -> mprj/_135849_/D : -0.587422
[hold in-reg] wbs_adr_i[4] -> mprj/_136858_/D : -0.587216
[hold in-reg] wbs_adr_i[4] -> mprj/_136543_/D : -0.586684
[hold in-reg] wbs_adr_i[4] -> mprj/_136779_/D : -0.586676
[hold in-reg] wbs_adr_i[4] -> mprj/_136415_/D : -0.585938
[hold in-reg] wbs_adr_i[4] -> mprj/_135918_/D : -0.585916
[hold in-reg] wbs_adr_i[4] -> mprj/_136154_/D : -0.585120
[hold in-reg] wbs_adr_i[4] -> mprj/_136191_/D : -0.584785
[hold in-reg] wbs_adr_i[4] -> mprj/_136860_/D : -0.584730
[hold in-reg] wbs_adr_i[4] -> mprj/_136271_/D : -0.584447
[hold in-reg] wbs_adr_i[4] -> mprj/_136764_/D : -0.584243
[hold in-reg] wbs_adr_i[4] -> mprj/_137072_/D : -0.584198
[hold in-reg] wbs_adr_i[4] -> mprj/_136717_/D : -0.583820
[hold in-reg] wbs_adr_i[4] -> mprj/_136645_/D : -0.583673
[hold in-reg] wbs_adr_i[4] -> mprj/_137282_/D : -0.583524
[hold in-reg] wbs_dat_i[23] -> mprj/_136666_/D : -0.583451
[hold in-reg] wbs_adr_i[4] -> mprj/_136110_/D : -0.583032
[hold in-reg] wbs_adr_i[4] -> mprj/_136420_/D : -0.582214
[hold in-reg] wbs_adr_i[4] -> mprj/_137222_/D : -0.582104
[hold in-reg] wbs_adr_i[4] -> mprj/_136470_/D : -0.581748
[hold in-reg] wbs_adr_i[4] -> mprj/_136426_/D : -0.581655
[hold in-reg] wbs_adr_i[4] -> mprj/_136753_/D : -0.581216
[hold in-reg] wbs_adr_i[4] -> mprj/_135903_/D : -0.580678
[hold in-reg] wbs_adr_i[4] -> mprj/_136459_/D : -0.580580
[hold in-reg] wbs_adr_i[4] -> mprj/_137042_/D : -0.580372
[hold in-reg] wbs_adr_i[4] -> mprj/_137252_/D : -0.580056
[hold in-reg] wbs_adr_i[4] -> mprj/_136897_/D : -0.579764
[hold in-reg] wbs_adr_i[4] -> mprj/_135875_/D : -0.578947
[hold in-reg] wbs_adr_i[4] -> mprj/_136588_/D : -0.578884
[hold in-reg] wbs_adr_i[4] -> mprj/_136877_/D : -0.578619
[hold in-reg] wbs_adr_i[4] -> mprj/_136910_/D : -0.578299
[hold in-reg] wbs_adr_i[3] -> mprj/_136852_/D : -0.578291
[hold in-reg] wbs_adr_i[4] -> mprj/_137199_/D : -0.577964
[hold in-reg] wbs_adr_i[4] -> mprj/_137052_/D : -0.577797
[hold in-reg] wbs_adr_i[4] -> mprj/_136150_/D : -0.577450
[hold in-reg] wbs_adr_i[4] -> mprj/_136213_/D : -0.576972
[hold in-reg] wbs_adr_i[4] -> mprj/_136593_/D : -0.576936
[hold in-reg] wbs_adr_i[4] -> mprj/_136875_/D : -0.576882
[hold in-reg] wbs_adr_i[4] -> mprj/_136845_/D : -0.576875
[hold in-reg] wbs_adr_i[4] -> mprj/_136035_/D : -0.576655
[hold in-reg] wbs_adr_i[4] -> mprj/_136819_/D : -0.576006
[hold in-reg] wbs_adr_i[4] -> mprj/_137186_/D : -0.575940
[hold in-reg] wbs_adr_i[4] -> mprj/_136252_/D : -0.574810
[hold in-reg] wbs_adr_i[4] -> mprj/_136184_/D : -0.574651
[hold in-reg] wbs_adr_i[4] -> mprj/_136767_/D : -0.574408
[hold in-reg] wbs_adr_i[4] -> mprj/_136674_/D : -0.574304
[hold in-reg] wbs_adr_i[4] -> mprj/_136635_/D : -0.573496
[hold in-reg] wbs_adr_i[4] -> mprj/_136642_/D : -0.573324
[hold in-reg] wbs_adr_i[4] -> mprj/_135836_/D : -0.573252
[hold in-reg] wbs_adr_i[4] -> mprj/_136286_/D : -0.573118
[hold in-reg] wbs_adr_i[4] -> mprj/_135932_/D : -0.572803
[hold in-reg] wbs_adr_i[4] -> mprj/_136557_/D : -0.572237
[hold in-reg] wbs_adr_i[4] -> mprj/_136894_/D : -0.572235
[hold in-reg] wbs_adr_i[4] -> mprj/_136559_/D : -0.571551
[hold in-reg] wbs_adr_i[4] -> mprj/_136519_/D : -0.571210
[hold in-reg] wbs_adr_i[4] -> mprj/_136187_/D : -0.570472
[hold in-reg] wbs_adr_i[4] -> mprj/_135791_/D : -0.570283
[hold in-reg] wbs_adr_i[4] -> mprj/_136712_/D : -0.569863
[hold in-reg] wbs_adr_i[4] -> mprj/_135934_/D : -0.569807
[hold in-reg] wbs_adr_i[4] -> mprj/_136694_/D : -0.569781
[hold in-reg] wbs_adr_i[4] -> mprj/_136421_/D : -0.568984
[hold in-reg] wbs_adr_i[4] -> mprj/_136662_/D : -0.568383
[hold in-reg] wbs_adr_i[4] -> mprj/_136932_/D : -0.568008
[hold in-reg] wbs_adr_i[4] -> mprj/_136042_/D : -0.566975
[hold in-reg] wbs_adr_i[4] -> mprj/_136309_/D : -0.566871
[hold in-reg] wbs_adr_i[4] -> mprj/_137309_/D : -0.566732
[hold in-reg] wbs_adr_i[4] -> mprj/_136000_/D : -0.566582
[hold in-reg] wbs_adr_i[4] -> mprj/_136006_/D : -0.566229
[hold in-reg] wbs_adr_i[4] -> mprj/_137071_/D : -0.566113
[hold in-reg] wbs_adr_i[4] -> mprj/_136775_/D : -0.566016
[hold in-reg] wbs_adr_i[4] -> mprj/_136082_/D : -0.565701
[hold in-reg] wbs_adr_i[4] -> mprj/_137117_/D : -0.565488
[hold in-reg] wbs_adr_i[4] -> mprj/_135990_/D : -0.564872
[hold in-reg] wbs_adr_i[4] -> mprj/_136822_/D : -0.564830
[hold in-reg] wbs_adr_i[4] -> mprj/_135982_/D : -0.564436
[hold in-reg] wbs_adr_i[4] -> mprj/_136142_/D : -0.564382
[hold in-reg] wbs_adr_i[4] -> mprj/_136377_/D : -0.564218
[hold in-reg] wbs_adr_i[4] -> mprj/_137132_/D : -0.564023
[hold in-reg] wbs_adr_i[4] -> mprj/_136876_/D : -0.562914
[hold in-reg] wbs_adr_i[4] -> mprj/_136207_/D : -0.562404
[hold in-reg] wbs_adr_i[2] -> mprj/_137188_/D : -0.562052
[hold in-reg] wbs_adr_i[4] -> mprj/_136618_/D : -0.562009
[hold in-reg] wbs_adr_i[4] -> mprj/_136361_/D : -0.561872
[hold in-reg] wbs_adr_i[4] -> mprj/_137165_/D : -0.561862
[hold in-reg] wbs_adr_i[4] -> mprj/_137233_/D : -0.561859
[hold in-reg] wbs_adr_i[4] -> mprj/_136931_/D : -0.560995
[hold in-reg] wbs_adr_i[4] -> mprj/_136714_/D : -0.560886
[hold in-reg] wbs_adr_i[4] -> mprj/_136547_/D : -0.560475
[hold in-reg] wbs_adr_i[4] -> mprj/_136446_/D : -0.560117
[hold in-reg] wbs_adr_i[4] -> mprj/_136141_/D : -0.560053
[hold in-reg] wbs_adr_i[4] -> mprj/_136644_/D : -0.559902
[hold in-reg] wbs_adr_i[4] -> mprj/_136348_/D : -0.559765
[hold in-reg] wbs_adr_i[4] -> mprj/_136638_/D : -0.559636
[hold in-reg] wbs_adr_i[4] -> mprj/_136679_/D : -0.559290
[hold in-reg] wbs_adr_i[4] -> mprj/_135858_/D : -0.559187
[hold in-reg] wbs_adr_i[4] -> mprj/_137171_/D : -0.558912
[hold in-reg] wbs_adr_i[4] -> mprj/_135991_/D : -0.558535
[hold in-reg] wbs_adr_i[4] -> mprj/_137066_/D : -0.558370
[hold in-reg] wbs_adr_i[2] -> mprj/_137187_/D : -0.558369
[hold in-reg] wbs_adr_i[4] -> mprj/_136927_/D : -0.557921
[hold in-reg] wbs_adr_i[4] -> mprj/_136641_/D : -0.557540
[hold in-reg] wbs_adr_i[4] -> mprj/_136430_/D : -0.557497
[hold in-reg] wbs_adr_i[4] -> mprj/_136993_/D : -0.557272
[hold in-reg] wbs_adr_i[3] -> mprj/_137157_/D : -0.557241
[hold in-reg] wbs_adr_i[4] -> mprj/_136284_/D : -0.556968
[hold in-reg] wbs_adr_i[4] -> mprj/_136702_/D : -0.556949
[hold in-reg] wbs_adr_i[4] -> mprj/_137105_/D : -0.556927
[hold in-reg] wbs_adr_i[4] -> mprj/_136409_/D : -0.556720
[hold in-reg] wbs_adr_i[4] -> mprj/_136429_/D : -0.555513
[hold in-reg] wbs_adr_i[4] -> mprj/_136880_/D : -0.555310
[hold in-reg] wbs_adr_i[4] -> mprj/_137152_/D : -0.554925
[hold in-reg] wbs_adr_i[4] -> mprj/_135945_/D : -0.554704
[hold in-reg] wbs_adr_i[4] -> mprj/_136958_/D : -0.554699
[hold in-reg] wbs_adr_i[4] -> mprj/_136392_/D : -0.554210
[hold in-reg] wbs_adr_i[4] -> mprj/_137237_/D : -0.553814
[hold in-reg] wbs_adr_i[4] -> mprj/_137114_/D : -0.553544
[hold in-reg] wbs_adr_i[4] -> mprj/_136540_/D : -0.553445
[hold in-reg] wbs_adr_i[4] -> mprj/_135885_/D : -0.553167
[hold in-reg] wbs_adr_i[4] -> mprj/_136158_/D : -0.551978
[hold in-reg] wbs_adr_i[4] -> mprj/_136209_/D : -0.551595
[hold in-reg] wbs_adr_i[4] -> mprj/_135989_/D : -0.551251
[hold in-reg] wbs_adr_i[4] -> mprj/_136862_/D : -0.549821
[hold in-reg] wbs_adr_i[4] -> mprj/_136220_/D : -0.549553
[hold in-reg] wbs_adr_i[4] -> mprj/_137164_/D : -0.549522
[hold in-reg] wbs_dat_i[23] -> mprj/_137178_/D : -0.549326
[hold in-reg] wbs_adr_i[4] -> mprj/_137291_/D : -0.548794
[hold in-reg] wbs_adr_i[4] -> mprj/_137006_/D : -0.548632
[hold in-reg] wbs_adr_i[4] -> mprj/_136012_/D : -0.548043
[hold in-reg] wbs_adr_i[4] -> mprj/_136943_/D : -0.547760
[hold in-reg] wbs_adr_i[4] -> mprj/_137116_/D : -0.547691
[hold in-reg] wbs_adr_i[4] -> mprj/_136886_/D : -0.547579
[hold in-reg] wbs_adr_i[4] -> mprj/_137001_/D : -0.547471
[hold in-reg] wbs_adr_i[4] -> mprj/_137030_/D : -0.546969
[hold in-reg] wbs_adr_i[4] -> mprj/_136699_/D : -0.546620
[hold in-reg] wbs_adr_i[4] -> mprj/_137068_/D : -0.546430
[hold in-reg] wbs_adr_i[4] -> mprj/_137182_/D : -0.546422
[hold in-reg] wbs_adr_i[4] -> mprj/_137023_/D : -0.546401
[hold in-reg] wbs_adr_i[4] -> mprj/_136868_/D : -0.546371
[hold in-reg] wbs_adr_i[4] -> mprj/_137150_/D : -0.546190
[hold in-reg] wbs_adr_i[4] -> mprj/_136020_/D : -0.546183
[hold in-reg] wbs_adr_i[4] -> mprj/_135862_/D : -0.545817
[hold in-reg] wbs_adr_i[4] -> mprj/_135820_/D : -0.545799
[hold in-reg] wbs_adr_i[4] -> mprj/_136014_/D : -0.545577
[hold in-reg] wbs_adr_i[4] -> mprj/_135983_/D : -0.544921
[hold in-reg] wbs_adr_i[4] -> mprj/_136468_/D : -0.544792
[hold in-reg] wbs_adr_i[4] -> mprj/_137024_/D : -0.544693
[hold in-reg] wbs_adr_i[4] -> mprj/_136584_/D : -0.544378
[hold in-reg] wbs_adr_i[4] -> mprj/_137046_/D : -0.544167
[hold in-reg] wbs_adr_i[4] -> mprj/_136225_/D : -0.542967
[hold in-reg] wbs_adr_i[4] -> mprj/_136214_/D : -0.542826
[hold in-reg] wbs_adr_i[4] -> mprj/_137212_/D : -0.542787
[hold in-reg] wbs_adr_i[7] -> mprj/_136249_/D : -0.542379
[hold in-reg] wbs_adr_i[4] -> mprj/_136047_/D : -0.542215
[hold in-reg] wbs_adr_i[4] -> mprj/_137113_/D : -0.542209
[hold in-reg] wbs_adr_i[4] -> mprj/_136397_/D : -0.542111
[hold in-reg] wbs_adr_i[4] -> mprj/_136485_/D : -0.541007
[hold in-reg] wbs_adr_i[4] -> mprj/_136817_/D : -0.540858
[hold in-reg] wbs_adr_i[4] -> mprj/_136194_/D : -0.540648
[hold in-reg] wbs_adr_i[4] -> mprj/_136620_/D : -0.540630
[hold in-reg] wbs_adr_i[4] -> mprj/_135917_/D : -0.540562
[hold in-reg] wbs_adr_i[4] -> mprj/_136594_/D : -0.540478
[hold in-reg] wbs_adr_i[4] -> mprj/_137154_/D : -0.540227
[hold in-reg] wbs_adr_i[3] -> mprj/_136933_/D : -0.539976
[hold in-reg] wbs_adr_i[4] -> mprj/_136889_/D : -0.539790
[hold in-reg] wbs_adr_i[4] -> mprj/_136223_/D : -0.539743
[hold in-reg] wbs_adr_i[4] -> mprj/_135848_/D : -0.539666
[hold in-reg] wbs_adr_i[4] -> mprj/_136780_/D : -0.539607
[hold in-reg] wbs_adr_i[4] -> mprj/_136387_/D : -0.539528
[hold in-reg] wbs_adr_i[4] -> mprj/_136796_/D : -0.539321
[hold in-reg] wbs_adr_i[4] -> mprj/_135984_/D : -0.538866
[hold in-reg] wbs_adr_i[4] -> mprj/_136108_/D : -0.538692
[hold in-reg] wbs_adr_i[4] -> mprj/_136622_/D : -0.538503
[hold in-reg] wbs_adr_i[4] -> mprj/_136268_/D : -0.538114
[hold in-reg] wbs_adr_i[4] -> mprj/_135944_/D : -0.537757
[hold in-reg] wbs_adr_i[4] -> mprj/_136672_/D : -0.537216
[hold in-reg] wbs_adr_i[4] -> mprj/_136518_/D : -0.536993
[hold in-reg] wbs_adr_i[4] -> mprj/_136176_/D : -0.536438
[hold in-reg] wbs_adr_i[4] -> mprj/_136353_/D : -0.536034
[hold in-reg] wbs_adr_i[4] -> mprj/_136431_/D : -0.535448
[hold in-reg] wbs_adr_i[4] -> mprj/_136276_/D : -0.534404
[hold in-reg] wbs_adr_i[4] -> mprj/_137059_/D : -0.534238
[hold in-reg] wbs_adr_i[4] -> mprj/_136896_/D : -0.534206
[hold in-reg] wbs_adr_i[4] -> mprj/_135856_/D : -0.533984
[hold in-reg] wbs_adr_i[4] -> mprj/_135878_/D : -0.533857
[hold in-reg] wbs_adr_i[4] -> mprj/_136145_/D : -0.533842
[hold in-reg] wbs_adr_i[4] -> mprj/_136122_/D : -0.533294
[hold in-reg] wbs_adr_i[4] -> mprj/_136072_/D : -0.532395
[hold in-reg] wbs_adr_i[4] -> mprj/_136887_/D : -0.531076
[hold in-reg] wbs_adr_i[4] -> mprj/_137292_/D : -0.530766
[hold in-reg] wbs_adr_i[4] -> mprj/_136478_/D : -0.530281
[hold in-reg] wbs_adr_i[4] -> mprj/_135941_/D : -0.530189
[hold in-reg] wbs_adr_i[4] -> mprj/_137026_/D : -0.530045
[hold in-reg] wbs_adr_i[4] -> mprj/_136951_/D : -0.529981
[hold in-reg] wbs_adr_i[4] -> mprj/_137036_/D : -0.529844
[hold in-reg] wbs_adr_i[4] -> mprj/_137149_/D : -0.529283
[hold in-reg] wbs_adr_i[4] -> mprj/_136384_/D : -0.529046
[hold in-reg] wbs_adr_i[4] -> mprj/_137106_/D : -0.528823
[hold in-reg] wbs_adr_i[4] -> mprj/_136637_/D : -0.528313
[hold in-reg] wbs_adr_i[4] -> mprj/_136374_/D : -0.528235
[hold in-reg] wbs_adr_i[4] -> mprj/_136240_/D : -0.528210
[hold in-reg] wbs_adr_i[4] -> mprj/_136844_/D : -0.528010
[hold in-reg] wbs_adr_i[7] -> mprj/_136755_/D : -0.527091
[hold in-reg] wbs_adr_i[4] -> mprj/_135842_/D : -0.526908
[hold in-reg] wbs_adr_i[4] -> mprj/_137183_/D : -0.526725
[hold in-reg] wbs_adr_i[4] -> mprj/_137184_/D : -0.526536
[hold in-reg] wbs_adr_i[4] -> mprj/_135962_/D : -0.525496
[hold in-reg] wbs_adr_i[4] -> mprj/_137014_/D : -0.524061
[hold in-reg] wbs_adr_i[4] -> mprj/_136526_/D : -0.523788
[hold in-reg] wbs_adr_i[4] -> mprj/_135824_/D : -0.523568
[hold in-reg] wbs_adr_i[4] -> mprj/_135889_/D : -0.523492
[hold in-reg] wbs_adr_i[4] -> mprj/_136424_/D : -0.522975
[hold in-reg] wbs_adr_i[4] -> mprj/_137147_/D : -0.522513
[hold in-reg] wbs_adr_i[4] -> mprj/_137174_/D : -0.521683
[hold in-reg] wbs_adr_i[4] -> mprj/_137069_/D : -0.520621
[hold in-reg] wbs_adr_i[4] -> mprj/_135882_/D : -0.520485
[hold in-reg] wbs_adr_i[4] -> mprj/_136172_/D : -0.519870
[hold in-reg] wbs_adr_i[4] -> mprj/_136221_/D : -0.519843
[hold in-reg] wbs_adr_i[4] -> mprj/_135843_/D : -0.519714
[hold in-reg] wbs_adr_i[4] -> mprj/_136041_/D : -0.519656
[hold in-reg] wbs_adr_i[4] -> mprj/_136495_/D : -0.519283
[hold in-reg] wbs_adr_i[4] -> mprj/_136462_/D : -0.519135
[hold in-reg] wbs_adr_i[4] -> mprj/_135953_/D : -0.518718
[hold in-reg] wbs_adr_i[4] -> mprj/_135870_/D : -0.517781
[hold in-reg] wbs_adr_i[4] -> mprj/_136575_/D : -0.517687
[hold in-reg] wbs_adr_i[4] -> mprj/_136689_/D : -0.517555
[hold in-reg] wbs_adr_i[4] -> mprj/_136735_/D : -0.517351
[hold in-reg] wbs_adr_i[4] -> mprj/_135979_/D : -0.516831
[hold in-reg] wbs_adr_i[4] -> mprj/_136308_/D : -0.516601
[hold in-reg] wbs_adr_i[4] -> mprj/_136148_/D : -0.516368
[hold in-reg] wbs_adr_i[4] -> mprj/_136688_/D : -0.515959
[hold in-reg] wbs_adr_i[4] -> mprj/_136534_/D : -0.515641
[hold in-reg] wbs_adr_i[4] -> mprj/_136542_/D : -0.515338
[hold in-reg] wbs_adr_i[4] -> mprj/_136919_/D : -0.515254
[hold in-reg] wbs_adr_i[4] -> mprj/_136382_/D : -0.514886
[hold in-reg] wbs_adr_i[4] -> mprj/_136256_/D : -0.514841
[hold in-reg] wbs_adr_i[4] -> mprj/_136457_/D : -0.514766
[hold in-reg] wbs_adr_i[4] -> mprj/_136797_/D : -0.514677
[hold in-reg] wbs_adr_i[4] -> mprj/_136095_/D : -0.514676
[hold in-reg] wbs_adr_i[4] -> mprj/_136118_/D : -0.514503
[hold in-reg] wbs_adr_i[4] -> mprj/_137191_/D : -0.513885
[hold in-reg] wbs_adr_i[4] -> mprj/_135912_/D : -0.513473
[hold in-reg] wbs_adr_i[4] -> mprj/_135927_/D : -0.512772
[hold in-reg] wbs_adr_i[4] -> mprj/_135823_/D : -0.512603
[hold in-reg] wbs_adr_i[4] -> mprj/_137226_/D : -0.511987
[hold in-reg] wbs_adr_i[7] -> mprj/_137145_/D : -0.510852
[hold in-reg] wbs_adr_i[4] -> mprj/_136969_/D : -0.510723
[hold in-reg] wbs_adr_i[4] -> mprj/_135876_/D : -0.510589
[hold in-reg] wbs_adr_i[4] -> mprj/_136909_/D : -0.510497
[hold in-reg] wbs_adr_i[4] -> mprj/_136002_/D : -0.510369
[hold in-reg] wbs_adr_i[4] -> mprj/_135967_/D : -0.509414
[hold in-reg] wbs_adr_i[4] -> mprj/_137101_/D : -0.509261
[hold in-reg] wbs_adr_i[4] -> mprj/_136146_/D : -0.508780
[hold in-reg] wbs_adr_i[4] -> mprj/_136670_/D : -0.508594
[hold in-reg] wbs_adr_i[4] -> mprj/_136125_/D : -0.508151
[hold in-reg] wbs_adr_i[4] -> mprj/_136380_/D : -0.507882
[hold in-reg] wbs_adr_i[4] -> mprj/_136054_/D : -0.507533
[hold in-reg] wbs_adr_i[4] -> mprj/_136643_/D : -0.507439
[hold in-reg] wbs_adr_i[4] -> mprj/_135969_/D : -0.506826
[hold in-reg] wbs_adr_i[4] -> mprj/_136884_/D : -0.506773
[hold in-reg] wbs_adr_i[4] -> mprj/_136439_/D : -0.506318
[hold in-reg] wbs_adr_i[4] -> mprj/_136068_/D : -0.505835
[hold in-reg] wbs_adr_i[4] -> mprj/_136157_/D : -0.505570
[hold in-reg] wbs_adr_i[4] -> mprj/_137286_/D : -0.505379
[hold in-reg] wbs_adr_i[4] -> mprj/_136634_/D : -0.505293
[hold in-reg] wbs_adr_i[4] -> mprj/_136007_/D : -0.504680
[hold in-reg] wbs_adr_i[4] -> mprj/_136683_/D : -0.503849
[hold in-reg] wbs_adr_i[4] -> mprj/_136784_/D : -0.502681
[hold in-reg] wbs_adr_i[4] -> mprj/_136809_/D : -0.502190
[hold in-reg] wbs_adr_i[4] -> mprj/_136823_/D : -0.501774
[hold in-reg] wbs_adr_i[2] -> mprj/_136260_/D : -0.501510
[hold in-reg] wbs_adr_i[4] -> mprj/_136831_/D : -0.501301
[hold in-reg] wbs_adr_i[4] -> mprj/_135815_/D : -0.500843
[hold in-reg] wbs_adr_i[4] -> mprj/_135951_/D : -0.500349
[hold in-reg] wbs_adr_i[4] -> mprj/_136621_/D : -0.500227
[hold in-reg] wbs_adr_i[4] -> mprj/_136333_/D : -0.500203
[hold in-reg] wbs_adr_i[3] -> mprj/_136739_/D : -0.500035
[hold in-reg] wbs_adr_i[4] -> mprj/_136577_/D : -0.499685
[hold in-reg] wbs_adr_i[4] -> mprj/_136053_/D : -0.499567
[hold in-reg] wbs_adr_i[4] -> mprj/_136904_/D : -0.498748
[hold in-reg] wbs_adr_i[4] -> mprj/_136116_/D : -0.498448
[hold in-reg] wbs_adr_i[4] -> mprj/_137200_/D : -0.497473
[hold in-reg] wbs_adr_i[4] -> mprj/_136065_/D : -0.496962
[hold in-reg] wbs_adr_i[4] -> mprj/_136536_/D : -0.496872
[hold in-reg] wbs_adr_i[4] -> mprj/_136272_/D : -0.496398
[hold in-reg] wbs_adr_i[4] -> mprj/_136109_/D : -0.496265
[hold in-reg] wbs_adr_i[4] -> mprj/_136734_/D : -0.495047
[hold in-reg] wbs_adr_i[4] -> mprj/_137096_/D : -0.494708
[hold in-reg] wbs_adr_i[4] -> mprj/_136094_/D : -0.494665
[hold in-reg] wbs_adr_i[4] -> mprj/_136419_/D : -0.494317
[hold in-reg] wbs_adr_i[3] -> mprj/_135986_/D : -0.494272
[hold in-reg] wbs_adr_i[4] -> mprj/_137016_/D : -0.493325
[hold in-reg] wbs_adr_i[4] -> mprj/_136974_/D : -0.493313
[hold in-reg] wbs_adr_i[4] -> mprj/_136178_/D : -0.493203
[hold in-reg] wbs_adr_i[4] -> mprj/_136801_/D : -0.492457
[hold in-reg] wbs_adr_i[4] -> mprj/_136925_/D : -0.492353
[hold in-reg] wbs_adr_i[4] -> mprj/_137018_/D : -0.492020
[hold in-reg] wbs_adr_i[4] -> mprj/_136607_/D : -0.491799
[hold in-reg] wbs_adr_i[4] -> mprj/_136605_/D : -0.491601
[hold in-reg] wbs_adr_i[4] -> mprj/_136532_/D : -0.491461
[hold in-reg] wbs_adr_i[4] -> mprj/_136752_/D : -0.490588
[hold in-reg] wbs_adr_i[4] -> mprj/_136388_/D : -0.490480
[hold in-reg] wbs_adr_i[4] -> mprj/_136677_/D : -0.490480
[hold in-reg] wbs_adr_i[4] -> mprj/_135852_/D : -0.490197
[hold in-reg] wbs_adr_i[4] -> mprj/_136691_/D : -0.489953
[hold in-reg] wbs_adr_i[4] -> mprj/_136155_/D : -0.489664
[hold in-reg] wbs_adr_i[4] -> mprj/_135915_/D : -0.489663
[hold in-reg] wbs_adr_i[4] -> mprj/_136748_/D : -0.488765
[hold in-reg] wbs_adr_i[4] -> mprj/_136279_/D : -0.488211
[hold in-reg] wbs_adr_i[4] -> mprj/_136048_/D : -0.488185
[hold in-reg] wbs_adr_i[4] -> mprj/_135880_/D : -0.488162
[hold in-reg] wbs_adr_i[4] -> mprj/_136900_/D : -0.487796
[hold in-reg] wbs_adr_i[3] -> mprj/_136772_/D : -0.487673
[hold in-reg] wbs_adr_i[3] -> mprj/_137092_/D : -0.485263
[hold in-reg] wbs_adr_i[4] -> mprj/_135905_/D : -0.484961
[hold in-reg] wbs_dat_i[24] -> mprj/_137155_/D : -0.484809
[hold in-reg] wbs_adr_i[4] -> mprj/_137255_/D : -0.484546
[hold in-reg] wbs_adr_i[4] -> mprj/_136669_/D : -0.484510
[hold in-reg] wbs_adr_i[4] -> mprj/_136658_/D : -0.483809
[hold in-reg] wbs_adr_i[7] -> mprj/_137267_/D : -0.482970
[hold in-reg] wbs_adr_i[4] -> mprj/_136988_/D : -0.482689
[hold in-reg] wbs_adr_i[4] -> mprj/_135946_/D : -0.482340
[hold in-reg] wbs_adr_i[4] -> mprj/_136476_/D : -0.482094
[hold in-reg] wbs_adr_i[4] -> mprj/_136597_/D : -0.481968
[hold in-reg] wbs_adr_i[4] -> mprj/_135821_/D : -0.481768
[hold in-reg] wbs_adr_i[4] -> mprj/_135806_/D : -0.481740
[hold in-reg] wbs_adr_i[4] -> mprj/_136456_/D : -0.481432
[hold in-reg] wbs_adr_i[4] -> mprj/_137221_/D : -0.480664
[hold in-reg] wbs_adr_i[3] -> mprj/_136132_/D : -0.480567
[hold in-reg] wbs_adr_i[4] -> mprj/_136990_/D : -0.480063
[hold in-reg] wbs_adr_i[4] -> mprj/_135868_/D : -0.479375
[hold in-reg] wbs_adr_i[4] -> mprj/_136628_/D : -0.479330
[hold in-reg] wbs_adr_i[4] -> mprj/_136713_/D : -0.479091
[hold in-reg] wbs_adr_i[7] -> mprj/_137265_/D : -0.478828
[hold in-reg] wbs_adr_i[4] -> mprj/_137004_/D : -0.476887
[hold in-reg] wbs_adr_i[4] -> mprj/_136504_/D : -0.476810
[hold in-reg] wbs_dat_i[23] -> mprj/_136160_/D : -0.476653
[hold in-reg] wbs_adr_i[4] -> mprj/_135894_/D : -0.476132
[hold in-reg] wbs_adr_i[4] -> mprj/_137264_/D : -0.475144
[hold in-reg] wbs_adr_i[4] -> mprj/_136096_/D : -0.474608
[hold in-reg] wbs_adr_i[7] -> mprj/_135795_/D : -0.474421
[hold in-reg] wbs_adr_i[4] -> mprj/_136440_/D : -0.474193
[hold in-reg] wbs_adr_i[4] -> mprj/_136788_/D : -0.473862
[hold in-reg] wbs_adr_i[4] -> mprj/_136327_/D : -0.473700
[hold in-reg] wbs_adr_i[4] -> mprj/_136560_/D : -0.473617
[hold in-reg] wbs_adr_i[4] -> mprj/_137300_/D : -0.472984
[hold in-reg] wbs_adr_i[4] -> mprj/_136482_/D : -0.472649
[hold in-reg] wbs_adr_i[4] -> mprj/_137061_/D : -0.472459
[hold in-reg] wbs_adr_i[4] -> mprj/_137103_/D : -0.472122
[hold in-reg] wbs_adr_i[4] -> mprj/_136234_/D : -0.471653
[hold in-reg] wbs_adr_i[4] -> mprj/_136222_/D : -0.471094
[hold in-reg] wbs_adr_i[4] -> mprj/_135788_/D : -0.470606
[hold in-reg] wbs_adr_i[4] -> mprj/_136970_/D : -0.469841
[hold in-reg] wbs_adr_i[4] -> mprj/_136829_/D : -0.469813
[hold in-reg] wbs_adr_i[4] -> mprj/_136647_/D : -0.468837
[hold in-reg] wbs_adr_i[4] -> mprj/_135921_/D : -0.468497
[hold in-reg] wbs_adr_i[4] -> mprj/_136733_/D : -0.468471
[hold in-reg] wbs_adr_i[4] -> mprj/_136843_/D : -0.468133
[hold in-reg] wbs_adr_i[4] -> mprj/_136131_/D : -0.468063
[hold in-reg] wbs_adr_i[4] -> mprj/_137194_/D : -0.466584
[hold in-reg] wbs_adr_i[4] -> mprj/_137044_/D : -0.466191
[hold in-reg] wbs_adr_i[4] -> mprj/_136654_/D : -0.466105
[hold in-reg] wbs_dat_i[24] -> mprj/_136371_/D : -0.465957
[hold in-reg] wbs_adr_i[4] -> mprj/_136453_/D : -0.465820
[hold in-reg] wbs_adr_i[4] -> mprj/_136778_/D : -0.465132
[hold in-reg] wbs_adr_i[4] -> mprj/_136304_/D : -0.465084
[hold in-reg] wbs_adr_i[4] -> mprj/_136815_/D : -0.464750
[hold in-reg] wbs_adr_i[4] -> mprj/_136820_/D : -0.464130
[hold in-reg] wbs_adr_i[4] -> mprj/_137000_/D : -0.463066
[hold in-reg] wbs_adr_i[4] -> mprj/_136703_/D : -0.463022
[hold in-reg] wbs_adr_i[4] -> mprj/_135992_/D : -0.462906
[hold in-reg] wbs_adr_i[4] -> mprj/_136236_/D : -0.462160
[hold in-reg] wbs_adr_i[4] -> mprj/_136854_/D : -0.461801
[hold in-reg] wbs_adr_i[4] -> mprj/_137245_/D : -0.461642
[hold in-reg] wbs_adr_i[4] -> mprj/_137074_/D : -0.461347
[hold in-reg] wbs_adr_i[4] -> mprj/_137277_/D : -0.460567
[hold in-reg] wbs_adr_i[4] -> mprj/_136706_/D : -0.459462
[hold in-reg] wbs_adr_i[4] -> mprj/_135840_/D : -0.459367
[hold in-reg] wbs_adr_i[4] -> mprj/_136553_/D : -0.458659
[hold in-reg] wbs_adr_i[4] -> mprj/_136083_/D : -0.458557
[hold in-reg] wbs_adr_i[4] -> mprj/_136657_/D : -0.457844
[hold in-reg] wbs_adr_i[4] -> mprj/_135930_/D : -0.457542
[hold in-reg] wbs_adr_i[4] -> mprj/_135960_/D : -0.457376
[hold in-reg] wbs_adr_i[4] -> mprj/_136396_/D : -0.457296
[hold in-reg] wbs_adr_i[4] -> mprj/_137215_/D : -0.456889
[hold in-reg] wbs_adr_i[4] -> mprj/_137258_/D : -0.456706
[hold in-reg] wbs_adr_i[4] -> mprj/_136170_/D : -0.456539
[hold in-reg] wbs_adr_i[4] -> mprj/_137246_/D : -0.455431
[hold in-reg] wbs_dat_i[4] -> mprj/_136741_/D : -0.455402
[hold in-reg] wbs_adr_i[4] -> mprj/_135837_/D : -0.455270
[hold in-reg] wbs_adr_i[7] -> mprj/_136307_/D : -0.454167
[hold in-reg] wbs_adr_i[4] -> mprj/_136968_/D : -0.454080
[hold in-reg] wbs_adr_i[4] -> mprj/_137078_/D : -0.453890
[hold in-reg] wbs_adr_i[4] -> mprj/_137119_/D : -0.453524
[hold in-reg] wbs_adr_i[4] -> mprj/_136952_/D : -0.453285
[hold in-reg] wbs_adr_i[4] -> mprj/_136950_/D : -0.453093
[hold in-reg] wbs_adr_i[4] -> mprj/_136908_/D : -0.452559
[hold in-reg] wbs_adr_i[4] -> mprj/_136646_/D : -0.450835
[hold in-reg] wbs_adr_i[4] -> mprj/_137266_/D : -0.450549
[hold in-reg] wbs_adr_i[4] -> mprj/_135879_/D : -0.450427
[hold in-reg] wbs_adr_i[4] -> mprj/_137077_/D : -0.449354
[hold in-reg] wbs_adr_i[4] -> mprj/_136586_/D : -0.448972
[hold in-reg] wbs_adr_i[3] -> mprj/_135907_/D : -0.448808
[hold in-reg] wbs_adr_i[4] -> mprj/_136458_/D : -0.448698
[hold in-reg] wbs_adr_i[4] -> mprj/_136994_/D : -0.447962
[hold in-reg] wbs_adr_i[4] -> mprj/_136502_/D : -0.445006
[hold in-reg] wbs_adr_i[4] -> mprj/_136514_/D : -0.444430
[hold in-reg] wbs_adr_i[4] -> mprj/_137224_/D : -0.444424
[hold in-reg] wbs_adr_i[4] -> mprj/_136114_/D : -0.444255
[hold in-reg] wbs_adr_i[4] -> mprj/_135855_/D : -0.443992
[hold in-reg] wbs_adr_i[4] -> mprj/_135976_/D : -0.443702
[hold in-reg] wbs_adr_i[4] -> mprj/_135838_/D : -0.443073
[hold in-reg] wbs_adr_i[4] -> mprj/_137166_/D : -0.442812
[hold in-reg] wbs_adr_i[4] -> mprj/_136463_/D : -0.442093
[hold in-reg] wbs_adr_i[4] -> mprj/_136472_/D : -0.441793
[hold in-reg] wbs_adr_i[4] -> mprj/_136676_/D : -0.441106
[hold in-reg] wbs_adr_i[3] -> mprj/_136589_/D : -0.440690
[hold in-reg] wbs_adr_i[4] -> mprj/_136018_/D : -0.440501
[hold in-reg] wbs_adr_i[4] -> mprj/_136506_/D : -0.439774
[hold in-reg] wbs_adr_i[4] -> mprj/_136682_/D : -0.439031
[hold in-reg] wbs_adr_i[4] -> mprj/_136626_/D : -0.438849
[hold in-reg] wbs_adr_i[4] -> mprj/_136520_/D : -0.438527
[hold in-reg] wbs_adr_i[4] -> mprj/_136578_/D : -0.438455
[hold in-reg] wbs_adr_i[4] -> mprj/_136084_/D : -0.438124
[hold in-reg] wbs_adr_i[4] -> mprj/_135827_/D : -0.437340
[hold in-reg] wbs_adr_i[4] -> mprj/_136685_/D : -0.436899
[hold in-reg] wbs_adr_i[4] -> mprj/_136407_/D : -0.436748
[hold in-reg] wbs_adr_i[4] -> mprj/_136044_/D : -0.436469
[hold in-reg] wbs_dat_i[23] -> mprj/_136218_/D : -0.436315
[hold in-reg] wbs_adr_i[4] -> mprj/_137271_/D : -0.436287
[hold in-reg] wbs_adr_i[4] -> mprj/_136675_/D : -0.436160
[hold in-reg] wbs_adr_i[4] -> mprj/_136442_/D : -0.435809
[hold in-reg] wbs_adr_i[4] -> mprj/_137276_/D : -0.435577
[hold in-reg] wbs_adr_i[4] -> mprj/_135818_/D : -0.434063
[hold in-reg] wbs_adr_i[4] -> mprj/_135980_/D : -0.433881
[hold in-reg] wbs_adr_i[4] -> mprj/_135890_/D : -0.433812
[hold in-reg] wbs_adr_i[4] -> mprj/_137138_/D : -0.433510
[hold in-reg] wbs_adr_i[4] -> mprj/_136237_/D : -0.432993
[hold in-reg] wbs_adr_i[4] -> mprj/_136427_/D : -0.432244
[hold in-reg] wbs_adr_i[4] -> mprj/_137167_/D : -0.430059
[hold in-reg] wbs_adr_i[4] -> mprj/_136920_/D : -0.429759
[hold in-reg] wbs_adr_i[4] -> mprj/_135909_/D : -0.429239
[hold in-reg] wbs_adr_i[4] -> mprj/_137065_/D : -0.428484
[hold in-reg] wbs_adr_i[7] -> mprj/_136556_/D : -0.427871
[hold in-reg] wbs_adr_i[4] -> mprj/_135920_/D : -0.427814
[hold in-reg] wbs_adr_i[4] -> mprj/_136580_/D : -0.427570
[hold in-reg] wbs_adr_i[7] -> mprj/_135859_/D : -0.427388
[hold in-reg] wbs_adr_i[4] -> mprj/_136465_/D : -0.426578
[hold in-reg] wbs_adr_i[4] -> mprj/_137107_/D : -0.426396
[hold in-reg] wbs_adr_i[4] -> mprj/_136954_/D : -0.425358
[hold in-reg] wbs_adr_i[4] -> mprj/_136785_/D : -0.424854
[hold in-reg] wbs_adr_i[4] -> mprj/_136975_/D : -0.423290
[hold in-reg] wbs_adr_i[4] -> mprj/_136433_/D : -0.423276
[hold in-reg] wbs_adr_i[4] -> mprj/_136746_/D : -0.423224
[hold in-reg] wbs_adr_i[4] -> mprj/_136850_/D : -0.422816
[hold in-reg] wbs_adr_i[4] -> mprj/_135826_/D : -0.422145
[hold in-reg] wbs_adr_i[4] -> mprj/_136206_/D : -0.421248
[hold in-reg] wbs_adr_i[4] -> mprj/_136576_/D : -0.420619
[hold in-reg] wbs_adr_i[4] -> mprj/_136149_/D : -0.419880
[hold in-reg] wbs_adr_i[4] -> mprj/_136732_/D : -0.419714
[hold in-reg] wbs_adr_i[4] -> mprj/_135902_/D : -0.418007
[hold in-reg] wbs_adr_i[3] -> mprj/_136319_/D : -0.416881
[hold in-reg] wbs_adr_i[4] -> mprj/_136816_/D : -0.416865
[hold in-reg] wbs_adr_i[4] -> mprj/_136417_/D : -0.415919
[hold in-reg] wbs_adr_i[4] -> mprj/_136143_/D : -0.415718
[hold in-reg] wbs_dat_i[7] -> mprj/_136804_/D : -0.415599
[hold in-reg] wbs_adr_i[7] -> mprj/_137235_/D : -0.413392
[hold in-reg] wbs_adr_i[4] -> mprj/_136224_/D : -0.413366
[hold in-reg] wbs_adr_i[4] -> mprj/_136338_/D : -0.413134
[hold in-reg] wbs_adr_i[4] -> mprj/_137175_/D : -0.413023
[hold in-reg] wbs_adr_i[4] -> mprj/_136903_/D : -0.412835
[hold in-reg] wbs_adr_i[4] -> mprj/_135786_/D : -0.412463
[hold in-reg] wbs_adr_i[4] -> mprj/_137207_/D : -0.412384
[hold in-reg] wbs_adr_i[4] -> mprj/_136210_/D : -0.412357
[hold in-reg] wbs_adr_i[4] -> mprj/_136892_/D : -0.412034
[hold in-reg] wbs_dat_i[9] -> mprj/_135968_/D : -0.410792
[hold in-reg] wbs_adr_i[7] -> mprj/_136544_/D : -0.410395
[hold in-reg] wbs_adr_i[4] -> mprj/_136930_/D : -0.410064
[hold in-reg] wbs_adr_i[4] -> mprj/_136336_/D : -0.408551
[hold in-reg] wbs_adr_i[4] -> mprj/_136568_/D : -0.407258
[hold in-reg] wbs_dat_i[9] -> mprj/_136928_/D : -0.406391
[hold in-reg] wbs_dat_i[24] -> mprj/_135891_/D : -0.405357
[hold in-reg] wbs_dat_i[24] -> mprj/_135923_/D : -0.404973
[hold in-reg] wbs_adr_i[4] -> mprj/_137256_/D : -0.403061
[hold in-reg] wbs_adr_i[4] -> mprj/_137225_/D : -0.402856
[hold in-reg] wbs_adr_i[4] -> mprj/_135844_/D : -0.402753
[hold in-reg] wbs_adr_i[4] -> mprj/_136010_/D : -0.402365
[hold in-reg] wbs_adr_i[4] -> mprj/_136008_/D : -0.401965
[hold in-reg] wbs_adr_i[4] -> mprj/_136639_/D : -0.401153
[hold in-reg] wbs_adr_i[4] -> mprj/_137108_/D : -0.401010
[hold in-reg] wbs_adr_i[4] -> mprj/_135901_/D : -0.400847
[hold in-reg] wbs_adr_i[4] -> mprj/_137048_/D : -0.400529
[hold in-reg] wbs_adr_i[4] -> mprj/_136596_/D : -0.399711
[hold in-reg] wbs_adr_i[7] -> mprj/_136185_/D : -0.399022
[hold in-reg] wbs_adr_i[4] -> mprj/_136720_/D : -0.398811
[hold in-reg] wbs_adr_i[4] -> mprj/_136058_/D : -0.398078
[hold in-reg] wbs_adr_i[4] -> mprj/_136298_/D : -0.397455
[hold in-reg] wbs_adr_i[2] -> mprj/_136291_/D : -0.397368
[hold in-reg] wbs_adr_i[4] -> mprj/_137192_/D : -0.397257
[hold in-reg] wbs_adr_i[4] -> mprj/_137244_/D : -0.396932
[hold in-reg] wbs_adr_i[3] -> mprj/_136488_/D : -0.395773
[hold in-reg] wbs_adr_i[4] -> mprj/_135994_/D : -0.395573
[hold in-reg] wbs_adr_i[4] -> mprj/_136024_/D : -0.394602
[hold in-reg] wbs_adr_i[4] -> mprj/_136890_/D : -0.393326
[hold in-reg] wbs_adr_i[4] -> mprj/_135809_/D : -0.393047
[hold in-reg] wbs_adr_i[4] -> mprj/_136074_/D : -0.393021
[hold in-reg] wbs_adr_i[4] -> mprj/_136285_/D : -0.392243
[hold in-reg] wbs_adr_i[4] -> mprj/_136208_/D : -0.391611
[hold in-reg] wbs_adr_i[3] -> mprj/_135956_/D : -0.391140
[hold in-reg] wbs_adr_i[4] -> mprj/_137234_/D : -0.390673
[hold in-reg] wbs_adr_i[3] -> mprj/_135954_/D : -0.390381
[hold in-reg] wbs_adr_i[4] -> mprj/_137133_/D : -0.389897
[hold in-reg] wbs_adr_i[4] -> mprj/_136088_/D : -0.389774
[hold in-reg] wbs_adr_i[4] -> mprj/_135948_/D : -0.389768
[hold in-reg] wbs_adr_i[7] -> mprj/_136127_/D : -0.389226
[hold in-reg] wbs_adr_i[4] -> mprj/_135898_/D : -0.388765
[hold in-reg] wbs_adr_i[4] -> mprj/_137173_/D : -0.388515
[hold in-reg] wbs_adr_i[4] -> mprj/_136718_/D : -0.388252
[hold in-reg] wbs_adr_i[4] -> mprj/_135857_/D : -0.387692
[hold in-reg] wbs_adr_i[4] -> mprj/_135863_/D : -0.387296
[hold in-reg] wbs_adr_i[4] -> mprj/_135888_/D : -0.386030
[hold in-reg] wbs_adr_i[4] -> mprj/_136269_/D : -0.385636
[hold in-reg] wbs_adr_i[4] -> mprj/_136744_/D : -0.385035
[hold in-reg] wbs_adr_i[4] -> mprj/_137298_/D : -0.384835
[hold in-reg] wbs_adr_i[4] -> mprj/_135872_/D : -0.384357
[hold in-reg] wbs_dat_i[24] -> mprj/_136435_/D : -0.382891
[hold in-reg] wbs_adr_i[4] -> mprj/_136247_/D : -0.382308
[hold in-reg] wbs_adr_i[3] -> mprj/_136604_/D : -0.380837
[hold in-reg] wbs_adr_i[4] -> mprj/_135819_/D : -0.380642
[hold in-reg] wbs_adr_i[3] -> mprj/_136402_/D : -0.380211
[hold in-reg] wbs_adr_i[7] -> mprj/_137209_/D : -0.378560
[hold in-reg] wbs_adr_i[4] -> mprj/_136667_/D : -0.378434
[hold in-reg] wbs_adr_i[4] -> mprj/_136352_/D : -0.378351
[hold in-reg] wbs_adr_i[4] -> mprj/_136848_/D : -0.377836
[hold in-reg] wbs_adr_i[3] -> mprj/_136598_/D : -0.377722
[hold in-reg] wbs_adr_i[4] -> mprj/_136086_/D : -0.376859
[hold in-reg] wbs_adr_i[4] -> mprj/_136230_/D : -0.376693
[hold in-reg] wbs_adr_i[4] -> mprj/_135814_/D : -0.376520
[hold in-reg] wbs_adr_i[4] -> mprj/_137232_/D : -0.375124
[hold in-reg] wbs_adr_i[4] -> mprj/_135970_/D : -0.374471
[hold in-reg] wbs_adr_i[3] -> mprj/_135972_/D : -0.373953
[hold in-reg] wbs_dat_i[23] -> mprj/_136186_/D : -0.373891
[hold in-reg] wbs_adr_i[4] -> mprj/_136849_/D : -0.373680
[hold in-reg] wbs_adr_i[4] -> mprj/_136939_/D : -0.373185
[hold in-reg] wbs_adr_i[4] -> mprj/_136364_/D : -0.373134
[hold in-reg] wbs_adr_i[4] -> mprj/_136490_/D : -0.371792
[hold in-reg] wbs_adr_i[3] -> mprj/_136914_/D : -0.371421
[hold in-reg] wbs_adr_i[3] -> mprj/_136609_/D : -0.371371
[hold in-reg] wbs_adr_i[4] -> mprj/_136192_/D : -0.371219
[hold in-reg] wbs_adr_i[2] -> mprj/_135779_/D : -0.371128
[hold in-reg] wbs_adr_i[7] -> mprj/_136697_/D : -0.371002
[hold in-reg] wbs_adr_i[3] -> mprj/_135971_/D : -0.370638
[hold in-reg] wbs_adr_i[7] -> mprj/_136365_/D : -0.369917
[hold in-reg] wbs_adr_i[4] -> mprj/_136460_/D : -0.369726
[hold in-reg] wbs_adr_i[4] -> mprj/_136092_/D : -0.369700
[hold in-reg] wbs_adr_i[4] -> mprj/_136759_/D : -0.369617
[hold in-reg] wbs_adr_i[4] -> mprj/_137179_/D : -0.368873
[hold in-reg] wbs_adr_i[4] -> mprj/_136144_/D : -0.368805
[hold in-reg] wbs_adr_i[3] -> mprj/_136261_/D : -0.367200
[hold in-reg] wbs_adr_i[4] -> mprj/_136337_/D : -0.366509
[hold in-reg] wbs_adr_i[4] -> mprj/_136704_/D : -0.366430
[hold in-reg] wbs_adr_i[4] -> mprj/_135940_/D : -0.365912
[hold in-reg] wbs_adr_i[4] -> mprj/_136378_/D : -0.365582
[hold in-reg] wbs_adr_i[4] -> mprj/_136259_/D : -0.364535
[hold in-reg] wbs_adr_i[4] -> mprj/_136906_/D : -0.364316
[hold in-reg] wbs_adr_i[4] -> mprj/_136264_/D : -0.363820
[hold in-reg] wbs_adr_i[7] -> mprj/_136009_/D : -0.363719
[hold in-reg] wbs_adr_i[4] -> mprj/_136656_/D : -0.363280
[hold in-reg] wbs_adr_i[4] -> mprj/_136410_/D : -0.362893
[hold in-reg] wbs_adr_i[4] -> mprj/_136838_/D : -0.362663
[hold in-reg] wbs_adr_i[4] -> mprj/_136326_/D : -0.362403
[hold in-reg] wbs_adr_i[4] -> mprj/_137311_/D : -0.361975
[hold in-reg] wbs_adr_i[4] -> mprj/_136328_/D : -0.361577
[hold in-reg] wbs_adr_i[4] -> mprj/_136152_/D : -0.361392
[hold in-reg] wbs_dat_i[23] -> mprj/_136280_/D : -0.361364
[hold in-reg] wbs_adr_i[4] -> mprj/_136113_/D : -0.360541
[hold in-reg] wbs_adr_i[4] -> mprj/_136786_/D : -0.359883
[hold in-reg] wbs_adr_i[2] -> mprj/_136771_/D : -0.358315
[hold in-reg] wbs_adr_i[4] -> mprj/_136306_/D : -0.356542
[hold in-reg] wbs_adr_i[4] -> mprj/_135816_/D : -0.356031
[hold in-reg] wbs_adr_i[4] -> mprj/_136040_/D : -0.355799
[hold in-reg] wbs_adr_i[4] -> mprj/_136776_/D : -0.355598
[hold in-reg] wbs_adr_i[4] -> mprj/_137293_/D : -0.351744
[hold in-reg] wbs_adr_i[4] -> mprj/_136350_/D : -0.351725
[hold in-reg] wbs_adr_i[4] -> mprj/_137168_/D : -0.351649
[hold in-reg] wbs_adr_i[4] -> mprj/_135825_/D : -0.351466
[hold in-reg] wbs_adr_i[4] -> mprj/_137297_/D : -0.350976
[hold in-reg] wbs_adr_i[4] -> mprj/_136078_/D : -0.350134
[hold in-reg] wbs_dat_i[23] -> mprj/_136698_/D : -0.350118
[hold in-reg] wbs_adr_i[4] -> mprj/_137087_/D : -0.349912
[hold in-reg] wbs_adr_i[3] -> mprj/_136496_/D : -0.349090
[hold in-reg] wbs_adr_i[4] -> mprj/_136368_/D : -0.348585
[hold in-reg] wbs_adr_i[4] -> mprj/_136814_/D : -0.348300
[hold in-reg] wbs_adr_i[4] -> mprj/_136964_/D : -0.347952
[hold in-reg] wbs_adr_i[4] -> mprj/_137062_/D : -0.347441
[hold in-reg] wbs_adr_i[7] -> mprj/_136339_/D : -0.346451
[hold in-reg] wbs_adr_i[4] -> mprj/_135919_/D : -0.345246
[hold in-reg] wbs_dat_i[23] -> mprj/_137146_/D : -0.345151
[hold in-reg] wbs_dat_i[23] -> mprj/_136250_/D : -0.344964
[hold in-reg] wbs_adr_i[4] -> mprj/_136945_/D : -0.344072
[hold in-reg] wbs_adr_i[4] -> mprj/_135877_/D : -0.343870
[hold in-reg] wbs_adr_i[4] -> mprj/_136998_/D : -0.343664
[hold in-reg] wbs_adr_i[4] -> mprj/_135916_/D : -0.343621
[hold in-reg] wbs_adr_i[3] -> mprj/_136466_/D : -0.342199
[hold in-reg] wbs_adr_i[4] -> mprj/_136400_/D : -0.341893
[hold in-reg] wbs_adr_i[4] -> mprj/_137216_/D : -0.341435
[hold in-reg] wbs_adr_i[4] -> mprj/_137104_/D : -0.340807
[hold in-reg] wbs_adr_i[4] -> mprj/_136701_/D : -0.339625
[hold in-reg] wbs_adr_i[3] -> mprj/_136196_/D : -0.339123
[hold in-reg] wbs_adr_i[7] -> mprj/_136129_/D : -0.337953
[hold in-reg] wbs_adr_i[3] -> mprj/_136610_/D : -0.337719
[hold in-reg] wbs_adr_i[4] -> mprj/_137137_/D : -0.337383
[hold in-reg] wbs_adr_i[4] -> mprj/_137181_/D : -0.336621
[hold in-reg] wbs_dat_i[23] -> mprj/_136066_/D : -0.335824
[hold in-reg] wbs_adr_i[4] -> mprj/_136665_/D : -0.335675
[hold in-reg] wbs_adr_i[4] -> mprj/_136016_/D : -0.335339
[hold in-reg] wbs_adr_i[4] -> mprj/_136736_/D : -0.335166
[hold in-reg] wbs_adr_i[4] -> mprj/_136922_/D : -0.334249
[hold in-reg] wbs_adr_i[4] -> mprj/_135936_/D : -0.333430
[hold in-reg] wbs_adr_i[4] -> mprj/_135813_/D : -0.333329
[hold in-reg] wbs_adr_i[4] -> mprj/_136640_/D : -0.332831
[hold in-reg] wbs_adr_i[4] -> mprj/_137125_/D : -0.331887
[hold in-reg] wbs_adr_i[4] -> mprj/_137288_/D : -0.331449
[hold in-reg] wbs_adr_i[4] -> mprj/_136716_/D : -0.331044
[hold in-reg] wbs_adr_i[4] -> mprj/_136818_/D : -0.330601
[hold in-reg] wbs_adr_i[4] -> mprj/_137134_/D : -0.330473
[hold in-reg] wbs_adr_i[4] -> mprj/_136686_/D : -0.330412
[hold in-reg] wbs_adr_i[4] -> mprj/_136590_/D : -0.329685
[hold in-reg] wbs_adr_i[7] -> mprj/_136369_/D : -0.328226
[hold in-reg] wbs_adr_i[4] -> mprj/_136204_/D : -0.328213
[hold in-reg] wbs_adr_i[4] -> mprj/_136940_/D : -0.327320
[hold in-reg] wbs_adr_i[3] -> mprj/_135807_/D : -0.326337
[hold in-reg] wbs_adr_i[4] -> mprj/_136668_/D : -0.326229
[hold in-reg] wbs_adr_i[3] -> mprj/_136769_/D : -0.325787
[hold in-reg] wbs_dat_i[23] -> mprj/_136130_/D : -0.324571
[hold in-reg] wbs_adr_i[4] -> mprj/_136546_/D : -0.323971
[hold in-reg] wbs_adr_i[4] -> mprj/_136664_/D : -0.323958
[hold in-reg] wbs_adr_i[4] -> mprj/_136934_/D : -0.323285
[hold in-reg] wbs_adr_i[4] -> mprj/_136381_/D : -0.323263
[hold in-reg] wbs_dat_i[23] -> mprj/_137090_/D : -0.323263
[hold in-reg] wbs_adr_i[4] -> mprj/_136695_/D : -0.322863
[hold in-reg] wbs_adr_i[4] -> mprj/_136936_/D : -0.322649
[hold in-reg] wbs_dat_i[23] -> mprj/_137176_/D : -0.322313
[hold in-reg] wbs_adr_i[4] -> mprj/_136408_/D : -0.322272
[hold in-reg] wbs_adr_i[4] -> mprj/_136428_/D : -0.322051
[hold in-reg] wbs_adr_i[4] -> mprj/_135799_/D : -0.321247
[hold in-reg] wbs_adr_i[4] -> mprj/_136946_/D : -0.321166
[hold in-reg] wbs_adr_i[4] -> mprj/_136320_/D : -0.320338
[hold in-reg] wbs_adr_i[4] -> mprj/_136156_/D : -0.319263
[hold in-reg] wbs_dat_i[23] -> mprj/_137210_/D : -0.317225
[hold in-reg] wbs_adr_i[4] -> mprj/_137228_/D : -0.314032
[hold in-reg] wbs_dat_i[23] -> mprj/_136098_/D : -0.313849
[hold in-reg] wbs_adr_i[4] -> mprj/_136832_/D : -0.313405
[hold in-reg] wbs_adr_i[4] -> mprj/_136322_/D : -0.312324
[hold in-reg] wbs_adr_i[4] -> mprj/_136238_/D : -0.311688
[hold in-reg] wbs_adr_i[4] -> mprj/_136258_/D : -0.311018
[hold in-reg] wbs_adr_i[4] -> mprj/_136173_/D : -0.307105
[hold in-reg] wbs_adr_i[0] -> mprj/_135769_/D : -0.306005
[hold in-reg] wbs_dat_i[23] -> mprj/_136216_/D : -0.303491
[hold in-reg] wbs_dat_i[23] -> mprj/_136760_/D : -0.302602
[hold in-reg] wbs_dat_i[22] -> mprj/_136549_/D : -0.302423
[hold in-reg] wbs_adr_i[4] -> mprj/_136837_/D : -0.301203
[hold in-reg] wbs_dat_i[24] -> mprj/_136403_/D : -0.301168
[hold in-reg] wbs_adr_i[4] -> mprj/_136188_/D : -0.301088
[hold in-reg] wbs_adr_i[3] -> mprj/_136159_/D : -0.300277
[hold in-reg] wbs_adr_i[4] -> mprj/_137189_/D : -0.299806
[hold in-reg] wbs_adr_i[4] -> mprj/_135810_/D : -0.299709
[hold in-reg] wbs_dat_i[23] -> mprj/_136248_/D : -0.299194
[hold in-reg] wbs_adr_i[4] -> mprj/_137102_/D : -0.298991
[hold in-reg] wbs_adr_i[4] -> mprj/_136217_/D : -0.297237
[hold in-reg] wbs_adr_i[4] -> mprj/_136770_/D : -0.296501
[hold in-reg] wbs_adr_i[4] -> mprj/_136912_/D : -0.296497
[hold in-reg] wbs_dat_i[23] -> mprj/_136036_/D : -0.296454
[hold in-reg] wbs_adr_i[7] -> mprj/_136787_/D : -0.295825
[hold in-reg] wbs_adr_i[4] -> mprj/_136700_/D : -0.293977
[hold in-reg] wbs_dat_i[8] -> mprj/_138351_/D : -0.293674
[hold in-reg] wbs_adr_i[7] -> mprj/_136275_/D : -0.293388
[hold in-reg] wbs_adr_i[4] -> mprj/_137190_/D : -0.293234
[hold in-reg] wbs_adr_i[4] -> mprj/_136032_/D : -0.292824
[hold in-reg] wbs_adr_i[7] -> mprj/_137299_/D : -0.290821
[hold in-reg] wbs_adr_i[4] -> mprj/_136030_/D : -0.289325
[hold in-reg] wbs_adr_i[4] -> mprj/_136077_/D : -0.288597
[hold in-reg] wbs_adr_i[4] -> mprj/_135808_/D : -0.286152
[hold in-reg] wbs_dat_i[23] -> mprj/_137240_/D : -0.283999
[hold in-reg] wbs_adr_i[4] -> mprj/_137054_/D : -0.282158
[hold in-reg] wbs_dat_i[1] -> mprj/_136708_/D : -0.282020
[hold in-reg] wbs_adr_i[4] -> mprj/_136311_/D : -0.279719
[hold in-reg] wbs_adr_i[4] -> mprj/_135952_/D : -0.279565
[hold in-reg] wbs_dat_i[23] -> mprj/_136728_/D : -0.277994
[hold in-reg] wbs_adr_i[7] -> mprj/_137089_/D : -0.277802
[hold in-reg] wbs_adr_i[4] -> mprj/_137197_/D : -0.277260
[hold in-reg] wbs_adr_i[4] -> mprj/_136448_/D : -0.276434
[hold in-reg] wbs_adr_i[4] -> mprj/_136370_/D : -0.276062
[hold in-reg] wbs_adr_i[4] -> mprj/_136335_/D : -0.274289
[hold in-reg] wbs_adr_i[3] -> mprj/_136434_/D : -0.272760
[hold in-reg] wbs_adr_i[3] -> mprj/_135922_/D : -0.270895
[hold in-reg] wbs_dat_i[23] -> mprj/_135800_/D : -0.270457
[hold in-reg] wbs_adr_i[4] -> mprj/_136729_/D : -0.269658
[hold in-reg] wbs_dat_i[24] -> mprj/_136915_/D : -0.268683
[hold in-reg] wbs_adr_i[4] -> mprj/_136740_/D : -0.268102
[hold in-reg] wbs_dat_i[5] -> mprj/_136742_/D : -0.267095
[hold in-reg] wbs_adr_i[4] -> mprj/_135869_/D : -0.266998
[hold in-reg] wbs_adr_i[4] -> mprj/_136432_/D : -0.266503
[hold in-reg] wbs_adr_i[4] -> mprj/_136097_/D : -0.262796
[hold in-reg] wbs_adr_i[3] -> mprj/_137156_/D : -0.262485
[hold in-reg] wbs_adr_i[4] -> mprj/_136316_/D : -0.261879
[hold in-reg] wbs_adr_i[4] -> mprj/_137180_/D : -0.260164
[hold in-reg] wbs_adr_i[2] -> mprj/_136719_/D : -0.259840
[hold in-reg] wbs_adr_i[4] -> mprj/_136056_/D : -0.259729
[hold in-reg] wbs_adr_i[4] -> mprj/_136128_/D : -0.259056
[hold in-reg] wbs_adr_i[7] -> mprj/_136548_/D : -0.258131
[hold in-reg] wbs_adr_i[4] -> mprj/_135845_/D : -0.257080
[hold in-reg] wbs_adr_i[4] -> mprj/_136263_/D : -0.248507
[hold in-reg] wbs_adr_i[4] -> mprj/_136464_/D : -0.248368
[hold in-reg] wbs_dat_i[23] -> mprj/_137120_/D : -0.246371
[hold in-reg] wbs_dat_i[23] -> mprj/_137060_/D : -0.237869
[hold in-reg] wbs_dat_i[23] -> mprj/_137208_/D : -0.237294
[hold in-reg] wbs_adr_i[4] -> mprj/_136944_/D : -0.235965
[hold in-reg] wbs_adr_i[2] -> mprj/_136228_/D : -0.235919
[hold in-reg] wbs_dat_i[0] -> mprj/_136707_/D : -0.233640
[hold in-reg] wbs_adr_i[4] -> mprj/_137287_/D : -0.226288
[hold in-reg] wbs_adr_i[4] -> mprj/_137126_/D : -0.222768
[hold in-reg] wbs_dat_i[23] -> mprj/_137088_/D : -0.220182
[hold in-reg] wbs_adr_i[3] -> mprj/_136802_/D : -0.217528
[hold in-reg] wbs_adr_i[4] -> mprj/_135804_/D : -0.217416
[hold in-reg] wbs_adr_i[4] -> mprj/_136847_/D : -0.216964
[hold in-reg] wbs_adr_i[4] -> mprj/_136105_/D : -0.215207
[hold in-reg] wbs_adr_i[4] -> mprj/_137177_/D : -0.215167
[hold in-reg] wbs_adr_i[4] -> mprj/_136696_/D : -0.212403
[hold in-reg] wbs_adr_i[4] -> mprj/_136321_/D : -0.208880
[hold in-reg] wbs_dat_i[23] -> mprj/_136730_/D : -0.197232
[hold in-reg] wbs_adr_i[4] -> mprj/_136292_/D : -0.196929
[hold in-reg] wbs_adr_i[2] -> mprj/_136709_/D : -0.192547
[hold in-reg] wbs_adr_i[3] -> mprj/_136197_/D : -0.190661
[hold in-reg] wbs_adr_i[4] -> mprj/_135924_/D : -0.190404
[hold in-reg] wbs_adr_i[2] -> mprj/_136710_/D : -0.181673
[hold in-reg] wbs_adr_i[3] -> mprj/_136483_/D : -0.181657
[hold in-reg] wbs_adr_i[4] -> mprj/_136976_/D : -0.181283
[hold in-reg] wbs_adr_i[3] -> mprj/_136612_/D : -0.178378
[hold in-reg] wbs_adr_i[4] -> mprj/_136305_/D : -0.176344
[hold in-reg] wbs_adr_i[4] -> mprj/_137281_/D : -0.174978
[hold in-reg] wbs_adr_i[3] -> mprj/_135892_/D : -0.170655
[hold in-reg] wbs_adr_i[3] -> mprj/_136436_/D : -0.167082
[hold in-reg] wbs_adr_i[4] -> mprj/_136367_/D : -0.164174
[hold in-reg] wbs_adr_i[3] -> mprj/_136404_/D : -0.159009
[hold in-reg] wbs_adr_i[4] -> mprj/_136349_/D : -0.156954
[hold in-reg] wbs_adr_i[4] -> mprj/_137231_/D : -0.156438
[hold in-reg] wbs_adr_i[4] -> mprj/_136174_/D : -0.154816
[hold in-reg] wbs_adr_i[3] -> mprj/_136916_/D : -0.144682
[hold in-reg] wbs_dat_i[4] -> mprj/_135781_/D : -0.108374
[hold in-reg] wbs_adr_i[4] -> mprj/_137198_/D : -0.102814
[hold in-reg] wbs_dat_i[1] -> mprj/_135776_/D : -0.085759
[hold in-reg] wbs_adr_i[4] -> mprj/_136913_/D : -0.083766
[hold in-reg] wbs_adr_i[4] -> mprj/_136995_/D : -0.056181
[hold in-reg] wbs_adr_i[4] -> mprj/_136375_/D : -0.045780
[hold in-reg] wbs_dat_i[5] -> mprj/_135782_/D : -0.033157
[hold in-reg] wbs_dat_i[10] -> mprj/_138353_/D : -0.006808
[hold in-reg] wbs_adr_i[4] -> mprj/_136357_/D : -0.001465
