Clock: clk
Sources: wb_clk_i 
Generated: no
Virtual: yes
Propagated: no
Period: 25.000000

===========================================================================
report_clock_properties
============================================================================
Clock                   Period          Waveform
----------------------------------------------------
clk                  25.000000    0.000000 12.500000

===========================================================================
report_clock_latency
============================================================================
Clock clk
rise -> rise
    min     max
4.650000 5.570000 source latency
9.941208         network latency mprj/_153328_/CLK
        11.978573 network latency mprj/_135957_/CLK
---------------
14.591208 17.548573 latency
        2.957364 skew

fall -> fall
    min     max
4.650000 5.570000 source latency
9.331574         network latency mprj/_153328_/CLK
        11.149931 network latency mprj/_135957_/CLK
---------------
13.981574 16.719931 latency
        2.738357 skew



===========================================================================
report_clock_min_period
============================================================================
clk period_min = 27.88 fmax = 35.87
